#
# A fatal error has been detected by the Java Runtime Environment:
#
#  SIGSEGV (0xb) at pc=0x00007f9aebbc0b28, pid=17219, tid=140304556029696
#
# JRE version: OpenJDK Runtime Environment (7.0_79-b14) (build 1.7.0_79-b14)
# Java VM: OpenJDK 64-Bit Server VM (24.79-b02 mixed mode linux-amd64 compressed oops)
# Derivative: IcedTea 2.5.6
# Distribution: Ubuntu 14.04 LTS, package 7u79-2.5.6-0ubuntu1.14.04.1
# Problematic frame:
# C  [i965_dri.so+0x2f2b28]
#
# Failed to write core dump. Core dumps have been disabled. To enable core dumping, try "ulimit -c unlimited" before starting Java again
#
# If you would like to submit a bug report, please include
# instructions on how to reproduce the bug and visit:
#   http://icedtea.classpath.org/bugzilla
# The crash happened outside the Java Virtual Machine in native code.
# See problematic frame for where to report the bug.
#

---------------  T H R E A D  ---------------

Current thread (0x00007f9b08002800):  JavaThread "AWT-EventQueue-1" [_thread_in_native, id=17247, stack(0x00007f9b3328f000,0x00007f9b33390000)]

siginfo:si_signo=SIGSEGV: si_errno=0, si_code=1 (SEGV_MAPERR), si_addr=0x0000000100000000

Registers:
RAX=0x00007f9aebbc0b20, RBX=0x00007f9af4fc03e0, RCX=0x0000000000000000, RDX=0x0000000000000001
RSP=0x00007f9b3338d760, RBP=0x00007f9af87dbc00, RSI=0x00007f9af4fc04c0, RDI=0x0000000100000000
R8 =0x0000000000000000, R9 =0x00007f9b3242d9c0, R10=0x00007f9b54bfdd6c, R11=0x00007f9b5dea22f0
R12=0x00007f9af87bdce0, R13=0x0000000000000000, R14=0x00007f9af87dbd10, R15=0x0000000000000000
RIP=0x00007f9aebbc0b28, EFLAGS=0x0000000000010206, CSGSFS=0x0000000000000033, ERR=0x0000000000000004
  TRAPNO=0x000000000000000e

Top of Stack: (sp=0x00007f9b3338d760)
0x00007f9b3338d760:   00007f9b3338d850 0000000000000000
0x00007f9b3338d770:   00007f9af4fc03e0 00007f9af87dbc00
0x00007f9b3338d780:   00007f9af87bdce0 00007f9b3242da4e
0x00007f9b3338d790:   00007f9b3338d7c8 00007f9b32678640
0x00007f9b3338d7a0:   00007f9af8777410 00007f9b00000000
0x00007f9b3338d7b0:   0000000000000000 0000000000000000
0x00007f9b3338d7c0:   00007f9b3338d820 00007f9af4fc03e0
0x00007f9b3338d7d0:   000000000180002e 000000077b035748
0x00007f9b3338d7e0:   00007f9b3338d850 0000000000000000
0x00007f9b3338d7f0:   000000077b035748 00007f9b3338d920
0x00007f9b3338d800:   00007f9b08002800 00007f9b30d6c849
0x00007f9b3338d810:   0000000000000000 00007f9b324069b0
0x00007f9b3338d820:   000000000180002e 00007f9af8777410
0x00007f9b3338d830:   00007f9b3338d8e8 00007f9b080029d8
0x00007f9b3338d840:   00000007d6e31ba0 00007f9b324069b0
0x00007f9b3338d850:   00007f9b3338d8d8 00007f9b54bfdd98
0x00007f9b3338d860:   000000077b17e1b8 0000000000000000
0x00007f9b3338d870:   000000077b17d598 0000000000000000
0x00007f9b3338d880:   00007f9b3338d898 00007f9b3338d8e8
0x00007f9b3338d890:   00007f9b3338d890 00007f9b3338d898
0x00007f9b3338d8a0:   0000000000000000 00007f9b3338d920
0x00007f9b3338d8b0:   000000077b0376c0 0000000000000000
0x00007f9b3338d8c0:   000000077b035748 0000000000000000
0x00007f9b3338d8d0:   00007f9b3338d8f8 00007f9b3338d968
0x00007f9b3338d8e0:   00007f9b54bf1058 00000007daed8c58
0x00007f9b3338d8f0:   00007f9b54bf9cd8 00007f9b324069b0
0x00007f9b3338d900:   000000077b049060 000000000180002e
0x00007f9b3338d910:   000000077b01a018 00007f9af8777410
0x00007f9b3338d920:   00000007daed8f80 00007f9b3338d928
0x00007f9b3338d930:   000000077b035679 00007f9b3338d9a0
0x00007f9b3338d940:   000000077b0376c0 0000000000000000
0x00007f9b3338d950:   000000077b035688 00007f9b3338d8f8 

Instructions: (pc=0x00007f9aebbc0b28)
0x00007f9aebbc0b08:   0f 1f 84 00 00 00 00 00 48 83 c4 10 5b 5d 41 5c
0x00007f9aebbc0b18:   c3 0f 1f 80 00 00 00 00 41 54 55 53 48 83 ec 10
0x00007f9aebbc0b28:   48 8b 1f 48 85 db 74 3d f6 83 40 05 00 00 01 49
0x00007f9aebbc0b38:   89 f4 89 cd 75 72 83 e2 01 75 5d 83 e5 fd 74 38 

Register to memory mapping:

RAX=0x00007f9aebbc0b20: <offset 0x2f2b20> in /usr/lib/x86_64-linux-gnu/dri/i965_dri.so at 0x00007f9aeb8ce000
RBX=0x00007f9af4fc03e0 is an unknown value
RCX=0x0000000000000000 is an unknown value
RDX=0x0000000000000001 is an unknown value
RSP=0x00007f9b3338d760 is pointing into the stack for thread: 0x00007f9b08002800
RBP=0x00007f9af87dbc00 is an unknown value
RSI=0x00007f9af4fc04c0 is an unknown value
RDI=0x0000000100000000 is an unknown value
R8 =0x0000000000000000 is an unknown value
R9 =0x00007f9b3242d9c0: <offset 0x439c0> in /usr/lib/x86_64-linux-gnu/mesa/libGL.so.1 at 0x00007f9b323ea000
R10=0x00007f9b54bfdd6c is at code_begin+620 in an Interpreter codelet
method entry point (kind = native)  [0x00007f9b54bfdb00, 0x00007f9b54bfe360]  2144 bytes
R11=0x00007f9b5dea22f0: <offset 0x85d2f0> in /usr/lib/jvm/java-7-openjdk-amd64/jre/lib/amd64/server/libjvm.so at 0x00007f9b5d645000
R12=0x00007f9af87bdce0 is an unknown value
R13=0x0000000000000000 is an unknown value
R14=0x00007f9af87dbd10 is an unknown value
R15=0x0000000000000000 is an unknown value


Stack: [0x00007f9b3328f000,0x00007f9b33390000],  sp=0x00007f9b3338d760,  free space=1017k
Native frames: (J=compiled Java code, j=interpreted, Vv=VM code, C=native code)
C  [i965_dri.so+0x2f2b28]

Java frames: (J=compiled Java code, j=interpreted, Vv=VM code)
j  jogamp.opengl.x11.glx.GLX.dispatch_glXSwapBuffers0(JJJ)V+0
j  jogamp.opengl.x11.glx.GLX.glXSwapBuffers(JJ)V+41
j  jogamp.opengl.x11.glx.X11GLXDrawable.swapBuffersImpl(Z)V+17
j  jogamp.opengl.GLDrawableImpl.swapBuffers()V+67
j  javax.media.opengl.awt.GLCanvas$12.run()V+45
j  java.awt.event.InvocationEvent.dispatch()V+11
j  java.awt.EventQueue.dispatchEventImpl(Ljava/awt/AWTEvent;Ljava/lang/Object;)V+21
j  java.awt.EventQueue.access$300(Ljava/awt/EventQueue;Ljava/awt/AWTEvent;Ljava/lang/Object;)V+3
j  java.awt.EventQueue$3.run()Ljava/lang/Void;+12
j  java.awt.EventQueue$3.run()Ljava/lang/Object;+1
v  ~StubRoutines::call_stub
j  java.security.AccessController.doPrivileged(Ljava/security/PrivilegedAction;Ljava/security/AccessControlContext;)Ljava/lang/Object;+0
j  java.security.ProtectionDomain$1.doIntersectionPrivilege(Ljava/security/PrivilegedAction;Ljava/security/AccessControlContext;Ljava/security/AccessControlContext;)Ljava/lang/Object;+28
j  java.awt.EventQueue.dispatchEvent(Ljava/awt/AWTEvent;)V+46
j  java.awt.EventDispatchThread.pumpOneEventForFilters(I)V+245
j  java.awt.EventDispatchThread.pumpEventsForFilter(ILjava/awt/Conditional;Ljava/awt/EventFilter;)V+35
j  java.awt.EventDispatchThread.pumpEventsForHierarchy(ILjava/awt/Conditional;Ljava/awt/Component;)V+11
j  java.awt.EventDispatchThread.pumpEvents(ILjava/awt/Conditional;)V+4
j  java.awt.EventDispatchThread.pumpEvents(Ljava/awt/Conditional;)V+3
j  java.awt.EventDispatchThread.run()V+9
v  ~StubRoutines::call_stub

---------------  P R O C E S S  ---------------

Java Threads: ( => current thread )
  0x00007f9af550c800 JavaThread "Thread-49" [_thread_blocked, id=17308, stack(0x00007f9aea11f000,0x00007f9aea220000)]
  0x00007f9ad400e000 JavaThread "Image Fetcher 2" daemon [_thread_blocked, id=17265, stack(0x00007f9ae9898000,0x00007f9ae9999000)]
  0x00007f9adc001800 JavaThread "Image Fetcher 1" daemon [_thread_blocked, id=17264, stack(0x00007f9ae9999000,0x00007f9ae9a9a000)]
  0x00007f9ad400c800 JavaThread "Image Fetcher 0" daemon [_thread_blocked, id=17263, stack(0x00007f9ae9a9a000,0x00007f9ae9b9b000)]
  0x00007f9ad4009000 JavaThread "Keep-Alive-Timer" daemon [_thread_blocked, id=17262, stack(0x00007f9ae9b9b000,0x00007f9ae9c9c000)]
  0x00007f9af817d000 JavaThread "Animation Thread-SharedResourceRunner" daemon [_thread_blocked, id=17257, stack(0x00007f9b3308d000,0x00007f9b3318e000)]
  0x00007f9af8077000 JavaThread "process reaper" daemon [_thread_blocked, id=17252, stack(0x00007f9b440aa000,0x00007f9b440e3000)]
  0x00007f9b08009800 JavaThread "Animation Thread" [_thread_blocked, id=17248, stack(0x00007f9b3318e000,0x00007f9b3328f000)]
=>0x00007f9b08002800 JavaThread "AWT-EventQueue-1" [_thread_in_native, id=17247, stack(0x00007f9b3328f000,0x00007f9b33390000)]
  0x00007f9b5800a800 JavaThread "DestroyJavaVM" [_thread_blocked, id=17221, stack(0x00007f9b5f15c000,0x00007f9b5f25d000)]
  0x00007f9b58261000 JavaThread "AWT-EventQueue-0" [_thread_blocked, id=17245, stack(0x00007f9b337f7000,0x00007f9b338f8000)]
  0x00007f9b5825d000 JavaThread "AWT-Shutdown" [_thread_blocked, id=17244, stack(0x00007f9b338f8000,0x00007f9b339f9000)]
  0x00007f9b58256800 JavaThread "thread applet-module3.EarthquakeCityMap.class" [_thread_blocked, id=17243, stack(0x00007f9b339f9000,0x00007f9b33afa000)]
  0x00007f9b58247000 JavaThread "AWT-XAWT" daemon [_thread_in_native, id=17241, stack(0x00007f9b440e3000,0x00007f9b441e4000)]
  0x00007f9b58222000 JavaThread "Java2D Disposer" daemon [_thread_blocked, id=17240, stack(0x00007f9b4c031000,0x00007f9b4c132000)]
  0x00007f9b580ae800 JavaThread "Service Thread" daemon [_thread_blocked, id=17238, stack(0x00007f9b4dda4000,0x00007f9b4dea5000)]
  0x00007f9b580ac800 JavaThread "C2 CompilerThread1" daemon [_thread_blocked, id=17237, stack(0x00007f9b4dea5000,0x00007f9b4dfa6000)]
  0x00007f9b580a9800 JavaThread "C2 CompilerThread0" daemon [_thread_blocked, id=17236, stack(0x00007f9b4dfa6000,0x00007f9b4e0a7000)]
  0x00007f9b580a7000 JavaThread "Signal Dispatcher" daemon [_thread_blocked, id=17235, stack(0x00007f9b4e0a7000,0x00007f9b4e1a8000)]
  0x00007f9b5807c000 JavaThread "Finalizer" daemon [_thread_blocked, id=17234, stack(0x00007f9b4e88a000,0x00007f9b4e98b000)]
  0x00007f9b5807a000 JavaThread "Reference Handler" daemon [_thread_blocked, id=17233, stack(0x00007f9b4e98b000,0x00007f9b4ea8c000)]

Other Threads:
  0x00007f9b58075800 VMThread [stack: 0x00007f9b4ea8c000,0x00007f9b4eb8d000] [id=17232]
  0x00007f9b580b9800 WatcherThread [stack: 0x00007f9b4dca3000,0x00007f9b4dda4000] [id=17239]

VM state:not at safepoint (normal execution)

VM Mutex/Monitor currently owned by a thread: None

Heap
 PSYoungGen      total 69632K, used 8933K [0x00000007d6c80000, 0x00000007df480000, 0x0000000800000000)
  eden space 64512K, 5% used [0x00000007d6c80000,0x00000007d7041608,0x00000007dab80000)
  from space 5120K, 99% used [0x00000007dab80000,0x00000007db078110,0x00000007db080000)
  to   space 5120K, 0% used [0x00000007def80000,0x00000007def80000,0x00000007df480000)
 ParOldGen       total 83968K, used 18646K [0x0000000784600000, 0x0000000789800000, 0x00000007d6c80000)
  object space 83968K, 22% used [0x0000000784600000,0x0000000785835958,0x0000000789800000)
 PSPermGen       total 21504K, used 20942K [0x000000077a000000, 0x000000077b500000, 0x0000000784600000)
  object space 21504K, 97% used [0x000000077a000000,0x000000077b473990,0x000000077b500000)

Card table byte_map: [0x00007f9b547ba000,0x00007f9b54beb000] byte_map_base: 0x00007f9b50bea000

Polling page: 0x00007f9b5f276000

Code Cache  [0x00007f9b54beb000, 0x00007f9b54e5b000, 0x00007f9b57beb000)
 total_blobs=1257 nmethods=353 adapters=857 free_code_cache=47540Kb largest_free_block=48637888

Compilation events (10 events):
Event: 7.414 Thread 0x00007f9b580ac800 nmethod 354 0x00007f9b54d7d1d0 code [0x00007f9b54d7d300, 0x00007f9b54d7d358]
Event: 7.414 Thread 0x00007f9b580a9800 nmethod 353 0x00007f9b54d7cfd0 code [0x00007f9b54d7d100, 0x00007f9b54d7d178]
Event: 7.480 Thread 0x00007f9b580a9800  355             java.util.Vector::contains (15 bytes)
Event: 7.480 Thread 0x00007f9b580a9800 nmethod 355 0x00007f9b54d7cd50 code [0x00007f9b54d7cea0, 0x00007f9b54d7cf28]
Event: 7.513 Thread 0x00007f9b580ac800  356             processing.opengl.PGraphicsOpenGL::checkGLThread (19 bytes)
Event: 7.513 Thread 0x00007f9b580a9800  357             processing.opengl.PGL::threadIsCurrent (14 bytes)
Event: 7.514 Thread 0x00007f9b580ac800 nmethod 356 0x00007f9b54d7ca90 code [0x00007f9b54d7cbe0, 0x00007f9b54d7cc98]
Event: 7.514 Thread 0x00007f9b580a9800 nmethod 357 0x00007f9b54d7c850 code [0x00007f9b54d7c980, 0x00007f9b54d7ca18]
Event: 7.596 Thread 0x00007f9b580a9800  358  s          java.util.Vector::get (23 bytes)
Event: 7.598 Thread 0x00007f9b580a9800 nmethod 358 0x00007f9b54d791d0 code [0x00007f9b54d79320, 0x00007f9b54d795b8]

GC Heap History (6 events):
Event: 1.022 GC heap before
{Heap before GC invocations=1 (full 0):
 PSYoungGen      total 37376K, used 32256K [0x00000007d6c80000, 0x00000007d9600000, 0x0000000800000000)
  eden space 32256K, 100% used [0x00000007d6c80000,0x00000007d8c00000,0x00000007d8c00000)
  from space 5120K, 0% used [0x00000007d9100000,0x00000007d9100000,0x00000007d9600000)
  to   space 5120K, 0% used [0x00000007d8c00000,0x00000007d8c00000,0x00000007d9100000)
 ParOldGen       total 83968K, used 0K [0x0000000784600000, 0x0000000789800000, 0x00000007d6c80000)
  object space 83968K, 0% used [0x0000000784600000,0x0000000784600000,0x0000000789800000)
 PSPermGen       total 21504K, used 17442K [0x000000077a000000, 0x000000077b500000, 0x0000000784600000)
  object space 21504K, 81% used [0x000000077a000000,0x000000077b1088b8,0x000000077b500000)
Event: 1.037 GC heap after
Heap after GC invocations=1 (full 0):
 PSYoungGen      total 37376K, used 5093K [0x00000007d6c80000, 0x00000007db580000, 0x0000000800000000)
  eden space 32256K, 0% used [0x00000007d6c80000,0x00000007d6c80000,0x00000007d8c00000)
  from space 5120K, 99% used [0x00000007d8c00000,0x00000007d90f9630,0x00000007d9100000)
  to   space 5120K, 0% used [0x00000007db080000,0x00000007db080000,0x00000007db580000)
 ParOldGen       total 83968K, used 1482K [0x0000000784600000, 0x0000000789800000, 0x00000007d6c80000)
  object space 83968K, 1% used [0x0000000784600000,0x0000000784772998,0x0000000789800000)
 PSPermGen       total 21504K, used 17442K [0x000000077a000000, 0x000000077b500000, 0x0000000784600000)
  object space 21504K, 81% used [0x000000077a000000,0x000000077b1088b8,0x000000077b500000)
}
Event: 2.181 GC heap before
{Heap before GC invocations=2 (full 0):
 PSYoungGen      total 37376K, used 37349K [0x00000007d6c80000, 0x00000007db580000, 0x0000000800000000)
  eden space 32256K, 100% used [0x00000007d6c80000,0x00000007d8c00000,0x00000007d8c00000)
  from space 5120K, 99% used [0x00000007d8c00000,0x00000007d90f9630,0x00000007d9100000)
  to   space 5120K, 0% used [0x00000007db080000,0x00000007db080000,0x00000007db580000)
 ParOldGen       total 83968K, used 1482K [0x0000000784600000, 0x0000000789800000, 0x00000007d6c80000)
  object space 83968K, 1% used [0x0000000784600000,0x0000000784772998,0x0000000789800000)
 PSPermGen       total 21504K, used 20783K [0x000000077a000000, 0x000000077b500000, 0x0000000784600000)
  object space 21504K, 96% used [0x000000077a000000,0x000000077b44bd78,0x000000077b500000)
Event: 2.202 GC heap after
Heap after GC invocations=2 (full 0):
 PSYoungGen      total 69632K, used 5106K [0x00000007d6c80000, 0x00000007db580000, 0x0000000800000000)
  eden space 64512K, 0% used [0x00000007d6c80000,0x00000007d6c80000,0x00000007dab80000)
  from space 5120K, 99% used [0x00000007db080000,0x00000007db57c940,0x00000007db580000)
  to   space 5120K, 0% used [0x00000007dab80000,0x00000007dab80000,0x00000007db080000)
 ParOldGen       total 83968K, used 10357K [0x0000000784600000, 0x0000000789800000, 0x00000007d6c80000)
  object space 83968K, 12% used [0x0000000784600000,0x000000078501d708,0x0000000789800000)
 PSPermGen       total 21504K, used 20783K [0x000000077a000000, 0x000000077b500000, 0x0000000784600000)
  object space 21504K, 96% used [0x000000077a000000,0x000000077b44bd78,0x000000077b500000)
}
Event: 7.360 GC heap before
{Heap before GC invocations=3 (full 0):
 PSYoungGen      total 69632K, used 69618K [0x00000007d6c80000, 0x00000007db580000, 0x0000000800000000)
  eden space 64512K, 100% used [0x00000007d6c80000,0x00000007dab80000,0x00000007dab80000)
  from space 5120K, 99% used [0x00000007db080000,0x00000007db57c940,0x00000007db580000)
  to   space 5120K, 0% used [0x00000007dab80000,0x00000007dab80000,0x00000007db080000)
 ParOldGen       total 83968K, used 10357K [0x0000000784600000, 0x0000000789800000, 0x00000007d6c80000)
  object space 83968K, 12% used [0x0000000784600000,0x000000078501d708,0x0000000789800000)
 PSPermGen       total 21504K, used 20935K [0x000000077a000000, 0x000000077b500000, 0x0000000784600000)
  object space 21504K, 97% used [0x000000077a000000,0x000000077b471fd0,0x000000077b500000)
Event: 7.374 GC heap after
Heap after GC invocations=3 (full 0):
 PSYoungGen      total 69632K, used 5088K [0x00000007d6c80000, 0x00000007df480000, 0x0000000800000000)
  eden space 64512K, 0% used [0x00000007d6c80000,0x00000007d6c80000,0x00000007dab80000)
  from space 5120K, 99% used [0x00000007dab80000,0x00000007db078110,0x00000007db080000)
  to   space 5120K, 0% used [0x00000007def80000,0x00000007def80000,0x00000007df480000)
 ParOldGen       total 83968K, used 18646K [0x0000000784600000, 0x0000000789800000, 0x00000007d6c80000)
  object space 83968K, 22% used [0x0000000784600000,0x0000000785835958,0x0000000789800000)
 PSPermGen       total 21504K, used 20935K [0x000000077a000000, 0x000000077b500000, 0x0000000784600000)
  object space 21504K, 97% used [0x000000077a000000,0x000000077b471fd0,0x000000077b500000)
}

Deoptimization events (10 events):
Event: 0.999 Thread 0x00007f9b08002800 Uncommon trap: reason=unreached action=reinterpret pc=0x00007f9b54cb9424 method=java.lang.Class.searchFields([Ljava/lang/reflect/Field;Ljava/lang/String;)Ljava/lang/reflect/Field; @ 20
Event: 1.226 Thread 0x00007f9b08002800 Uncommon trap: reason=unreached action=reinterpret pc=0x00007f9b54cc1418 method=com.jogamp.common.util.IntIntHashMap.get(I)I @ 19
Event: 1.247 Thread 0x00007f9b08002800 Uncommon trap: reason=unreached action=reinterpret pc=0x00007f9b54c6f574 method=java.lang.AbstractStringBuilder.append(Ljava/lang/String;)Ljava/lang/AbstractStringBuilder; @ 1
Event: 1.524 Thread 0x00007f9b08002800 Uncommon trap: reason=class_check action=maybe_recompile pc=0x00007f9b54cdd988 method=com.sun.org.apache.xerces.internal.impl.XMLDocumentScannerImpl.next()I @ 4
Event: 4.058 Thread 0x00007f9b08002800 Uncommon trap: reason=predicate action=maybe_recompile pc=0x00007f9b54d34ba4 method=java.util.Vector.indexOf(Ljava/lang/Object;I)I @ 44
Event: 4.113 Thread 0x00007f9ad400c800 Uncommon trap: reason=bimorphic action=maybe_recompile pc=0x00007f9b54d3d064 method=java.util.Vector.indexOf(Ljava/lang/Object;I)I @ 51
Event: 4.116 Thread 0x00007f9ad400e000 Uncommon trap: reason=bimorphic action=maybe_recompile pc=0x00007f9b54d3d064 method=java.util.Vector.indexOf(Ljava/lang/Object;I)I @ 51
Event: 4.120 Thread 0x00007f9adc001800 Uncommon trap: reason=bimorphic action=maybe_recompile pc=0x00007f9b54d3d064 method=java.util.Vector.indexOf(Ljava/lang/Object;I)I @ 51
Event: 4.123 Thread 0x00007f9ad400c800 Uncommon trap: reason=bimorphic action=maybe_recompile pc=0x00007f9b54d3d064 method=java.util.Vector.indexOf(Ljava/lang/Object;I)I @ 51
Event: 6.711 Thread 0x00007f9b08002800 Uncommon trap: reason=predicate action=maybe_recompile pc=0x00007f9b54d7c2fc method=java.util.Arrays.fill([Ljava/lang/Object;IILjava/lang/Object;)V @ 16

Internal exceptions (10 events):
Event: 1.707 Thread 0x00007f9b08002800 Threw 0x00000007d75eca10 at /build/openjdk-7-FO0dNI/openjdk-7-7u79-2.5.6/build/openjdk/hotspot/src/share/vm/prims/jvm.cpp:1284
Event: 1.727 Thread 0x00007f9b08002800 Threw 0x00000007d7a8a748 at /build/openjdk-7-FO0dNI/openjdk-7-7u79-2.5.6/build/openjdk/hotspot/src/share/vm/prims/jvm.cpp:1284
Event: 1.793 Thread 0x00007f9b08002800 Threw 0x00000007d7cffa68 at /build/openjdk-7-FO0dNI/openjdk-7-7u79-2.5.6/build/openjdk/hotspot/src/share/vm/runtime/reflection.cpp:1030
Event: 1.794 Thread 0x00007f9b08002800 Threw 0x00000007d7cffd28 at /build/openjdk-7-FO0dNI/openjdk-7-7u79-2.5.6/build/openjdk/hotspot/src/share/vm/runtime/reflection.cpp:1030
Event: 1.807 Thread 0x00007f9b08002800 Threw 0x00000007d7d2c8d8 at /build/openjdk-7-FO0dNI/openjdk-7-7u79-2.5.6/build/openjdk/hotspot/src/share/vm/runtime/reflection.cpp:1030
Event: 1.811 Thread 0x00007f9b08002800 Threw 0x00000007d7d2cbb8 at /build/openjdk-7-FO0dNI/openjdk-7-7u79-2.5.6/build/openjdk/hotspot/src/share/vm/runtime/reflection.cpp:1030
Event: 1.838 Thread 0x00007f9b08002800 Threw 0x00000007d7d59758 at /build/openjdk-7-FO0dNI/openjdk-7-7u79-2.5.6/build/openjdk/hotspot/src/share/vm/runtime/reflection.cpp:1030
Event: 1.839 Thread 0x00007f9b08002800 Threw 0x00000007d7d59a38 at /build/openjdk-7-FO0dNI/openjdk-7-7u79-2.5.6/build/openjdk/hotspot/src/share/vm/runtime/reflection.cpp:1030
Event: 1.886 Thread 0x00007f9b08002800 Threw 0x00000007d7e55c20 at /build/openjdk-7-FO0dNI/openjdk-7-7u79-2.5.6/build/openjdk/hotspot/src/share/vm/runtime/reflection.cpp:1030
Event: 4.043 Thread 0x00007f9b08002800 Threw 0x00000007d7860a80 at /build/openjdk-7-FO0dNI/openjdk-7-7u79-2.5.6/build/openjdk/hotspot/src/share/vm/prims/jvm.cpp:1284

Events (10 events):
Event: 7.377 Executing VM operation: RevokeBias done
Event: 7.377 Executing VM operation: RevokeBias
Event: 7.377 Executing VM operation: RevokeBias done
Event: 7.377 Executing VM operation: BulkRevokeBias
Event: 7.377 Executing VM operation: BulkRevokeBias done
Event: 7.615 loading class 0x00007f9b5805fec0
Event: 7.615 loading class 0x00007f9b5805fec0 done
Event: 7.615 Thread 0x00007f9af550c800 Thread added: 0x00007f9af550c800
Event: 7.615 loading class 0x00007f9b1c089ef0
Event: 7.615 loading class 0x00007f9b1c089ef0 done


Dynamic libraries:
00400000-00401000 r-xp 00000000 08:06 1705803                            /usr/lib/jvm/java-7-openjdk-amd64/jre/bin/java
00600000-00601000 r--p 00000000 08:06 1705803                            /usr/lib/jvm/java-7-openjdk-amd64/jre/bin/java
00601000-00602000 rw-p 00001000 08:06 1705803                            /usr/lib/jvm/java-7-openjdk-amd64/jre/bin/java
00a00000-00a21000 rw-p 00000000 00:00 0                                  [heap]
77a000000-77b500000 rw-p 00000000 00:00 0 
77b500000-784600000 rw-p 00000000 00:00 0 
784600000-789800000 rw-p 00000000 00:00 0 
789800000-7d6c80000 rw-p 00000000 00:00 0 
7d6c80000-7df480000 rw-p 00000000 00:00 0 
7df480000-800000000 rw-p 00000000 00:00 0 
7f9ac4000000-7f9ac40d0000 rw-p 00000000 00:00 0 
7f9ac40d0000-7f9ac8000000 ---p 00000000 00:00 0 
7f9acc000000-7f9acc0e7000 rw-p 00000000 00:00 0 
7f9acc0e7000-7f9ad0000000 ---p 00000000 00:00 0 
7f9ad0000000-7f9ad00ee000 rw-p 00000000 00:00 0 
7f9ad00ee000-7f9ad4000000 ---p 00000000 00:00 0 
7f9ad4000000-7f9ad4021000 rw-p 00000000 00:00 0 
7f9ad4021000-7f9ad8000000 ---p 00000000 00:00 0 
7f9ad8000000-7f9ad8021000 rw-p 00000000 00:00 0 
7f9ad8021000-7f9adc000000 ---p 00000000 00:00 0 
7f9adc000000-7f9adc021000 rw-p 00000000 00:00 0 
7f9adc021000-7f9ae0000000 ---p 00000000 00:00 0 
7f9ae0000000-7f9ae0021000 rw-p 00000000 00:00 0 
7f9ae0021000-7f9ae4000000 ---p 00000000 00:00 0 
7f9ae4000000-7f9ae4021000 rw-p 00000000 00:00 0 
7f9ae4021000-7f9ae8000000 ---p 00000000 00:00 0 
7f9ae86a8000-7f9ae8718000 rw-s 00000000 00:04 306358                     /drm mm object (deleted)
7f9ae8718000-7f9ae8788000 rw-s 00000000 00:04 306357                     /drm mm object (deleted)
7f9ae8788000-7f9ae87f8000 rw-s 00000000 00:04 305984                     /drm mm object (deleted)
7f9ae87f8000-7f9ae8868000 rw-s 00000000 00:04 305983                     /drm mm object (deleted)
7f9ae8868000-7f9ae88d8000 rw-s 00000000 00:04 306356                     /drm mm object (deleted)
7f9ae88d8000-7f9ae8948000 rw-s 00000000 00:04 307262                     /drm mm object (deleted)
7f9ae8948000-7f9ae89b8000 rw-s 00000000 00:04 307261                     /drm mm object (deleted)
7f9ae89b8000-7f9ae8a28000 rw-s 00000000 00:04 307260                     /drm mm object (deleted)
7f9ae8a28000-7f9ae8a98000 rw-s 00000000 00:04 307259                     /drm mm object (deleted)
7f9ae8a98000-7f9ae8b08000 rw-s 00000000 00:04 307258                     /drm mm object (deleted)
7f9ae8b08000-7f9ae8b78000 rw-s 00000000 00:04 306348                     /drm mm object (deleted)
7f9ae8b78000-7f9ae8be8000 rw-s 00000000 00:04 306347                     /drm mm object (deleted)
7f9ae8be8000-7f9ae8c58000 rw-s 00000000 00:04 306346                     /drm mm object (deleted)
7f9ae8c58000-7f9ae8cc8000 rw-s 00000000 00:04 306345                     /drm mm object (deleted)
7f9ae8cc8000-7f9ae8d38000 rw-s 00000000 00:04 305982                     /drm mm object (deleted)
7f9ae8d38000-7f9ae8da8000 rw-s 00000000 00:04 306344                     /drm mm object (deleted)
7f9ae8da8000-7f9ae8e18000 rw-s 00000000 00:04 306343                     /drm mm object (deleted)
7f9ae8e18000-7f9ae8e88000 rw-s 00000000 00:04 306342                     /drm mm object (deleted)
7f9ae8e88000-7f9ae8ef8000 rw-s 00000000 00:04 306341                     /drm mm object (deleted)
7f9ae8ef8000-7f9ae8f68000 rw-s 00000000 00:04 306340                     /drm mm object (deleted)
7f9ae8f68000-7f9ae8fd8000 rw-s 00000000 00:04 304477                     /drm mm object (deleted)
7f9ae8fd8000-7f9ae9048000 rw-s 00000000 00:04 304476                     /drm mm object (deleted)
7f9ae9048000-7f9ae90b8000 rw-s 00000000 00:04 306339                     /drm mm object (deleted)
7f9ae90b8000-7f9ae9128000 rw-s 00000000 00:04 306338                     /drm mm object (deleted)
7f9ae9128000-7f9ae9198000 rw-s 00000000 00:04 307253                     /drm mm object (deleted)
7f9ae9198000-7f9ae9208000 rw-s 00000000 00:04 305981                     /drm mm object (deleted)
7f9ae9208000-7f9ae9278000 rw-s 00000000 00:04 305980                     /drm mm object (deleted)
7f9ae9278000-7f9ae92e8000 rw-s 00000000 00:04 305979                     /drm mm object (deleted)
7f9ae92e8000-7f9ae9358000 rw-s 00000000 00:04 306337                     /drm mm object (deleted)
7f9ae9358000-7f9ae93c8000 rw-s 00000000 00:04 306336                     /drm mm object (deleted)
7f9ae93c8000-7f9ae9438000 rw-s 00000000 00:04 306335                     /drm mm object (deleted)
7f9ae9438000-7f9ae94a8000 rw-s 00000000 00:04 306334                     /drm mm object (deleted)
7f9ae94a8000-7f9ae9518000 rw-s 00000000 00:04 306333                     /drm mm object (deleted)
7f9ae9518000-7f9ae9588000 rw-s 00000000 00:04 304475                     /drm mm object (deleted)
7f9ae9588000-7f9ae95f8000 rw-s 00000000 00:04 307246                     /drm mm object (deleted)
7f9ae95f8000-7f9ae9668000 rw-s 00000000 00:04 307245                     /drm mm object (deleted)
7f9ae9668000-7f9ae96d8000 rw-s 00000000 00:04 307244                     /drm mm object (deleted)
7f9ae96d8000-7f9ae9748000 rw-s 00000000 00:04 307240                     /drm mm object (deleted)
7f9ae9748000-7f9ae97b8000 rw-s 00000000 00:04 305978                     /drm mm object (deleted)
7f9ae97b8000-7f9ae9828000 rw-s 00000000 00:04 304464                     /drm mm object (deleted)
7f9ae9828000-7f9ae9898000 rw-s 00000000 00:04 304457                     /drm mm object (deleted)
7f9ae9898000-7f9ae989b000 ---p 00000000 00:00 0 
7f9ae989b000-7f9ae9999000 rw-p 00000000 00:00 0                          [stack:17265]
7f9ae9999000-7f9ae999c000 ---p 00000000 00:00 0 
7f9ae999c000-7f9ae9a9a000 rw-p 00000000 00:00 0                          [stack:17264]
7f9ae9a9a000-7f9ae9a9d000 ---p 00000000 00:00 0 
7f9ae9a9d000-7f9ae9b9b000 rw-p 00000000 00:00 0                          [stack:17263]
7f9ae9b9b000-7f9ae9b9e000 ---p 00000000 00:00 0 
7f9ae9b9e000-7f9ae9c9c000 rw-p 00000000 00:00 0                          [stack:17262]
7f9ae9c9c000-7f9ae9e1c000 rw-s 00000000 00:04 305936                     /drm mm object (deleted)
7f9ae9e1c000-7f9ae9e1f000 ---p 00000000 00:00 0 
7f9ae9e1f000-7f9ae9f1d000 rw-p 00000000 00:00 0 
7f9ae9f1d000-7f9ae9f20000 ---p 00000000 00:00 0 
7f9ae9f20000-7f9aea01e000 rw-p 00000000 00:00 0 
7f9aea01e000-7f9aea021000 ---p 00000000 00:00 0 
7f9aea021000-7f9aea11f000 rw-p 00000000 00:00 0 
7f9aea11f000-7f9aea122000 ---p 00000000 00:00 0 
7f9aea122000-7f9aea220000 rw-p 00000000 00:00 0                          [stack:17308]
7f9aea220000-7f9aea3a0000 rw-s 00000000 00:04 306317                     /drm mm object (deleted)
7f9aea3f0000-7f9aea460000 rw-s 00000000 00:04 307252                     /drm mm object (deleted)
7f9aea460000-7f9aea4d0000 rw-s 00000000 00:04 307251                     /drm mm object (deleted)
7f9aea4d0000-7f9aea540000 rw-s 00000000 00:04 307250                     /drm mm object (deleted)
7f9aea540000-7f9aea5b0000 rw-s 00000000 00:04 307249                     /drm mm object (deleted)
7f9aea5b0000-7f9aea620000 rw-s 00000000 00:04 307248                     /drm mm object (deleted)
7f9aea620000-7f9aea625000 r-xp 00000000 08:06 8126493                    /lib/x86_64-linux-gnu/libnss_dns-2.19.so
7f9aea625000-7f9aea824000 ---p 00005000 08:06 8126493                    /lib/x86_64-linux-gnu/libnss_dns-2.19.so
7f9aea824000-7f9aea825000 r--p 00004000 08:06 8126493                    /lib/x86_64-linux-gnu/libnss_dns-2.19.so
7f9aea825000-7f9aea826000 rw-p 00005000 08:06 8126493                    /lib/x86_64-linux-gnu/libnss_dns-2.19.so
7f9aea826000-7f9aea828000 r-xp 00000000 08:06 8130576                    /lib/x86_64-linux-gnu/libnss_mdns4_minimal.so.2
7f9aea828000-7f9aeaa27000 ---p 00002000 08:06 8130576                    /lib/x86_64-linux-gnu/libnss_mdns4_minimal.so.2
7f9aeaa27000-7f9aeaa28000 r--p 00001000 08:06 8130576                    /lib/x86_64-linux-gnu/libnss_mdns4_minimal.so.2
7f9aeaa28000-7f9aeaa29000 rw-p 00002000 08:06 8130576                    /lib/x86_64-linux-gnu/libnss_mdns4_minimal.so.2
7f9aeaa29000-7f9aeaac9000 rw-s 11aa85000 00:05 10956                     /dev/dri/card0
7f9aeaac9000-7f9aead49000 rw-s 00000000 00:04 306295                     /drm mm object (deleted)
7f9aead49000-7f9aeafc9000 rw-s 00000000 00:04 306294                     /drm mm object (deleted)
7f9aeafc9000-7f9aeb069000 rw-s 11a9e5000 00:05 10956                     /dev/dri/card0
7f9aeb069000-7f9aeb06b000 r-xp 00000000 08:06 9707382                    /usr/lib/x86_64-linux-gnu/libXinerama.so.1.0.0
7f9aeb06b000-7f9aeb26a000 ---p 00002000 08:06 9707382                    /usr/lib/x86_64-linux-gnu/libXinerama.so.1.0.0
7f9aeb26a000-7f9aeb26b000 r--p 00001000 08:06 9707382                    /usr/lib/x86_64-linux-gnu/libXinerama.so.1.0.0
7f9aeb26b000-7f9aeb26c000 rw-p 00002000 08:06 9707382                    /usr/lib/x86_64-linux-gnu/libXinerama.so.1.0.0
7f9aeb26c000-7f9aeb2a3000 r-xp 00000000 08:06 9708305                    /usr/lib/x86_64-linux-gnu/libtxc_dxtn_s2tc.so.0.0.0
7f9aeb2a3000-7f9aeb4a2000 ---p 00037000 08:06 9708305                    /usr/lib/x86_64-linux-gnu/libtxc_dxtn_s2tc.so.0.0.0
7f9aeb4a2000-7f9aeb4a3000 r--p 00036000 08:06 9708305                    /usr/lib/x86_64-linux-gnu/libtxc_dxtn_s2tc.so.0.0.0
7f9aeb4a3000-7f9aeb4a4000 rw-p 00037000 08:06 9708305                    /usr/lib/x86_64-linux-gnu/libtxc_dxtn_s2tc.so.0.0.0
7f9aeb4a4000-7f9aeb4ac000 r-xp 00000000 08:06 9708110                    /usr/lib/x86_64-linux-gnu/libpciaccess.so.0.11.1
7f9aeb4ac000-7f9aeb6ab000 ---p 00008000 08:06 9708110                    /usr/lib/x86_64-linux-gnu/libpciaccess.so.0.11.1
7f9aeb6ab000-7f9aeb6ac000 r--p 00007000 08:06 9708110                    /usr/lib/x86_64-linux-gnu/libpciaccess.so.0.11.1
7f9aeb6ac000-7f9aeb6ad000 rw-p 00008000 08:06 9708110                    /usr/lib/x86_64-linux-gnu/libpciaccess.so.0.11.1
7f9aeb6ad000-7f9aeb6cd000 r-xp 00000000 08:06 9700253                    /usr/lib/x86_64-linux-gnu/libdrm_intel.so.1.0.0
7f9aeb6cd000-7f9aeb8cc000 ---p 00020000 08:06 9700253                    /usr/lib/x86_64-linux-gnu/libdrm_intel.so.1.0.0
7f9aeb8cc000-7f9aeb8cd000 r--p 0001f000 08:06 9700253                    /usr/lib/x86_64-linux-gnu/libdrm_intel.so.1.0.0
7f9aeb8cd000-7f9aeb8ce000 rw-p 00020000 08:06 9700253                    /usr/lib/x86_64-linux-gnu/libdrm_intel.so.1.0.0
7f9aeb8ce000-7f9aebdd6000 r-xp 00000000 08:06 10092889                   /usr/lib/x86_64-linux-gnu/dri/i965_dri.so
7f9aebdd6000-7f9aebfd5000 ---p 00508000 08:06 10092889                   /usr/lib/x86_64-linux-gnu/dri/i965_dri.so
7f9aebfd5000-7f9aebfef000 r--p 00507000 08:06 10092889                   /usr/lib/x86_64-linux-gnu/dri/i965_dri.so
7f9aebfef000-7f9aebff5000 rw-p 00521000 08:06 10092889                   /usr/lib/x86_64-linux-gnu/dri/i965_dri.so
7f9aebff5000-7f9aec000000 rw-p 00000000 00:00 0 
7f9aec000000-7f9aec021000 rw-p 00000000 00:00 0 
7f9aec021000-7f9af0000000 ---p 00000000 00:00 0 
7f9af0000000-7f9af29d6000 rw-p 00000000 00:00 0 
7f9af29d6000-7f9af4000000 ---p 00000000 00:00 0 
7f9af4000000-7f9af6622000 rw-p 00000000 00:00 0 
7f9af6622000-7f9af8000000 ---p 00000000 00:00 0 
7f9af8000000-7f9af89b0000 rw-p 00000000 00:00 0 
7f9af89b0000-7f9afc000000 ---p 00000000 00:00 0 
7f9afc000000-7f9afc021000 rw-p 00000000 00:00 0 
7f9afc021000-7f9b00000000 ---p 00000000 00:00 0 
7f9b00000000-7f9b0003c000 rw-p 00000000 00:00 0 
7f9b0003c000-7f9b04000000 ---p 00000000 00:00 0 
7f9b04000000-7f9b04021000 rw-p 00000000 00:00 0 
7f9b04021000-7f9b08000000 ---p 00000000 00:00 0 
7f9b08000000-7f9b08021000 rw-p 00000000 00:00 0 
7f9b08021000-7f9b0c000000 ---p 00000000 00:00 0 
7f9b0c000000-7f9b0c021000 rw-p 00000000 00:00 0 
7f9b0c021000-7f9b10000000 ---p 00000000 00:00 0 
7f9b10004000-7f9b10064000 rw-s 11ab85000 00:05 10956                     /dev/dri/card0
7f9b10064000-7f9b1006c000 r-xp 00000000 08:06 8130557                    /lib/x86_64-linux-gnu/libnih-dbus.so.1.0.0
7f9b1006c000-7f9b1026c000 ---p 00008000 08:06 8130557                    /lib/x86_64-linux-gnu/libnih-dbus.so.1.0.0
7f9b1026c000-7f9b1026d000 r--p 00008000 08:06 8130557                    /lib/x86_64-linux-gnu/libnih-dbus.so.1.0.0
7f9b1026d000-7f9b1026e000 rw-p 00009000 08:06 8130557                    /lib/x86_64-linux-gnu/libnih-dbus.so.1.0.0
7f9b1026e000-7f9b10285000 r-xp 00000000 08:06 8130559                    /lib/x86_64-linux-gnu/libnih.so.1.0.0
7f9b10285000-7f9b10484000 ---p 00017000 08:06 8130559                    /lib/x86_64-linux-gnu/libnih.so.1.0.0
7f9b10484000-7f9b10485000 r--p 00016000 08:06 8130559                    /lib/x86_64-linux-gnu/libnih.so.1.0.0
7f9b10485000-7f9b10486000 rw-p 00017000 08:06 8130559                    /lib/x86_64-linux-gnu/libnih.so.1.0.0
7f9b10486000-7f9b1049f000 r-xp 00000000 08:06 8130500                    /lib/x86_64-linux-gnu/libcgmanager.so.0.0.0
7f9b1049f000-7f9b1069e000 ---p 00019000 08:06 8130500                    /lib/x86_64-linux-gnu/libcgmanager.so.0.0.0
7f9b1069e000-7f9b106a0000 r--p 00018000 08:06 8130500                    /lib/x86_64-linux-gnu/libcgmanager.so.0.0.0
7f9b106a0000-7f9b106a1000 rw-p 0001a000 08:06 8130500                    /lib/x86_64-linux-gnu/libcgmanager.so.0.0.0
7f9b106a1000-7f9b106b1000 r-xp 00000000 08:06 8130597                    /lib/x86_64-linux-gnu/libudev.so.1.3.5
7f9b106b1000-7f9b108b0000 ---p 00010000 08:06 8130597                    /lib/x86_64-linux-gnu/libudev.so.1.3.5
7f9b108b0000-7f9b108b1000 r--p 0000f000 08:06 8130597                    /lib/x86_64-linux-gnu/libudev.so.1.3.5
7f9b108b1000-7f9b108b2000 rw-p 00010000 08:06 8130597                    /lib/x86_64-linux-gnu/libudev.so.1.3.5
7f9b108b2000-7f9b108d7000 r-xp 00000000 08:06 8130641                    /lib/x86_64-linux-gnu/libtinfo.so.5.9
7f9b108d7000-7f9b10ad6000 ---p 00025000 08:06 8130641                    /lib/x86_64-linux-gnu/libtinfo.so.5.9
7f9b10ad6000-7f9b10ada000 r--p 00024000 08:06 8130641                    /lib/x86_64-linux-gnu/libtinfo.so.5.9
7f9b10ada000-7f9b10adb000 rw-p 00028000 08:06 8130641                    /lib/x86_64-linux-gnu/libtinfo.so.5.9
7f9b10adb000-7f9b10b04000 r-xp 00000000 08:06 9707611                    /usr/lib/x86_64-linux-gnu/libedit.so.2.0.47
7f9b10b04000-7f9b10d04000 ---p 00029000 08:06 9707611                    /usr/lib/x86_64-linux-gnu/libedit.so.2.0.47
7f9b10d04000-7f9b10d06000 r--p 00029000 08:06 9707611                    /usr/lib/x86_64-linux-gnu/libedit.so.2.0.47
7f9b10d06000-7f9b10d07000 rw-p 0002b000 08:06 9707611                    /usr/lib/x86_64-linux-gnu/libedit.so.2.0.47
7f9b10d07000-7f9b10d0b000 rw-p 00000000 00:00 0 
7f9b10d0b000-7f9b12813000 r-xp 00000000 08:06 9707230                    /usr/lib/x86_64-linux-gnu/libLLVM-3.5.so.1
7f9b12813000-7f9b12814000 ---p 01b08000 08:06 9707230                    /usr/lib/x86_64-linux-gnu/libLLVM-3.5.so.1
7f9b12814000-7f9b129dc000 r--p 01b08000 08:06 9707230                    /usr/lib/x86_64-linux-gnu/libLLVM-3.5.so.1
7f9b129dc000-7f9b129e2000 rw-p 01cd0000 08:06 9707230                    /usr/lib/x86_64-linux-gnu/libLLVM-3.5.so.1
7f9b129e2000-7f9b129f7000 rw-p 00000000 00:00 0 
7f9b129f7000-7f9b12a03000 r-xp 00000000 08:06 9703037                    /usr/lib/x86_64-linux-gnu/libdrm_radeon.so.1.0.1
7f9b12a03000-7f9b12c02000 ---p 0000c000 08:06 9703037                    /usr/lib/x86_64-linux-gnu/libdrm_radeon.so.1.0.1
7f9b12c02000-7f9b12c03000 r--p 0000b000 08:06 9703037                    /usr/lib/x86_64-linux-gnu/libdrm_radeon.so.1.0.1
7f9b12c03000-7f9b12c04000 rw-p 0000c000 08:06 9703037                    /usr/lib/x86_64-linux-gnu/libdrm_radeon.so.1.0.1
7f9b12c04000-7f9b12c19000 r-xp 00000000 08:06 9707612                    /usr/lib/x86_64-linux-gnu/libelf-0.158.so
7f9b12c19000-7f9b12e18000 ---p 00015000 08:06 9707612                    /usr/lib/x86_64-linux-gnu/libelf-0.158.so
7f9b12e18000-7f9b12e19000 r--p 00014000 08:06 9707612                    /usr/lib/x86_64-linux-gnu/libelf-0.158.so
7f9b12e19000-7f9b12e1a000 rw-p 00015000 08:06 9707612                    /usr/lib/x86_64-linux-gnu/libelf-0.158.so
7f9b12e1a000-7f9b12e20000 r-xp 00000000 08:06 9703031                    /usr/lib/x86_64-linux-gnu/libdrm_nouveau.so.2.0.0
7f9b12e20000-7f9b1301f000 ---p 00006000 08:06 9703031                    /usr/lib/x86_64-linux-gnu/libdrm_nouveau.so.2.0.0
7f9b1301f000-7f9b13020000 r--p 00005000 08:06 9703031                    /usr/lib/x86_64-linux-gnu/libdrm_nouveau.so.2.0.0
7f9b13020000-7f9b13021000 rw-p 00006000 08:06 9703031                    /usr/lib/x86_64-linux-gnu/libdrm_nouveau.so.2.0.0
7f9b13021000-7f9b13028000 r-xp 00000000 08:06 10094006                   /usr/lib/x86_64-linux-gnu/mesa-egl/libOpenVG.so.1.0.0
7f9b13028000-7f9b13227000 ---p 00007000 08:06 10094006                   /usr/lib/x86_64-linux-gnu/mesa-egl/libOpenVG.so.1.0.0
7f9b13227000-7f9b13228000 r--p 00006000 08:06 10094006                   /usr/lib/x86_64-linux-gnu/mesa-egl/libOpenVG.so.1.0.0
7f9b13228000-7f9b13229000 rw-p 00007000 08:06 10094006                   /usr/lib/x86_64-linux-gnu/mesa-egl/libOpenVG.so.1.0.0
7f9b13229000-7f9b1322b000 rw-p 00000000 00:00 0 
7f9b1322b000-7f9b139b3000 r-xp 00000000 08:06 10092900                   /usr/lib/x86_64-linux-gnu/egl/egl_gallium.so
7f9b139b3000-7f9b13bb3000 ---p 00788000 08:06 10092900                   /usr/lib/x86_64-linux-gnu/egl/egl_gallium.so
7f9b13bb3000-7f9b13c06000 r--p 00788000 08:06 10092900                   /usr/lib/x86_64-linux-gnu/egl/egl_gallium.so
7f9b13c06000-7f9b13c12000 rw-p 007db000 08:06 10092900                   /usr/lib/x86_64-linux-gnu/egl/egl_gallium.so
7f9b13c12000-7f9b13df9000 rw-p 00000000 00:00 0 
7f9b13df9000-7f9b13dff000 r-xp 00000000 08:06 10094004                   /usr/lib/x86_64-linux-gnu/mesa-egl/libGLESv2.so.2.0.0
7f9b13dff000-7f9b13ffe000 ---p 00006000 08:06 10094004                   /usr/lib/x86_64-linux-gnu/mesa-egl/libGLESv2.so.2.0.0
7f9b13ffe000-7f9b13fff000 r--p 00005000 08:06 10094004                   /usr/lib/x86_64-linux-gnu/mesa-egl/libGLESv2.so.2.0.0
7f9b13fff000-7f9b14000000 rw-p 00006000 08:06 10094004                   /usr/lib/x86_64-linux-gnu/mesa-egl/libGLESv2.so.2.0.0
7f9b14000000-7f9b14021000 rw-p 00000000 00:00 0 
7f9b14021000-7f9b18000000 ---p 00000000 00:00 0 
7f9b18000000-7f9b18021000 rw-p 00000000 00:00 0 
7f9b18021000-7f9b1c000000 ---p 00000000 00:00 0 
7f9b1c000000-7f9b1ca7d000 rw-p 00000000 00:00 0 
7f9b1ca7d000-7f9b20000000 ---p 00000000 00:00 0 
7f9b20000000-7f9b206b9000 rw-p 00000000 00:00 0 
7f9b206b9000-7f9b24000000 ---p 00000000 00:00 0 
7f9b24000000-7f9b24021000 rw-p 00000000 00:00 0 
7f9b24021000-7f9b28000000 ---p 00000000 00:00 0 
7f9b28000000-7f9b28021000 rw-p 00000000 00:00 0 
7f9b28021000-7f9b2c000000 ---p 00000000 00:00 0 
7f9b2c000000-7f9b2c021000 rw-p 00000000 00:00 0 
7f9b2c021000-7f9b30000000 ---p 00000000 00:00 0 
7f9b3003d000-7f9b30082000 r-xp 00000000 08:06 4325419                    /tmp/jogamp_0000/file_cache/jln8895296836344058891/jln1845523376576838629/libjogl_mobile.so
7f9b30082000-7f9b30282000 ---p 00045000 08:06 4325419                    /tmp/jogamp_0000/file_cache/jln8895296836344058891/jln1845523376576838629/libjogl_mobile.so
7f9b30282000-7f9b30283000 rw-p 00045000 08:06 4325419                    /tmp/jogamp_0000/file_cache/jln8895296836344058891/jln1845523376576838629/libjogl_mobile.so
7f9b30283000-7f9b3028f000 r-xp 00000000 08:06 9707694                    /usr/lib/x86_64-linux-gnu/libgbm.so.1.0.0
7f9b3028f000-7f9b3048f000 ---p 0000c000 08:06 9707694                    /usr/lib/x86_64-linux-gnu/libgbm.so.1.0.0
7f9b3048f000-7f9b30490000 r--p 0000c000 08:06 9707694                    /usr/lib/x86_64-linux-gnu/libgbm.so.1.0.0
7f9b30490000-7f9b30491000 rw-p 0000d000 08:06 9707694                    /usr/lib/x86_64-linux-gnu/libgbm.so.1.0.0
7f9b30491000-7f9b304a0000 r-xp 00000000 08:06 9708373                    /usr/lib/x86_64-linux-gnu/libwayland-server.so.0.1.0
7f9b304a0000-7f9b3069f000 ---p 0000f000 08:06 9708373                    /usr/lib/x86_64-linux-gnu/libwayland-server.so.0.1.0
7f9b3069f000-7f9b306a1000 r--p 0000e000 08:06 9708373                    /usr/lib/x86_64-linux-gnu/libwayland-server.so.0.1.0
7f9b306a1000-7f9b306a2000 rw-p 00010000 08:06 9708373                    /usr/lib/x86_64-linux-gnu/libwayland-server.so.0.1.0
7f9b306a2000-7f9b306ad000 r-xp 00000000 08:06 9708367                    /usr/lib/x86_64-linux-gnu/libwayland-client.so.0.2.0
7f9b306ad000-7f9b308ac000 ---p 0000b000 08:06 9708367                    /usr/lib/x86_64-linux-gnu/libwayland-client.so.0.2.0
7f9b308ac000-7f9b308ae000 r--p 0000a000 08:06 9708367                    /usr/lib/x86_64-linux-gnu/libwayland-client.so.0.2.0
7f9b308ae000-7f9b308af000 rw-p 0000c000 08:06 9708367                    /usr/lib/x86_64-linux-gnu/libwayland-client.so.0.2.0
7f9b308af000-7f9b308b4000 r-xp 00000000 08:06 9708423                    /usr/lib/x86_64-linux-gnu/libxcb-xfixes.so.0.0.0
7f9b308b4000-7f9b30ab4000 ---p 00005000 08:06 9708423                    /usr/lib/x86_64-linux-gnu/libxcb-xfixes.so.0.0.0
7f9b30ab4000-7f9b30ab5000 r--p 00005000 08:06 9708423                    /usr/lib/x86_64-linux-gnu/libxcb-xfixes.so.0.0.0
7f9b30ab5000-7f9b30ab6000 rw-p 00006000 08:06 9708423                    /usr/lib/x86_64-linux-gnu/libxcb-xfixes.so.0.0.0
7f9b30ab6000-7f9b30add000 r-xp 00000000 08:06 10094000                   /usr/lib/x86_64-linux-gnu/mesa-egl/libEGL.so.1.0.0
7f9b30add000-7f9b30cdd000 ---p 00027000 08:06 10094000                   /usr/lib/x86_64-linux-gnu/mesa-egl/libEGL.so.1.0.0
7f9b30cdd000-7f9b30cde000 r--p 00027000 08:06 10094000                   /usr/lib/x86_64-linux-gnu/mesa-egl/libEGL.so.1.0.0
7f9b30cde000-7f9b30cdf000 rw-p 00028000 08:06 10094000                   /usr/lib/x86_64-linux-gnu/mesa-egl/libEGL.so.1.0.0
7f9b30cdf000-7f9b30ce0000 rw-p 00000000 00:00 0 
7f9b30ce0000-7f9b30d85000 r-xp 00000000 08:06 4325418                    /tmp/jogamp_0000/file_cache/jln8895296836344058891/jln1845523376576838629/libjogl_desktop.so
7f9b30d85000-7f9b30f85000 ---p 000a5000 08:06 4325418                    /tmp/jogamp_0000/file_cache/jln8895296836344058891/jln1845523376576838629/libjogl_desktop.so
7f9b30f85000-7f9b30f86000 rw-p 000a5000 08:06 4325418                    /tmp/jogamp_0000/file_cache/jln8895296836344058891/jln1845523376576838629/libjogl_desktop.so
7f9b30f86000-7f9b30f91000 r-xp 00000000 08:06 9701891                    /usr/lib/x86_64-linux-gnu/libdrm.so.2.4.0
7f9b30f91000-7f9b31190000 ---p 0000b000 08:06 9701891                    /usr/lib/x86_64-linux-gnu/libdrm.so.2.4.0
7f9b31190000-7f9b31191000 r--p 0000a000 08:06 9701891                    /usr/lib/x86_64-linux-gnu/libdrm.so.2.4.0
7f9b31191000-7f9b31192000 rw-p 0000b000 08:06 9701891                    /usr/lib/x86_64-linux-gnu/libdrm.so.2.4.0
7f9b31192000-7f9b31193000 r-xp 00000000 08:06 9708437                    /usr/lib/x86_64-linux-gnu/libxshmfence.so.1.0.0
7f9b31193000-7f9b31392000 ---p 00001000 08:06 9708437                    /usr/lib/x86_64-linux-gnu/libxshmfence.so.1.0.0
7f9b31392000-7f9b31393000 r--p 00000000 08:06 9708437                    /usr/lib/x86_64-linux-gnu/libxshmfence.so.1.0.0
7f9b31393000-7f9b31394000 rw-p 00001000 08:06 9708437                    /usr/lib/x86_64-linux-gnu/libxshmfence.so.1.0.0
7f9b31394000-7f9b31399000 r-xp 00000000 08:06 9708419                    /usr/lib/x86_64-linux-gnu/libxcb-sync.so.1.0.0
7f9b31399000-7f9b31598000 ---p 00005000 08:06 9708419                    /usr/lib/x86_64-linux-gnu/libxcb-sync.so.1.0.0
7f9b31598000-7f9b31599000 r--p 00004000 08:06 9708419                    /usr/lib/x86_64-linux-gnu/libxcb-sync.so.1.0.0
7f9b31599000-7f9b3159a000 rw-p 00005000 08:06 9708419                    /usr/lib/x86_64-linux-gnu/libxcb-sync.so.1.0.0
7f9b3159a000-7f9b3159c000 r-xp 00000000 08:06 9708407                    /usr/lib/x86_64-linux-gnu/libxcb-present.so.0.0.0
7f9b3159c000-7f9b3179b000 ---p 00002000 08:06 9708407                    /usr/lib/x86_64-linux-gnu/libxcb-present.so.0.0.0
7f9b3179b000-7f9b3179c000 r--p 00001000 08:06 9708407                    /usr/lib/x86_64-linux-gnu/libxcb-present.so.0.0.0
7f9b3179c000-7f9b3179d000 rw-p 00002000 08:06 9708407                    /usr/lib/x86_64-linux-gnu/libxcb-present.so.0.0.0
7f9b3179d000-7f9b3179f000 r-xp 00000000 08:06 9708397                    /usr/lib/x86_64-linux-gnu/libxcb-dri3.so.0.0.0
7f9b3179f000-7f9b3199e000 ---p 00002000 08:06 9708397                    /usr/lib/x86_64-linux-gnu/libxcb-dri3.so.0.0.0
7f9b3199e000-7f9b3199f000 r--p 00001000 08:06 9708397                    /usr/lib/x86_64-linux-gnu/libxcb-dri3.so.0.0.0
7f9b3199f000-7f9b319a0000 rw-p 00002000 08:06 9708397                    /usr/lib/x86_64-linux-gnu/libxcb-dri3.so.0.0.0
7f9b319a0000-7f9b319a3000 r-xp 00000000 08:06 9708395                    /usr/lib/x86_64-linux-gnu/libxcb-dri2.so.0.0.0
7f9b319a3000-7f9b31ba3000 ---p 00003000 08:06 9708395                    /usr/lib/x86_64-linux-gnu/libxcb-dri2.so.0.0.0
7f9b31ba3000-7f9b31ba4000 r--p 00003000 08:06 9708395                    /usr/lib/x86_64-linux-gnu/libxcb-dri2.so.0.0.0
7f9b31ba4000-7f9b31ba5000 rw-p 00004000 08:06 9708395                    /usr/lib/x86_64-linux-gnu/libxcb-dri2.so.0.0.0
7f9b31ba5000-7f9b31bba000 r-xp 00000000 08:06 9708399                    /usr/lib/x86_64-linux-gnu/libxcb-glx.so.0.0.0
7f9b31bba000-7f9b31db9000 ---p 00015000 08:06 9708399                    /usr/lib/x86_64-linux-gnu/libxcb-glx.so.0.0.0
7f9b31db9000-7f9b31dbb000 r--p 00014000 08:06 9708399                    /usr/lib/x86_64-linux-gnu/libxcb-glx.so.0.0.0
7f9b31dbb000-7f9b31dbc000 rw-p 00016000 08:06 9708399                    /usr/lib/x86_64-linux-gnu/libxcb-glx.so.0.0.0
7f9b31dbc000-7f9b31dbd000 r-xp 00000000 08:06 9707353                    /usr/lib/x86_64-linux-gnu/libX11-xcb.so.1.0.0
7f9b31dbd000-7f9b31fbc000 ---p 00001000 08:06 9707353                    /usr/lib/x86_64-linux-gnu/libX11-xcb.so.1.0.0
7f9b31fbc000-7f9b31fbd000 r--p 00000000 08:06 9707353                    /usr/lib/x86_64-linux-gnu/libX11-xcb.so.1.0.0
7f9b31fbd000-7f9b31fbe000 rw-p 00001000 08:06 9707353                    /usr/lib/x86_64-linux-gnu/libX11-xcb.so.1.0.0
7f9b31fbe000-7f9b31fc0000 r-xp 00000000 08:06 9707368                    /usr/lib/x86_64-linux-gnu/libXdamage.so.1.1.0
7f9b31fc0000-7f9b321bf000 ---p 00002000 08:06 9707368                    /usr/lib/x86_64-linux-gnu/libXdamage.so.1.1.0
7f9b321bf000-7f9b321c0000 r--p 00001000 08:06 9707368                    /usr/lib/x86_64-linux-gnu/libXdamage.so.1.1.0
7f9b321c0000-7f9b321c1000 rw-p 00002000 08:06 9707368                    /usr/lib/x86_64-linux-gnu/libXdamage.so.1.1.0
7f9b321c1000-7f9b321e5000 r-xp 00000000 08:06 9707746                    /usr/lib/x86_64-linux-gnu/libglapi.so.0.0.0
7f9b321e5000-7f9b323e5000 ---p 00024000 08:06 9707746                    /usr/lib/x86_64-linux-gnu/libglapi.so.0.0.0
7f9b323e5000-7f9b323e8000 r--p 00024000 08:06 9707746                    /usr/lib/x86_64-linux-gnu/libglapi.so.0.0.0
7f9b323e8000-7f9b323e9000 rw-p 00027000 08:06 9707746                    /usr/lib/x86_64-linux-gnu/libglapi.so.0.0.0
7f9b323e9000-7f9b323ea000 rw-p 00000000 00:00 0 
7f9b323ea000-7f9b32476000 r-xp 00000000 08:06 10093997                   /usr/lib/x86_64-linux-gnu/mesa/libGL.so.1.2.0
7f9b32476000-7f9b32675000 ---p 0008c000 08:06 10093997                   /usr/lib/x86_64-linux-gnu/mesa/libGL.so.1.2.0
7f9b32675000-7f9b32678000 r--p 0008b000 08:06 10093997                   /usr/lib/x86_64-linux-gnu/mesa/libGL.so.1.2.0
7f9b32678000-7f9b32679000 rw-p 0008e000 08:06 10093997                   /usr/lib/x86_64-linux-gnu/mesa/libGL.so.1.2.0
7f9b32679000-7f9b3267a000 rw-p 00000000 00:00 0 
7f9b3267a000-7f9b32681000 r-xp 00000000 08:06 4325423                    /tmp/jogamp_0000/file_cache/jln8895296836344058891/jln1845523376576838629/libnativewindow_x11.so
7f9b32681000-7f9b32880000 ---p 00007000 08:06 4325423                    /tmp/jogamp_0000/file_cache/jln8895296836344058891/jln1845523376576838629/libnativewindow_x11.so
7f9b32880000-7f9b32881000 rw-p 00006000 08:06 4325423                    /tmp/jogamp_0000/file_cache/jln8895296836344058891/jln1845523376576838629/libnativewindow_x11.so
7f9b32881000-7f9b32885000 r-xp 00000000 08:06 9707410                    /usr/lib/x86_64-linux-gnu/libXxf86vm.so.1.0.0
7f9b32885000-7f9b32a85000 ---p 00004000 08:06 9707410                    /usr/lib/x86_64-linux-gnu/libXxf86vm.so.1.0.0
7f9b32a85000-7f9b32a86000 r--p 00004000 08:06 9707410                    /usr/lib/x86_64-linux-gnu/libXxf86vm.so.1.0.0
7f9b32a86000-7f9b32a87000 rw-p 00005000 08:06 9707410                    /usr/lib/x86_64-linux-gnu/libXxf86vm.so.1.0.0
7f9b32a87000-7f9b32a89000 r-xp 00000000 08:06 4325422                    /tmp/jogamp_0000/file_cache/jln8895296836344058891/jln1845523376576838629/libnativewindow_awt.so
7f9b32a89000-7f9b32c88000 ---p 00002000 08:06 4325422                    /tmp/jogamp_0000/file_cache/jln8895296836344058891/jln1845523376576838629/libnativewindow_awt.so
7f9b32c88000-7f9b32c89000 rw-p 00001000 08:06 4325422                    /tmp/jogamp_0000/file_cache/jln8895296836344058891/jln1845523376576838629/libnativewindow_awt.so
7f9b32c89000-7f9b32c8a000 r-xp 00000000 08:06 1705755                    /usr/lib/jvm/java-7-openjdk-amd64/jre/lib/amd64/libjawt.so
7f9b32c8a000-7f9b32e89000 ---p 00001000 08:06 1705755                    /usr/lib/jvm/java-7-openjdk-amd64/jre/lib/amd64/libjawt.so
7f9b32e89000-7f9b32e8a000 r--p 00000000 08:06 1705755                    /usr/lib/jvm/java-7-openjdk-amd64/jre/lib/amd64/libjawt.so
7f9b32e8a000-7f9b32e8b000 rw-p 00001000 08:06 1705755                    /usr/lib/jvm/java-7-openjdk-amd64/jre/lib/amd64/libjawt.so
7f9b32e8b000-7f9b32e8d000 r-xp 00000000 08:06 4325415                    /tmp/jogamp_0000/file_cache/jln8895296836344058891/jln1845523376576838629/libgluegen-rt.so
7f9b32e8d000-7f9b3308c000 ---p 00002000 08:06 4325415                    /tmp/jogamp_0000/file_cache/jln8895296836344058891/jln1845523376576838629/libgluegen-rt.so
7f9b3308c000-7f9b3308d000 rw-p 00001000 08:06 4325415                    /tmp/jogamp_0000/file_cache/jln8895296836344058891/jln1845523376576838629/libgluegen-rt.so
7f9b3308d000-7f9b33090000 ---p 00000000 00:00 0 
7f9b33090000-7f9b3318e000 rw-p 00000000 00:00 0                          [stack:17257]
7f9b3318e000-7f9b33191000 ---p 00000000 00:00 0 
7f9b33191000-7f9b3328f000 rw-p 00000000 00:00 0                          [stack:17248]
7f9b3328f000-7f9b33292000 ---p 00000000 00:00 0 
7f9b33292000-7f9b33390000 rw-p 00000000 00:00 0                          [stack:17247]
7f9b33390000-7f9b333a0000 r-xp 00000000 08:06 1705761                    /usr/lib/jvm/java-7-openjdk-amd64/jre/lib/amd64/libnio.so
7f9b333a0000-7f9b335a0000 ---p 00010000 08:06 1705761                    /usr/lib/jvm/java-7-openjdk-amd64/jre/lib/amd64/libnio.so
7f9b335a0000-7f9b335a1000 r--p 00010000 08:06 1705761                    /usr/lib/jvm/java-7-openjdk-amd64/jre/lib/amd64/libnio.so
7f9b335a1000-7f9b335a2000 rw-p 00011000 08:06 1705761                    /usr/lib/jvm/java-7-openjdk-amd64/jre/lib/amd64/libnio.so
7f9b335a2000-7f9b335f4000 r-xp 00000000 08:06 1705740                    /usr/lib/jvm/java-7-openjdk-amd64/jre/lib/amd64/libfontmanager.so
7f9b335f4000-7f9b337f3000 ---p 00052000 08:06 1705740                    /usr/lib/jvm/java-7-openjdk-amd64/jre/lib/amd64/libfontmanager.so
7f9b337f3000-7f9b337f6000 r--p 00051000 08:06 1705740                    /usr/lib/jvm/java-7-openjdk-amd64/jre/lib/amd64/libfontmanager.so
7f9b337f6000-7f9b337f7000 rw-p 00054000 08:06 1705740                    /usr/lib/jvm/java-7-openjdk-amd64/jre/lib/amd64/libfontmanager.so
7f9b337f7000-7f9b337fa000 ---p 00000000 00:00 0 
7f9b337fa000-7f9b338f8000 rw-p 00000000 00:00 0                          [stack:17245]
7f9b338f8000-7f9b338fb000 ---p 00000000 00:00 0 
7f9b338fb000-7f9b339f9000 rw-p 00000000 00:00 0                          [stack:17244]
7f9b339f9000-7f9b339fc000 ---p 00000000 00:00 0 
7f9b339fc000-7f9b33afa000 rw-p 00000000 00:00 0                          [stack:17243]
7f9b33afa000-7f9b33aff000 r-xp 00000000 08:06 9699808                    /usr/lib/x86_64-linux-gnu/libXfixes.so.3.1.0
7f9b33aff000-7f9b33cfe000 ---p 00005000 08:06 9699808                    /usr/lib/x86_64-linux-gnu/libXfixes.so.3.1.0
7f9b33cfe000-7f9b33cff000 r--p 00004000 08:06 9699808                    /usr/lib/x86_64-linux-gnu/libXfixes.so.3.1.0
7f9b33cff000-7f9b33d00000 rw-p 00005000 08:06 9699808                    /usr/lib/x86_64-linux-gnu/libXfixes.so.3.1.0
7f9b33d00000-7f9b38000000 rw-p 00000000 00:00 0 
7f9b38000000-7f9b38021000 rw-p 00000000 00:00 0 
7f9b38021000-7f9b3c000000 ---p 00000000 00:00 0 
7f9b3c000000-7f9b3c021000 rw-p 00000000 00:00 0 
7f9b3c021000-7f9b40000000 ---p 00000000 00:00 0 
7f9b40000000-7f9b40021000 rw-p 00000000 00:00 0 
7f9b40021000-7f9b44000000 ---p 00000000 00:00 0 
7f9b44012000-7f9b44072000 rw-s 11ab25000 00:05 10956                     /dev/dri/card0
7f9b44072000-7f9b4407a000 rw-s 00000000 00:04 306316                     /drm mm object (deleted)
7f9b4407a000-7f9b44082000 rw-s 00000000 00:04 306286                     /drm mm object (deleted)
7f9b44082000-7f9b4408a000 rw-s 00000000 00:04 306285                     /drm mm object (deleted)
7f9b4408a000-7f9b44092000 rw-s 00000000 00:04 306276                     /drm mm object (deleted)
7f9b44092000-7f9b4409a000 rw-s 00000000 00:04 307230                     /drm mm object (deleted)
7f9b4409a000-7f9b440a2000 rw-s 00000000 00:04 307226                     /drm mm object (deleted)
7f9b440a2000-7f9b440aa000 rw-s 00000000 00:04 306281                     /drm mm object (deleted)
7f9b440aa000-7f9b440ad000 ---p 00000000 00:00 0 
7f9b440ad000-7f9b440e3000 rw-p 00000000 00:00 0                          [stack:17252]
7f9b440e3000-7f9b440e6000 ---p 00000000 00:00 0 
7f9b440e6000-7f9b441e4000 rw-p 00000000 00:00 0                          [stack:17241]
7f9b441e4000-7f9b441ed000 r-xp 00000000 08:06 9707366                    /usr/lib/x86_64-linux-gnu/libXcursor.so.1.0.2
7f9b441ed000-7f9b443ec000 ---p 00009000 08:06 9707366                    /usr/lib/x86_64-linux-gnu/libXcursor.so.1.0.2
7f9b443ec000-7f9b443ed000 r--p 00008000 08:06 9707366                    /usr/lib/x86_64-linux-gnu/libXcursor.so.1.0.2
7f9b443ed000-7f9b443ee000 rw-p 00009000 08:06 9707366                    /usr/lib/x86_64-linux-gnu/libXcursor.so.1.0.2
7f9b443ee000-7f9b44405000 r-xp 00000000 08:06 1705756                    /usr/lib/jvm/java-7-openjdk-amd64/jre/lib/amd64/libnet.so
7f9b44405000-7f9b44604000 ---p 00017000 08:06 1705756                    /usr/lib/jvm/java-7-openjdk-amd64/jre/lib/amd64/libnet.so
7f9b44604000-7f9b44605000 r--p 00016000 08:06 1705756                    /usr/lib/jvm/java-7-openjdk-amd64/jre/lib/amd64/libnet.so
7f9b44605000-7f9b44606000 rw-p 00017000 08:06 1705756                    /usr/lib/jvm/java-7-openjdk-amd64/jre/lib/amd64/libnet.so
7f9b44606000-7f9b4460a000 r-xp 00000000 08:06 8130528                    /lib/x86_64-linux-gnu/libgpg-error.so.0.10.0
7f9b4460a000-7f9b44809000 ---p 00004000 08:06 8130528                    /lib/x86_64-linux-gnu/libgpg-error.so.0.10.0
7f9b44809000-7f9b4480a000 r--p 00003000 08:06 8130528                    /lib/x86_64-linux-gnu/libgpg-error.so.0.10.0
7f9b4480a000-7f9b4480b000 rw-p 00004000 08:06 8130528                    /lib/x86_64-linux-gnu/libgpg-error.so.0.10.0
7f9b4480b000-7f9b4480d000 r-xp 00000000 08:06 8130538                    /lib/x86_64-linux-gnu/libkeyutils.so.1.4
7f9b4480d000-7f9b44a0d000 ---p 00002000 08:06 8130538                    /lib/x86_64-linux-gnu/libkeyutils.so.1.4
7f9b44a0d000-7f9b44a0e000 r--p 00002000 08:06 8130538                    /lib/x86_64-linux-gnu/libkeyutils.so.1.4
7f9b44a0e000-7f9b44a0f000 rw-p 00003000 08:06 8130538                    /lib/x86_64-linux-gnu/libkeyutils.so.1.4
7f9b44a0f000-7f9b44a4c000 r-xp 00000000 08:06 8132557                    /lib/x86_64-linux-gnu/libpcre.so.3.13.1
7f9b44a4c000-7f9b44c4b000 ---p 0003d000 08:06 8132557                    /lib/x86_64-linux-gnu/libpcre.so.3.13.1
7f9b44c4b000-7f9b44c4c000 r--p 0003c000 08:06 8132557                    /lib/x86_64-linux-gnu/libpcre.so.3.13.1
7f9b44c4c000-7f9b44c4d000 rw-p 0003d000 08:06 8132557                    /lib/x86_64-linux-gnu/libpcre.so.3.13.1
7f9b44c4d000-7f9b44c72000 r-xp 00000000 08:06 8130610                    /lib/x86_64-linux-gnu/libpng12.so.0.50.0
7f9b44c72000-7f9b44e71000 ---p 00025000 08:06 8130610                    /lib/x86_64-linux-gnu/libpng12.so.0.50.0
7f9b44e71000-7f9b44e72000 r--p 00024000 08:06 8130610                    /lib/x86_64-linux-gnu/libpng12.so.0.50.0
7f9b44e72000-7f9b44e73000 rw-p 00025000 08:06 8130610                    /lib/x86_64-linux-gnu/libpng12.so.0.50.0
7f9b44e73000-7f9b44eb7000 r-xp 00000000 08:06 8130509                    /lib/x86_64-linux-gnu/libdbus-1.so.3.7.6
7f9b44eb7000-7f9b450b6000 ---p 00044000 08:06 8130509                    /lib/x86_64-linux-gnu/libdbus-1.so.3.7.6
7f9b450b6000-7f9b450b7000 r--p 00043000 08:06 8130509                    /lib/x86_64-linux-gnu/libdbus-1.so.3.7.6
7f9b450b7000-7f9b450b8000 rw-p 00044000 08:06 8130509                    /lib/x86_64-linux-gnu/libdbus-1.so.3.7.6
7f9b450b8000-7f9b450f3000 r-xp 00000000 08:06 9708086                    /usr/lib/x86_64-linux-gnu/libp11-kit.so.0.0.0
7f9b450f3000-7f9b452f2000 ---p 0003b000 08:06 9708086                    /usr/lib/x86_64-linux-gnu/libp11-kit.so.0.0.0
7f9b452f2000-7f9b452f8000 r--p 0003a000 08:06 9708086                    /usr/lib/x86_64-linux-gnu/libp11-kit.so.0.0.0
7f9b452f8000-7f9b452fa000 rw-p 00040000 08:06 9708086                    /usr/lib/x86_64-linux-gnu/libp11-kit.so.0.0.0
7f9b452fa000-7f9b4530c000 r-xp 00000000 08:06 9699371                    /usr/lib/x86_64-linux-gnu/libtasn1.so.6.2.0
7f9b4530c000-7f9b4550c000 ---p 00012000 08:06 9699371                    /usr/lib/x86_64-linux-gnu/libtasn1.so.6.2.0
7f9b4550c000-7f9b4550d000 r--p 00012000 08:06 9699371                    /usr/lib/x86_64-linux-gnu/libtasn1.so.6.2.0
7f9b4550d000-7f9b4550e000 rw-p 00013000 08:06 9699371                    /usr/lib/x86_64-linux-gnu/libtasn1.so.6.2.0
7f9b4550e000-7f9b4558a000 r-xp 00000000 08:06 8130502                    /lib/x86_64-linux-gnu/libgcrypt.so.11.8.2
7f9b4558a000-7f9b4578a000 ---p 0007c000 08:06 8130502                    /lib/x86_64-linux-gnu/libgcrypt.so.11.8.2
7f9b4578a000-7f9b4578b000 r--p 0007c000 08:06 8130502                    /lib/x86_64-linux-gnu/libgcrypt.so.11.8.2
7f9b4578b000-7f9b4578e000 rw-p 0007d000 08:06 8130502                    /lib/x86_64-linux-gnu/libgcrypt.so.11.8.2
7f9b4578e000-7f9b45798000 r-xp 00000000 08:06 9707969                    /usr/lib/x86_64-linux-gnu/libkrb5support.so.0.1
7f9b45798000-7f9b45997000 ---p 0000a000 08:06 9707969                    /usr/lib/x86_64-linux-gnu/libkrb5support.so.0.1
7f9b45997000-7f9b45998000 r--p 00009000 08:06 9707969                    /usr/lib/x86_64-linux-gnu/libkrb5support.so.0.1
7f9b45998000-7f9b45999000 rw-p 0000a000 08:06 9707969                    /usr/lib/x86_64-linux-gnu/libkrb5support.so.0.1
7f9b45999000-7f9b4599c000 r-xp 00000000 08:06 8130472                    /lib/x86_64-linux-gnu/libcom_err.so.2.1
7f9b4599c000-7f9b45b9b000 ---p 00003000 08:06 8130472                    /lib/x86_64-linux-gnu/libcom_err.so.2.1
7f9b45b9b000-7f9b45b9c000 r--p 00002000 08:06 8130472                    /lib/x86_64-linux-gnu/libcom_err.so.2.1
7f9b45b9c000-7f9b45b9d000 rw-p 00003000 08:06 8130472                    /lib/x86_64-linux-gnu/libcom_err.so.2.1
7f9b45b9d000-7f9b45bc9000 r-xp 00000000 08:06 9707963                    /usr/lib/x86_64-linux-gnu/libk5crypto.so.3.1
7f9b45bc9000-7f9b45dc8000 ---p 0002c000 08:06 9707963                    /usr/lib/x86_64-linux-gnu/libk5crypto.so.3.1
7f9b45dc8000-7f9b45dca000 r--p 0002b000 08:06 9707963                    /usr/lib/x86_64-linux-gnu/libk5crypto.so.3.1
7f9b45dca000-7f9b45dcb000 rw-p 0002d000 08:06 9707963                    /usr/lib/x86_64-linux-gnu/libk5crypto.so.3.1
7f9b45dcb000-7f9b45dcc000 rw-p 00000000 00:00 0 
7f9b45dcc000-7f9b45e88000 r-xp 00000000 08:06 9707967                    /usr/lib/x86_64-linux-gnu/libkrb5.so.3.3
7f9b45e88000-7f9b46088000 ---p 000bc000 08:06 9707967                    /usr/lib/x86_64-linux-gnu/libkrb5.so.3.3
7f9b46088000-7f9b46095000 r--p 000bc000 08:06 9707967                    /usr/lib/x86_64-linux-gnu/libkrb5.so.3.3
7f9b46095000-7f9b46097000 rw-p 000c9000 08:06 9707967                    /usr/lib/x86_64-linux-gnu/libkrb5.so.3.3
7f9b46097000-7f9b4609c000 r-xp 00000000 08:06 9707370                    /usr/lib/x86_64-linux-gnu/libXdmcp.so.6.0.0
7f9b4609c000-7f9b4629b000 ---p 00005000 08:06 9707370                    /usr/lib/x86_64-linux-gnu/libXdmcp.so.6.0.0
7f9b4629b000-7f9b4629c000 r--p 00004000 08:06 9707370                    /usr/lib/x86_64-linux-gnu/libXdmcp.so.6.0.0
7f9b4629c000-7f9b4629d000 rw-p 00005000 08:06 9707370                    /usr/lib/x86_64-linux-gnu/libXdmcp.so.6.0.0
7f9b4629d000-7f9b4629f000 r-xp 00000000 08:06 9707359                    /usr/lib/x86_64-linux-gnu/libXau.so.6.0.0
7f9b4629f000-7f9b4649f000 ---p 00002000 08:06 9707359                    /usr/lib/x86_64-linux-gnu/libXau.so.6.0.0
7f9b4649f000-7f9b464a0000 r--p 00002000 08:06 9707359                    /usr/lib/x86_64-linux-gnu/libXau.so.6.0.0
7f9b464a0000-7f9b464a1000 rw-p 00003000 08:06 9707359                    /usr/lib/x86_64-linux-gnu/libXau.so.6.0.0
7f9b464a1000-7f9b464a8000 r-xp 00000000 08:06 9707641                    /usr/lib/x86_64-linux-gnu/libffi.so.6.0.1
7f9b464a8000-7f9b466a7000 ---p 00007000 08:06 9707641                    /usr/lib/x86_64-linux-gnu/libffi.so.6.0.1
7f9b466a7000-7f9b466a8000 r--p 00006000 08:06 9707641                    /usr/lib/x86_64-linux-gnu/libffi.so.6.0.1
7f9b466a8000-7f9b466a9000 rw-p 00007000 08:06 9707641                    /usr/lib/x86_64-linux-gnu/libffi.so.6.0.1
7f9b466a9000-7f9b466c0000 r-xp 00000000 08:06 8126469                    /lib/x86_64-linux-gnu/libresolv-2.19.so
7f9b466c0000-7f9b468c0000 ---p 00017000 08:06 8126469                    /lib/x86_64-linux-gnu/libresolv-2.19.so
7f9b468c0000-7f9b468c1000 r--p 00017000 08:06 8126469                    /lib/x86_64-linux-gnu/libresolv-2.19.so
7f9b468c1000-7f9b468c2000 rw-p 00018000 08:06 8126469                    /lib/x86_64-linux-gnu/libresolv-2.19.so
7f9b468c2000-7f9b468c4000 rw-p 00000000 00:00 0 
7f9b468c4000-7f9b468e4000 r-xp 00000000 08:06 8130625                    /lib/x86_64-linux-gnu/libselinux.so.1
7f9b468e4000-7f9b46ae3000 ---p 00020000 08:06 8130625                    /lib/x86_64-linux-gnu/libselinux.so.1
7f9b46ae3000-7f9b46ae4000 r--p 0001f000 08:06 8130625                    /lib/x86_64-linux-gnu/libselinux.so.1
7f9b46ae4000-7f9b46ae5000 rw-p 00020000 08:06 8130625                    /lib/x86_64-linux-gnu/libselinux.so.1
7f9b46ae5000-7f9b46ae7000 rw-p 00000000 00:00 0 
7f9b46ae7000-7f9b46bed000 r-xp 00000000 08:06 8130526                    /lib/x86_64-linux-gnu/libglib-2.0.so.0.4002.0
7f9b46bed000-7f9b46dec000 ---p 00106000 08:06 8130526                    /lib/x86_64-linux-gnu/libglib-2.0.so.0.4002.0
7f9b46dec000-7f9b46ded000 r--p 00105000 08:06 8130526                    /lib/x86_64-linux-gnu/libglib-2.0.so.0.4002.0
7f9b46ded000-7f9b46dee000 rw-p 00106000 08:06 8130526                    /lib/x86_64-linux-gnu/libglib-2.0.so.0.4002.0
7f9b46dee000-7f9b46def000 rw-p 00000000 00:00 0 
7f9b46def000-7f9b46df2000 r-xp 00000000 08:06 9707754                    /usr/lib/x86_64-linux-gnu/libgmodule-2.0.so.0.4002.0
7f9b46df2000-7f9b46ff1000 ---p 00003000 08:06 9707754                    /usr/lib/x86_64-linux-gnu/libgmodule-2.0.so.0.4002.0
7f9b46ff1000-7f9b46ff2000 r--p 00002000 08:06 9707754                    /usr/lib/x86_64-linux-gnu/libgmodule-2.0.so.0.4002.0
7f9b46ff2000-7f9b46ff3000 rw-p 00003000 08:06 9707754                    /usr/lib/x86_64-linux-gnu/libgmodule-2.0.so.0.4002.0
7f9b46ff3000-7f9b4701a000 r-xp 00000000 08:06 8131913                    /lib/x86_64-linux-gnu/libexpat.so.1.6.0
7f9b4701a000-7f9b4721a000 ---p 00027000 08:06 8131913                    /lib/x86_64-linux-gnu/libexpat.so.1.6.0
7f9b4721a000-7f9b4721c000 r--p 00027000 08:06 8131913                    /lib/x86_64-linux-gnu/libexpat.so.1.6.0
7f9b4721c000-7f9b4721d000 rw-p 00029000 08:06 8131913                    /lib/x86_64-linux-gnu/libexpat.so.1.6.0
7f9b4721d000-7f9b472ba000 r-xp 00000000 08:06 9699821                    /usr/lib/x86_64-linux-gnu/libfreetype.so.6.11.1
7f9b472ba000-7f9b474b9000 ---p 0009d000 08:06 9699821                    /usr/lib/x86_64-linux-gnu/libfreetype.so.6.11.1
7f9b474b9000-7f9b474bf000 r--p 0009c000 08:06 9699821                    /usr/lib/x86_64-linux-gnu/libfreetype.so.6.11.1
7f9b474bf000-7f9b474c0000 rw-p 000a2000 08:06 9699821                    /usr/lib/x86_64-linux-gnu/libfreetype.so.6.11.1
7f9b474c0000-7f9b474cf000 r-xp 00000000 08:06 9707463                    /usr/lib/x86_64-linux-gnu/libavahi-client.so.3.2.9
7f9b474cf000-7f9b476cf000 ---p 0000f000 08:06 9707463                    /usr/lib/x86_64-linux-gnu/libavahi-client.so.3.2.9
7f9b476cf000-7f9b476d0000 r--p 0000f000 08:06 9707463                    /usr/lib/x86_64-linux-gnu/libavahi-client.so.3.2.9
7f9b476d0000-7f9b476d1000 rw-p 00010000 08:06 9707463                    /usr/lib/x86_64-linux-gnu/libavahi-client.so.3.2.9
7f9b476d1000-7f9b476dc000 r-xp 00000000 08:06 9707465                    /usr/lib/x86_64-linux-gnu/libavahi-common.so.3.5.3
7f9b476dc000-7f9b478db000 ---p 0000b000 08:06 9707465                    /usr/lib/x86_64-linux-gnu/libavahi-common.so.3.5.3
7f9b478db000-7f9b478dc000 r--p 0000a000 08:06 9707465                    /usr/lib/x86_64-linux-gnu/libavahi-common.so.3.5.3
7f9b478dc000-7f9b478dd000 rw-p 0000b000 08:06 9707465                    /usr/lib/x86_64-linux-gnu/libavahi-common.so.3.5.3
7f9b478dd000-7f9b47993000 r-xp 00000000 08:06 9699378                    /usr/lib/x86_64-linux-gnu/libgnutls.so.26.22.6
7f9b47993000-7f9b47b93000 ---p 000b6000 08:06 9699378                    /usr/lib/x86_64-linux-gnu/libgnutls.so.26.22.6
7f9b47b93000-7f9b47b99000 r--p 000b6000 08:06 9699378                    /usr/lib/x86_64-linux-gnu/libgnutls.so.26.22.6
7f9b47b99000-7f9b47b9a000 rw-p 000bc000 08:06 9699378                    /usr/lib/x86_64-linux-gnu/libgnutls.so.26.22.6
7f9b47b9a000-7f9b47b9b000 rw-p 00000000 00:00 0 
7f9b47b9b000-7f9b47bde000 r-xp 00000000 08:06 9707797                    /usr/lib/x86_64-linux-gnu/libgssapi_krb5.so.2.2
7f9b47bde000-7f9b47dde000 ---p 00043000 08:06 9707797                    /usr/lib/x86_64-linux-gnu/libgssapi_krb5.so.2.2
7f9b47dde000-7f9b47ddf000 r--p 00043000 08:06 9707797                    /usr/lib/x86_64-linux-gnu/libgssapi_krb5.so.2.2
7f9b47ddf000-7f9b47de1000 rw-p 00044000 08:06 9707797                    /usr/lib/x86_64-linux-gnu/libgssapi_krb5.so.2.2
7f9b47de1000-7f9b47dfe000 r-xp 00000000 08:06 9708427                    /usr/lib/x86_64-linux-gnu/libxcb.so.1.1.0
7f9b47dfe000-7f9b47ffe000 ---p 0001d000 08:06 9708427                    /usr/lib/x86_64-linux-gnu/libxcb.so.1.1.0
7f9b47ffe000-7f9b47fff000 r--p 0001d000 08:06 9708427                    /usr/lib/x86_64-linux-gnu/libxcb.so.1.1.0
7f9b47fff000-7f9b48000000 rw-p 0001e000 08:06 9708427                    /usr/lib/x86_64-linux-gnu/libxcb.so.1.1.0
7f9b48000000-7f9b48021000 rw-p 00000000 00:00 0 
7f9b48021000-7f9b4c000000 ---p 00000000 00:00 0 
7f9b4c000000-7f9b4c001000 rw-p 00000000 00:00 0 
7f9b4c001000-7f9b4c002000 rw-s 00000000 00:04 305955                     /drm mm object (deleted)
7f9b4c002000-7f9b4c003000 rw-s 00000000 00:04 305957                     /drm mm object (deleted)
7f9b4c003000-7f9b4c00b000 rw-s 00000000 00:04 307223                     /drm mm object (deleted)
7f9b4c00b000-7f9b4c013000 rw-s 00000000 00:04 307219                     /drm mm object (deleted)
7f9b4c013000-7f9b4c014000 rwxp 00000000 00:00 0 
7f9b4c014000-7f9b4c015000 rw-s 00000000 00:04 306301                     /drm mm object (deleted)
7f9b4c015000-7f9b4c016000 rw-s 00000000 00:04 306293                     /drm mm object (deleted)
7f9b4c016000-7f9b4c017000 rw-s 00000000 00:04 306282                     /drm mm object (deleted)
7f9b4c017000-7f9b4c018000 rw-s 00000000 00:04 305930                     /drm mm object (deleted)
7f9b4c018000-7f9b4c019000 rw-s 00000000 00:04 305925                     /drm mm object (deleted)
7f9b4c019000-7f9b4c01a000 rw-s 00000000 00:04 307227                     /drm mm object (deleted)
7f9b4c01a000-7f9b4c01b000 rw-s 00000000 00:04 307220                     /drm mm object (deleted)
7f9b4c01b000-7f9b4c01c000 rw-s 00000000 00:04 306264                     /drm mm object (deleted)
7f9b4c01c000-7f9b4c024000 rw-s 00000000 00:04 305915                     /drm mm object (deleted)
7f9b4c024000-7f9b4c02c000 rw-s 00000000 00:04 305911                     /drm mm object (deleted)
7f9b4c02c000-7f9b4c031000 r--s 0004d000 08:06 1314162                    /usr/lib/jvm/java-7-openjdk-amd64/jre/lib/jsse.jar
7f9b4c031000-7f9b4c034000 ---p 00000000 00:00 0 
7f9b4c034000-7f9b4c132000 rw-p 00000000 00:00 0                          [stack:17240]
7f9b4c132000-7f9b4c13c000 r--s 000ae000 08:06 1314158                    /usr/lib/jvm/java-7-openjdk-amd64/jre/lib/resources.jar
7f9b4c13c000-7f9b4c16d000 rw-p 00000000 00:00 0 
7f9b4c16d000-7f9b4c173000 r--s 00033000 08:06 8394806                    /home/zax/workspace/UCSDUnfoldingMaps/lib/unfolding.0.9.7-uscd.jar
7f9b4c173000-7f9b4c196000 r--s 002ec000 08:06 8394800                    /home/zax/workspace/UCSDUnfoldingMaps/lib/jogl-all.jar
7f9b4c196000-7f9b4c1e5000 r-xp 00000000 08:06 9707770                    /usr/lib/x86_64-linux-gnu/libgobject-2.0.so.0.4002.0
7f9b4c1e5000-7f9b4c3e5000 ---p 0004f000 08:06 9707770                    /usr/lib/x86_64-linux-gnu/libgobject-2.0.so.0.4002.0
7f9b4c3e5000-7f9b4c3e6000 r--p 0004f000 08:06 9707770                    /usr/lib/x86_64-linux-gnu/libgobject-2.0.so.0.4002.0
7f9b4c3e6000-7f9b4c3e7000 rw-p 00050000 08:06 9707770                    /usr/lib/x86_64-linux-gnu/libgobject-2.0.so.0.4002.0
7f9b4c3e7000-7f9b4c553000 r-xp 00000000 08:06 9707742                    /usr/lib/x86_64-linux-gnu/libgio-2.0.so.0.4002.0
7f9b4c553000-7f9b4c752000 ---p 0016c000 08:06 9707742                    /usr/lib/x86_64-linux-gnu/libgio-2.0.so.0.4002.0
7f9b4c752000-7f9b4c756000 r--p 0016b000 08:06 9707742                    /usr/lib/x86_64-linux-gnu/libgio-2.0.so.0.4002.0
7f9b4c756000-7f9b4c758000 rw-p 0016f000 08:06 9707742                    /usr/lib/x86_64-linux-gnu/libgio-2.0.so.0.4002.0
7f9b4c758000-7f9b4c75a000 rw-p 00000000 00:00 0 
7f9b4c75a000-7f9b4c794000 r-xp 00000000 08:06 9707655                    /usr/lib/x86_64-linux-gnu/libfontconfig.so.1.8.0
7f9b4c794000-7f9b4c993000 ---p 0003a000 08:06 9707655                    /usr/lib/x86_64-linux-gnu/libfontconfig.so.1.8.0
7f9b4c993000-7f9b4c995000 r--p 00039000 08:06 9707655                    /usr/lib/x86_64-linux-gnu/libfontconfig.so.1.8.0
7f9b4c995000-7f9b4c996000 rw-p 0003b000 08:06 9707655                    /usr/lib/x86_64-linux-gnu/libfontconfig.so.1.8.0
7f9b4c996000-7f9b4ca02000 r-xp 00000000 08:06 9699450                    /usr/lib/x86_64-linux-gnu/libcups.so.2
7f9b4ca02000-7f9b4cc02000 ---p 0006c000 08:06 9699450                    /usr/lib/x86_64-linux-gnu/libcups.so.2
7f9b4cc02000-7f9b4cc09000 r--p 0006c000 08:06 9699450                    /usr/lib/x86_64-linux-gnu/libcups.so.2
7f9b4cc09000-7f9b4cc0a000 rw-p 00073000 08:06 9699450                    /usr/lib/x86_64-linux-gnu/libcups.so.2
7f9b4cc0a000-7f9b4cc19000 r-xp 00000000 08:06 9703061                    /usr/lib/x86_64-linux-gnu/libXi.so.6.1.0
7f9b4cc19000-7f9b4ce18000 ---p 0000f000 08:06 9703061                    /usr/lib/x86_64-linux-gnu/libXi.so.6.1.0
7f9b4ce18000-7f9b4ce19000 r--p 0000e000 08:06 9703061                    /usr/lib/x86_64-linux-gnu/libXi.so.6.1.0
7f9b4ce19000-7f9b4ce1a000 rw-p 0000f000 08:06 9703061                    /usr/lib/x86_64-linux-gnu/libXi.so.6.1.0
7f9b4ce1a000-7f9b4ce1f000 r-xp 00000000 08:06 9707400                    /usr/lib/x86_64-linux-gnu/libXtst.so.6.1.0
7f9b4ce1f000-7f9b4d01e000 ---p 00005000 08:06 9707400                    /usr/lib/x86_64-linux-gnu/libXtst.so.6.1.0
7f9b4d01e000-7f9b4d01f000 r--p 00004000 08:06 9707400                    /usr/lib/x86_64-linux-gnu/libXtst.so.6.1.0
7f9b4d01f000-7f9b4d020000 rw-p 00005000 08:06 9707400                    /usr/lib/x86_64-linux-gnu/libXtst.so.6.1.0
7f9b4d020000-7f9b4d029000 r-xp 00000000 08:06 9703063                    /usr/lib/x86_64-linux-gnu/libXrender.so.1.3.0
7f9b4d029000-7f9b4d228000 ---p 00009000 08:06 9703063                    /usr/lib/x86_64-linux-gnu/libXrender.so.1.3.0
7f9b4d228000-7f9b4d229000 r--p 00008000 08:06 9703063                    /usr/lib/x86_64-linux-gnu/libXrender.so.1.3.0
7f9b4d229000-7f9b4d22a000 rw-p 00009000 08:06 9703063                    /usr/lib/x86_64-linux-gnu/libXrender.so.1.3.0
7f9b4d22a000-7f9b4d35a000 r-xp 00000000 08:06 9707355                    /usr/lib/x86_64-linux-gnu/libX11.so.6.3.0
7f9b4d35a000-7f9b4d55a000 ---p 00130000 08:06 9707355                    /usr/lib/x86_64-linux-gnu/libX11.so.6.3.0
7f9b4d55a000-7f9b4d55b000 r--p 00130000 08:06 9707355                    /usr/lib/x86_64-linux-gnu/libX11.so.6.3.0
7f9b4d55b000-7f9b4d55f000 rw-p 00131000 08:06 9707355                    /usr/lib/x86_64-linux-gnu/libX11.so.6.3.0
7f9b4d55f000-7f9b4d570000 r-xp 00000000 08:06 9700536                    /usr/lib/x86_64-linux-gnu/libXext.so.6.4.0
7f9b4d570000-7f9b4d76f000 ---p 00011000 08:06 9700536                    /usr/lib/x86_64-linux-gnu/libXext.so.6.4.0
7f9b4d76f000-7f9b4d770000 r--p 00010000 08:06 9700536                    /usr/lib/x86_64-linux-gnu/libXext.so.6.4.0
7f9b4d770000-7f9b4d771000 rw-p 00011000 08:06 9700536                    /usr/lib/x86_64-linux-gnu/libXext.so.6.4.0
7f9b4d771000-7f9b4d772000 rw-s 00000000 00:04 305912                     /drm mm object (deleted)
7f9b4d772000-7f9b4d774000 r--s 00000000 08:06 8394792                    /home/zax/workspace/UCSDUnfoldingMaps/lib/gluegen-rt-natives-linux-amd64.jar
7f9b4d774000-7f9b4d779000 r--s 00309000 08:06 8394789                    /home/zax/workspace/UCSDUnfoldingMaps/lib/sqlite-jdbc-3.7.2.jar
7f9b4d779000-7f9b4d780000 r--s 00059000 08:06 8394793                    /home/zax/workspace/UCSDUnfoldingMaps/lib/log4j-1.2.15.jar
7f9b4d780000-7f9b4d786000 r--s 00041000 08:06 8394804                    /home/zax/workspace/UCSDUnfoldingMaps/lib/gluegen-rt.jar
7f9b4d786000-7f9b4d7ce000 r-xp 00000000 08:06 1705841                    /usr/lib/jvm/java-7-openjdk-amd64/jre/lib/amd64/xawt/libmawt.so
7f9b4d7ce000-7f9b4d9cd000 ---p 00048000 08:06 1705841                    /usr/lib/jvm/java-7-openjdk-amd64/jre/lib/amd64/xawt/libmawt.so
7f9b4d9cd000-7f9b4d9ce000 r--p 00047000 08:06 1705841                    /usr/lib/jvm/java-7-openjdk-amd64/jre/lib/amd64/xawt/libmawt.so
7f9b4d9ce000-7f9b4d9d1000 rw-p 00048000 08:06 1705841                    /usr/lib/jvm/java-7-openjdk-amd64/jre/lib/amd64/xawt/libmawt.so
7f9b4d9d1000-7f9b4d9d2000 rw-p 00000000 00:00 0 
7f9b4d9d2000-7f9b4da72000 r-xp 00000000 08:06 1705742                    /usr/lib/jvm/java-7-openjdk-amd64/jre/lib/amd64/libawt.so
7f9b4da72000-7f9b4dc72000 ---p 000a0000 08:06 1705742                    /usr/lib/jvm/java-7-openjdk-amd64/jre/lib/amd64/libawt.so
7f9b4dc72000-7f9b4dc73000 r--p 000a0000 08:06 1705742                    /usr/lib/jvm/java-7-openjdk-amd64/jre/lib/amd64/libawt.so
7f9b4dc73000-7f9b4dc7e000 rw-p 000a1000 08:06 1705742                    /usr/lib/jvm/java-7-openjdk-amd64/jre/lib/amd64/libawt.so
7f9b4dc7e000-7f9b4dca3000 rw-p 00000000 00:00 0 
7f9b4dca3000-7f9b4dca4000 ---p 00000000 00:00 0 
7f9b4dca4000-7f9b4dda4000 rw-p 00000000 00:00 0                          [stack:17239]
7f9b4dda4000-7f9b4dda7000 ---p 00000000 00:00 0 
7f9b4dda7000-7f9b4dea5000 rw-p 00000000 00:00 0                          [stack:17238]
7f9b4dea5000-7f9b4dea8000 ---p 00000000 00:00 0 
7f9b4dea8000-7f9b4dfa6000 rw-p 00000000 00:00 0                          [stack:17237]
7f9b4dfa6000-7f9b4dfa9000 ---p 00000000 00:00 0 
7f9b4dfa9000-7f9b4e0a7000 rw-p 00000000 00:00 0                          [stack:17236]
7f9b4e0a7000-7f9b4e0aa000 ---p 00000000 00:00 0 
7f9b4e0aa000-7f9b4e1a8000 rw-p 00000000 00:00 0                          [stack:17235]
7f9b4e1a8000-7f9b4e88a000 r--p 00000000 08:06 9706356                    /usr/lib/locale/locale-archive
7f9b4e88a000-7f9b4e88d000 ---p 00000000 00:00 0 
7f9b4e88d000-7f9b4e98b000 rw-p 00000000 00:00 0                          [stack:17234]
7f9b4e98b000-7f9b4e98e000 ---p 00000000 00:00 0 
7f9b4e98e000-7f9b4ea8c000 rw-p 00000000 00:00 0                          [stack:17233]
7f9b4ea8c000-7f9b4ea8d000 ---p 00000000 00:00 0 
7f9b4ea8d000-7f9b4fa1f000 rw-p 00000000 00:00 0                          [stack:17232]
7f9b4fa1f000-7f9b4fbd0000 r--s 01d29000 08:06 1314155                    /usr/lib/jvm/java-7-openjdk-amd64/jre/lib/rt.jar
7f9b4fbd0000-7f9b50000000 rw-p 00000000 00:00 0 
7f9b50000000-7f9b50021000 rw-p 00000000 00:00 0 
7f9b50021000-7f9b54000000 ---p 00000000 00:00 0 
7f9b54000000-7f9b54001000 r--s 0002f000 08:06 8394805                    /home/zax/workspace/UCSDUnfoldingMaps/lib/jogl-all-natives-linux-amd64.jar
7f9b54001000-7f9b54002000 r--p 00000000 00:00 0 
7f9b54002000-7f9b54003000 r--s 00005000 08:06 8394802                    /home/zax/workspace/UCSDUnfoldingMaps/lib/libTUIO.jar
7f9b54003000-7f9b54004000 r--s 00007000 08:06 8394794                    /home/zax/workspace/UCSDUnfoldingMaps/lib/json4processing.jar
7f9b54004000-7f9b54008000 r--s 0009a000 08:06 8394798                    /home/zax/workspace/UCSDUnfoldingMaps/lib/core.jar
7f9b54008000-7f9b54223000 rw-p 00000000 00:00 0 
7f9b54223000-7f9b54224000 ---p 00000000 00:00 0 
7f9b54224000-7f9b54324000 rw-p 00000000 00:00 0                          [stack:17231]
7f9b54324000-7f9b54325000 ---p 00000000 00:00 0 
7f9b54325000-7f9b54425000 rw-p 00000000 00:00 0                          [stack:17230]
7f9b54425000-7f9b54426000 ---p 00000000 00:00 0 
7f9b54426000-7f9b5454f000 rw-p 00000000 00:00 0                          [stack:17229]
7f9b5454f000-7f9b547ba000 rw-p 00000000 00:00 0 
7f9b547ba000-7f9b547c5000 rw-p 00000000 00:00 0 
7f9b547c5000-7f9b5480d000 rw-p 00000000 00:00 0 
7f9b5480d000-7f9b54836000 rw-p 00000000 00:00 0 
7f9b54836000-7f9b54aa0000 rw-p 00000000 00:00 0 
7f9b54aa0000-7f9b54ae5000 rw-p 00000000 00:00 0 
7f9b54ae5000-7f9b54bea000 rw-p 00000000 00:00 0 
7f9b54bea000-7f9b54beb000 rw-p 00000000 00:00 0 
7f9b54beb000-7f9b54e5b000 rwxp 00000000 00:00 0 
7f9b54e5b000-7f9b57beb000 rw-p 00000000 00:00 0 
7f9b57beb000-7f9b57bf3000 r-xp 00000000 08:06 1705727                    /usr/lib/jvm/java-7-openjdk-amd64/jre/lib/amd64/libzip.so
7f9b57bf3000-7f9b57df2000 ---p 00008000 08:06 1705727                    /usr/lib/jvm/java-7-openjdk-amd64/jre/lib/amd64/libzip.so
7f9b57df2000-7f9b57df3000 r--p 00007000 08:06 1705727                    /usr/lib/jvm/java-7-openjdk-amd64/jre/lib/amd64/libzip.so
7f9b57df3000-7f9b57df4000 rw-p 00008000 08:06 1705727                    /usr/lib/jvm/java-7-openjdk-amd64/jre/lib/amd64/libzip.so
7f9b57df4000-7f9b57dff000 r-xp 00000000 08:06 8126483                    /lib/x86_64-linux-gnu/libnss_files-2.19.so
7f9b57dff000-7f9b57ffe000 ---p 0000b000 08:06 8126483                    /lib/x86_64-linux-gnu/libnss_files-2.19.so
7f9b57ffe000-7f9b57fff000 r--p 0000a000 08:06 8126483                    /lib/x86_64-linux-gnu/libnss_files-2.19.so
7f9b57fff000-7f9b58000000 rw-p 0000b000 08:06 8126483                    /lib/x86_64-linux-gnu/libnss_files-2.19.so
7f9b58000000-7f9b58286000 rw-p 00000000 00:00 0 
7f9b58286000-7f9b5c000000 ---p 00000000 00:00 0 
7f9b5c000000-7f9b5c004000 r--s 0003c000 08:06 1578537                    /usr/lib/jvm/java-7-openjdk-amd64/jre/lib/ext/sunpkcs11.jar
7f9b5c004000-7f9b5c008000 r--s 00085000 08:06 1578534                    /usr/lib/jvm/java-7-openjdk-amd64/jre/lib/ext/localedata.jar
7f9b5c008000-7f9b5c05a000 rw-p 00000000 00:00 0 
7f9b5c05a000-7f9b5c05b000 ---p 00000000 00:00 0 
7f9b5c05b000-7f9b5c166000 rw-p 00000000 00:00 0                          [stack:17228]
7f9b5c166000-7f9b5c1ae000 rw-p 00000000 00:00 0 
7f9b5c1ae000-7f9b5c1b9000 r-xp 00000000 08:06 8130425                    /lib/x86_64-linux-gnu/libnss_nis-2.19.so
7f9b5c1b9000-7f9b5c3b8000 ---p 0000b000 08:06 8130425                    /lib/x86_64-linux-gnu/libnss_nis-2.19.so
7f9b5c3b8000-7f9b5c3b9000 r--p 0000a000 08:06 8130425                    /lib/x86_64-linux-gnu/libnss_nis-2.19.so
7f9b5c3b9000-7f9b5c3ba000 rw-p 0000b000 08:06 8130425                    /lib/x86_64-linux-gnu/libnss_nis-2.19.so
7f9b5c3ba000-7f9b5c3d1000 r-xp 00000000 08:06 8126558                    /lib/x86_64-linux-gnu/libnsl-2.19.so
7f9b5c3d1000-7f9b5c5d0000 ---p 00017000 08:06 8126558                    /lib/x86_64-linux-gnu/libnsl-2.19.so
7f9b5c5d0000-7f9b5c5d1000 r--p 00016000 08:06 8126558                    /lib/x86_64-linux-gnu/libnsl-2.19.so
7f9b5c5d1000-7f9b5c5d2000 rw-p 00017000 08:06 8126558                    /lib/x86_64-linux-gnu/libnsl-2.19.so
7f9b5c5d2000-7f9b5c5d4000 rw-p 00000000 00:00 0 
7f9b5c5d4000-7f9b5c5dd000 r-xp 00000000 08:06 8126557                    /lib/x86_64-linux-gnu/libnss_compat-2.19.so
7f9b5c5dd000-7f9b5c7dc000 ---p 00009000 08:06 8126557                    /lib/x86_64-linux-gnu/libnss_compat-2.19.so
7f9b5c7dc000-7f9b5c7dd000 r--p 00008000 08:06 8126557                    /lib/x86_64-linux-gnu/libnss_compat-2.19.so
7f9b5c7dd000-7f9b5c7de000 rw-p 00009000 08:06 8126557                    /lib/x86_64-linux-gnu/libnss_compat-2.19.so
7f9b5c7de000-7f9b5c809000 r-xp 00000000 08:06 1705764                    /usr/lib/jvm/java-7-openjdk-amd64/jre/lib/amd64/libjava.so
7f9b5c809000-7f9b5ca08000 ---p 0002b000 08:06 1705764                    /usr/lib/jvm/java-7-openjdk-amd64/jre/lib/amd64/libjava.so
7f9b5ca08000-7f9b5ca09000 r--p 0002a000 08:06 1705764                    /usr/lib/jvm/java-7-openjdk-amd64/jre/lib/amd64/libjava.so
7f9b5ca09000-7f9b5ca0b000 rw-p 0002b000 08:06 1705764                    /usr/lib/jvm/java-7-openjdk-amd64/jre/lib/amd64/libjava.so
7f9b5ca0b000-7f9b5ca1b000 r-xp 00000000 08:06 1705745                    /usr/lib/jvm/java-7-openjdk-amd64/jre/lib/amd64/libverify.so
7f9b5ca1b000-7f9b5cc1a000 ---p 00010000 08:06 1705745                    /usr/lib/jvm/java-7-openjdk-amd64/jre/lib/amd64/libverify.so
7f9b5cc1a000-7f9b5cc1c000 r--p 0000f000 08:06 1705745                    /usr/lib/jvm/java-7-openjdk-amd64/jre/lib/amd64/libverify.so
7f9b5cc1c000-7f9b5cc1d000 rw-p 00011000 08:06 1705745                    /usr/lib/jvm/java-7-openjdk-amd64/jre/lib/amd64/libverify.so
7f9b5cc1d000-7f9b5cc24000 r-xp 00000000 08:06 8126566                    /lib/x86_64-linux-gnu/librt-2.19.so
7f9b5cc24000-7f9b5ce23000 ---p 00007000 08:06 8126566                    /lib/x86_64-linux-gnu/librt-2.19.so
7f9b5ce23000-7f9b5ce24000 r--p 00006000 08:06 8126566                    /lib/x86_64-linux-gnu/librt-2.19.so
7f9b5ce24000-7f9b5ce25000 rw-p 00007000 08:06 8126566                    /lib/x86_64-linux-gnu/librt-2.19.so
7f9b5ce25000-7f9b5ce3b000 r-xp 00000000 08:06 8130522                    /lib/x86_64-linux-gnu/libgcc_s.so.1
7f9b5ce3b000-7f9b5d03a000 ---p 00016000 08:06 8130522                    /lib/x86_64-linux-gnu/libgcc_s.so.1
7f9b5d03a000-7f9b5d03b000 rw-p 00015000 08:06 8130522                    /lib/x86_64-linux-gnu/libgcc_s.so.1
7f9b5d03b000-7f9b5d140000 r-xp 00000000 08:06 8126479                    /lib/x86_64-linux-gnu/libm-2.19.so
7f9b5d140000-7f9b5d33f000 ---p 00105000 08:06 8126479                    /lib/x86_64-linux-gnu/libm-2.19.so
7f9b5d33f000-7f9b5d340000 r--p 00104000 08:06 8126479                    /lib/x86_64-linux-gnu/libm-2.19.so
7f9b5d340000-7f9b5d341000 rw-p 00105000 08:06 8126479                    /lib/x86_64-linux-gnu/libm-2.19.so
7f9b5d341000-7f9b5d427000 r-xp 00000000 08:06 9701555                    /usr/lib/x86_64-linux-gnu/libstdc++.so.6.0.19
7f9b5d427000-7f9b5d626000 ---p 000e6000 08:06 9701555                    /usr/lib/x86_64-linux-gnu/libstdc++.so.6.0.19
7f9b5d626000-7f9b5d62e000 r--p 000e5000 08:06 9701555                    /usr/lib/x86_64-linux-gnu/libstdc++.so.6.0.19
7f9b5d62e000-7f9b5d630000 rw-p 000ed000 08:06 9701555                    /usr/lib/x86_64-linux-gnu/libstdc++.so.6.0.19
7f9b5d630000-7f9b5d645000 rw-p 00000000 00:00 0 
7f9b5d645000-7f9b5e15e000 r-xp 00000000 08:06 1705733                    /usr/lib/jvm/java-7-openjdk-amd64/jre/lib/amd64/server/libjvm.so
7f9b5e15e000-7f9b5e35e000 ---p 00b19000 08:06 1705733                    /usr/lib/jvm/java-7-openjdk-amd64/jre/lib/amd64/server/libjvm.so
7f9b5e35e000-7f9b5e3f8000 r--p 00b19000 08:06 1705733                    /usr/lib/jvm/java-7-openjdk-amd64/jre/lib/amd64/server/libjvm.so
7f9b5e3f8000-7f9b5e41b000 rw-p 00bb3000 08:06 1705733                    /usr/lib/jvm/java-7-openjdk-amd64/jre/lib/amd64/server/libjvm.so
7f9b5e41b000-7f9b5e449000 rw-p 00000000 00:00 0 
7f9b5e449000-7f9b5e461000 r-xp 00000000 08:06 8130658                    /lib/x86_64-linux-gnu/libz.so.1.2.8
7f9b5e461000-7f9b5e660000 ---p 00018000 08:06 8130658                    /lib/x86_64-linux-gnu/libz.so.1.2.8
7f9b5e660000-7f9b5e661000 r--p 00017000 08:06 8130658                    /lib/x86_64-linux-gnu/libz.so.1.2.8
7f9b5e661000-7f9b5e662000 rw-p 00018000 08:06 8130658                    /lib/x86_64-linux-gnu/libz.so.1.2.8
7f9b5e662000-7f9b5e67b000 r-xp 00000000 08:06 8126564                    /lib/x86_64-linux-gnu/libpthread-2.19.so
7f9b5e67b000-7f9b5e87a000 ---p 00019000 08:06 8126564                    /lib/x86_64-linux-gnu/libpthread-2.19.so
7f9b5e87a000-7f9b5e87b000 r--p 00018000 08:06 8126564                    /lib/x86_64-linux-gnu/libpthread-2.19.so
7f9b5e87b000-7f9b5e87c000 rw-p 00019000 08:06 8126564                    /lib/x86_64-linux-gnu/libpthread-2.19.so
7f9b5e87c000-7f9b5e880000 rw-p 00000000 00:00 0 
7f9b5e880000-7f9b5e883000 r-xp 00000000 08:06 8126494                    /lib/x86_64-linux-gnu/libdl-2.19.so
7f9b5e883000-7f9b5ea82000 ---p 00003000 08:06 8126494                    /lib/x86_64-linux-gnu/libdl-2.19.so
7f9b5ea82000-7f9b5ea83000 r--p 00002000 08:06 8126494                    /lib/x86_64-linux-gnu/libdl-2.19.so
7f9b5ea83000-7f9b5ea84000 rw-p 00003000 08:06 8126494                    /lib/x86_64-linux-gnu/libdl-2.19.so
7f9b5ea84000-7f9b5ec3f000 r-xp 00000000 08:06 8126563                    /lib/x86_64-linux-gnu/libc-2.19.so
7f9b5ec3f000-7f9b5ee3e000 ---p 001bb000 08:06 8126563                    /lib/x86_64-linux-gnu/libc-2.19.so
7f9b5ee3e000-7f9b5ee42000 r--p 001ba000 08:06 8126563                    /lib/x86_64-linux-gnu/libc-2.19.so
7f9b5ee42000-7f9b5ee44000 rw-p 001be000 08:06 8126563                    /lib/x86_64-linux-gnu/libc-2.19.so
7f9b5ee44000-7f9b5ee49000 rw-p 00000000 00:00 0 
7f9b5ee49000-7f9b5ee56000 r-xp 00000000 08:06 1705730                    /usr/lib/jvm/java-7-openjdk-amd64/jre/lib/amd64/jli/libjli.so
7f9b5ee56000-7f9b5f055000 ---p 0000d000 08:06 1705730                    /usr/lib/jvm/java-7-openjdk-amd64/jre/lib/amd64/jli/libjli.so
7f9b5f055000-7f9b5f056000 r--p 0000c000 08:06 1705730                    /usr/lib/jvm/java-7-openjdk-amd64/jre/lib/amd64/jli/libjli.so
7f9b5f056000-7f9b5f057000 rw-p 0000d000 08:06 1705730                    /usr/lib/jvm/java-7-openjdk-amd64/jre/lib/amd64/jli/libjli.so
7f9b5f057000-7f9b5f07a000 r-xp 00000000 08:06 8126560                    /lib/x86_64-linux-gnu/ld-2.19.so
7f9b5f07a000-7f9b5f07b000 r--s 00002000 08:06 1578535                    /usr/lib/jvm/java-7-openjdk-amd64/jre/lib/ext/dnsns.jar
7f9b5f07b000-7f9b5f0a6000 rw-p 00000000 00:00 0 
7f9b5f0a6000-7f9b5f15c000 rw-p 00000000 00:00 0 
7f9b5f15c000-7f9b5f15f000 ---p 00000000 00:00 0 
7f9b5f15f000-7f9b5f262000 rw-p 00000000 00:00 0                          [stack:17221]
7f9b5f262000-7f9b5f265000 r--s 0000f000 08:06 1578538                    /usr/lib/jvm/java-7-openjdk-amd64/jre/lib/ext/icedtea-sound.jar
7f9b5f265000-7f9b5f267000 r--s 00012000 08:06 1578539                    /usr/lib/jvm/java-7-openjdk-amd64/jre/lib/ext/zipfs.jar
7f9b5f267000-7f9b5f26b000 r--s 00034000 08:06 1578536                    /usr/lib/jvm/java-7-openjdk-amd64/jre/lib/ext/sunjce_provider.jar
7f9b5f26b000-7f9b5f26d000 r--s 00006000 08:06 10103544                   /usr/share/java/java-atk-wrapper.jar
7f9b5f26d000-7f9b5f275000 rw-s 00000000 08:06 4325424                    /tmp/hsperfdata_zax/17219
7f9b5f275000-7f9b5f276000 rw-p 00000000 00:00 0 
7f9b5f276000-7f9b5f277000 r--p 00000000 00:00 0 
7f9b5f277000-7f9b5f279000 rw-p 00000000 00:00 0 
7f9b5f279000-7f9b5f27a000 r--p 00022000 08:06 8126560                    /lib/x86_64-linux-gnu/ld-2.19.so
7f9b5f27a000-7f9b5f27b000 rw-p 00023000 08:06 8126560                    /lib/x86_64-linux-gnu/ld-2.19.so
7f9b5f27b000-7f9b5f27c000 rw-p 00000000 00:00 0 
7ffdf77ea000-7ffdf780b000 rw-p 00000000 00:00 0                          [stack]
7ffdf79b7000-7ffdf79b9000 r-xp 00000000 00:00 0                          [vdso]
7ffdf79b9000-7ffdf79bb000 r--p 00000000 00:00 0                          [vvar]
ffffffffff600000-ffffffffff601000 r-xp 00000000 00:00 0                  [vsyscall]

VM Arguments:
jvm_args: -Djava.security.policy=java.policy.applet -Dfile.encoding=UTF-8 
java_command: sun.applet.AppletViewer module3.EarthquakeCityMap1443395655218.html
Launcher Type: SUN_STANDARD

Environment Variables:
PATH=/home/zax/.rvm/gems/ruby-2.2.1/bin:/home/zax/.rvm/gems/ruby-2.2.1@global/bin:/home/zax/.rvm/rubies/ruby-2.2.1/bin:/usr/local/sbin:/usr/local/bin:/usr/sbin:/usr/bin:/sbin:/bin:/usr/games:/usr/local/games:/home/zax/.rvm/bin
SHELL=/bin/bash
DISPLAY=:0.0

Signal Handlers:
SIGSEGV: [libjvm.so+0x94bab0], sa_mask[0]=0x7ffbfeff, sa_flags=0x10000004
SIGBUS: [libjvm.so+0x94bab0], sa_mask[0]=0x7ffbfeff, sa_flags=0x10000004
SIGFPE: [libjvm.so+0x7c38b0], sa_mask[0]=0x7ffbfeff, sa_flags=0x10000004
SIGPIPE: [libjvm.so+0x7c38b0], sa_mask[0]=0x7ffbfeff, sa_flags=0x10000004
SIGXFSZ: [libjvm.so+0x7c38b0], sa_mask[0]=0x7ffbfeff, sa_flags=0x10000004
SIGILL: [libjvm.so+0x7c38b0], sa_mask[0]=0x7ffbfeff, sa_flags=0x10000004
SIGUSR1: SIG_DFL, sa_mask[0]=0x00000000, sa_flags=0x00000000
SIGUSR2: [libjvm.so+0x7c3750], sa_mask[0]=0x00000004, sa_flags=0x10000004
SIGHUP: [libjvm.so+0x7c3930], sa_mask[0]=0x7ffbfeff, sa_flags=0x10000004
SIGINT: [libjvm.so+0x7c3930], sa_mask[0]=0x7ffbfeff, sa_flags=0x10000004
SIGTERM: [libjvm.so+0x7c3930], sa_mask[0]=0x7ffbfeff, sa_flags=0x10000004
SIGQUIT: [libjvm.so+0x7c3930], sa_mask[0]=0x7ffbfeff, sa_flags=0x10000004
SIGTRAP: SIG_DFL, sa_mask[0]=0x00000000, sa_flags=0x00000000


---------------  S Y S T E M  ---------------

OS:Ubuntu 14.04 (trusty)
uname:Linux 3.16.0-49-generic #65~14.04.1-Ubuntu SMP Wed Sep 9 10:03:23 UTC 2015 x86_64
libc:glibc 2.19 NPTL 2.19 
rlimit: STACK 8192k, CORE 0k, NPROC 31248, NOFILE 4096, AS infinity
load average:0.51 0.46 0.38

/proc/meminfo:
MemTotal:        8098904 kB
MemFree:         2018852 kB
MemAvailable:    4721508 kB
Buffers:          362172 kB
Cached:          3026244 kB
SwapCached:            0 kB
Active:          4390148 kB
Inactive:        1289292 kB
Active(anon):    2297336 kB
Inactive(anon):   664684 kB
Active(file):    2092812 kB
Inactive(file):   624608 kB
Unevictable:          32 kB
Mlocked:              32 kB
SwapTotal:       8310780 kB
SwapFree:        8310780 kB
Dirty:               184 kB
Writeback:             0 kB
AnonPages:       2291172 kB
Mapped:           428424 kB
Shmem:            671000 kB
Slab:             274572 kB
SReclaimable:     238640 kB
SUnreclaim:        35932 kB
KernelStack:        8992 kB
PageTables:        32040 kB
NFS_Unstable:          0 kB
Bounce:                0 kB
WritebackTmp:          0 kB
CommitLimit:    12360232 kB
Committed_AS:    6995644 kB
VmallocTotal:   34359738367 kB
VmallocUsed:      558624 kB
VmallocChunk:   34359094256 kB
HardwareCorrupted:     0 kB
AnonHugePages:    868352 kB
HugePages_Total:       0
HugePages_Free:        0
HugePages_Rsvd:        0
HugePages_Surp:        0
Hugepagesize:       2048 kB
DirectMap4k:       60160 kB
DirectMap2M:     3008512 kB
DirectMap1G:     5242880 kB


CPU:total 4 (2 cores per cpu, 2 threads per core) family 6 model 69 stepping 1, cmov, cx8, fxsr, mmx, sse, sse2, sse3, ssse3, sse4.1, sse4.2, popcnt, avx, avx2, aes, erms, ht, tsc, tscinvbit

/proc/cpuinfo:
processor	: 0
vendor_id	: GenuineIntel
cpu family	: 6
model		: 69
model name	: Intel(R) Core(TM) i5-4210U CPU @ 1.70GHz
stepping	: 1
microcode	: 0x1c
cpu MHz		: 2524.500
cache size	: 3072 KB
physical id	: 0
siblings	: 4
core id		: 0
cpu cores	: 2
apicid		: 0
initial apicid	: 0
fpu		: yes
fpu_exception	: yes
cpuid level	: 13
wp		: yes
flags		: fpu vme de pse tsc msr pae mce cx8 apic sep mtrr pge mca cmov pat pse36 clflush dts acpi mmx fxsr sse sse2 ss ht tm pbe syscall nx pdpe1gb rdtscp lm constant_tsc arch_perfmon pebs bts rep_good nopl xtopology nonstop_tsc aperfmperf eagerfpu pni pclmulqdq dtes64 monitor ds_cpl vmx est tm2 ssse3 fma cx16 xtpr pdcm pcid sse4_1 sse4_2 movbe popcnt tsc_deadline_timer aes xsave avx f16c rdrand lahf_lm abm ida arat epb xsaveopt pln pts dtherm tpr_shadow vnmi flexpriority ept vpid fsgsbase tsc_adjust bmi1 avx2 smep bmi2 erms invpcid
bogomips	: 4788.91
clflush size	: 64
cache_alignment	: 64
address sizes	: 39 bits physical, 48 bits virtual
power management:

processor	: 1
vendor_id	: GenuineIntel
cpu family	: 6
model		: 69
model name	: Intel(R) Core(TM) i5-4210U CPU @ 1.70GHz
stepping	: 1
microcode	: 0x1c
cpu MHz		: 2557.875
cache size	: 3072 KB
physical id	: 0
siblings	: 4
core id		: 0
cpu cores	: 2
apicid		: 1
initial apicid	: 1
fpu		: yes
fpu_exception	: yes
cpuid level	: 13
wp		: yes
flags		: fpu vme de pse tsc msr pae mce cx8 apic sep mtrr pge mca cmov pat pse36 clflush dts acpi mmx fxsr sse sse2 ss ht tm pbe syscall nx pdpe1gb rdtscp lm constant_tsc arch_perfmon pebs bts rep_good nopl xtopology nonstop_tsc aperfmperf eagerfpu pni pclmulqdq dtes64 monitor ds_cpl vmx est tm2 ssse3 fma cx16 xtpr pdcm pcid sse4_1 sse4_2 movbe popcnt tsc_deadline_timer aes xsave avx f16c rdrand lahf_lm abm ida arat epb xsaveopt pln pts dtherm tpr_shadow vnmi flexpriority ept vpid fsgsbase tsc_adjust bmi1 avx2 smep bmi2 erms invpcid
bogomips	: 4788.91
clflush size	: 64
cache_alignment	: 64
address sizes	: 39 bits physical, 48 bits virtual
power management:

processor	: 2
vendor_id	: GenuineIntel
cpu family	: 6
model		: 69
model name	: Intel(R) Core(TM) i5-4210U CPU @ 1.70GHz
stepping	: 1
microcode	: 0x1c
cpu MHz		: 2424.000
cache size	: 3072 KB
physical id	: 0
siblings	: 4
core id		: 1
cpu cores	: 2
apicid		: 2
initial apicid	: 2
fpu		: yes
fpu_exception	: yes
cpuid level	: 13
wp		: yes
flags		: fpu vme de pse tsc msr pae mce cx8 apic sep mtrr pge mca cmov pat pse36 clflush dts acpi mmx fxsr sse sse2 ss ht tm pbe syscall nx pdpe1gb rdtscp lm constant_tsc arch_perfmon pebs bts rep_good nopl xtopology nonstop_tsc aperfmperf eagerfpu pni pclmulqdq dtes64 monitor ds_cpl vmx est tm2 ssse3 fma cx16 xtpr pdcm pcid sse4_1 sse4_2 movbe popcnt tsc_deadline_timer aes xsave avx f16c rdrand lahf_lm abm ida arat epb xsaveopt pln pts dtherm tpr_shadow vnmi flexpriority ept vpid fsgsbase tsc_adjust bmi1 avx2 smep bmi2 erms invpcid
bogomips	: 4788.91
clflush size	: 64
cache_alignment	: 64
address sizes	: 39 bits physical, 48 bits virtual
power management:

processor	: 3
vendor_id	: GenuineIntel
cpu family	: 6
model		: 69
model name	: Intel(R) Core(TM) i5-4210U CPU @ 1.70GHz
stepping	: 1
microcode	: 0x1c
cpu MHz		: 2641.406
cache size	: 3072 KB
physical id	: 0
siblings	: 4
core id		: 1
cpu cores	: 2
apicid		: 3
initial apicid	: 3
fpu		: yes
fpu_exception	: yes
cpuid level	: 13
wp		: yes
flags		: fpu vme de pse tsc msr pae mce cx8 apic sep mtrr pge mca cmov pat pse36 clflush dts acpi mmx fxsr sse sse2 ss ht tm pbe syscall nx pdpe1gb rdtscp lm constant_tsc arch_perfmon pebs bts rep_good nopl xtopology nonstop_tsc aperfmperf eagerfpu pni pclmulqdq dtes64 monitor ds_cpl vmx est tm2 ssse3 fma cx16 xtpr pdcm pcid sse4_1 sse4_2 movbe popcnt tsc_deadline_timer aes xsave avx f16c rdrand lahf_lm abm ida arat epb xsaveopt pln pts dtherm tpr_shadow vnmi flexpriority ept vpid fsgsbase tsc_adjust bmi1 avx2 smep bmi2 erms invpcid
bogomips	: 4788.91
clflush size	: 64
cache_alignment	: 64
address sizes	: 39 bits physical, 48 bits virtual
power management:



Memory: 4k page, physical 8098904k(2018852k free), swap 8310780k(8310780k free)

vm_info: OpenJDK 64-Bit Server VM (24.79-b02) for linux-amd64 JRE (1.7.0_79-b14), built on Jul 24 2015 08:15:54 by "buildd" with gcc 4.8.2

time: Sun Sep 27 16:14:22 2015
elapsed time: 7 seconds

