#
# A fatal error has been detected by the Java Runtime Environment:
#
#  SIGSEGV (0xb) at pc=0x00007f44e5ea5b28, pid=15353, tid=139934620821248
#
# JRE version: OpenJDK Runtime Environment (7.0_79-b14) (build 1.7.0_79-b14)
# Java VM: OpenJDK 64-Bit Server VM (24.79-b02 mixed mode linux-amd64 compressed oops)
# Derivative: IcedTea 2.5.6
# Distribution: Ubuntu 14.04 LTS, package 7u79-2.5.6-0ubuntu1.14.04.1
# Problematic frame:
# C  [i965_dri.so+0x2f2b28]
#
# Failed to write core dump. Core dumps have been disabled. To enable core dumping, try "ulimit -c unlimited" before starting Java again
#
# If you would like to submit a bug report, please include
# instructions on how to reproduce the bug and visit:
#   http://icedtea.classpath.org/bugzilla
# The crash happened outside the Java Virtual Machine in native code.
# See problematic frame for where to report the bug.
#

---------------  T H R E A D  ---------------

Current thread (0x00007f4508008000):  JavaThread "AWT-EventQueue-1" [_thread_in_native, id=15381, stack(0x00007f45114da000,0x00007f45115db000)]

siginfo:si_signo=SIGSEGV: si_errno=0, si_code=1 (SEGV_MAPERR), si_addr=0x0000000100000000

Registers:
RAX=0x00007f44e5ea5b20, RBX=0x00007f44f4fc6220, RCX=0x0000000000000000, RDX=0x0000000000000001
RSP=0x00007f45115d8760, RBP=0x00007f44f87d5af0, RSI=0x00007f44f4fc6300, RDI=0x0000000100000000
R8 =0x0000000000000000, R9 =0x00007f45106789c0, R10=0x00007f454d012d6c, R11=0x00007f455803f2f0
R12=0x00007f44f87d35f0, R13=0x0000000000000000, R14=0x00007f44f87d6c40, R15=0x0000000000000000
RIP=0x00007f44e5ea5b28, EFLAGS=0x0000000000010206, CSGSFS=0x0000000000000033, ERR=0x0000000000000004
  TRAPNO=0x000000000000000e

Top of Stack: (sp=0x00007f45115d8760)
0x00007f45115d8760:   00007f45115d8850 0000000000000000
0x00007f45115d8770:   00007f44f4fc6220 00007f44f87d5af0
0x00007f45115d8780:   00007f44f87d35f0 00007f4510678a4e
0x00007f45115d8790:   00007f45115d87c8 00007f45108c3640
0x00007f45115d87a0:   00007f44f87c5910 00007f4500000000
0x00007f45115d87b0:   0000000000000000 0000000000000000
0x00007f45115d87c0:   00007f45115d8820 00007f44f4fc6220
0x00007f45115d87d0:   000000000180002e 000000077b02fb98
0x00007f45115d87e0:   00007f45115d8850 0000000000000000
0x00007f45115d87f0:   000000077b02fb98 00007f45115d8920
0x00007f45115d8800:   00007f4508008000 00007f44eafb0849
0x00007f45115d8810:   0000000000000000 00007f45106519b0
0x00007f45115d8820:   000000000180002e 00007f44f87c5910
0x00007f45115d8830:   00007f45115d88e8 00007f45080081d8
0x00007f45115d8840:   00000007d739acb0 00007f45106519b0
0x00007f45115d8850:   00007f45115d88d8 00007f454d012d98
0x00007f45115d8860:   000000077b16b4d8 0000000000000000
0x00007f45115d8870:   000000077b16a8b8 0000000000000000
0x00007f45115d8880:   00007f45115d8898 00007f45115d88e8
0x00007f45115d8890:   00007f45115d8890 00007f45115d8898
0x00007f45115d88a0:   0000000000000000 00007f45115d8920
0x00007f45115d88b0:   000000077b031b10 0000000000000000
0x00007f45115d88c0:   000000077b02fb98 0000000000000000
0x00007f45115d88d0:   00007f45115d88f8 00007f45115d8968
0x00007f45115d88e0:   00007f454d006058 00000007d8c00400
0x00007f45115d88f0:   00007f454d00ecd8 00007f45106519b0
0x00007f45115d8900:   000000077b0431f0 000000000180002e
0x00007f45115d8910:   000000077b014658 00007f44f87c5910
0x00007f45115d8920:   00000007d8e89990 00007f45115d8928
0x00007f45115d8930:   000000077b02fac9 00007f45115d89a0
0x00007f45115d8940:   000000077b031b10 0000000000000000
0x00007f45115d8950:   000000077b02fad8 00007f45115d88f8 

Instructions: (pc=0x00007f44e5ea5b28)
0x00007f44e5ea5b08:   0f 1f 84 00 00 00 00 00 48 83 c4 10 5b 5d 41 5c
0x00007f44e5ea5b18:   c3 0f 1f 80 00 00 00 00 41 54 55 53 48 83 ec 10
0x00007f44e5ea5b28:   48 8b 1f 48 85 db 74 3d f6 83 40 05 00 00 01 49
0x00007f44e5ea5b38:   89 f4 89 cd 75 72 83 e2 01 75 5d 83 e5 fd 74 38 

Register to memory mapping:

RAX=0x00007f44e5ea5b20: <offset 0x2f2b20> in /usr/lib/x86_64-linux-gnu/dri/i965_dri.so at 0x00007f44e5bb3000
RBX=0x00007f44f4fc6220 is an unknown value
RCX=0x0000000000000000 is an unknown value
RDX=0x0000000000000001 is an unknown value
RSP=0x00007f45115d8760 is pointing into the stack for thread: 0x00007f4508008000
RBP=0x00007f44f87d5af0 is an unknown value
RSI=0x00007f44f4fc6300 is an unknown value
RDI=0x0000000100000000 is an unknown value
R8 =0x0000000000000000 is an unknown value
R9 =0x00007f45106789c0: <offset 0x439c0> in /usr/lib/x86_64-linux-gnu/mesa/libGL.so.1 at 0x00007f4510635000
R10=0x00007f454d012d6c is at code_begin+620 in an Interpreter codelet
method entry point (kind = native)  [0x00007f454d012b00, 0x00007f454d013360]  2144 bytes
R11=0x00007f455803f2f0: <offset 0x85d2f0> in /usr/lib/jvm/java-7-openjdk-amd64/jre/lib/amd64/server/libjvm.so at 0x00007f45577e2000
R12=0x00007f44f87d35f0 is an unknown value
R13=0x0000000000000000 is an unknown value
R14=0x00007f44f87d6c40 is an unknown value
R15=0x0000000000000000 is an unknown value


Stack: [0x00007f45114da000,0x00007f45115db000],  sp=0x00007f45115d8760,  free space=1017k
Native frames: (J=compiled Java code, j=interpreted, Vv=VM code, C=native code)
C  [i965_dri.so+0x2f2b28]

Java frames: (J=compiled Java code, j=interpreted, Vv=VM code)
j  jogamp.opengl.x11.glx.GLX.dispatch_glXSwapBuffers0(JJJ)V+0
j  jogamp.opengl.x11.glx.GLX.glXSwapBuffers(JJ)V+41
j  jogamp.opengl.x11.glx.X11GLXDrawable.swapBuffersImpl(Z)V+17
j  jogamp.opengl.GLDrawableImpl.swapBuffers()V+67
j  javax.media.opengl.awt.GLCanvas$12.run()V+45
j  java.awt.event.InvocationEvent.dispatch()V+11
j  java.awt.EventQueue.dispatchEventImpl(Ljava/awt/AWTEvent;Ljava/lang/Object;)V+21
j  java.awt.EventQueue.access$300(Ljava/awt/EventQueue;Ljava/awt/AWTEvent;Ljava/lang/Object;)V+3
j  java.awt.EventQueue$3.run()Ljava/lang/Void;+12
j  java.awt.EventQueue$3.run()Ljava/lang/Object;+1
v  ~StubRoutines::call_stub
j  java.security.AccessController.doPrivileged(Ljava/security/PrivilegedAction;Ljava/security/AccessControlContext;)Ljava/lang/Object;+0
j  java.security.ProtectionDomain$1.doIntersectionPrivilege(Ljava/security/PrivilegedAction;Ljava/security/AccessControlContext;Ljava/security/AccessControlContext;)Ljava/lang/Object;+28
j  java.awt.EventQueue.dispatchEvent(Ljava/awt/AWTEvent;)V+46
j  java.awt.EventDispatchThread.pumpOneEventForFilters(I)V+245
j  java.awt.EventDispatchThread.pumpEventsForFilter(ILjava/awt/Conditional;Ljava/awt/EventFilter;)V+35
j  java.awt.EventDispatchThread.pumpEventsForHierarchy(ILjava/awt/Conditional;Ljava/awt/Component;)V+11
j  java.awt.EventDispatchThread.pumpEvents(ILjava/awt/Conditional;)V+4
j  java.awt.EventDispatchThread.pumpEvents(Ljava/awt/Conditional;)V+3
j  java.awt.EventDispatchThread.run()V+9
v  ~StubRoutines::call_stub

---------------  P R O C E S S  ---------------

Java Threads: ( => current thread )
  0x00007f44f401c000 JavaThread "Thread-3" [_thread_blocked, id=15392, stack(0x00007f45113d9000,0x00007f45114da000)]
  0x00007f44f81d8800 JavaThread "Animation Thread-SharedResourceRunner" daemon [_thread_blocked, id=15391, stack(0x00007f45112d8000,0x00007f45113d9000)]
  0x00007f44f8097000 JavaThread "process reaper" daemon [_thread_blocked, id=15386, stack(0x00007f4538029000,0x00007f4538062000)]
=>0x00007f4508008000 JavaThread "AWT-EventQueue-1" [_thread_in_native, id=15381, stack(0x00007f45114da000,0x00007f45115db000)]
  0x00007f455000a800 JavaThread "DestroyJavaVM" [_thread_blocked, id=15355, stack(0x00007f45592f9000,0x00007f45593fa000)]
  0x00007f4550261000 JavaThread "AWT-EventQueue-0" [_thread_blocked, id=15378, stack(0x00007f4511a42000,0x00007f4511b43000)]
  0x00007f455025d800 JavaThread "AWT-Shutdown" [_thread_blocked, id=15377, stack(0x00007f4511b43000,0x00007f4511c44000)]
  0x00007f4550256800 JavaThread "thread applet-geoLocation.LifeExpectency.class" [_thread_blocked, id=15376, stack(0x00007f4511c44000,0x00007f4511d45000)]
  0x00007f4550247000 JavaThread "AWT-XAWT" daemon [_thread_in_native, id=15374, stack(0x00007f4511d45000,0x00007f4511e46000)]
  0x00007f4550222000 JavaThread "Java2D Disposer" daemon [_thread_blocked, id=15373, stack(0x00007f4512256000,0x00007f4512357000)]
  0x00007f45500ae800 JavaThread "Service Thread" daemon [_thread_blocked, id=15370, stack(0x00007f453bbff000,0x00007f453bd00000)]
  0x00007f45500ac800 JavaThread "C2 CompilerThread1" daemon [_thread_blocked, id=15369, stack(0x00007f454c015000,0x00007f454c116000)]
  0x00007f45500a9800 JavaThread "C2 CompilerThread0" daemon [_thread_blocked, id=15368, stack(0x00007f454c116000,0x00007f454c217000)]
  0x00007f45500a7000 JavaThread "Signal Dispatcher" daemon [_thread_blocked, id=15367, stack(0x00007f454c217000,0x00007f454c318000)]
  0x00007f455007c000 JavaThread "Finalizer" daemon [_thread_blocked, id=15366, stack(0x00007f454c9fa000,0x00007f454cafb000)]
  0x00007f455007a000 JavaThread "Reference Handler" daemon [_thread_blocked, id=15365, stack(0x00007f454cafb000,0x00007f454cbfc000)]

Other Threads:
  0x00007f4550075800 VMThread [stack: 0x00007f454cbfc000,0x00007f454ccfd000] [id=15364]
  0x00007f45500b9800 WatcherThread [stack: 0x00007f453bafe000,0x00007f453bbff000] [id=15371]

VM state:not at safepoint (normal execution)

VM Mutex/Monitor currently owned by a thread: None

Heap
 PSYoungGen      total 37376K, used 13086K [0x00000007d6c80000, 0x00000007d9600000, 0x0000000800000000)
  eden space 32256K, 24% used [0x00000007d6c80000,0x00000007d744db78,0x00000007d8c00000)
  from space 5120K, 99% used [0x00000007d8c00000,0x00000007d90f9cf0,0x00000007d9100000)
  to   space 5120K, 0% used [0x00000007d9100000,0x00000007d9100000,0x00000007d9600000)
 ParOldGen       total 83968K, used 1347K [0x0000000784600000, 0x0000000789800000, 0x00000007d6c80000)
  object space 83968K, 1% used [0x0000000784600000,0x0000000784750d68,0x0000000789800000)
 PSPermGen       total 21504K, used 18631K [0x000000077a000000, 0x000000077b500000, 0x0000000784600000)
  object space 21504K, 86% used [0x000000077a000000,0x000000077b231fa0,0x000000077b500000)

Card table byte_map: [0x00007f4555b05000,0x00007f4555f36000] byte_map_base: 0x00007f4551f35000

Polling page: 0x00007f4559413000

Code Cache  [0x00007f454d000000, 0x00007f454d270000, 0x00007f4550000000)
 total_blobs=962 nmethods=73 adapters=842 free_code_cache=48262Kb largest_free_block=49400832

Compilation events (10 events):
Event: 6.905 Thread 0x00007f45500a9800   69             sun.util.logging.PlatformLogger$DefaultLoggerProxy::doLog (22 bytes)
Event: 6.906 Thread 0x00007f45500a9800 nmethod 69 0x00007f454d0dd990 code [0x00007f454d0ddb00, 0x00007f454d0ddc78]
Event: 6.934 Thread 0x00007f45500ac800   70             sun.util.logging.PlatformLogger::finest (12 bytes)
Event: 6.934 Thread 0x00007f45500a9800   71             java.util.concurrent.locks.AbstractOwnableSynchronizer::getExclusiveOwnerThread (5 bytes)
Event: 6.934 Thread 0x00007f45500a9800 nmethod 71 0x00007f454d0dd790 code [0x00007f454d0dd8c0, 0x00007f454d0dd938]
Event: 6.935 Thread 0x00007f45500ac800 nmethod 70 0x00007f454d0e0090 code [0x00007f454d0e0200, 0x00007f454d0e03b8]
Event: 7.351 Thread 0x00007f45500a9800   72             java.util.concurrent.locks.AbstractOwnableSynchronizer::setExclusiveOwnerThread (6 bytes)
Event: 7.351 Thread 0x00007f45500a9800 nmethod 72 0x00007f454d0dd590 code [0x00007f454d0dd6c0, 0x00007f454d0dd738]
Event: 7.900 Thread 0x00007f45500ac800   73             java.util.concurrent.locks.AbstractQueuedSynchronizer::setState (6 bytes)
Event: 7.900 Thread 0x00007f45500ac800 nmethod 73 0x00007f454d0dd350 code [0x00007f454d0dd480, 0x00007f454d0dd4d8]

GC Heap History (2 events):
Event: 1.017 GC heap before
{Heap before GC invocations=1 (full 0):
 PSYoungGen      total 37376K, used 32256K [0x00000007d6c80000, 0x00000007d9600000, 0x0000000800000000)
  eden space 32256K, 100% used [0x00000007d6c80000,0x00000007d8c00000,0x00000007d8c00000)
  from space 5120K, 0% used [0x00000007d9100000,0x00000007d9100000,0x00000007d9600000)
  to   space 5120K, 0% used [0x00000007d8c00000,0x00000007d8c00000,0x00000007d9100000)
 ParOldGen       total 83968K, used 0K [0x0000000784600000, 0x0000000789800000, 0x00000007d6c80000)
  object space 83968K, 0% used [0x0000000784600000,0x0000000784600000,0x0000000789800000)
 PSPermGen       total 21504K, used 17367K [0x000000077a000000, 0x000000077b500000, 0x0000000784600000)
  object space 21504K, 80% used [0x000000077a000000,0x000000077b0f5f28,0x000000077b500000)
Event: 1.026 GC heap after
Heap after GC invocations=1 (full 0):
 PSYoungGen      total 37376K, used 5095K [0x00000007d6c80000, 0x00000007d9600000, 0x0000000800000000)
  eden space 32256K, 0% used [0x00000007d6c80000,0x00000007d6c80000,0x00000007d8c00000)
  from space 5120K, 99% used [0x00000007d8c00000,0x00000007d90f9cf0,0x00000007d9100000)
  to   space 5120K, 0% used [0x00000007d9100000,0x00000007d9100000,0x00000007d9600000)
 ParOldGen       total 83968K, used 1347K [0x0000000784600000, 0x0000000789800000, 0x00000007d6c80000)
  object space 83968K, 1% used [0x0000000784600000,0x0000000784750d68,0x0000000789800000)
 PSPermGen       total 21504K, used 17367K [0x000000077a000000, 0x000000077b500000, 0x0000000784600000)
  object space 21504K, 80% used [0x000000077a000000,0x000000077b0f5f28,0x000000077b500000)
}

Deoptimization events (9 events):
Event: 0.242 Thread 0x00007f455000a800 Uncommon trap: reason=class_check action=maybe_recompile pc=0x00007f454d065a38 method=java.util.Properties$LineReader.readLine()I @ 62
Event: 0.242 Thread 0x00007f455000a800 Uncommon trap: reason=class_check action=maybe_recompile pc=0x00007f454d065a38 method=java.util.Properties$LineReader.readLine()I @ 62
Event: 0.243 Thread 0x00007f455000a800 Uncommon trap: reason=class_check action=maybe_recompile pc=0x00007f454d065a38 method=java.util.Properties$LineReader.readLine()I @ 62
Event: 0.244 Thread 0x00007f455000a800 Uncommon trap: reason=class_check action=maybe_recompile pc=0x00007f454d065a38 method=java.util.Properties$LineReader.readLine()I @ 62
Event: 0.263 Thread 0x00007f455000a800 Uncommon trap: reason=class_check action=maybe_recompile pc=0x00007f454d07df98 method=java.util.Properties$LineReader.readLine()I @ 402
Event: 0.904 Thread 0x00007f450800f800 Uncommon trap: reason=predicate action=maybe_recompile pc=0x00007f454d0a316c method=java.util.Arrays.fill([Ljava/lang/Object;Ljava/lang/Object;)V @ 10
Event: 0.988 Thread 0x00007f44f81d8800 Uncommon trap: reason=unreached action=reinterpret pc=0x00007f454d0cd3e4 method=java.lang.Class.searchFields([Ljava/lang/reflect/Field;Ljava/lang/String;)Ljava/lang/reflect/Field; @ 20
Event: 1.230 Thread 0x00007f4508008000 Uncommon trap: reason=unreached action=reinterpret pc=0x00007f454d0d9d98 method=com.jogamp.common.util.IntIntHashMap.get(I)I @ 19
Event: 1.248 Thread 0x00007f4508008000 Uncommon trap: reason=unreached action=reinterpret pc=0x00007f454d0853f4 method=java.lang.AbstractStringBuilder.append(Ljava/lang/String;)Ljava/lang/AbstractStringBuilder; @ 1

Internal exceptions (10 events):
Event: 1.262 Thread 0x00007f4508008000 Threw 0x00000007d736d590 at /build/openjdk-7-FO0dNI/openjdk-7-7u79-2.5.6/build/openjdk/hotspot/src/share/vm/prims/jvm.cpp:1284
Event: 1.263 Thread 0x00007f4508008000 Threw 0x00000007d7376040 at /build/openjdk-7-FO0dNI/openjdk-7-7u79-2.5.6/build/openjdk/hotspot/src/share/vm/prims/jvm.cpp:1284
Event: 1.263 Thread 0x00007f4508008000 Threw 0x00000007d737d730 at /build/openjdk-7-FO0dNI/openjdk-7-7u79-2.5.6/build/openjdk/hotspot/src/share/vm/prims/jni.cpp:721
Event: 1.264 Thread 0x00007f4508008000 Threw 0x00000007d7382e28 at /build/openjdk-7-FO0dNI/openjdk-7-7u79-2.5.6/build/openjdk/hotspot/src/share/vm/prims/jni.cpp:721
Event: 1.264 Thread 0x00007f4508008000 Threw 0x00000007d7383ef0 at /build/openjdk-7-FO0dNI/openjdk-7-7u79-2.5.6/build/openjdk/hotspot/src/share/vm/prims/jni.cpp:721
Event: 1.264 Thread 0x00007f4508008000 Threw 0x00000007d7384b30 at /build/openjdk-7-FO0dNI/openjdk-7-7u79-2.5.6/build/openjdk/hotspot/src/share/vm/prims/jni.cpp:721
Event: 1.264 Thread 0x00007f4508008000 Threw 0x00000007d7385698 at /build/openjdk-7-FO0dNI/openjdk-7-7u79-2.5.6/build/openjdk/hotspot/src/share/vm/prims/jni.cpp:721
Event: 1.264 Thread 0x00007f4508008000 Threw 0x00000007d73860e8 at /build/openjdk-7-FO0dNI/openjdk-7-7u79-2.5.6/build/openjdk/hotspot/src/share/vm/prims/jni.cpp:721
Event: 1.273 Thread 0x00007f4508008000 Threw 0x00000007d7386fb8 at /build/openjdk-7-FO0dNI/openjdk-7-7u79-2.5.6/build/openjdk/hotspot/src/share/vm/runtime/reflection.cpp:1030
Event: 8.877 Thread 0x00007f4508008000 Threw 0x00000007d739a9e0 at /build/openjdk-7-FO0dNI/openjdk-7-7u79-2.5.6/build/openjdk/hotspot/src/share/vm/runtime/reflection.cpp:1030

Events (10 events):
Event: 2.759 loading class 0x00007f45500c93b0 done
Event: 3.145 loading class 0x00007f4520091050
Event: 3.145 loading class 0x00007f4520091050 done
Event: 4.084 Executing VM operation: EnableBiasedLocking
Event: 4.085 Executing VM operation: EnableBiasedLocking done
Event: 8.874 loading class 0x00007f45500b2290
Event: 8.875 loading class 0x00007f45500b2290 done
Event: 8.875 Thread 0x00007f44f401c000 Thread added: 0x00007f44f401c000
Event: 8.875 loading class 0x00007f452002bac0
Event: 8.875 loading class 0x00007f452002bac0 done


Dynamic libraries:
00400000-00401000 r-xp 00000000 08:06 1705803                            /usr/lib/jvm/java-7-openjdk-amd64/jre/bin/java
00600000-00601000 r--p 00000000 08:06 1705803                            /usr/lib/jvm/java-7-openjdk-amd64/jre/bin/java
00601000-00602000 rw-p 00001000 08:06 1705803                            /usr/lib/jvm/java-7-openjdk-amd64/jre/bin/java
0090e000-0092f000 rw-p 00000000 00:00 0                                  [heap]
77a000000-77b500000 rw-p 00000000 00:00 0 
77b500000-784600000 rw-p 00000000 00:00 0 
784600000-789800000 rw-p 00000000 00:00 0 
789800000-7d6c80000 rw-p 00000000 00:00 0 
7d6c80000-7d9600000 rw-p 00000000 00:00 0 
7d9600000-800000000 rw-p 00000000 00:00 0 
7f44e4dd1000-7f44e4e71000 rw-s 118b07000 00:05 10956                     /dev/dri/card0
7f44e4e71000-7f44e5071000 rw-s 00000000 00:04 273610                     /drm mm object (deleted)
7f44e5071000-7f44e5271000 rw-s 00000000 00:04 273609                     /drm mm object (deleted)
7f44e5271000-7f44e5311000 rw-s 118a67000 00:05 10956                     /dev/dri/card0
7f44e5311000-7f44e5319000 rw-s 00000000 00:04 273601                     /drm mm object (deleted)
7f44e5319000-7f44e5321000 rw-s 00000000 00:04 273600                     /drm mm object (deleted)
7f44e5321000-7f44e5329000 rw-s 00000000 00:04 273591                     /drm mm object (deleted)
7f44e5329000-7f44e5331000 rw-s 00000000 00:04 273580                     /drm mm object (deleted)
7f44e5331000-7f44e5339000 rw-s 00000000 00:04 273576                     /drm mm object (deleted)
7f44e5339000-7f44e533b000 r-xp 00000000 08:06 9707382                    /usr/lib/x86_64-linux-gnu/libXinerama.so.1.0.0
7f44e533b000-7f44e553a000 ---p 00002000 08:06 9707382                    /usr/lib/x86_64-linux-gnu/libXinerama.so.1.0.0
7f44e553a000-7f44e553b000 r--p 00001000 08:06 9707382                    /usr/lib/x86_64-linux-gnu/libXinerama.so.1.0.0
7f44e553b000-7f44e553c000 rw-p 00002000 08:06 9707382                    /usr/lib/x86_64-linux-gnu/libXinerama.so.1.0.0
7f44e5541000-7f44e5549000 rw-s 00000000 00:04 273596                     /drm mm object (deleted)
7f44e5549000-7f44e5551000 rw-s 00000000 00:04 270216                     /drm mm object (deleted)
7f44e5551000-7f44e5588000 r-xp 00000000 08:06 9708305                    /usr/lib/x86_64-linux-gnu/libtxc_dxtn_s2tc.so.0.0.0
7f44e5588000-7f44e5787000 ---p 00037000 08:06 9708305                    /usr/lib/x86_64-linux-gnu/libtxc_dxtn_s2tc.so.0.0.0
7f44e5787000-7f44e5788000 r--p 00036000 08:06 9708305                    /usr/lib/x86_64-linux-gnu/libtxc_dxtn_s2tc.so.0.0.0
7f44e5788000-7f44e5789000 rw-p 00037000 08:06 9708305                    /usr/lib/x86_64-linux-gnu/libtxc_dxtn_s2tc.so.0.0.0
7f44e5789000-7f44e5791000 r-xp 00000000 08:06 9708110                    /usr/lib/x86_64-linux-gnu/libpciaccess.so.0.11.1
7f44e5791000-7f44e5990000 ---p 00008000 08:06 9708110                    /usr/lib/x86_64-linux-gnu/libpciaccess.so.0.11.1
7f44e5990000-7f44e5991000 r--p 00007000 08:06 9708110                    /usr/lib/x86_64-linux-gnu/libpciaccess.so.0.11.1
7f44e5991000-7f44e5992000 rw-p 00008000 08:06 9708110                    /usr/lib/x86_64-linux-gnu/libpciaccess.so.0.11.1
7f44e5992000-7f44e59b2000 r-xp 00000000 08:06 9700253                    /usr/lib/x86_64-linux-gnu/libdrm_intel.so.1.0.0
7f44e59b2000-7f44e5bb1000 ---p 00020000 08:06 9700253                    /usr/lib/x86_64-linux-gnu/libdrm_intel.so.1.0.0
7f44e5bb1000-7f44e5bb2000 r--p 0001f000 08:06 9700253                    /usr/lib/x86_64-linux-gnu/libdrm_intel.so.1.0.0
7f44e5bb2000-7f44e5bb3000 rw-p 00020000 08:06 9700253                    /usr/lib/x86_64-linux-gnu/libdrm_intel.so.1.0.0
7f44e5bb3000-7f44e60bb000 r-xp 00000000 08:06 10092889                   /usr/lib/x86_64-linux-gnu/dri/i965_dri.so
7f44e60bb000-7f44e62ba000 ---p 00508000 08:06 10092889                   /usr/lib/x86_64-linux-gnu/dri/i965_dri.so
7f44e62ba000-7f44e62d4000 r--p 00507000 08:06 10092889                   /usr/lib/x86_64-linux-gnu/dri/i965_dri.so
7f44e62d4000-7f44e62da000 rw-p 00521000 08:06 10092889                   /usr/lib/x86_64-linux-gnu/dri/i965_dri.so
7f44e62da000-7f44e62e5000 rw-p 00000000 00:00 0 
7f44e62e5000-7f44e62ed000 r-xp 00000000 08:06 8130557                    /lib/x86_64-linux-gnu/libnih-dbus.so.1.0.0
7f44e62ed000-7f44e64ed000 ---p 00008000 08:06 8130557                    /lib/x86_64-linux-gnu/libnih-dbus.so.1.0.0
7f44e64ed000-7f44e64ee000 r--p 00008000 08:06 8130557                    /lib/x86_64-linux-gnu/libnih-dbus.so.1.0.0
7f44e64ee000-7f44e64ef000 rw-p 00009000 08:06 8130557                    /lib/x86_64-linux-gnu/libnih-dbus.so.1.0.0
7f44e64ef000-7f44e6506000 r-xp 00000000 08:06 8130559                    /lib/x86_64-linux-gnu/libnih.so.1.0.0
7f44e6506000-7f44e6705000 ---p 00017000 08:06 8130559                    /lib/x86_64-linux-gnu/libnih.so.1.0.0
7f44e6705000-7f44e6706000 r--p 00016000 08:06 8130559                    /lib/x86_64-linux-gnu/libnih.so.1.0.0
7f44e6706000-7f44e6707000 rw-p 00017000 08:06 8130559                    /lib/x86_64-linux-gnu/libnih.so.1.0.0
7f44e6707000-7f44e6720000 r-xp 00000000 08:06 8130500                    /lib/x86_64-linux-gnu/libcgmanager.so.0.0.0
7f44e6720000-7f44e691f000 ---p 00019000 08:06 8130500                    /lib/x86_64-linux-gnu/libcgmanager.so.0.0.0
7f44e691f000-7f44e6921000 r--p 00018000 08:06 8130500                    /lib/x86_64-linux-gnu/libcgmanager.so.0.0.0
7f44e6921000-7f44e6922000 rw-p 0001a000 08:06 8130500                    /lib/x86_64-linux-gnu/libcgmanager.so.0.0.0
7f44e6922000-7f44e6932000 r-xp 00000000 08:06 8130597                    /lib/x86_64-linux-gnu/libudev.so.1.3.5
7f44e6932000-7f44e6b31000 ---p 00010000 08:06 8130597                    /lib/x86_64-linux-gnu/libudev.so.1.3.5
7f44e6b31000-7f44e6b32000 r--p 0000f000 08:06 8130597                    /lib/x86_64-linux-gnu/libudev.so.1.3.5
7f44e6b32000-7f44e6b33000 rw-p 00010000 08:06 8130597                    /lib/x86_64-linux-gnu/libudev.so.1.3.5
7f44e6b33000-7f44e6b58000 r-xp 00000000 08:06 8130641                    /lib/x86_64-linux-gnu/libtinfo.so.5.9
7f44e6b58000-7f44e6d57000 ---p 00025000 08:06 8130641                    /lib/x86_64-linux-gnu/libtinfo.so.5.9
7f44e6d57000-7f44e6d5b000 r--p 00024000 08:06 8130641                    /lib/x86_64-linux-gnu/libtinfo.so.5.9
7f44e6d5b000-7f44e6d5c000 rw-p 00028000 08:06 8130641                    /lib/x86_64-linux-gnu/libtinfo.so.5.9
7f44e6d5c000-7f44e6d85000 r-xp 00000000 08:06 9707611                    /usr/lib/x86_64-linux-gnu/libedit.so.2.0.47
7f44e6d85000-7f44e6f85000 ---p 00029000 08:06 9707611                    /usr/lib/x86_64-linux-gnu/libedit.so.2.0.47
7f44e6f85000-7f44e6f87000 r--p 00029000 08:06 9707611                    /usr/lib/x86_64-linux-gnu/libedit.so.2.0.47
7f44e6f87000-7f44e6f88000 rw-p 0002b000 08:06 9707611                    /usr/lib/x86_64-linux-gnu/libedit.so.2.0.47
7f44e6f88000-7f44e6f8c000 rw-p 00000000 00:00 0 
7f44e6f8c000-7f44e8a94000 r-xp 00000000 08:06 9707230                    /usr/lib/x86_64-linux-gnu/libLLVM-3.5.so.1
7f44e8a94000-7f44e8a95000 ---p 01b08000 08:06 9707230                    /usr/lib/x86_64-linux-gnu/libLLVM-3.5.so.1
7f44e8a95000-7f44e8c5d000 r--p 01b08000 08:06 9707230                    /usr/lib/x86_64-linux-gnu/libLLVM-3.5.so.1
7f44e8c5d000-7f44e8c63000 rw-p 01cd0000 08:06 9707230                    /usr/lib/x86_64-linux-gnu/libLLVM-3.5.so.1
7f44e8c63000-7f44e8c78000 rw-p 00000000 00:00 0 
7f44e8c78000-7f44e8c84000 r-xp 00000000 08:06 9703037                    /usr/lib/x86_64-linux-gnu/libdrm_radeon.so.1.0.1
7f44e8c84000-7f44e8e83000 ---p 0000c000 08:06 9703037                    /usr/lib/x86_64-linux-gnu/libdrm_radeon.so.1.0.1
7f44e8e83000-7f44e8e84000 r--p 0000b000 08:06 9703037                    /usr/lib/x86_64-linux-gnu/libdrm_radeon.so.1.0.1
7f44e8e84000-7f44e8e85000 rw-p 0000c000 08:06 9703037                    /usr/lib/x86_64-linux-gnu/libdrm_radeon.so.1.0.1
7f44e8e85000-7f44e8e9a000 r-xp 00000000 08:06 9707612                    /usr/lib/x86_64-linux-gnu/libelf-0.158.so
7f44e8e9a000-7f44e9099000 ---p 00015000 08:06 9707612                    /usr/lib/x86_64-linux-gnu/libelf-0.158.so
7f44e9099000-7f44e909a000 r--p 00014000 08:06 9707612                    /usr/lib/x86_64-linux-gnu/libelf-0.158.so
7f44e909a000-7f44e909b000 rw-p 00015000 08:06 9707612                    /usr/lib/x86_64-linux-gnu/libelf-0.158.so
7f44e909b000-7f44e90a1000 r-xp 00000000 08:06 9703031                    /usr/lib/x86_64-linux-gnu/libdrm_nouveau.so.2.0.0
7f44e90a1000-7f44e92a0000 ---p 00006000 08:06 9703031                    /usr/lib/x86_64-linux-gnu/libdrm_nouveau.so.2.0.0
7f44e92a0000-7f44e92a1000 r--p 00005000 08:06 9703031                    /usr/lib/x86_64-linux-gnu/libdrm_nouveau.so.2.0.0
7f44e92a1000-7f44e92a2000 rw-p 00006000 08:06 9703031                    /usr/lib/x86_64-linux-gnu/libdrm_nouveau.so.2.0.0
7f44e92a2000-7f44e92a9000 r-xp 00000000 08:06 10094006                   /usr/lib/x86_64-linux-gnu/mesa-egl/libOpenVG.so.1.0.0
7f44e92a9000-7f44e94a8000 ---p 00007000 08:06 10094006                   /usr/lib/x86_64-linux-gnu/mesa-egl/libOpenVG.so.1.0.0
7f44e94a8000-7f44e94a9000 r--p 00006000 08:06 10094006                   /usr/lib/x86_64-linux-gnu/mesa-egl/libOpenVG.so.1.0.0
7f44e94a9000-7f44e94aa000 rw-p 00007000 08:06 10094006                   /usr/lib/x86_64-linux-gnu/mesa-egl/libOpenVG.so.1.0.0
7f44e94aa000-7f44e94ac000 rw-p 00000000 00:00 0 
7f44e94ac000-7f44e9c34000 r-xp 00000000 08:06 10092900                   /usr/lib/x86_64-linux-gnu/egl/egl_gallium.so
7f44e9c34000-7f44e9e34000 ---p 00788000 08:06 10092900                   /usr/lib/x86_64-linux-gnu/egl/egl_gallium.so
7f44e9e34000-7f44e9e87000 r--p 00788000 08:06 10092900                   /usr/lib/x86_64-linux-gnu/egl/egl_gallium.so
7f44e9e87000-7f44e9e93000 rw-p 007db000 08:06 10092900                   /usr/lib/x86_64-linux-gnu/egl/egl_gallium.so
7f44e9e93000-7f44ea07a000 rw-p 00000000 00:00 0 
7f44ea07a000-7f44ea080000 r-xp 00000000 08:06 10094004                   /usr/lib/x86_64-linux-gnu/mesa-egl/libGLESv2.so.2.0.0
7f44ea080000-7f44ea27f000 ---p 00006000 08:06 10094004                   /usr/lib/x86_64-linux-gnu/mesa-egl/libGLESv2.so.2.0.0
7f44ea27f000-7f44ea280000 r--p 00005000 08:06 10094004                   /usr/lib/x86_64-linux-gnu/mesa-egl/libGLESv2.so.2.0.0
7f44ea280000-7f44ea281000 rw-p 00006000 08:06 10094004                   /usr/lib/x86_64-linux-gnu/mesa-egl/libGLESv2.so.2.0.0
7f44ea281000-7f44ea2c6000 r-xp 00000000 08:06 4325418                    /tmp/jogamp_0000/file_cache/jln1322650571779836841/jln8325612621523029576/libjogl_mobile.so
7f44ea2c6000-7f44ea4c6000 ---p 00045000 08:06 4325418                    /tmp/jogamp_0000/file_cache/jln1322650571779836841/jln8325612621523029576/libjogl_mobile.so
7f44ea4c6000-7f44ea4c7000 rw-p 00045000 08:06 4325418                    /tmp/jogamp_0000/file_cache/jln1322650571779836841/jln8325612621523029576/libjogl_mobile.so
7f44ea4c7000-7f44ea4d3000 r-xp 00000000 08:06 9707694                    /usr/lib/x86_64-linux-gnu/libgbm.so.1.0.0
7f44ea4d3000-7f44ea6d3000 ---p 0000c000 08:06 9707694                    /usr/lib/x86_64-linux-gnu/libgbm.so.1.0.0
7f44ea6d3000-7f44ea6d4000 r--p 0000c000 08:06 9707694                    /usr/lib/x86_64-linux-gnu/libgbm.so.1.0.0
7f44ea6d4000-7f44ea6d5000 rw-p 0000d000 08:06 9707694                    /usr/lib/x86_64-linux-gnu/libgbm.so.1.0.0
7f44ea6d5000-7f44ea6e4000 r-xp 00000000 08:06 9708373                    /usr/lib/x86_64-linux-gnu/libwayland-server.so.0.1.0
7f44ea6e4000-7f44ea8e3000 ---p 0000f000 08:06 9708373                    /usr/lib/x86_64-linux-gnu/libwayland-server.so.0.1.0
7f44ea8e3000-7f44ea8e5000 r--p 0000e000 08:06 9708373                    /usr/lib/x86_64-linux-gnu/libwayland-server.so.0.1.0
7f44ea8e5000-7f44ea8e6000 rw-p 00010000 08:06 9708373                    /usr/lib/x86_64-linux-gnu/libwayland-server.so.0.1.0
7f44ea8e6000-7f44ea8f1000 r-xp 00000000 08:06 9708367                    /usr/lib/x86_64-linux-gnu/libwayland-client.so.0.2.0
7f44ea8f1000-7f44eaaf0000 ---p 0000b000 08:06 9708367                    /usr/lib/x86_64-linux-gnu/libwayland-client.so.0.2.0
7f44eaaf0000-7f44eaaf2000 r--p 0000a000 08:06 9708367                    /usr/lib/x86_64-linux-gnu/libwayland-client.so.0.2.0
7f44eaaf2000-7f44eaaf3000 rw-p 0000c000 08:06 9708367                    /usr/lib/x86_64-linux-gnu/libwayland-client.so.0.2.0
7f44eaaf3000-7f44eaaf8000 r-xp 00000000 08:06 9708423                    /usr/lib/x86_64-linux-gnu/libxcb-xfixes.so.0.0.0
7f44eaaf8000-7f44eacf8000 ---p 00005000 08:06 9708423                    /usr/lib/x86_64-linux-gnu/libxcb-xfixes.so.0.0.0
7f44eacf8000-7f44eacf9000 r--p 00005000 08:06 9708423                    /usr/lib/x86_64-linux-gnu/libxcb-xfixes.so.0.0.0
7f44eacf9000-7f44eacfa000 rw-p 00006000 08:06 9708423                    /usr/lib/x86_64-linux-gnu/libxcb-xfixes.so.0.0.0
7f44eacfa000-7f44ead21000 r-xp 00000000 08:06 10094000                   /usr/lib/x86_64-linux-gnu/mesa-egl/libEGL.so.1.0.0
7f44ead21000-7f44eaf21000 ---p 00027000 08:06 10094000                   /usr/lib/x86_64-linux-gnu/mesa-egl/libEGL.so.1.0.0
7f44eaf21000-7f44eaf22000 r--p 00027000 08:06 10094000                   /usr/lib/x86_64-linux-gnu/mesa-egl/libEGL.so.1.0.0
7f44eaf22000-7f44eaf23000 rw-p 00028000 08:06 10094000                   /usr/lib/x86_64-linux-gnu/mesa-egl/libEGL.so.1.0.0
7f44eaf23000-7f44eaf24000 rw-p 00000000 00:00 0 
7f44eaf24000-7f44eafc9000 r-xp 00000000 08:06 4325415                    /tmp/jogamp_0000/file_cache/jln1322650571779836841/jln8325612621523029576/libjogl_desktop.so
7f44eafc9000-7f44eb1c9000 ---p 000a5000 08:06 4325415                    /tmp/jogamp_0000/file_cache/jln1322650571779836841/jln8325612621523029576/libjogl_desktop.so
7f44eb1c9000-7f44eb1ca000 rw-p 000a5000 08:06 4325415                    /tmp/jogamp_0000/file_cache/jln1322650571779836841/jln8325612621523029576/libjogl_desktop.so
7f44eb1ca000-7f44eb1d5000 r-xp 00000000 08:06 9701891                    /usr/lib/x86_64-linux-gnu/libdrm.so.2.4.0
7f44eb1d5000-7f44eb3d4000 ---p 0000b000 08:06 9701891                    /usr/lib/x86_64-linux-gnu/libdrm.so.2.4.0
7f44eb3d4000-7f44eb3d5000 r--p 0000a000 08:06 9701891                    /usr/lib/x86_64-linux-gnu/libdrm.so.2.4.0
7f44eb3d5000-7f44eb3d6000 rw-p 0000b000 08:06 9701891                    /usr/lib/x86_64-linux-gnu/libdrm.so.2.4.0
7f44eb3d6000-7f44eb3d7000 r-xp 00000000 08:06 9708437                    /usr/lib/x86_64-linux-gnu/libxshmfence.so.1.0.0
7f44eb3d7000-7f44eb5d6000 ---p 00001000 08:06 9708437                    /usr/lib/x86_64-linux-gnu/libxshmfence.so.1.0.0
7f44eb5d6000-7f44eb5d7000 r--p 00000000 08:06 9708437                    /usr/lib/x86_64-linux-gnu/libxshmfence.so.1.0.0
7f44eb5d7000-7f44eb5d8000 rw-p 00001000 08:06 9708437                    /usr/lib/x86_64-linux-gnu/libxshmfence.so.1.0.0
7f44eb5d8000-7f44eb5dd000 r-xp 00000000 08:06 9708419                    /usr/lib/x86_64-linux-gnu/libxcb-sync.so.1.0.0
7f44eb5dd000-7f44eb7dc000 ---p 00005000 08:06 9708419                    /usr/lib/x86_64-linux-gnu/libxcb-sync.so.1.0.0
7f44eb7dc000-7f44eb7dd000 r--p 00004000 08:06 9708419                    /usr/lib/x86_64-linux-gnu/libxcb-sync.so.1.0.0
7f44eb7dd000-7f44eb7de000 rw-p 00005000 08:06 9708419                    /usr/lib/x86_64-linux-gnu/libxcb-sync.so.1.0.0
7f44eb7de000-7f44eb7e0000 r-xp 00000000 08:06 9708407                    /usr/lib/x86_64-linux-gnu/libxcb-present.so.0.0.0
7f44eb7e0000-7f44eb9df000 ---p 00002000 08:06 9708407                    /usr/lib/x86_64-linux-gnu/libxcb-present.so.0.0.0
7f44eb9df000-7f44eb9e0000 r--p 00001000 08:06 9708407                    /usr/lib/x86_64-linux-gnu/libxcb-present.so.0.0.0
7f44eb9e0000-7f44eb9e1000 rw-p 00002000 08:06 9708407                    /usr/lib/x86_64-linux-gnu/libxcb-present.so.0.0.0
7f44eb9e1000-7f44eb9e3000 r-xp 00000000 08:06 9708397                    /usr/lib/x86_64-linux-gnu/libxcb-dri3.so.0.0.0
7f44eb9e3000-7f44ebbe2000 ---p 00002000 08:06 9708397                    /usr/lib/x86_64-linux-gnu/libxcb-dri3.so.0.0.0
7f44ebbe2000-7f44ebbe3000 r--p 00001000 08:06 9708397                    /usr/lib/x86_64-linux-gnu/libxcb-dri3.so.0.0.0
7f44ebbe3000-7f44ebbe4000 rw-p 00002000 08:06 9708397                    /usr/lib/x86_64-linux-gnu/libxcb-dri3.so.0.0.0
7f44ebbe4000-7f44ebbe7000 r-xp 00000000 08:06 9708395                    /usr/lib/x86_64-linux-gnu/libxcb-dri2.so.0.0.0
7f44ebbe7000-7f44ebde7000 ---p 00003000 08:06 9708395                    /usr/lib/x86_64-linux-gnu/libxcb-dri2.so.0.0.0
7f44ebde7000-7f44ebde8000 r--p 00003000 08:06 9708395                    /usr/lib/x86_64-linux-gnu/libxcb-dri2.so.0.0.0
7f44ebde8000-7f44ebde9000 rw-p 00004000 08:06 9708395                    /usr/lib/x86_64-linux-gnu/libxcb-dri2.so.0.0.0
7f44ebde9000-7f44ebdfe000 r-xp 00000000 08:06 9708399                    /usr/lib/x86_64-linux-gnu/libxcb-glx.so.0.0.0
7f44ebdfe000-7f44ebffd000 ---p 00015000 08:06 9708399                    /usr/lib/x86_64-linux-gnu/libxcb-glx.so.0.0.0
7f44ebffd000-7f44ebfff000 r--p 00014000 08:06 9708399                    /usr/lib/x86_64-linux-gnu/libxcb-glx.so.0.0.0
7f44ebfff000-7f44ec000000 rw-p 00016000 08:06 9708399                    /usr/lib/x86_64-linux-gnu/libxcb-glx.so.0.0.0
7f44ec000000-7f44ec021000 rw-p 00000000 00:00 0 
7f44ec021000-7f44f0000000 ---p 00000000 00:00 0 
7f44f0000000-7f44f29d6000 rw-p 00000000 00:00 0 
7f44f29d6000-7f44f4000000 ---p 00000000 00:00 0 
7f44f4000000-7f44f551a000 rw-p 00000000 00:00 0 
7f44f551a000-7f44f8000000 ---p 00000000 00:00 0 
7f44f8000000-7f44f89bf000 rw-p 00000000 00:00 0 
7f44f89bf000-7f44fc000000 ---p 00000000 00:00 0 
7f44fc000000-7f44fc021000 rw-p 00000000 00:00 0 
7f44fc021000-7f4500000000 ---p 00000000 00:00 0 
7f4500000000-7f4500021000 rw-p 00000000 00:00 0 
7f4500021000-7f4504000000 ---p 00000000 00:00 0 
7f4504000000-7f4504021000 rw-p 00000000 00:00 0 
7f4504021000-7f4508000000 ---p 00000000 00:00 0 
7f4508000000-7f4508021000 rw-p 00000000 00:00 0 
7f4508021000-7f450c000000 ---p 00000000 00:00 0 
7f450c000000-7f450c021000 rw-p 00000000 00:00 0 
7f450c021000-7f4510000000 ---p 00000000 00:00 0 
7f4510007000-7f4510008000 r-xp 00000000 08:06 9707353                    /usr/lib/x86_64-linux-gnu/libX11-xcb.so.1.0.0
7f4510008000-7f4510207000 ---p 00001000 08:06 9707353                    /usr/lib/x86_64-linux-gnu/libX11-xcb.so.1.0.0
7f4510207000-7f4510208000 r--p 00000000 08:06 9707353                    /usr/lib/x86_64-linux-gnu/libX11-xcb.so.1.0.0
7f4510208000-7f4510209000 rw-p 00001000 08:06 9707353                    /usr/lib/x86_64-linux-gnu/libX11-xcb.so.1.0.0
7f4510209000-7f451020b000 r-xp 00000000 08:06 9707368                    /usr/lib/x86_64-linux-gnu/libXdamage.so.1.1.0
7f451020b000-7f451040a000 ---p 00002000 08:06 9707368                    /usr/lib/x86_64-linux-gnu/libXdamage.so.1.1.0
7f451040a000-7f451040b000 r--p 00001000 08:06 9707368                    /usr/lib/x86_64-linux-gnu/libXdamage.so.1.1.0
7f451040b000-7f451040c000 rw-p 00002000 08:06 9707368                    /usr/lib/x86_64-linux-gnu/libXdamage.so.1.1.0
7f451040c000-7f4510430000 r-xp 00000000 08:06 9707746                    /usr/lib/x86_64-linux-gnu/libglapi.so.0.0.0
7f4510430000-7f4510630000 ---p 00024000 08:06 9707746                    /usr/lib/x86_64-linux-gnu/libglapi.so.0.0.0
7f4510630000-7f4510633000 r--p 00024000 08:06 9707746                    /usr/lib/x86_64-linux-gnu/libglapi.so.0.0.0
7f4510633000-7f4510634000 rw-p 00027000 08:06 9707746                    /usr/lib/x86_64-linux-gnu/libglapi.so.0.0.0
7f4510634000-7f4510635000 rw-p 00000000 00:00 0 
7f4510635000-7f45106c1000 r-xp 00000000 08:06 10093997                   /usr/lib/x86_64-linux-gnu/mesa/libGL.so.1.2.0
7f45106c1000-7f45108c0000 ---p 0008c000 08:06 10093997                   /usr/lib/x86_64-linux-gnu/mesa/libGL.so.1.2.0
7f45108c0000-7f45108c3000 r--p 0008b000 08:06 10093997                   /usr/lib/x86_64-linux-gnu/mesa/libGL.so.1.2.0
7f45108c3000-7f45108c4000 rw-p 0008e000 08:06 10093997                   /usr/lib/x86_64-linux-gnu/mesa/libGL.so.1.2.0
7f45108c4000-7f45108c5000 rw-p 00000000 00:00 0 
7f45108c5000-7f45108cc000 r-xp 00000000 08:06 4325422                    /tmp/jogamp_0000/file_cache/jln1322650571779836841/jln8325612621523029576/libnativewindow_x11.so
7f45108cc000-7f4510acb000 ---p 00007000 08:06 4325422                    /tmp/jogamp_0000/file_cache/jln1322650571779836841/jln8325612621523029576/libnativewindow_x11.so
7f4510acb000-7f4510acc000 rw-p 00006000 08:06 4325422                    /tmp/jogamp_0000/file_cache/jln1322650571779836841/jln8325612621523029576/libnativewindow_x11.so
7f4510acc000-7f4510ad0000 r-xp 00000000 08:06 9707410                    /usr/lib/x86_64-linux-gnu/libXxf86vm.so.1.0.0
7f4510ad0000-7f4510cd0000 ---p 00004000 08:06 9707410                    /usr/lib/x86_64-linux-gnu/libXxf86vm.so.1.0.0
7f4510cd0000-7f4510cd1000 r--p 00004000 08:06 9707410                    /usr/lib/x86_64-linux-gnu/libXxf86vm.so.1.0.0
7f4510cd1000-7f4510cd2000 rw-p 00005000 08:06 9707410                    /usr/lib/x86_64-linux-gnu/libXxf86vm.so.1.0.0
7f4510cd2000-7f4510cd4000 r-xp 00000000 08:06 4325419                    /tmp/jogamp_0000/file_cache/jln1322650571779836841/jln8325612621523029576/libnativewindow_awt.so
7f4510cd4000-7f4510ed3000 ---p 00002000 08:06 4325419                    /tmp/jogamp_0000/file_cache/jln1322650571779836841/jln8325612621523029576/libnativewindow_awt.so
7f4510ed3000-7f4510ed4000 rw-p 00001000 08:06 4325419                    /tmp/jogamp_0000/file_cache/jln1322650571779836841/jln8325612621523029576/libnativewindow_awt.so
7f4510ed4000-7f4510ed5000 r-xp 00000000 08:06 1705755                    /usr/lib/jvm/java-7-openjdk-amd64/jre/lib/amd64/libjawt.so
7f4510ed5000-7f45110d4000 ---p 00001000 08:06 1705755                    /usr/lib/jvm/java-7-openjdk-amd64/jre/lib/amd64/libjawt.so
7f45110d4000-7f45110d5000 r--p 00000000 08:06 1705755                    /usr/lib/jvm/java-7-openjdk-amd64/jre/lib/amd64/libjawt.so
7f45110d5000-7f45110d6000 rw-p 00001000 08:06 1705755                    /usr/lib/jvm/java-7-openjdk-amd64/jre/lib/amd64/libjawt.so
7f45110d6000-7f45110d8000 r-xp 00000000 08:06 4325432                    /tmp/jogamp_0000/file_cache/jln1322650571779836841/jln8325612621523029576/libgluegen-rt.so
7f45110d8000-7f45112d7000 ---p 00002000 08:06 4325432                    /tmp/jogamp_0000/file_cache/jln1322650571779836841/jln8325612621523029576/libgluegen-rt.so
7f45112d7000-7f45112d8000 rw-p 00001000 08:06 4325432                    /tmp/jogamp_0000/file_cache/jln1322650571779836841/jln8325612621523029576/libgluegen-rt.so
7f45112d8000-7f45112db000 ---p 00000000 00:00 0 
7f45112db000-7f45113d9000 rw-p 00000000 00:00 0                          [stack:15391]
7f45113d9000-7f45113dc000 ---p 00000000 00:00 0 
7f45113dc000-7f45114da000 rw-p 00000000 00:00 0                          [stack:15392]
7f45114da000-7f45114dd000 ---p 00000000 00:00 0 
7f45114dd000-7f45115db000 rw-p 00000000 00:00 0                          [stack:15381]
7f45115db000-7f45115eb000 r-xp 00000000 08:06 1705761                    /usr/lib/jvm/java-7-openjdk-amd64/jre/lib/amd64/libnio.so
7f45115eb000-7f45117eb000 ---p 00010000 08:06 1705761                    /usr/lib/jvm/java-7-openjdk-amd64/jre/lib/amd64/libnio.so
7f45117eb000-7f45117ec000 r--p 00010000 08:06 1705761                    /usr/lib/jvm/java-7-openjdk-amd64/jre/lib/amd64/libnio.so
7f45117ec000-7f45117ed000 rw-p 00011000 08:06 1705761                    /usr/lib/jvm/java-7-openjdk-amd64/jre/lib/amd64/libnio.so
7f45117ed000-7f451183f000 r-xp 00000000 08:06 1705740                    /usr/lib/jvm/java-7-openjdk-amd64/jre/lib/amd64/libfontmanager.so
7f451183f000-7f4511a3e000 ---p 00052000 08:06 1705740                    /usr/lib/jvm/java-7-openjdk-amd64/jre/lib/amd64/libfontmanager.so
7f4511a3e000-7f4511a41000 r--p 00051000 08:06 1705740                    /usr/lib/jvm/java-7-openjdk-amd64/jre/lib/amd64/libfontmanager.so
7f4511a41000-7f4511a42000 rw-p 00054000 08:06 1705740                    /usr/lib/jvm/java-7-openjdk-amd64/jre/lib/amd64/libfontmanager.so
7f4511a42000-7f4511a45000 ---p 00000000 00:00 0 
7f4511a45000-7f4511b43000 rw-p 00000000 00:00 0                          [stack:15378]
7f4511b43000-7f4511b46000 ---p 00000000 00:00 0 
7f4511b46000-7f4511c44000 rw-p 00000000 00:00 0                          [stack:15377]
7f4511c44000-7f4511c47000 ---p 00000000 00:00 0 
7f4511c47000-7f4511d45000 rw-p 00000000 00:00 0                          [stack:15376]
7f4511d45000-7f4511d48000 ---p 00000000 00:00 0 
7f4511d48000-7f4511e46000 rw-p 00000000 00:00 0                          [stack:15374]
7f4511e46000-7f4511e4b000 r-xp 00000000 08:06 9699808                    /usr/lib/x86_64-linux-gnu/libXfixes.so.3.1.0
7f4511e4b000-7f451204a000 ---p 00005000 08:06 9699808                    /usr/lib/x86_64-linux-gnu/libXfixes.so.3.1.0
7f451204a000-7f451204b000 r--p 00004000 08:06 9699808                    /usr/lib/x86_64-linux-gnu/libXfixes.so.3.1.0
7f451204b000-7f451204c000 rw-p 00005000 08:06 9699808                    /usr/lib/x86_64-linux-gnu/libXfixes.so.3.1.0
7f451204c000-7f4512055000 r-xp 00000000 08:06 9707366                    /usr/lib/x86_64-linux-gnu/libXcursor.so.1.0.2
7f4512055000-7f4512254000 ---p 00009000 08:06 9707366                    /usr/lib/x86_64-linux-gnu/libXcursor.so.1.0.2
7f4512254000-7f4512255000 r--p 00008000 08:06 9707366                    /usr/lib/x86_64-linux-gnu/libXcursor.so.1.0.2
7f4512255000-7f4512256000 rw-p 00009000 08:06 9707366                    /usr/lib/x86_64-linux-gnu/libXcursor.so.1.0.2
7f4512256000-7f4512259000 ---p 00000000 00:00 0 
7f4512259000-7f4512357000 rw-p 00000000 00:00 0                          [stack:15373]
7f4512357000-7f451236e000 r-xp 00000000 08:06 1705756                    /usr/lib/jvm/java-7-openjdk-amd64/jre/lib/amd64/libnet.so
7f451236e000-7f451256d000 ---p 00017000 08:06 1705756                    /usr/lib/jvm/java-7-openjdk-amd64/jre/lib/amd64/libnet.so
7f451256d000-7f451256e000 r--p 00016000 08:06 1705756                    /usr/lib/jvm/java-7-openjdk-amd64/jre/lib/amd64/libnet.so
7f451256e000-7f451256f000 rw-p 00017000 08:06 1705756                    /usr/lib/jvm/java-7-openjdk-amd64/jre/lib/amd64/libnet.so
7f451256f000-7f4512573000 r-xp 00000000 08:06 8130528                    /lib/x86_64-linux-gnu/libgpg-error.so.0.10.0
7f4512573000-7f4512772000 ---p 00004000 08:06 8130528                    /lib/x86_64-linux-gnu/libgpg-error.so.0.10.0
7f4512772000-7f4512773000 r--p 00003000 08:06 8130528                    /lib/x86_64-linux-gnu/libgpg-error.so.0.10.0
7f4512773000-7f4512774000 rw-p 00004000 08:06 8130528                    /lib/x86_64-linux-gnu/libgpg-error.so.0.10.0
7f4512774000-7f4512776000 r-xp 00000000 08:06 8130538                    /lib/x86_64-linux-gnu/libkeyutils.so.1.4
7f4512776000-7f4512976000 ---p 00002000 08:06 8130538                    /lib/x86_64-linux-gnu/libkeyutils.so.1.4
7f4512976000-7f4512977000 r--p 00002000 08:06 8130538                    /lib/x86_64-linux-gnu/libkeyutils.so.1.4
7f4512977000-7f4512978000 rw-p 00003000 08:06 8130538                    /lib/x86_64-linux-gnu/libkeyutils.so.1.4
7f4512978000-7f45129b5000 r-xp 00000000 08:06 8132557                    /lib/x86_64-linux-gnu/libpcre.so.3.13.1
7f45129b5000-7f4512bb4000 ---p 0003d000 08:06 8132557                    /lib/x86_64-linux-gnu/libpcre.so.3.13.1
7f4512bb4000-7f4512bb5000 r--p 0003c000 08:06 8132557                    /lib/x86_64-linux-gnu/libpcre.so.3.13.1
7f4512bb5000-7f4512bb6000 rw-p 0003d000 08:06 8132557                    /lib/x86_64-linux-gnu/libpcre.so.3.13.1
7f4512bb6000-7f4512bdb000 r-xp 00000000 08:06 8130610                    /lib/x86_64-linux-gnu/libpng12.so.0.50.0
7f4512bdb000-7f4512dda000 ---p 00025000 08:06 8130610                    /lib/x86_64-linux-gnu/libpng12.so.0.50.0
7f4512dda000-7f4512ddb000 r--p 00024000 08:06 8130610                    /lib/x86_64-linux-gnu/libpng12.so.0.50.0
7f4512ddb000-7f4512ddc000 rw-p 00025000 08:06 8130610                    /lib/x86_64-linux-gnu/libpng12.so.0.50.0
7f4512ddc000-7f4512e20000 r-xp 00000000 08:06 8130509                    /lib/x86_64-linux-gnu/libdbus-1.so.3.7.6
7f4512e20000-7f451301f000 ---p 00044000 08:06 8130509                    /lib/x86_64-linux-gnu/libdbus-1.so.3.7.6
7f451301f000-7f4513020000 r--p 00043000 08:06 8130509                    /lib/x86_64-linux-gnu/libdbus-1.so.3.7.6
7f4513020000-7f4513021000 rw-p 00044000 08:06 8130509                    /lib/x86_64-linux-gnu/libdbus-1.so.3.7.6
7f4513021000-7f451305c000 r-xp 00000000 08:06 9708086                    /usr/lib/x86_64-linux-gnu/libp11-kit.so.0.0.0
7f451305c000-7f451325b000 ---p 0003b000 08:06 9708086                    /usr/lib/x86_64-linux-gnu/libp11-kit.so.0.0.0
7f451325b000-7f4513261000 r--p 0003a000 08:06 9708086                    /usr/lib/x86_64-linux-gnu/libp11-kit.so.0.0.0
7f4513261000-7f4513263000 rw-p 00040000 08:06 9708086                    /usr/lib/x86_64-linux-gnu/libp11-kit.so.0.0.0
7f4513263000-7f4513275000 r-xp 00000000 08:06 9699371                    /usr/lib/x86_64-linux-gnu/libtasn1.so.6.2.0
7f4513275000-7f4513475000 ---p 00012000 08:06 9699371                    /usr/lib/x86_64-linux-gnu/libtasn1.so.6.2.0
7f4513475000-7f4513476000 r--p 00012000 08:06 9699371                    /usr/lib/x86_64-linux-gnu/libtasn1.so.6.2.0
7f4513476000-7f4513477000 rw-p 00013000 08:06 9699371                    /usr/lib/x86_64-linux-gnu/libtasn1.so.6.2.0
7f4513477000-7f45134f3000 r-xp 00000000 08:06 8130502                    /lib/x86_64-linux-gnu/libgcrypt.so.11.8.2
7f45134f3000-7f45136f3000 ---p 0007c000 08:06 8130502                    /lib/x86_64-linux-gnu/libgcrypt.so.11.8.2
7f45136f3000-7f45136f4000 r--p 0007c000 08:06 8130502                    /lib/x86_64-linux-gnu/libgcrypt.so.11.8.2
7f45136f4000-7f45136f7000 rw-p 0007d000 08:06 8130502                    /lib/x86_64-linux-gnu/libgcrypt.so.11.8.2
7f45136f7000-7f4513701000 r-xp 00000000 08:06 9707969                    /usr/lib/x86_64-linux-gnu/libkrb5support.so.0.1
7f4513701000-7f4513900000 ---p 0000a000 08:06 9707969                    /usr/lib/x86_64-linux-gnu/libkrb5support.so.0.1
7f4513900000-7f4513901000 r--p 00009000 08:06 9707969                    /usr/lib/x86_64-linux-gnu/libkrb5support.so.0.1
7f4513901000-7f4513902000 rw-p 0000a000 08:06 9707969                    /usr/lib/x86_64-linux-gnu/libkrb5support.so.0.1
7f4513902000-7f4513905000 r-xp 00000000 08:06 8130472                    /lib/x86_64-linux-gnu/libcom_err.so.2.1
7f4513905000-7f4513b04000 ---p 00003000 08:06 8130472                    /lib/x86_64-linux-gnu/libcom_err.so.2.1
7f4513b04000-7f4513b05000 r--p 00002000 08:06 8130472                    /lib/x86_64-linux-gnu/libcom_err.so.2.1
7f4513b05000-7f4513b06000 rw-p 00003000 08:06 8130472                    /lib/x86_64-linux-gnu/libcom_err.so.2.1
7f4513b06000-7f4513b32000 r-xp 00000000 08:06 9707963                    /usr/lib/x86_64-linux-gnu/libk5crypto.so.3.1
7f4513b32000-7f4513d31000 ---p 0002c000 08:06 9707963                    /usr/lib/x86_64-linux-gnu/libk5crypto.so.3.1
7f4513d31000-7f4513d33000 r--p 0002b000 08:06 9707963                    /usr/lib/x86_64-linux-gnu/libk5crypto.so.3.1
7f4513d33000-7f4513d34000 rw-p 0002d000 08:06 9707963                    /usr/lib/x86_64-linux-gnu/libk5crypto.so.3.1
7f4513d34000-7f4513d35000 rw-p 00000000 00:00 0 
7f4513d35000-7f4513df1000 r-xp 00000000 08:06 9707967                    /usr/lib/x86_64-linux-gnu/libkrb5.so.3.3
7f4513df1000-7f4513ff1000 ---p 000bc000 08:06 9707967                    /usr/lib/x86_64-linux-gnu/libkrb5.so.3.3
7f4513ff1000-7f4513ffe000 r--p 000bc000 08:06 9707967                    /usr/lib/x86_64-linux-gnu/libkrb5.so.3.3
7f4513ffe000-7f4514000000 rw-p 000c9000 08:06 9707967                    /usr/lib/x86_64-linux-gnu/libkrb5.so.3.3
7f4514000000-7f4514021000 rw-p 00000000 00:00 0 
7f4514021000-7f4518000000 ---p 00000000 00:00 0 
7f4518000000-7f4518021000 rw-p 00000000 00:00 0 
7f4518021000-7f451c000000 ---p 00000000 00:00 0 
7f451c000000-7f451c21b000 rw-p 00000000 00:00 0 
7f451c21b000-7f4520000000 ---p 00000000 00:00 0 
7f4520000000-7f452024f000 rw-p 00000000 00:00 0 
7f452024f000-7f4524000000 ---p 00000000 00:00 0 
7f4524000000-7f4524021000 rw-p 00000000 00:00 0 
7f4524021000-7f4528000000 ---p 00000000 00:00 0 
7f4528000000-7f4528021000 rw-p 00000000 00:00 0 
7f4528021000-7f452c000000 ---p 00000000 00:00 0 
7f452c000000-7f452c021000 rw-p 00000000 00:00 0 
7f452c021000-7f4530000000 ---p 00000000 00:00 0 
7f4530000000-7f4530021000 rw-p 00000000 00:00 0 
7f4530021000-7f4534000000 ---p 00000000 00:00 0 
7f4534000000-7f4534021000 rw-p 00000000 00:00 0 
7f4534021000-7f4538000000 ---p 00000000 00:00 0 
7f4538007000-7f453800f000 rw-s 00000000 00:04 270212                     /drm mm object (deleted)
7f453800f000-7f4538010000 rwxp 00000000 00:00 0 
7f4538010000-7f4538011000 rw-p 00000000 00:00 0 
7f4538011000-7f4538012000 rw-s 00000000 00:04 273608                     /drm mm object (deleted)
7f4538012000-7f4538013000 rw-s 00000000 00:04 273597                     /drm mm object (deleted)
7f4538013000-7f4538014000 rw-s 00000000 00:04 270219                     /drm mm object (deleted)
7f4538014000-7f4538015000 rw-s 00000000 00:04 273584                     /drm mm object (deleted)
7f4538015000-7f4538016000 rw-s 00000000 00:04 273577                     /drm mm object (deleted)
7f4538016000-7f4538017000 rw-s 00000000 00:04 270213                     /drm mm object (deleted)
7f4538017000-7f4538018000 rw-s 00000000 00:04 273563                     /drm mm object (deleted)
7f4538018000-7f4538020000 rw-s 00000000 00:04 274735                     /drm mm object (deleted)
7f4538020000-7f4538021000 rw-s 00000000 00:04 274732                     /drm mm object (deleted)
7f4538021000-7f4538029000 rw-s 00000000 00:04 274731                     /drm mm object (deleted)
7f4538029000-7f453802c000 ---p 00000000 00:00 0 
7f453802c000-7f4538062000 rw-p 00000000 00:00 0                          [stack:15386]
7f4538062000-7f453806c000 r--s 000ae000 08:06 1314158                    /usr/lib/jvm/java-7-openjdk-amd64/jre/lib/resources.jar
7f453806c000-7f453809d000 rw-p 00000000 00:00 0 
7f453809d000-7f45380a2000 r-xp 00000000 08:06 9707370                    /usr/lib/x86_64-linux-gnu/libXdmcp.so.6.0.0
7f45380a2000-7f45382a1000 ---p 00005000 08:06 9707370                    /usr/lib/x86_64-linux-gnu/libXdmcp.so.6.0.0
7f45382a1000-7f45382a2000 r--p 00004000 08:06 9707370                    /usr/lib/x86_64-linux-gnu/libXdmcp.so.6.0.0
7f45382a2000-7f45382a3000 rw-p 00005000 08:06 9707370                    /usr/lib/x86_64-linux-gnu/libXdmcp.so.6.0.0
7f45382a3000-7f45382a5000 r-xp 00000000 08:06 9707359                    /usr/lib/x86_64-linux-gnu/libXau.so.6.0.0
7f45382a5000-7f45384a5000 ---p 00002000 08:06 9707359                    /usr/lib/x86_64-linux-gnu/libXau.so.6.0.0
7f45384a5000-7f45384a6000 r--p 00002000 08:06 9707359                    /usr/lib/x86_64-linux-gnu/libXau.so.6.0.0
7f45384a6000-7f45384a7000 rw-p 00003000 08:06 9707359                    /usr/lib/x86_64-linux-gnu/libXau.so.6.0.0
7f45384a7000-7f45384ae000 r-xp 00000000 08:06 9707641                    /usr/lib/x86_64-linux-gnu/libffi.so.6.0.1
7f45384ae000-7f45386ad000 ---p 00007000 08:06 9707641                    /usr/lib/x86_64-linux-gnu/libffi.so.6.0.1
7f45386ad000-7f45386ae000 r--p 00006000 08:06 9707641                    /usr/lib/x86_64-linux-gnu/libffi.so.6.0.1
7f45386ae000-7f45386af000 rw-p 00007000 08:06 9707641                    /usr/lib/x86_64-linux-gnu/libffi.so.6.0.1
7f45386af000-7f45386c6000 r-xp 00000000 08:06 8126469                    /lib/x86_64-linux-gnu/libresolv-2.19.so
7f45386c6000-7f45388c6000 ---p 00017000 08:06 8126469                    /lib/x86_64-linux-gnu/libresolv-2.19.so
7f45388c6000-7f45388c7000 r--p 00017000 08:06 8126469                    /lib/x86_64-linux-gnu/libresolv-2.19.so
7f45388c7000-7f45388c8000 rw-p 00018000 08:06 8126469                    /lib/x86_64-linux-gnu/libresolv-2.19.so
7f45388c8000-7f45388ca000 rw-p 00000000 00:00 0 
7f45388ca000-7f45388ea000 r-xp 00000000 08:06 8130625                    /lib/x86_64-linux-gnu/libselinux.so.1
7f45388ea000-7f4538ae9000 ---p 00020000 08:06 8130625                    /lib/x86_64-linux-gnu/libselinux.so.1
7f4538ae9000-7f4538aea000 r--p 0001f000 08:06 8130625                    /lib/x86_64-linux-gnu/libselinux.so.1
7f4538aea000-7f4538aeb000 rw-p 00020000 08:06 8130625                    /lib/x86_64-linux-gnu/libselinux.so.1
7f4538aeb000-7f4538aed000 rw-p 00000000 00:00 0 
7f4538aed000-7f4538bf3000 r-xp 00000000 08:06 8130526                    /lib/x86_64-linux-gnu/libglib-2.0.so.0.4002.0
7f4538bf3000-7f4538df2000 ---p 00106000 08:06 8130526                    /lib/x86_64-linux-gnu/libglib-2.0.so.0.4002.0
7f4538df2000-7f4538df3000 r--p 00105000 08:06 8130526                    /lib/x86_64-linux-gnu/libglib-2.0.so.0.4002.0
7f4538df3000-7f4538df4000 rw-p 00106000 08:06 8130526                    /lib/x86_64-linux-gnu/libglib-2.0.so.0.4002.0
7f4538df4000-7f4538df5000 rw-p 00000000 00:00 0 
7f4538df5000-7f4538df8000 r-xp 00000000 08:06 9707754                    /usr/lib/x86_64-linux-gnu/libgmodule-2.0.so.0.4002.0
7f4538df8000-7f4538ff7000 ---p 00003000 08:06 9707754                    /usr/lib/x86_64-linux-gnu/libgmodule-2.0.so.0.4002.0
7f4538ff7000-7f4538ff8000 r--p 00002000 08:06 9707754                    /usr/lib/x86_64-linux-gnu/libgmodule-2.0.so.0.4002.0
7f4538ff8000-7f4538ff9000 rw-p 00003000 08:06 9707754                    /usr/lib/x86_64-linux-gnu/libgmodule-2.0.so.0.4002.0
7f4538ff9000-7f4539020000 r-xp 00000000 08:06 8131913                    /lib/x86_64-linux-gnu/libexpat.so.1.6.0
7f4539020000-7f4539220000 ---p 00027000 08:06 8131913                    /lib/x86_64-linux-gnu/libexpat.so.1.6.0
7f4539220000-7f4539222000 r--p 00027000 08:06 8131913                    /lib/x86_64-linux-gnu/libexpat.so.1.6.0
7f4539222000-7f4539223000 rw-p 00029000 08:06 8131913                    /lib/x86_64-linux-gnu/libexpat.so.1.6.0
7f4539223000-7f45392c0000 r-xp 00000000 08:06 9699821                    /usr/lib/x86_64-linux-gnu/libfreetype.so.6.11.1
7f45392c0000-7f45394bf000 ---p 0009d000 08:06 9699821                    /usr/lib/x86_64-linux-gnu/libfreetype.so.6.11.1
7f45394bf000-7f45394c5000 r--p 0009c000 08:06 9699821                    /usr/lib/x86_64-linux-gnu/libfreetype.so.6.11.1
7f45394c5000-7f45394c6000 rw-p 000a2000 08:06 9699821                    /usr/lib/x86_64-linux-gnu/libfreetype.so.6.11.1
7f45394c6000-7f45394d5000 r-xp 00000000 08:06 9707463                    /usr/lib/x86_64-linux-gnu/libavahi-client.so.3.2.9
7f45394d5000-7f45396d5000 ---p 0000f000 08:06 9707463                    /usr/lib/x86_64-linux-gnu/libavahi-client.so.3.2.9
7f45396d5000-7f45396d6000 r--p 0000f000 08:06 9707463                    /usr/lib/x86_64-linux-gnu/libavahi-client.so.3.2.9
7f45396d6000-7f45396d7000 rw-p 00010000 08:06 9707463                    /usr/lib/x86_64-linux-gnu/libavahi-client.so.3.2.9
7f45396d7000-7f45396e2000 r-xp 00000000 08:06 9707465                    /usr/lib/x86_64-linux-gnu/libavahi-common.so.3.5.3
7f45396e2000-7f45398e1000 ---p 0000b000 08:06 9707465                    /usr/lib/x86_64-linux-gnu/libavahi-common.so.3.5.3
7f45398e1000-7f45398e2000 r--p 0000a000 08:06 9707465                    /usr/lib/x86_64-linux-gnu/libavahi-common.so.3.5.3
7f45398e2000-7f45398e3000 rw-p 0000b000 08:06 9707465                    /usr/lib/x86_64-linux-gnu/libavahi-common.so.3.5.3
7f45398e3000-7f4539999000 r-xp 00000000 08:06 9699378                    /usr/lib/x86_64-linux-gnu/libgnutls.so.26.22.6
7f4539999000-7f4539b99000 ---p 000b6000 08:06 9699378                    /usr/lib/x86_64-linux-gnu/libgnutls.so.26.22.6
7f4539b99000-7f4539b9f000 r--p 000b6000 08:06 9699378                    /usr/lib/x86_64-linux-gnu/libgnutls.so.26.22.6
7f4539b9f000-7f4539ba0000 rw-p 000bc000 08:06 9699378                    /usr/lib/x86_64-linux-gnu/libgnutls.so.26.22.6
7f4539ba0000-7f4539ba1000 rw-p 00000000 00:00 0 
7f4539ba1000-7f4539be4000 r-xp 00000000 08:06 9707797                    /usr/lib/x86_64-linux-gnu/libgssapi_krb5.so.2.2
7f4539be4000-7f4539de4000 ---p 00043000 08:06 9707797                    /usr/lib/x86_64-linux-gnu/libgssapi_krb5.so.2.2
7f4539de4000-7f4539de5000 r--p 00043000 08:06 9707797                    /usr/lib/x86_64-linux-gnu/libgssapi_krb5.so.2.2
7f4539de5000-7f4539de7000 rw-p 00044000 08:06 9707797                    /usr/lib/x86_64-linux-gnu/libgssapi_krb5.so.2.2
7f4539de7000-7f4539e04000 r-xp 00000000 08:06 9708427                    /usr/lib/x86_64-linux-gnu/libxcb.so.1.1.0
7f4539e04000-7f453a004000 ---p 0001d000 08:06 9708427                    /usr/lib/x86_64-linux-gnu/libxcb.so.1.1.0
7f453a004000-7f453a005000 r--p 0001d000 08:06 9708427                    /usr/lib/x86_64-linux-gnu/libxcb.so.1.1.0
7f453a005000-7f453a006000 rw-p 0001e000 08:06 9708427                    /usr/lib/x86_64-linux-gnu/libxcb.so.1.1.0
7f453a006000-7f453a055000 r-xp 00000000 08:06 9707770                    /usr/lib/x86_64-linux-gnu/libgobject-2.0.so.0.4002.0
7f453a055000-7f453a255000 ---p 0004f000 08:06 9707770                    /usr/lib/x86_64-linux-gnu/libgobject-2.0.so.0.4002.0
7f453a255000-7f453a256000 r--p 0004f000 08:06 9707770                    /usr/lib/x86_64-linux-gnu/libgobject-2.0.so.0.4002.0
7f453a256000-7f453a257000 rw-p 00050000 08:06 9707770                    /usr/lib/x86_64-linux-gnu/libgobject-2.0.so.0.4002.0
7f453a257000-7f453a3c3000 r-xp 00000000 08:06 9707742                    /usr/lib/x86_64-linux-gnu/libgio-2.0.so.0.4002.0
7f453a3c3000-7f453a5c2000 ---p 0016c000 08:06 9707742                    /usr/lib/x86_64-linux-gnu/libgio-2.0.so.0.4002.0
7f453a5c2000-7f453a5c6000 r--p 0016b000 08:06 9707742                    /usr/lib/x86_64-linux-gnu/libgio-2.0.so.0.4002.0
7f453a5c6000-7f453a5c8000 rw-p 0016f000 08:06 9707742                    /usr/lib/x86_64-linux-gnu/libgio-2.0.so.0.4002.0
7f453a5c8000-7f453a5ca000 rw-p 00000000 00:00 0 
7f453a5ca000-7f453a604000 r-xp 00000000 08:06 9707655                    /usr/lib/x86_64-linux-gnu/libfontconfig.so.1.8.0
7f453a604000-7f453a803000 ---p 0003a000 08:06 9707655                    /usr/lib/x86_64-linux-gnu/libfontconfig.so.1.8.0
7f453a803000-7f453a805000 r--p 00039000 08:06 9707655                    /usr/lib/x86_64-linux-gnu/libfontconfig.so.1.8.0
7f453a805000-7f453a806000 rw-p 0003b000 08:06 9707655                    /usr/lib/x86_64-linux-gnu/libfontconfig.so.1.8.0
7f453a806000-7f453a872000 r-xp 00000000 08:06 9699450                    /usr/lib/x86_64-linux-gnu/libcups.so.2
7f453a872000-7f453aa72000 ---p 0006c000 08:06 9699450                    /usr/lib/x86_64-linux-gnu/libcups.so.2
7f453aa72000-7f453aa79000 r--p 0006c000 08:06 9699450                    /usr/lib/x86_64-linux-gnu/libcups.so.2
7f453aa79000-7f453aa7a000 rw-p 00073000 08:06 9699450                    /usr/lib/x86_64-linux-gnu/libcups.so.2
7f453aa7a000-7f453aa89000 r-xp 00000000 08:06 9703061                    /usr/lib/x86_64-linux-gnu/libXi.so.6.1.0
7f453aa89000-7f453ac88000 ---p 0000f000 08:06 9703061                    /usr/lib/x86_64-linux-gnu/libXi.so.6.1.0
7f453ac88000-7f453ac89000 r--p 0000e000 08:06 9703061                    /usr/lib/x86_64-linux-gnu/libXi.so.6.1.0
7f453ac89000-7f453ac8a000 rw-p 0000f000 08:06 9703061                    /usr/lib/x86_64-linux-gnu/libXi.so.6.1.0
7f453ac8a000-7f453ac8f000 r-xp 00000000 08:06 9707400                    /usr/lib/x86_64-linux-gnu/libXtst.so.6.1.0
7f453ac8f000-7f453ae8e000 ---p 00005000 08:06 9707400                    /usr/lib/x86_64-linux-gnu/libXtst.so.6.1.0
7f453ae8e000-7f453ae8f000 r--p 00004000 08:06 9707400                    /usr/lib/x86_64-linux-gnu/libXtst.so.6.1.0
7f453ae8f000-7f453ae90000 rw-p 00005000 08:06 9707400                    /usr/lib/x86_64-linux-gnu/libXtst.so.6.1.0
7f453ae90000-7f453ae99000 r-xp 00000000 08:06 9703063                    /usr/lib/x86_64-linux-gnu/libXrender.so.1.3.0
7f453ae99000-7f453b098000 ---p 00009000 08:06 9703063                    /usr/lib/x86_64-linux-gnu/libXrender.so.1.3.0
7f453b098000-7f453b099000 r--p 00008000 08:06 9703063                    /usr/lib/x86_64-linux-gnu/libXrender.so.1.3.0
7f453b099000-7f453b09a000 rw-p 00009000 08:06 9703063                    /usr/lib/x86_64-linux-gnu/libXrender.so.1.3.0
7f453b09a000-7f453b1ca000 r-xp 00000000 08:06 9707355                    /usr/lib/x86_64-linux-gnu/libX11.so.6.3.0
7f453b1ca000-7f453b3ca000 ---p 00130000 08:06 9707355                    /usr/lib/x86_64-linux-gnu/libX11.so.6.3.0
7f453b3ca000-7f453b3cb000 r--p 00130000 08:06 9707355                    /usr/lib/x86_64-linux-gnu/libX11.so.6.3.0
7f453b3cb000-7f453b3cf000 rw-p 00131000 08:06 9707355                    /usr/lib/x86_64-linux-gnu/libX11.so.6.3.0
7f453b3cf000-7f453b3e0000 r-xp 00000000 08:06 9700536                    /usr/lib/x86_64-linux-gnu/libXext.so.6.4.0
7f453b3e0000-7f453b5df000 ---p 00011000 08:06 9700536                    /usr/lib/x86_64-linux-gnu/libXext.so.6.4.0
7f453b5df000-7f453b5e0000 r--p 00010000 08:06 9700536                    /usr/lib/x86_64-linux-gnu/libXext.so.6.4.0
7f453b5e0000-7f453b5e1000 rw-p 00011000 08:06 9700536                    /usr/lib/x86_64-linux-gnu/libXext.so.6.4.0
7f453b5e1000-7f453b629000 r-xp 00000000 08:06 1705841                    /usr/lib/jvm/java-7-openjdk-amd64/jre/lib/amd64/xawt/libmawt.so
7f453b629000-7f453b828000 ---p 00048000 08:06 1705841                    /usr/lib/jvm/java-7-openjdk-amd64/jre/lib/amd64/xawt/libmawt.so
7f453b828000-7f453b829000 r--p 00047000 08:06 1705841                    /usr/lib/jvm/java-7-openjdk-amd64/jre/lib/amd64/xawt/libmawt.so
7f453b829000-7f453b82c000 rw-p 00048000 08:06 1705841                    /usr/lib/jvm/java-7-openjdk-amd64/jre/lib/amd64/xawt/libmawt.so
7f453b82c000-7f453b82d000 rw-p 00000000 00:00 0 
7f453b82d000-7f453b8cd000 r-xp 00000000 08:06 1705742                    /usr/lib/jvm/java-7-openjdk-amd64/jre/lib/amd64/libawt.so
7f453b8cd000-7f453bacd000 ---p 000a0000 08:06 1705742                    /usr/lib/jvm/java-7-openjdk-amd64/jre/lib/amd64/libawt.so
7f453bacd000-7f453bace000 r--p 000a0000 08:06 1705742                    /usr/lib/jvm/java-7-openjdk-amd64/jre/lib/amd64/libawt.so
7f453bace000-7f453bad9000 rw-p 000a1000 08:06 1705742                    /usr/lib/jvm/java-7-openjdk-amd64/jre/lib/amd64/libawt.so
7f453bad9000-7f453bafe000 rw-p 00000000 00:00 0 
7f453bafe000-7f453baff000 ---p 00000000 00:00 0 
7f453baff000-7f453bbff000 rw-p 00000000 00:00 0                          [stack:15371]
7f453bbff000-7f453bc02000 ---p 00000000 00:00 0 
7f453bc02000-7f4540000000 rw-p 00000000 00:00 0                          [stack:15370]
7f4540000000-7f4540021000 rw-p 00000000 00:00 0 
7f4540021000-7f4544000000 ---p 00000000 00:00 0 
7f4544000000-7f4544021000 rw-p 00000000 00:00 0 
7f4544021000-7f4548000000 ---p 00000000 00:00 0 
7f4548000000-7f4548021000 rw-p 00000000 00:00 0 
7f4548021000-7f454c000000 ---p 00000000 00:00 0 
7f454c000000-7f454c001000 r--s 0002f000 08:06 8394805                    /home/zax/workspace/UCSDUnfoldingMaps/lib/jogl-all-natives-linux-amd64.jar
7f454c001000-7f454c003000 r--s 00000000 08:06 8394792                    /home/zax/workspace/UCSDUnfoldingMaps/lib/gluegen-rt-natives-linux-amd64.jar
7f454c003000-7f454c004000 r--p 00000000 00:00 0 
7f454c004000-7f454c009000 r--s 0004d000 08:06 1314162                    /usr/lib/jvm/java-7-openjdk-amd64/jre/lib/jsse.jar
7f454c009000-7f454c00f000 r--s 00033000 08:06 8394806                    /home/zax/workspace/UCSDUnfoldingMaps/lib/unfolding.0.9.7-uscd.jar
7f454c00f000-7f454c010000 r--s 00005000 08:06 8394802                    /home/zax/workspace/UCSDUnfoldingMaps/lib/libTUIO.jar
7f454c010000-7f454c015000 r--s 00309000 08:06 8394789                    /home/zax/workspace/UCSDUnfoldingMaps/lib/sqlite-jdbc-3.7.2.jar
7f454c015000-7f454c018000 ---p 00000000 00:00 0 
7f454c018000-7f454c116000 rw-p 00000000 00:00 0                          [stack:15369]
7f454c116000-7f454c119000 ---p 00000000 00:00 0 
7f454c119000-7f454c217000 rw-p 00000000 00:00 0                          [stack:15368]
7f454c217000-7f454c21a000 ---p 00000000 00:00 0 
7f454c21a000-7f454c318000 rw-p 00000000 00:00 0                          [stack:15367]
7f454c318000-7f454c9fa000 r--p 00000000 08:06 9706356                    /usr/lib/locale/locale-archive
7f454c9fa000-7f454c9fd000 ---p 00000000 00:00 0 
7f454c9fd000-7f454cafb000 rw-p 00000000 00:00 0                          [stack:15366]
7f454cafb000-7f454cafe000 ---p 00000000 00:00 0 
7f454cafe000-7f454cbfc000 rw-p 00000000 00:00 0                          [stack:15365]
7f454cbfc000-7f454cbfd000 ---p 00000000 00:00 0 
7f454cbfd000-7f454d000000 rw-p 00000000 00:00 0                          [stack:15364]
7f454d000000-7f454d270000 rwxp 00000000 00:00 0 
7f454d270000-7f4550293000 rw-p 00000000 00:00 0 
7f4550293000-7f4554000000 ---p 00000000 00:00 0 
7f4554000000-7f4554001000 r--s 00007000 08:06 8394794                    /home/zax/workspace/UCSDUnfoldingMaps/lib/json4processing.jar
7f4554001000-7f4554008000 r--s 00059000 08:06 8394793                    /home/zax/workspace/UCSDUnfoldingMaps/lib/log4j-1.2.15.jar
7f4554008000-7f455402b000 r--s 002ec000 08:06 8394800                    /home/zax/workspace/UCSDUnfoldingMaps/lib/jogl-all.jar
7f455402b000-7f4554031000 r--s 00041000 08:06 8394804                    /home/zax/workspace/UCSDUnfoldingMaps/lib/gluegen-rt.jar
7f4554031000-7f4554035000 r--s 0009a000 08:06 8394798                    /home/zax/workspace/UCSDUnfoldingMaps/lib/core.jar
7f4554035000-7f4554039000 r--s 0003c000 08:06 1578537                    /usr/lib/jvm/java-7-openjdk-amd64/jre/lib/ext/sunpkcs11.jar
7f4554039000-7f455403d000 r--s 00085000 08:06 1578534                    /usr/lib/jvm/java-7-openjdk-amd64/jre/lib/ext/localedata.jar
7f455403d000-7f4554d16000 rw-p 00000000 00:00 0 
7f4554d16000-7f4554ec7000 r--s 01d29000 08:06 1314155                    /usr/lib/jvm/java-7-openjdk-amd64/jre/lib/rt.jar
7f4554ec7000-7f455541a000 rw-p 00000000 00:00 0 
7f455541a000-7f455541b000 ---p 00000000 00:00 0 
7f455541b000-7f455551b000 rw-p 00000000 00:00 0                          [stack:15359]
7f455551b000-7f455551c000 ---p 00000000 00:00 0 
7f455551c000-7f455561c000 rw-p 00000000 00:00 0                          [stack:15358]
7f455561c000-7f455561d000 ---p 00000000 00:00 0 
7f455561d000-7f455571d000 rw-p 00000000 00:00 0                          [stack:15357]
7f455571d000-7f455571e000 ---p 00000000 00:00 0 
7f455571e000-7f4555829000 rw-p 00000000 00:00 0                          [stack:15356]
7f4555829000-7f4555871000 rw-p 00000000 00:00 0 
7f4555871000-7f455589a000 rw-p 00000000 00:00 0 
7f455589a000-7f4555b05000 rw-p 00000000 00:00 0 
7f4555b05000-7f4555b10000 rw-p 00000000 00:00 0 
7f4555b10000-7f4555b58000 rw-p 00000000 00:00 0 
7f4555b58000-7f4555b81000 rw-p 00000000 00:00 0 
7f4555b81000-7f4555deb000 rw-p 00000000 00:00 0 
7f4555deb000-7f4555e00000 rw-p 00000000 00:00 0 
7f4555e00000-7f4555f35000 rw-p 00000000 00:00 0 
7f4555f35000-7f4555f36000 rw-p 00000000 00:00 0 
7f4555f36000-7f4555f3e000 r-xp 00000000 08:06 1705727                    /usr/lib/jvm/java-7-openjdk-amd64/jre/lib/amd64/libzip.so
7f4555f3e000-7f455613d000 ---p 00008000 08:06 1705727                    /usr/lib/jvm/java-7-openjdk-amd64/jre/lib/amd64/libzip.so
7f455613d000-7f455613e000 r--p 00007000 08:06 1705727                    /usr/lib/jvm/java-7-openjdk-amd64/jre/lib/amd64/libzip.so
7f455613e000-7f455613f000 rw-p 00008000 08:06 1705727                    /usr/lib/jvm/java-7-openjdk-amd64/jre/lib/amd64/libzip.so
7f455613f000-7f455614a000 r-xp 00000000 08:06 8126483                    /lib/x86_64-linux-gnu/libnss_files-2.19.so
7f455614a000-7f4556349000 ---p 0000b000 08:06 8126483                    /lib/x86_64-linux-gnu/libnss_files-2.19.so
7f4556349000-7f455634a000 r--p 0000a000 08:06 8126483                    /lib/x86_64-linux-gnu/libnss_files-2.19.so
7f455634a000-7f455634b000 rw-p 0000b000 08:06 8126483                    /lib/x86_64-linux-gnu/libnss_files-2.19.so
7f455634b000-7f4556356000 r-xp 00000000 08:06 8130425                    /lib/x86_64-linux-gnu/libnss_nis-2.19.so
7f4556356000-7f4556555000 ---p 0000b000 08:06 8130425                    /lib/x86_64-linux-gnu/libnss_nis-2.19.so
7f4556555000-7f4556556000 r--p 0000a000 08:06 8130425                    /lib/x86_64-linux-gnu/libnss_nis-2.19.so
7f4556556000-7f4556557000 rw-p 0000b000 08:06 8130425                    /lib/x86_64-linux-gnu/libnss_nis-2.19.so
7f4556557000-7f455656e000 r-xp 00000000 08:06 8126558                    /lib/x86_64-linux-gnu/libnsl-2.19.so
7f455656e000-7f455676d000 ---p 00017000 08:06 8126558                    /lib/x86_64-linux-gnu/libnsl-2.19.so
7f455676d000-7f455676e000 r--p 00016000 08:06 8126558                    /lib/x86_64-linux-gnu/libnsl-2.19.so
7f455676e000-7f455676f000 rw-p 00017000 08:06 8126558                    /lib/x86_64-linux-gnu/libnsl-2.19.so
7f455676f000-7f4556771000 rw-p 00000000 00:00 0 
7f4556771000-7f455677a000 r-xp 00000000 08:06 8126557                    /lib/x86_64-linux-gnu/libnss_compat-2.19.so
7f455677a000-7f4556979000 ---p 00009000 08:06 8126557                    /lib/x86_64-linux-gnu/libnss_compat-2.19.so
7f4556979000-7f455697a000 r--p 00008000 08:06 8126557                    /lib/x86_64-linux-gnu/libnss_compat-2.19.so
7f455697a000-7f455697b000 rw-p 00009000 08:06 8126557                    /lib/x86_64-linux-gnu/libnss_compat-2.19.so
7f455697b000-7f45569a6000 r-xp 00000000 08:06 1705764                    /usr/lib/jvm/java-7-openjdk-amd64/jre/lib/amd64/libjava.so
7f45569a6000-7f4556ba5000 ---p 0002b000 08:06 1705764                    /usr/lib/jvm/java-7-openjdk-amd64/jre/lib/amd64/libjava.so
7f4556ba5000-7f4556ba6000 r--p 0002a000 08:06 1705764                    /usr/lib/jvm/java-7-openjdk-amd64/jre/lib/amd64/libjava.so
7f4556ba6000-7f4556ba8000 rw-p 0002b000 08:06 1705764                    /usr/lib/jvm/java-7-openjdk-amd64/jre/lib/amd64/libjava.so
7f4556ba8000-7f4556bb8000 r-xp 00000000 08:06 1705745                    /usr/lib/jvm/java-7-openjdk-amd64/jre/lib/amd64/libverify.so
7f4556bb8000-7f4556db7000 ---p 00010000 08:06 1705745                    /usr/lib/jvm/java-7-openjdk-amd64/jre/lib/amd64/libverify.so
7f4556db7000-7f4556db9000 r--p 0000f000 08:06 1705745                    /usr/lib/jvm/java-7-openjdk-amd64/jre/lib/amd64/libverify.so
7f4556db9000-7f4556dba000 rw-p 00011000 08:06 1705745                    /usr/lib/jvm/java-7-openjdk-amd64/jre/lib/amd64/libverify.so
7f4556dba000-7f4556dc1000 r-xp 00000000 08:06 8126566                    /lib/x86_64-linux-gnu/librt-2.19.so
7f4556dc1000-7f4556fc0000 ---p 00007000 08:06 8126566                    /lib/x86_64-linux-gnu/librt-2.19.so
7f4556fc0000-7f4556fc1000 r--p 00006000 08:06 8126566                    /lib/x86_64-linux-gnu/librt-2.19.so
7f4556fc1000-7f4556fc2000 rw-p 00007000 08:06 8126566                    /lib/x86_64-linux-gnu/librt-2.19.so
7f4556fc2000-7f4556fd8000 r-xp 00000000 08:06 8130522                    /lib/x86_64-linux-gnu/libgcc_s.so.1
7f4556fd8000-7f45571d7000 ---p 00016000 08:06 8130522                    /lib/x86_64-linux-gnu/libgcc_s.so.1
7f45571d7000-7f45571d8000 rw-p 00015000 08:06 8130522                    /lib/x86_64-linux-gnu/libgcc_s.so.1
7f45571d8000-7f45572dd000 r-xp 00000000 08:06 8126479                    /lib/x86_64-linux-gnu/libm-2.19.so
7f45572dd000-7f45574dc000 ---p 00105000 08:06 8126479                    /lib/x86_64-linux-gnu/libm-2.19.so
7f45574dc000-7f45574dd000 r--p 00104000 08:06 8126479                    /lib/x86_64-linux-gnu/libm-2.19.so
7f45574dd000-7f45574de000 rw-p 00105000 08:06 8126479                    /lib/x86_64-linux-gnu/libm-2.19.so
7f45574de000-7f45575c4000 r-xp 00000000 08:06 9701555                    /usr/lib/x86_64-linux-gnu/libstdc++.so.6.0.19
7f45575c4000-7f45577c3000 ---p 000e6000 08:06 9701555                    /usr/lib/x86_64-linux-gnu/libstdc++.so.6.0.19
7f45577c3000-7f45577cb000 r--p 000e5000 08:06 9701555                    /usr/lib/x86_64-linux-gnu/libstdc++.so.6.0.19
7f45577cb000-7f45577cd000 rw-p 000ed000 08:06 9701555                    /usr/lib/x86_64-linux-gnu/libstdc++.so.6.0.19
7f45577cd000-7f45577e2000 rw-p 00000000 00:00 0 
7f45577e2000-7f45582fb000 r-xp 00000000 08:06 1705733                    /usr/lib/jvm/java-7-openjdk-amd64/jre/lib/amd64/server/libjvm.so
7f45582fb000-7f45584fb000 ---p 00b19000 08:06 1705733                    /usr/lib/jvm/java-7-openjdk-amd64/jre/lib/amd64/server/libjvm.so
7f45584fb000-7f4558595000 r--p 00b19000 08:06 1705733                    /usr/lib/jvm/java-7-openjdk-amd64/jre/lib/amd64/server/libjvm.so
7f4558595000-7f45585b8000 rw-p 00bb3000 08:06 1705733                    /usr/lib/jvm/java-7-openjdk-amd64/jre/lib/amd64/server/libjvm.so
7f45585b8000-7f45585e6000 rw-p 00000000 00:00 0 
7f45585e6000-7f45585fe000 r-xp 00000000 08:06 8130658                    /lib/x86_64-linux-gnu/libz.so.1.2.8
7f45585fe000-7f45587fd000 ---p 00018000 08:06 8130658                    /lib/x86_64-linux-gnu/libz.so.1.2.8
7f45587fd000-7f45587fe000 r--p 00017000 08:06 8130658                    /lib/x86_64-linux-gnu/libz.so.1.2.8
7f45587fe000-7f45587ff000 rw-p 00018000 08:06 8130658                    /lib/x86_64-linux-gnu/libz.so.1.2.8
7f45587ff000-7f4558818000 r-xp 00000000 08:06 8126564                    /lib/x86_64-linux-gnu/libpthread-2.19.so
7f4558818000-7f4558a17000 ---p 00019000 08:06 8126564                    /lib/x86_64-linux-gnu/libpthread-2.19.so
7f4558a17000-7f4558a18000 r--p 00018000 08:06 8126564                    /lib/x86_64-linux-gnu/libpthread-2.19.so
7f4558a18000-7f4558a19000 rw-p 00019000 08:06 8126564                    /lib/x86_64-linux-gnu/libpthread-2.19.so
7f4558a19000-7f4558a1d000 rw-p 00000000 00:00 0 
7f4558a1d000-7f4558a20000 r-xp 00000000 08:06 8126494                    /lib/x86_64-linux-gnu/libdl-2.19.so
7f4558a20000-7f4558c1f000 ---p 00003000 08:06 8126494                    /lib/x86_64-linux-gnu/libdl-2.19.so
7f4558c1f000-7f4558c20000 r--p 00002000 08:06 8126494                    /lib/x86_64-linux-gnu/libdl-2.19.so
7f4558c20000-7f4558c21000 rw-p 00003000 08:06 8126494                    /lib/x86_64-linux-gnu/libdl-2.19.so
7f4558c21000-7f4558ddc000 r-xp 00000000 08:06 8126563                    /lib/x86_64-linux-gnu/libc-2.19.so
7f4558ddc000-7f4558fdb000 ---p 001bb000 08:06 8126563                    /lib/x86_64-linux-gnu/libc-2.19.so
7f4558fdb000-7f4558fdf000 r--p 001ba000 08:06 8126563                    /lib/x86_64-linux-gnu/libc-2.19.so
7f4558fdf000-7f4558fe1000 rw-p 001be000 08:06 8126563                    /lib/x86_64-linux-gnu/libc-2.19.so
7f4558fe1000-7f4558fe6000 rw-p 00000000 00:00 0 
7f4558fe6000-7f4558ff3000 r-xp 00000000 08:06 1705730                    /usr/lib/jvm/java-7-openjdk-amd64/jre/lib/amd64/jli/libjli.so
7f4558ff3000-7f45591f2000 ---p 0000d000 08:06 1705730                    /usr/lib/jvm/java-7-openjdk-amd64/jre/lib/amd64/jli/libjli.so
7f45591f2000-7f45591f3000 r--p 0000c000 08:06 1705730                    /usr/lib/jvm/java-7-openjdk-amd64/jre/lib/amd64/jli/libjli.so
7f45591f3000-7f45591f4000 rw-p 0000d000 08:06 1705730                    /usr/lib/jvm/java-7-openjdk-amd64/jre/lib/amd64/jli/libjli.so
7f45591f4000-7f4559217000 r-xp 00000000 08:06 8126560                    /lib/x86_64-linux-gnu/ld-2.19.so
7f4559217000-7f4559218000 r--s 00002000 08:06 1578535                    /usr/lib/jvm/java-7-openjdk-amd64/jre/lib/ext/dnsns.jar
7f4559218000-7f4559243000 rw-p 00000000 00:00 0 
7f4559243000-7f45592f9000 rw-p 00000000 00:00 0 
7f45592f9000-7f45592fc000 ---p 00000000 00:00 0 
7f45592fc000-7f45593ff000 rw-p 00000000 00:00 0                          [stack:15355]
7f45593ff000-7f4559402000 r--s 0000f000 08:06 1578538                    /usr/lib/jvm/java-7-openjdk-amd64/jre/lib/ext/icedtea-sound.jar
7f4559402000-7f4559404000 r--s 00012000 08:06 1578539                    /usr/lib/jvm/java-7-openjdk-amd64/jre/lib/ext/zipfs.jar
7f4559404000-7f4559408000 r--s 00034000 08:06 1578536                    /usr/lib/jvm/java-7-openjdk-amd64/jre/lib/ext/sunjce_provider.jar
7f4559408000-7f455940a000 r--s 00006000 08:06 10103544                   /usr/share/java/java-atk-wrapper.jar
7f455940a000-7f4559412000 rw-s 00000000 08:06 4325428                    /tmp/hsperfdata_zax/15353
7f4559412000-7f4559413000 rw-p 00000000 00:00 0 
7f4559413000-7f4559414000 r--p 00000000 00:00 0 
7f4559414000-7f4559416000 rw-p 00000000 00:00 0 
7f4559416000-7f4559417000 r--p 00022000 08:06 8126560                    /lib/x86_64-linux-gnu/ld-2.19.so
7f4559417000-7f4559418000 rw-p 00023000 08:06 8126560                    /lib/x86_64-linux-gnu/ld-2.19.so
7f4559418000-7f4559419000 rw-p 00000000 00:00 0 
7ffe46dfa000-7ffe46e1b000 rw-p 00000000 00:00 0                          [stack]
7ffe46f42000-7ffe46f44000 r-xp 00000000 00:00 0                          [vdso]
7ffe46f44000-7ffe46f46000 r--p 00000000 00:00 0                          [vvar]
ffffffffff600000-ffffffffff601000 r-xp 00000000 00:00 0                  [vsyscall]

VM Arguments:
jvm_args: -Djava.security.policy=java.policy.applet -Dfile.encoding=UTF-8 
java_command: sun.applet.AppletViewer geoLocation.LifeExpectency1443387837455.html
Launcher Type: SUN_STANDARD

Environment Variables:
PATH=/home/zax/.rvm/gems/ruby-2.2.1/bin:/home/zax/.rvm/gems/ruby-2.2.1@global/bin:/home/zax/.rvm/rubies/ruby-2.2.1/bin:/usr/local/sbin:/usr/local/bin:/usr/sbin:/usr/bin:/sbin:/bin:/usr/games:/usr/local/games:/home/zax/.rvm/bin
SHELL=/bin/bash
DISPLAY=:0.0

Signal Handlers:
SIGSEGV: [libjvm.so+0x94bab0], sa_mask[0]=0x7ffbfeff, sa_flags=0x10000004
SIGBUS: [libjvm.so+0x94bab0], sa_mask[0]=0x7ffbfeff, sa_flags=0x10000004
SIGFPE: [libjvm.so+0x7c38b0], sa_mask[0]=0x7ffbfeff, sa_flags=0x10000004
SIGPIPE: [libjvm.so+0x7c38b0], sa_mask[0]=0x7ffbfeff, sa_flags=0x10000004
SIGXFSZ: [libjvm.so+0x7c38b0], sa_mask[0]=0x7ffbfeff, sa_flags=0x10000004
SIGILL: [libjvm.so+0x7c38b0], sa_mask[0]=0x7ffbfeff, sa_flags=0x10000004
SIGUSR1: SIG_DFL, sa_mask[0]=0x00000000, sa_flags=0x00000000
SIGUSR2: [libjvm.so+0x7c3750], sa_mask[0]=0x00000004, sa_flags=0x10000004
SIGHUP: [libjvm.so+0x7c3930], sa_mask[0]=0x7ffbfeff, sa_flags=0x10000004
SIGINT: [libjvm.so+0x7c3930], sa_mask[0]=0x7ffbfeff, sa_flags=0x10000004
SIGTERM: [libjvm.so+0x7c3930], sa_mask[0]=0x7ffbfeff, sa_flags=0x10000004
SIGQUIT: [libjvm.so+0x7c3930], sa_mask[0]=0x7ffbfeff, sa_flags=0x10000004
SIGTRAP: SIG_DFL, sa_mask[0]=0x00000000, sa_flags=0x00000000


---------------  S Y S T E M  ---------------

OS:Ubuntu 14.04 (trusty)
uname:Linux 3.16.0-49-generic #65~14.04.1-Ubuntu SMP Wed Sep 9 10:03:23 UTC 2015 x86_64
libc:glibc 2.19 NPTL 2.19 
rlimit: STACK 8192k, CORE 0k, NPROC 31248, NOFILE 4096, AS infinity
load average:0.50 0.58 0.72

/proc/meminfo:
MemTotal:        8098904 kB
MemFree:         2060512 kB
MemAvailable:    4750832 kB
Buffers:          357152 kB
Cached:          2954396 kB
SwapCached:            0 kB
Active:          4411340 kB
Inactive:        1225556 kB
Active(anon):    2331460 kB
Inactive(anon):   599580 kB
Active(file):    2079880 kB
Inactive(file):   625976 kB
Unevictable:          32 kB
Mlocked:              32 kB
SwapTotal:       8310780 kB
SwapFree:        8310780 kB
Dirty:               148 kB
Writeback:             0 kB
AnonPages:       2325300 kB
Mapped:           448268 kB
Shmem:            605696 kB
Slab:             274048 kB
SReclaimable:     237868 kB
SUnreclaim:        36180 kB
KernelStack:        8864 kB
PageTables:        31844 kB
NFS_Unstable:          0 kB
Bounce:                0 kB
WritebackTmp:          0 kB
CommitLimit:    12360232 kB
Committed_AS:    6804088 kB
VmallocTotal:   34359738367 kB
VmallocUsed:      558624 kB
VmallocChunk:   34359093160 kB
HardwareCorrupted:     0 kB
AnonHugePages:    940032 kB
HugePages_Total:       0
HugePages_Free:        0
HugePages_Rsvd:        0
HugePages_Surp:        0
Hugepagesize:       2048 kB
DirectMap4k:       60160 kB
DirectMap2M:     3008512 kB
DirectMap1G:     5242880 kB


CPU:total 4 (2 cores per cpu, 2 threads per core) family 6 model 69 stepping 1, cmov, cx8, fxsr, mmx, sse, sse2, sse3, ssse3, sse4.1, sse4.2, popcnt, avx, avx2, aes, erms, ht, tsc, tscinvbit

/proc/cpuinfo:
processor	: 0
vendor_id	: GenuineIntel
cpu family	: 6
model		: 69
model name	: Intel(R) Core(TM) i5-4210U CPU @ 1.70GHz
stepping	: 1
microcode	: 0x1c
cpu MHz		: 985.312
cache size	: 3072 KB
physical id	: 0
siblings	: 4
core id		: 0
cpu cores	: 2
apicid		: 0
initial apicid	: 0
fpu		: yes
fpu_exception	: yes
cpuid level	: 13
wp		: yes
flags		: fpu vme de pse tsc msr pae mce cx8 apic sep mtrr pge mca cmov pat pse36 clflush dts acpi mmx fxsr sse sse2 ss ht tm pbe syscall nx pdpe1gb rdtscp lm constant_tsc arch_perfmon pebs bts rep_good nopl xtopology nonstop_tsc aperfmperf eagerfpu pni pclmulqdq dtes64 monitor ds_cpl vmx est tm2 ssse3 fma cx16 xtpr pdcm pcid sse4_1 sse4_2 movbe popcnt tsc_deadline_timer aes xsave avx f16c rdrand lahf_lm abm ida arat epb xsaveopt pln pts dtherm tpr_shadow vnmi flexpriority ept vpid fsgsbase tsc_adjust bmi1 avx2 smep bmi2 erms invpcid
bogomips	: 4788.91
clflush size	: 64
cache_alignment	: 64
address sizes	: 39 bits physical, 48 bits virtual
power management:

processor	: 1
vendor_id	: GenuineIntel
cpu family	: 6
model		: 69
model name	: Intel(R) Core(TM) i5-4210U CPU @ 1.70GHz
stepping	: 1
microcode	: 0x1c
cpu MHz		: 1099.875
cache size	: 3072 KB
physical id	: 0
siblings	: 4
core id		: 0
cpu cores	: 2
apicid		: 1
initial apicid	: 1
fpu		: yes
fpu_exception	: yes
cpuid level	: 13
wp		: yes
flags		: fpu vme de pse tsc msr pae mce cx8 apic sep mtrr pge mca cmov pat pse36 clflush dts acpi mmx fxsr sse sse2 ss ht tm pbe syscall nx pdpe1gb rdtscp lm constant_tsc arch_perfmon pebs bts rep_good nopl xtopology nonstop_tsc aperfmperf eagerfpu pni pclmulqdq dtes64 monitor ds_cpl vmx est tm2 ssse3 fma cx16 xtpr pdcm pcid sse4_1 sse4_2 movbe popcnt tsc_deadline_timer aes xsave avx f16c rdrand lahf_lm abm ida arat epb xsaveopt pln pts dtherm tpr_shadow vnmi flexpriority ept vpid fsgsbase tsc_adjust bmi1 avx2 smep bmi2 erms invpcid
bogomips	: 4788.91
clflush size	: 64
cache_alignment	: 64
address sizes	: 39 bits physical, 48 bits virtual
power management:

processor	: 2
vendor_id	: GenuineIntel
cpu family	: 6
model		: 69
model name	: Intel(R) Core(TM) i5-4210U CPU @ 1.70GHz
stepping	: 1
microcode	: 0x1c
cpu MHz		: 1301.906
cache size	: 3072 KB
physical id	: 0
siblings	: 4
core id		: 1
cpu cores	: 2
apicid		: 2
initial apicid	: 2
fpu		: yes
fpu_exception	: yes
cpuid level	: 13
wp		: yes
flags		: fpu vme de pse tsc msr pae mce cx8 apic sep mtrr pge mca cmov pat pse36 clflush dts acpi mmx fxsr sse sse2 ss ht tm pbe syscall nx pdpe1gb rdtscp lm constant_tsc arch_perfmon pebs bts rep_good nopl xtopology nonstop_tsc aperfmperf eagerfpu pni pclmulqdq dtes64 monitor ds_cpl vmx est tm2 ssse3 fma cx16 xtpr pdcm pcid sse4_1 sse4_2 movbe popcnt tsc_deadline_timer aes xsave avx f16c rdrand lahf_lm abm ida arat epb xsaveopt pln pts dtherm tpr_shadow vnmi flexpriority ept vpid fsgsbase tsc_adjust bmi1 avx2 smep bmi2 erms invpcid
bogomips	: 4788.91
clflush size	: 64
cache_alignment	: 64
address sizes	: 39 bits physical, 48 bits virtual
power management:

processor	: 3
vendor_id	: GenuineIntel
cpu family	: 6
model		: 69
model name	: Intel(R) Core(TM) i5-4210U CPU @ 1.70GHz
stepping	: 1
microcode	: 0x1c
cpu MHz		: 1189.593
cache size	: 3072 KB
physical id	: 0
siblings	: 4
core id		: 1
cpu cores	: 2
apicid		: 3
initial apicid	: 3
fpu		: yes
fpu_exception	: yes
cpuid level	: 13
wp		: yes
flags		: fpu vme de pse tsc msr pae mce cx8 apic sep mtrr pge mca cmov pat pse36 clflush dts acpi mmx fxsr sse sse2 ss ht tm pbe syscall nx pdpe1gb rdtscp lm constant_tsc arch_perfmon pebs bts rep_good nopl xtopology nonstop_tsc aperfmperf eagerfpu pni pclmulqdq dtes64 monitor ds_cpl vmx est tm2 ssse3 fma cx16 xtpr pdcm pcid sse4_1 sse4_2 movbe popcnt tsc_deadline_timer aes xsave avx f16c rdrand lahf_lm abm ida arat epb xsaveopt pln pts dtherm tpr_shadow vnmi flexpriority ept vpid fsgsbase tsc_adjust bmi1 avx2 smep bmi2 erms invpcid
bogomips	: 4788.91
clflush size	: 64
cache_alignment	: 64
address sizes	: 39 bits physical, 48 bits virtual
power management:



Memory: 4k page, physical 8098904k(2060512k free), swap 8310780k(8310780k free)

vm_info: OpenJDK 64-Bit Server VM (24.79-b02) for linux-amd64 JRE (1.7.0_79-b14), built on Jul 24 2015 08:15:54 by "buildd" with gcc 4.8.2

time: Sun Sep 27 14:04:06 2015
elapsed time: 8 seconds

