#
# A fatal error has been detected by the Java Runtime Environment:
#
#  SIGSEGV (0xb) at pc=0x00007f0fdbbc0b28, pid=15593, tid=139706752362240
#
# JRE version: OpenJDK Runtime Environment (7.0_79-b14) (build 1.7.0_79-b14)
# Java VM: OpenJDK 64-Bit Server VM (24.79-b02 mixed mode linux-amd64 compressed oops)
# Derivative: IcedTea 2.5.6
# Distribution: Ubuntu 14.04 LTS, package 7u79-2.5.6-0ubuntu1.14.04.1
# Problematic frame:
# C  [i965_dri.so+0x2f2b28]
#
# Failed to write core dump. Core dumps have been disabled. To enable core dumping, try "ulimit -c unlimited" before starting Java again
#
# If you would like to submit a bug report, please include
# instructions on how to reproduce the bug and visit:
#   http://icedtea.classpath.org/bugzilla
# The crash happened outside the Java Virtual Machine in native code.
# See problematic frame for where to report the bug.
#

---------------  T H R E A D  ---------------

Current thread (0x00007f0ff4008000):  JavaThread "AWT-EventQueue-1" [_thread_in_native, id=15618, stack(0x00007f100348e000,0x00007f100358f000)]

siginfo:si_signo=SIGSEGV: si_errno=0, si_code=1 (SEGV_MAPERR), si_addr=0x0000000100000000

Registers:
RAX=0x00007f0fdbbc0b20, RBX=0x00007f0ff0fbe0a0, RCX=0x0000000000000000, RDX=0x0000000000000001
RSP=0x00007f100358c760, RBP=0x00007f0fe47bc260, RSI=0x00007f0ff0fbe180, RDI=0x0000000100000000
R8 =0x0000000000000000, R9 =0x00007f100262c9c0, R10=0x00007f1044e09d6c, R11=0x00007f104e05e2f0
R12=0x00007f0fe4778680, R13=0x0000000000000000, R14=0x00007f0fe47c5be0, R15=0x0000000000000000
RIP=0x00007f0fdbbc0b28, EFLAGS=0x0000000000010206, CSGSFS=0x0000000000000033, ERR=0x0000000000000004
  TRAPNO=0x000000000000000e

Top of Stack: (sp=0x00007f100358c760)
0x00007f100358c760:   00007f100358c850 0000000000000000
0x00007f100358c770:   00007f0ff0fbe0a0 00007f0fe47bc260
0x00007f100358c780:   00007f0fe4778680 00007f100262ca4e
0x00007f100358c790:   00007f100358c7c8 00007f1002877640
0x00007f100358c7a0:   00007f0fe47d8c80 00007f1000000000
0x00007f100358c7b0:   0000000000000000 0000000000000000
0x00007f100358c7c0:   00007f100358c820 00007f0ff0fbe0a0
0x00007f100358c7d0:   000000000180002e 000000077b02f7b8
0x00007f100358c7e0:   00007f100358c850 0000000000000000
0x00007f100358c7f0:   000000077b02f7b8 00007f100358c920
0x00007f100358c800:   00007f0ff4008000 00007f1000f6b849
0x00007f100358c810:   0000000000000000 00007f10026059b0
0x00007f100358c820:   000000000180002e 00007f0fe47d8c80
0x00007f100358c830:   00007f100358c8e8 00007f0ff40081d8
0x00007f100358c840:   00000007d70d9c50 00007f10026059b0
0x00007f100358c850:   00007f100358c8d8 00007f1044e09d98
0x00007f100358c860:   000000077b16a098 0000000000000000
0x00007f100358c870:   000000077b169478 0000000000000000
0x00007f100358c880:   00007f100358c898 00007f100358c8e8
0x00007f100358c890:   00007f100358c890 00007f100358c898
0x00007f100358c8a0:   0000000000000000 00007f100358c920
0x00007f100358c8b0:   000000077b031730 0000000000000000
0x00007f100358c8c0:   000000077b02f7b8 0000000000000000
0x00007f100358c8d0:   00007f100358c8f8 00007f100358c968
0x00007f100358c8e0:   00007f1044dfd058 00000007d8cd3ab8
0x00007f100358c8f0:   00007f1044e05cd8 00007f10026059b0
0x00007f100358c900:   000000077b042e10 000000000180002e
0x00007f100358c910:   000000077b014278 00007f0fe47d8c80
0x00007f100358c920:   00000007d8cd3de0 00007f100358c928
0x00007f100358c930:   000000077b02f6e9 00007f100358c9a0
0x00007f100358c940:   000000077b031730 0000000000000000
0x00007f100358c950:   000000077b02f6f8 00007f100358c8f8 

Instructions: (pc=0x00007f0fdbbc0b28)
0x00007f0fdbbc0b08:   0f 1f 84 00 00 00 00 00 48 83 c4 10 5b 5d 41 5c
0x00007f0fdbbc0b18:   c3 0f 1f 80 00 00 00 00 41 54 55 53 48 83 ec 10
0x00007f0fdbbc0b28:   48 8b 1f 48 85 db 74 3d f6 83 40 05 00 00 01 49
0x00007f0fdbbc0b38:   89 f4 89 cd 75 72 83 e2 01 75 5d 83 e5 fd 74 38 

Register to memory mapping:

RAX=0x00007f0fdbbc0b20: <offset 0x2f2b20> in /usr/lib/x86_64-linux-gnu/dri/i965_dri.so at 0x00007f0fdb8ce000
RBX=0x00007f0ff0fbe0a0 is an unknown value
RCX=0x0000000000000000 is an unknown value
RDX=0x0000000000000001 is an unknown value
RSP=0x00007f100358c760 is pointing into the stack for thread: 0x00007f0ff4008000
RBP=0x00007f0fe47bc260 is an unknown value
RSI=0x00007f0ff0fbe180 is an unknown value
RDI=0x0000000100000000 is an unknown value
R8 =0x0000000000000000 is an unknown value
R9 =0x00007f100262c9c0: <offset 0x439c0> in /usr/lib/x86_64-linux-gnu/mesa/libGL.so.1 at 0x00007f10025e9000
R10=0x00007f1044e09d6c is at code_begin+620 in an Interpreter codelet
method entry point (kind = native)  [0x00007f1044e09b00, 0x00007f1044e0a360]  2144 bytes
R11=0x00007f104e05e2f0: <offset 0x85d2f0> in /usr/lib/jvm/java-7-openjdk-amd64/jre/lib/amd64/server/libjvm.so at 0x00007f104d801000
R12=0x00007f0fe4778680 is an unknown value
R13=0x0000000000000000 is an unknown value
R14=0x00007f0fe47c5be0 is an unknown value
R15=0x0000000000000000 is an unknown value


Stack: [0x00007f100348e000,0x00007f100358f000],  sp=0x00007f100358c760,  free space=1017k
Native frames: (J=compiled Java code, j=interpreted, Vv=VM code, C=native code)
C  [i965_dri.so+0x2f2b28]

Java frames: (J=compiled Java code, j=interpreted, Vv=VM code)
j  jogamp.opengl.x11.glx.GLX.dispatch_glXSwapBuffers0(JJJ)V+0
j  jogamp.opengl.x11.glx.GLX.glXSwapBuffers(JJ)V+41
j  jogamp.opengl.x11.glx.X11GLXDrawable.swapBuffersImpl(Z)V+17
j  jogamp.opengl.GLDrawableImpl.swapBuffers()V+67
j  javax.media.opengl.awt.GLCanvas$12.run()V+45
j  java.awt.event.InvocationEvent.dispatch()V+11
j  java.awt.EventQueue.dispatchEventImpl(Ljava/awt/AWTEvent;Ljava/lang/Object;)V+21
j  java.awt.EventQueue.access$300(Ljava/awt/EventQueue;Ljava/awt/AWTEvent;Ljava/lang/Object;)V+3
j  java.awt.EventQueue$3.run()Ljava/lang/Void;+12
j  java.awt.EventQueue$3.run()Ljava/lang/Object;+1
v  ~StubRoutines::call_stub
j  java.security.AccessController.doPrivileged(Ljava/security/PrivilegedAction;Ljava/security/AccessControlContext;)Ljava/lang/Object;+0
j  java.security.ProtectionDomain$1.doIntersectionPrivilege(Ljava/security/PrivilegedAction;Ljava/security/AccessControlContext;Ljava/security/AccessControlContext;)Ljava/lang/Object;+28
j  java.awt.EventQueue.dispatchEvent(Ljava/awt/AWTEvent;)V+46
j  java.awt.EventDispatchThread.pumpOneEventForFilters(I)V+245
j  java.awt.EventDispatchThread.pumpEventsForFilter(ILjava/awt/Conditional;Ljava/awt/EventFilter;)V+35
j  java.awt.EventDispatchThread.pumpEventsForHierarchy(ILjava/awt/Conditional;Ljava/awt/Component;)V+11
j  java.awt.EventDispatchThread.pumpEvents(ILjava/awt/Conditional;)V+4
j  java.awt.EventDispatchThread.pumpEvents(Ljava/awt/Conditional;)V+3
j  java.awt.EventDispatchThread.run()V+9
v  ~StubRoutines::call_stub

---------------  P R O C E S S  ---------------

Java Threads: ( => current thread )
  0x00007f0ff13fb000 JavaThread "Thread-3" [_thread_blocked, id=15629, stack(0x00007f100338d000,0x00007f100348e000)]
  0x00007f0fe41e0800 JavaThread "Animation Thread-SharedResourceRunner" daemon [_thread_blocked, id=15628, stack(0x00007f100328c000,0x00007f100338d000)]
  0x00007f0fe409f800 JavaThread "process reaper" daemon [_thread_blocked, id=15623, stack(0x00007f1034095000,0x00007f10340ce000)]
=>0x00007f0ff4008000 JavaThread "AWT-EventQueue-1" [_thread_in_native, id=15618, stack(0x00007f100348e000,0x00007f100358f000)]
  0x00007f104800a800 JavaThread "DestroyJavaVM" [_thread_blocked, id=15598, stack(0x00007f104f318000,0x00007f104f419000)]
  0x00007f1048273000 JavaThread "AWT-EventQueue-0" [_thread_blocked, id=15616, stack(0x00007f10039f6000,0x00007f1003af7000)]
  0x00007f104826f800 JavaThread "AWT-Shutdown" [_thread_blocked, id=15615, stack(0x00007f1003af7000,0x00007f1003bf8000)]
  0x00007f1048268800 JavaThread "thread applet-geoLocation.LifeExpectency.class" [_thread_blocked, id=15614, stack(0x00007f1003bf8000,0x00007f1003cf9000)]
  0x00007f1048259000 JavaThread "AWT-XAWT" daemon [_thread_in_native, id=15612, stack(0x00007f1003cf9000,0x00007f1003dfa000)]
  0x00007f1048234000 JavaThread "Java2D Disposer" daemon [_thread_blocked, id=15611, stack(0x00007f102820c000,0x00007f102830d000)]
  0x00007f10480b0800 JavaThread "Service Thread" daemon [_thread_blocked, id=15609, stack(0x00007f1035f55000,0x00007f1036056000)]
  0x00007f10480ae800 JavaThread "C2 CompilerThread1" daemon [_thread_blocked, id=15608, stack(0x00007f1036056000,0x00007f1036157000)]
  0x00007f10480ab800 JavaThread "C2 CompilerThread0" daemon [_thread_blocked, id=15607, stack(0x00007f1036157000,0x00007f1036258000)]
  0x00007f10480a9000 JavaThread "Signal Dispatcher" daemon [_thread_blocked, id=15606, stack(0x00007f1036258000,0x00007f1036359000)]
  0x00007f104807c000 JavaThread "Finalizer" daemon [_thread_blocked, id=15605, stack(0x00007f1036a3b000,0x00007f1036b3c000)]
  0x00007f104807a000 JavaThread "Reference Handler" daemon [_thread_blocked, id=15604, stack(0x00007f1036b3c000,0x00007f1036c3d000)]

Other Threads:
  0x00007f1048075800 VMThread [stack: 0x00007f1036c3d000,0x00007f1036d3e000] [id=15603]
  0x00007f10480bb000 WatcherThread [stack: 0x00007f1035e54000,0x00007f1035f55000] [id=15610]

VM state:not at safepoint (normal execution)

VM Mutex/Monitor currently owned by a thread: None

Heap
 PSYoungGen      total 37376K, used 10665K [0x00000007d6c80000, 0x00000007d9600000, 0x0000000800000000)
  eden space 32256K, 17% used [0x00000007d6c80000,0x00000007d71eb4f8,0x00000007d8c00000)
  from space 5120K, 99% used [0x00000007d8c00000,0x00000007d90ff200,0x00000007d9100000)
  to   space 5120K, 0% used [0x00000007d9100000,0x00000007d9100000,0x00000007d9600000)
 ParOldGen       total 83968K, used 1532K [0x0000000784600000, 0x0000000789800000, 0x00000007d6c80000)
  object space 83968K, 1% used [0x0000000784600000,0x000000078477f210,0x0000000789800000)
 PSPermGen       total 21504K, used 18622K [0x000000077a000000, 0x000000077b500000, 0x0000000784600000)
  object space 21504K, 86% used [0x000000077a000000,0x000000077b22f988,0x000000077b500000)

Card table byte_map: [0x00007f10449c6000,0x00007f1044df7000] byte_map_base: 0x00007f1040df6000

Polling page: 0x00007f104f432000

Code Cache  [0x00007f1044df7000, 0x00007f1045067000, 0x00007f1047df7000)
 total_blobs=946 nmethods=59 adapters=840 free_code_cache=48275Kb largest_free_block=49424704

Compilation events (10 events):
Event: 1.159 Thread 0x00007f10480ae800   55             java.lang.Math::max (11 bytes)
Event: 1.160 Thread 0x00007f10480ae800 nmethod 55 0x00007f1044e7a350 code [0x00007f1044e7a480, 0x00007f1044e7a4b8]
Event: 1.164 Thread 0x00007f10480ab800   56             com.jogamp.common.util.IntIntHashMap::get (52 bytes)
Event: 1.165 Thread 0x00007f10480ab800 nmethod 56 0x00007f1044ecd010 code [0x00007f1044ecd160, 0x00007f1044ecd278]
Event: 1.168 Thread 0x00007f10480ae800   57             jogamp.opengl.gl4.GL4bcImpl::glGetIntegerv (125 bytes)
Event: 1.168 Thread 0x00007f10480ab800   58             jogamp.opengl.GLStateTracker::getInt (32 bytes)
Event: 1.169 Thread 0x00007f10480ab800 nmethod 58 0x00007f1044eccad0 code [0x00007f1044eccc20, 0x00007f1044eccdd8]
Event: 1.169 Thread 0x00007f10480ab800   59             com.jogamp.opengl.util.GLBuffers::glGetInteger (13 bytes)
Event: 1.175 Thread 0x00007f10480ab800 nmethod 59 0x00007f1044ece390 code [0x00007f1044ece560, 0x00007f1044ece988]
Event: 1.176 Thread 0x00007f10480ae800 nmethod 57 0x00007f1044ed3bd0 code [0x00007f1044ed3d80, 0x00007f1044ed4168]

GC Heap History (2 events):
Event: 1.054 GC heap before
{Heap before GC invocations=1 (full 0):
 PSYoungGen      total 37376K, used 32256K [0x00000007d6c80000, 0x00000007d9600000, 0x0000000800000000)
  eden space 32256K, 100% used [0x00000007d6c80000,0x00000007d8c00000,0x00000007d8c00000)
  from space 5120K, 0% used [0x00000007d9100000,0x00000007d9100000,0x00000007d9600000)
  to   space 5120K, 0% used [0x00000007d8c00000,0x00000007d8c00000,0x00000007d9100000)
 ParOldGen       total 83968K, used 0K [0x0000000784600000, 0x0000000789800000, 0x00000007d6c80000)
  object space 83968K, 0% used [0x0000000784600000,0x0000000784600000,0x0000000789800000)
 PSPermGen       total 21504K, used 17773K [0x000000077a000000, 0x000000077b500000, 0x0000000784600000)
  object space 21504K, 82% used [0x000000077a000000,0x000000077b15b400,0x000000077b500000)
Event: 1.064 GC heap after
Heap after GC invocations=1 (full 0):
 PSYoungGen      total 37376K, used 5116K [0x00000007d6c80000, 0x00000007d9600000, 0x0000000800000000)
  eden space 32256K, 0% used [0x00000007d6c80000,0x00000007d6c80000,0x00000007d8c00000)
  from space 5120K, 99% used [0x00000007d8c00000,0x00000007d90ff200,0x00000007d9100000)
  to   space 5120K, 0% used [0x00000007d9100000,0x00000007d9100000,0x00000007d9600000)
 ParOldGen       total 83968K, used 1532K [0x0000000784600000, 0x0000000789800000, 0x00000007d6c80000)
  object space 83968K, 1% used [0x0000000784600000,0x000000078477f210,0x0000000789800000)
 PSPermGen       total 21504K, used 17773K [0x000000077a000000, 0x000000077b500000, 0x0000000784600000)
  object space 21504K, 82% used [0x000000077a000000,0x000000077b15b400,0x000000077b500000)
}

Deoptimization events (7 events):
Event: 0.258 Thread 0x00007f1048273000 Uncommon trap: reason=class_check action=maybe_recompile pc=0x00007f1044e5c644 method=java.util.Properties$LineReader.readLine()I @ 62
Event: 0.258 Thread 0x00007f1048273000 Uncommon trap: reason=class_check action=maybe_recompile pc=0x00007f1044e5c644 method=java.util.Properties$LineReader.readLine()I @ 62
Event: 0.259 Thread 0x00007f1048273000 Uncommon trap: reason=class_check action=maybe_recompile pc=0x00007f1044e5c644 method=java.util.Properties$LineReader.readLine()I @ 62
Event: 0.259 Thread 0x00007f1048273000 Uncommon trap: reason=class_check action=maybe_recompile pc=0x00007f1044e5c644 method=java.util.Properties$LineReader.readLine()I @ 62
Event: 0.994 Thread 0x00007f0fe41e0800 Uncommon trap: reason=unreached action=reinterpret pc=0x00007f1044ec8ae4 method=java.lang.Class.searchFields([Ljava/lang/reflect/Field;Ljava/lang/String;)Ljava/lang/reflect/Field; @ 20
Event: 1.185 Thread 0x00007f0ff4008000 Uncommon trap: reason=unreached action=reinterpret pc=0x00007f1044ecd218 method=com.jogamp.common.util.IntIntHashMap.get(I)I @ 19
Event: 1.201 Thread 0x00007f0ff4008000 Uncommon trap: reason=unreached action=reinterpret pc=0x00007f1044e7b9b4 method=java.lang.AbstractStringBuilder.append(Ljava/lang/String;)Ljava/lang/AbstractStringBuilder; @ 1

Internal exceptions (10 events):
Event: 1.214 Thread 0x00007f0ff4008000 Threw 0x00000007d70b6548 at /build/openjdk-7-FO0dNI/openjdk-7-7u79-2.5.6/build/openjdk/hotspot/src/share/vm/prims/jvm.cpp:1284
Event: 1.215 Thread 0x00007f0ff4008000 Threw 0x00000007d70beff8 at /build/openjdk-7-FO0dNI/openjdk-7-7u79-2.5.6/build/openjdk/hotspot/src/share/vm/prims/jvm.cpp:1284
Event: 1.215 Thread 0x00007f0ff4008000 Threw 0x00000007d70c6a38 at /build/openjdk-7-FO0dNI/openjdk-7-7u79-2.5.6/build/openjdk/hotspot/src/share/vm/prims/jni.cpp:721
Event: 1.216 Thread 0x00007f0ff4008000 Threw 0x00000007d70cc130 at /build/openjdk-7-FO0dNI/openjdk-7-7u79-2.5.6/build/openjdk/hotspot/src/share/vm/prims/jni.cpp:721
Event: 1.216 Thread 0x00007f0ff4008000 Threw 0x00000007d70cd1f8 at /build/openjdk-7-FO0dNI/openjdk-7-7u79-2.5.6/build/openjdk/hotspot/src/share/vm/prims/jni.cpp:721
Event: 1.216 Thread 0x00007f0ff4008000 Threw 0x00000007d70cde38 at /build/openjdk-7-FO0dNI/openjdk-7-7u79-2.5.6/build/openjdk/hotspot/src/share/vm/prims/jni.cpp:721
Event: 1.216 Thread 0x00007f0ff4008000 Threw 0x00000007d70ce9a0 at /build/openjdk-7-FO0dNI/openjdk-7-7u79-2.5.6/build/openjdk/hotspot/src/share/vm/prims/jni.cpp:721
Event: 1.216 Thread 0x00007f0ff4008000 Threw 0x00000007d70cf3f0 at /build/openjdk-7-FO0dNI/openjdk-7-7u79-2.5.6/build/openjdk/hotspot/src/share/vm/prims/jni.cpp:721
Event: 1.225 Thread 0x00007f0ff4008000 Threw 0x00000007d70d02c0 at /build/openjdk-7-FO0dNI/openjdk-7-7u79-2.5.6/build/openjdk/hotspot/src/share/vm/runtime/reflection.cpp:1030
Event: 5.585 Thread 0x00007f0ff4008000 Threw 0x00000007d70d9980 at /build/openjdk-7-FO0dNI/openjdk-7-7u79-2.5.6/build/openjdk/hotspot/src/share/vm/runtime/reflection.cpp:1030

Events (10 events):
Event: 2.591 loading class 0x00007f10480cb420 done
Event: 3.241 loading class 0x00007f10180bc450
Event: 3.241 loading class 0x00007f10180bc450 done
Event: 4.088 Executing VM operation: EnableBiasedLocking
Event: 4.088 Executing VM operation: EnableBiasedLocking done
Event: 5.581 loading class 0x00007f10480b3f20
Event: 5.581 loading class 0x00007f10480b3f20 done
Event: 5.582 Thread 0x00007f0ff13fb000 Thread added: 0x00007f0ff13fb000
Event: 5.582 loading class 0x00007f10180b2290
Event: 5.582 loading class 0x00007f10180b2290 done


Dynamic libraries:
00400000-00401000 r-xp 00000000 08:06 1705803                            /usr/lib/jvm/java-7-openjdk-amd64/jre/bin/java
00600000-00601000 r--p 00000000 08:06 1705803                            /usr/lib/jvm/java-7-openjdk-amd64/jre/bin/java
00601000-00602000 rw-p 00001000 08:06 1705803                            /usr/lib/jvm/java-7-openjdk-amd64/jre/bin/java
00db2000-00dd3000 rw-p 00000000 00:00 0                                  [heap]
77a000000-77b500000 rw-p 00000000 00:00 0 
77b500000-784600000 rw-p 00000000 00:00 0 
784600000-789800000 rw-p 00000000 00:00 0 
789800000-7d6c80000 rw-p 00000000 00:00 0 
7d6c80000-7d9600000 rw-p 00000000 00:00 0 
7d9600000-800000000 rw-p 00000000 00:00 0 
7f0fdad4a000-7f0fdadea000 rw-s 118b07000 00:05 10956                     /dev/dri/card0
7f0fdadea000-7f0fdafea000 rw-s 00000000 00:04 276086                     /drm mm object (deleted)
7f0fdafea000-7f0fdb1ea000 rw-s 00000000 00:04 276085                     /drm mm object (deleted)
7f0fdb1ea000-7f0fdb28a000 rw-s 118a67000 00:05 10956                     /dev/dri/card0
7f0fdb28a000-7f0fdb28c000 r-xp 00000000 08:06 9707382                    /usr/lib/x86_64-linux-gnu/libXinerama.so.1.0.0
7f0fdb28c000-7f0fdb48b000 ---p 00002000 08:06 9707382                    /usr/lib/x86_64-linux-gnu/libXinerama.so.1.0.0
7f0fdb48b000-7f0fdb48c000 r--p 00001000 08:06 9707382                    /usr/lib/x86_64-linux-gnu/libXinerama.so.1.0.0
7f0fdb48c000-7f0fdb48d000 rw-p 00002000 08:06 9707382                    /usr/lib/x86_64-linux-gnu/libXinerama.so.1.0.0
7f0fdb48d000-7f0fdb4c4000 r-xp 00000000 08:06 9708305                    /usr/lib/x86_64-linux-gnu/libtxc_dxtn_s2tc.so.0.0.0
7f0fdb4c4000-7f0fdb6c3000 ---p 00037000 08:06 9708305                    /usr/lib/x86_64-linux-gnu/libtxc_dxtn_s2tc.so.0.0.0
7f0fdb6c3000-7f0fdb6c4000 r--p 00036000 08:06 9708305                    /usr/lib/x86_64-linux-gnu/libtxc_dxtn_s2tc.so.0.0.0
7f0fdb6c4000-7f0fdb6c5000 rw-p 00037000 08:06 9708305                    /usr/lib/x86_64-linux-gnu/libtxc_dxtn_s2tc.so.0.0.0
7f0fdb6c5000-7f0fdb6cd000 r-xp 00000000 08:06 9708110                    /usr/lib/x86_64-linux-gnu/libpciaccess.so.0.11.1
7f0fdb6cd000-7f0fdb8cc000 ---p 00008000 08:06 9708110                    /usr/lib/x86_64-linux-gnu/libpciaccess.so.0.11.1
7f0fdb8cc000-7f0fdb8cd000 r--p 00007000 08:06 9708110                    /usr/lib/x86_64-linux-gnu/libpciaccess.so.0.11.1
7f0fdb8cd000-7f0fdb8ce000 rw-p 00008000 08:06 9708110                    /usr/lib/x86_64-linux-gnu/libpciaccess.so.0.11.1
7f0fdb8ce000-7f0fdbdd6000 r-xp 00000000 08:06 10092889                   /usr/lib/x86_64-linux-gnu/dri/i965_dri.so
7f0fdbdd6000-7f0fdbfd5000 ---p 00508000 08:06 10092889                   /usr/lib/x86_64-linux-gnu/dri/i965_dri.so
7f0fdbfd5000-7f0fdbfef000 r--p 00507000 08:06 10092889                   /usr/lib/x86_64-linux-gnu/dri/i965_dri.so
7f0fdbfef000-7f0fdbff5000 rw-p 00521000 08:06 10092889                   /usr/lib/x86_64-linux-gnu/dri/i965_dri.so
7f0fdbff5000-7f0fdc000000 rw-p 00000000 00:00 0 
7f0fdc000000-7f0fde9da000 rw-p 00000000 00:00 0 
7f0fde9da000-7f0fe0000000 ---p 00000000 00:00 0 
7f0fe004a000-7f0fe006a000 r-xp 00000000 08:06 9700253                    /usr/lib/x86_64-linux-gnu/libdrm_intel.so.1.0.0
7f0fe006a000-7f0fe0269000 ---p 00020000 08:06 9700253                    /usr/lib/x86_64-linux-gnu/libdrm_intel.so.1.0.0
7f0fe0269000-7f0fe026a000 r--p 0001f000 08:06 9700253                    /usr/lib/x86_64-linux-gnu/libdrm_intel.so.1.0.0
7f0fe026a000-7f0fe026b000 rw-p 00020000 08:06 9700253                    /usr/lib/x86_64-linux-gnu/libdrm_intel.so.1.0.0
7f0fe026b000-7f0fe0273000 r-xp 00000000 08:06 8130557                    /lib/x86_64-linux-gnu/libnih-dbus.so.1.0.0
7f0fe0273000-7f0fe0473000 ---p 00008000 08:06 8130557                    /lib/x86_64-linux-gnu/libnih-dbus.so.1.0.0
7f0fe0473000-7f0fe0474000 r--p 00008000 08:06 8130557                    /lib/x86_64-linux-gnu/libnih-dbus.so.1.0.0
7f0fe0474000-7f0fe0475000 rw-p 00009000 08:06 8130557                    /lib/x86_64-linux-gnu/libnih-dbus.so.1.0.0
7f0fe0475000-7f0fe048c000 r-xp 00000000 08:06 8130559                    /lib/x86_64-linux-gnu/libnih.so.1.0.0
7f0fe048c000-7f0fe068b000 ---p 00017000 08:06 8130559                    /lib/x86_64-linux-gnu/libnih.so.1.0.0
7f0fe068b000-7f0fe068c000 r--p 00016000 08:06 8130559                    /lib/x86_64-linux-gnu/libnih.so.1.0.0
7f0fe068c000-7f0fe068d000 rw-p 00017000 08:06 8130559                    /lib/x86_64-linux-gnu/libnih.so.1.0.0
7f0fe068d000-7f0fe06a6000 r-xp 00000000 08:06 8130500                    /lib/x86_64-linux-gnu/libcgmanager.so.0.0.0
7f0fe06a6000-7f0fe08a5000 ---p 00019000 08:06 8130500                    /lib/x86_64-linux-gnu/libcgmanager.so.0.0.0
7f0fe08a5000-7f0fe08a7000 r--p 00018000 08:06 8130500                    /lib/x86_64-linux-gnu/libcgmanager.so.0.0.0
7f0fe08a7000-7f0fe08a8000 rw-p 0001a000 08:06 8130500                    /lib/x86_64-linux-gnu/libcgmanager.so.0.0.0
7f0fe08a8000-7f0fe08b8000 r-xp 00000000 08:06 8130597                    /lib/x86_64-linux-gnu/libudev.so.1.3.5
7f0fe08b8000-7f0fe0ab7000 ---p 00010000 08:06 8130597                    /lib/x86_64-linux-gnu/libudev.so.1.3.5
7f0fe0ab7000-7f0fe0ab8000 r--p 0000f000 08:06 8130597                    /lib/x86_64-linux-gnu/libudev.so.1.3.5
7f0fe0ab8000-7f0fe0ab9000 rw-p 00010000 08:06 8130597                    /lib/x86_64-linux-gnu/libudev.so.1.3.5
7f0fe0ab9000-7f0fe0ade000 r-xp 00000000 08:06 8130641                    /lib/x86_64-linux-gnu/libtinfo.so.5.9
7f0fe0ade000-7f0fe0cdd000 ---p 00025000 08:06 8130641                    /lib/x86_64-linux-gnu/libtinfo.so.5.9
7f0fe0cdd000-7f0fe0ce1000 r--p 00024000 08:06 8130641                    /lib/x86_64-linux-gnu/libtinfo.so.5.9
7f0fe0ce1000-7f0fe0ce2000 rw-p 00028000 08:06 8130641                    /lib/x86_64-linux-gnu/libtinfo.so.5.9
7f0fe0ce2000-7f0fe0d0b000 r-xp 00000000 08:06 9707611                    /usr/lib/x86_64-linux-gnu/libedit.so.2.0.47
7f0fe0d0b000-7f0fe0f0b000 ---p 00029000 08:06 9707611                    /usr/lib/x86_64-linux-gnu/libedit.so.2.0.47
7f0fe0f0b000-7f0fe0f0d000 r--p 00029000 08:06 9707611                    /usr/lib/x86_64-linux-gnu/libedit.so.2.0.47
7f0fe0f0d000-7f0fe0f0e000 rw-p 0002b000 08:06 9707611                    /usr/lib/x86_64-linux-gnu/libedit.so.2.0.47
7f0fe0f0e000-7f0fe0f12000 rw-p 00000000 00:00 0 
7f0fe0f12000-7f0fe2a1a000 r-xp 00000000 08:06 9707230                    /usr/lib/x86_64-linux-gnu/libLLVM-3.5.so.1
7f0fe2a1a000-7f0fe2a1b000 ---p 01b08000 08:06 9707230                    /usr/lib/x86_64-linux-gnu/libLLVM-3.5.so.1
7f0fe2a1b000-7f0fe2be3000 r--p 01b08000 08:06 9707230                    /usr/lib/x86_64-linux-gnu/libLLVM-3.5.so.1
7f0fe2be3000-7f0fe2be9000 rw-p 01cd0000 08:06 9707230                    /usr/lib/x86_64-linux-gnu/libLLVM-3.5.so.1
7f0fe2be9000-7f0fe2bfe000 rw-p 00000000 00:00 0 
7f0fe2bfe000-7f0fe2c0a000 r-xp 00000000 08:06 9703037                    /usr/lib/x86_64-linux-gnu/libdrm_radeon.so.1.0.1
7f0fe2c0a000-7f0fe2e09000 ---p 0000c000 08:06 9703037                    /usr/lib/x86_64-linux-gnu/libdrm_radeon.so.1.0.1
7f0fe2e09000-7f0fe2e0a000 r--p 0000b000 08:06 9703037                    /usr/lib/x86_64-linux-gnu/libdrm_radeon.so.1.0.1
7f0fe2e0a000-7f0fe2e0b000 rw-p 0000c000 08:06 9703037                    /usr/lib/x86_64-linux-gnu/libdrm_radeon.so.1.0.1
7f0fe2e0b000-7f0fe2e20000 r-xp 00000000 08:06 9707612                    /usr/lib/x86_64-linux-gnu/libelf-0.158.so
7f0fe2e20000-7f0fe301f000 ---p 00015000 08:06 9707612                    /usr/lib/x86_64-linux-gnu/libelf-0.158.so
7f0fe301f000-7f0fe3020000 r--p 00014000 08:06 9707612                    /usr/lib/x86_64-linux-gnu/libelf-0.158.so
7f0fe3020000-7f0fe3021000 rw-p 00015000 08:06 9707612                    /usr/lib/x86_64-linux-gnu/libelf-0.158.so
7f0fe3021000-7f0fe3027000 r-xp 00000000 08:06 9703031                    /usr/lib/x86_64-linux-gnu/libdrm_nouveau.so.2.0.0
7f0fe3027000-7f0fe3226000 ---p 00006000 08:06 9703031                    /usr/lib/x86_64-linux-gnu/libdrm_nouveau.so.2.0.0
7f0fe3226000-7f0fe3227000 r--p 00005000 08:06 9703031                    /usr/lib/x86_64-linux-gnu/libdrm_nouveau.so.2.0.0
7f0fe3227000-7f0fe3228000 rw-p 00006000 08:06 9703031                    /usr/lib/x86_64-linux-gnu/libdrm_nouveau.so.2.0.0
7f0fe3228000-7f0fe322f000 r-xp 00000000 08:06 10094006                   /usr/lib/x86_64-linux-gnu/mesa-egl/libOpenVG.so.1.0.0
7f0fe322f000-7f0fe342e000 ---p 00007000 08:06 10094006                   /usr/lib/x86_64-linux-gnu/mesa-egl/libOpenVG.so.1.0.0
7f0fe342e000-7f0fe342f000 r--p 00006000 08:06 10094006                   /usr/lib/x86_64-linux-gnu/mesa-egl/libOpenVG.so.1.0.0
7f0fe342f000-7f0fe3430000 rw-p 00007000 08:06 10094006                   /usr/lib/x86_64-linux-gnu/mesa-egl/libOpenVG.so.1.0.0
7f0fe3430000-7f0fe3432000 rw-p 00000000 00:00 0 
7f0fe3432000-7f0fe3bba000 r-xp 00000000 08:06 10092900                   /usr/lib/x86_64-linux-gnu/egl/egl_gallium.so
7f0fe3bba000-7f0fe3dba000 ---p 00788000 08:06 10092900                   /usr/lib/x86_64-linux-gnu/egl/egl_gallium.so
7f0fe3dba000-7f0fe3e0d000 r--p 00788000 08:06 10092900                   /usr/lib/x86_64-linux-gnu/egl/egl_gallium.so
7f0fe3e0d000-7f0fe3e19000 rw-p 007db000 08:06 10092900                   /usr/lib/x86_64-linux-gnu/egl/egl_gallium.so
7f0fe3e19000-7f0fe4000000 rw-p 00000000 00:00 0 
7f0fe4000000-7f0fe49ae000 rw-p 00000000 00:00 0 
7f0fe49ae000-7f0fe8000000 ---p 00000000 00:00 0 
7f0fe8000000-7f0fe8021000 rw-p 00000000 00:00 0 
7f0fe8021000-7f0fec000000 ---p 00000000 00:00 0 
7f0fec000000-7f0fec02d000 rw-p 00000000 00:00 0 
7f0fec02d000-7f0ff0000000 ---p 00000000 00:00 0 
7f0ff0000000-7f0ff1512000 rw-p 00000000 00:00 0 
7f0ff1512000-7f0ff4000000 ---p 00000000 00:00 0 
7f0ff4000000-7f0ff4021000 rw-p 00000000 00:00 0 
7f0ff4021000-7f0ff8000000 ---p 00000000 00:00 0 
7f0ff8000000-7f0ff8021000 rw-p 00000000 00:00 0 
7f0ff8021000-7f0ffc000000 ---p 00000000 00:00 0 
7f0ffc000000-7f0ffc021000 rw-p 00000000 00:00 0 
7f0ffc021000-7f1000000000 ---p 00000000 00:00 0 
7f1000035000-7f100003b000 r-xp 00000000 08:06 10094004                   /usr/lib/x86_64-linux-gnu/mesa-egl/libGLESv2.so.2.0.0
7f100003b000-7f100023a000 ---p 00006000 08:06 10094004                   /usr/lib/x86_64-linux-gnu/mesa-egl/libGLESv2.so.2.0.0
7f100023a000-7f100023b000 r--p 00005000 08:06 10094004                   /usr/lib/x86_64-linux-gnu/mesa-egl/libGLESv2.so.2.0.0
7f100023b000-7f100023c000 rw-p 00006000 08:06 10094004                   /usr/lib/x86_64-linux-gnu/mesa-egl/libGLESv2.so.2.0.0
7f100023c000-7f1000281000 r-xp 00000000 08:06 4325419                    /tmp/jogamp_0000/file_cache/jln9005754851143035347/jln401560318906631017/libjogl_mobile.so
7f1000281000-7f1000481000 ---p 00045000 08:06 4325419                    /tmp/jogamp_0000/file_cache/jln9005754851143035347/jln401560318906631017/libjogl_mobile.so
7f1000481000-7f1000482000 rw-p 00045000 08:06 4325419                    /tmp/jogamp_0000/file_cache/jln9005754851143035347/jln401560318906631017/libjogl_mobile.so
7f1000482000-7f100048e000 r-xp 00000000 08:06 9707694                    /usr/lib/x86_64-linux-gnu/libgbm.so.1.0.0
7f100048e000-7f100068e000 ---p 0000c000 08:06 9707694                    /usr/lib/x86_64-linux-gnu/libgbm.so.1.0.0
7f100068e000-7f100068f000 r--p 0000c000 08:06 9707694                    /usr/lib/x86_64-linux-gnu/libgbm.so.1.0.0
7f100068f000-7f1000690000 rw-p 0000d000 08:06 9707694                    /usr/lib/x86_64-linux-gnu/libgbm.so.1.0.0
7f1000690000-7f100069f000 r-xp 00000000 08:06 9708373                    /usr/lib/x86_64-linux-gnu/libwayland-server.so.0.1.0
7f100069f000-7f100089e000 ---p 0000f000 08:06 9708373                    /usr/lib/x86_64-linux-gnu/libwayland-server.so.0.1.0
7f100089e000-7f10008a0000 r--p 0000e000 08:06 9708373                    /usr/lib/x86_64-linux-gnu/libwayland-server.so.0.1.0
7f10008a0000-7f10008a1000 rw-p 00010000 08:06 9708373                    /usr/lib/x86_64-linux-gnu/libwayland-server.so.0.1.0
7f10008a1000-7f10008ac000 r-xp 00000000 08:06 9708367                    /usr/lib/x86_64-linux-gnu/libwayland-client.so.0.2.0
7f10008ac000-7f1000aab000 ---p 0000b000 08:06 9708367                    /usr/lib/x86_64-linux-gnu/libwayland-client.so.0.2.0
7f1000aab000-7f1000aad000 r--p 0000a000 08:06 9708367                    /usr/lib/x86_64-linux-gnu/libwayland-client.so.0.2.0
7f1000aad000-7f1000aae000 rw-p 0000c000 08:06 9708367                    /usr/lib/x86_64-linux-gnu/libwayland-client.so.0.2.0
7f1000aae000-7f1000ab3000 r-xp 00000000 08:06 9708423                    /usr/lib/x86_64-linux-gnu/libxcb-xfixes.so.0.0.0
7f1000ab3000-7f1000cb3000 ---p 00005000 08:06 9708423                    /usr/lib/x86_64-linux-gnu/libxcb-xfixes.so.0.0.0
7f1000cb3000-7f1000cb4000 r--p 00005000 08:06 9708423                    /usr/lib/x86_64-linux-gnu/libxcb-xfixes.so.0.0.0
7f1000cb4000-7f1000cb5000 rw-p 00006000 08:06 9708423                    /usr/lib/x86_64-linux-gnu/libxcb-xfixes.so.0.0.0
7f1000cb5000-7f1000cdc000 r-xp 00000000 08:06 10094000                   /usr/lib/x86_64-linux-gnu/mesa-egl/libEGL.so.1.0.0
7f1000cdc000-7f1000edc000 ---p 00027000 08:06 10094000                   /usr/lib/x86_64-linux-gnu/mesa-egl/libEGL.so.1.0.0
7f1000edc000-7f1000edd000 r--p 00027000 08:06 10094000                   /usr/lib/x86_64-linux-gnu/mesa-egl/libEGL.so.1.0.0
7f1000edd000-7f1000ede000 rw-p 00028000 08:06 10094000                   /usr/lib/x86_64-linux-gnu/mesa-egl/libEGL.so.1.0.0
7f1000ede000-7f1000edf000 rw-p 00000000 00:00 0 
7f1000edf000-7f1000f84000 r-xp 00000000 08:06 4325418                    /tmp/jogamp_0000/file_cache/jln9005754851143035347/jln401560318906631017/libjogl_desktop.so
7f1000f84000-7f1001184000 ---p 000a5000 08:06 4325418                    /tmp/jogamp_0000/file_cache/jln9005754851143035347/jln401560318906631017/libjogl_desktop.so
7f1001184000-7f1001185000 rw-p 000a5000 08:06 4325418                    /tmp/jogamp_0000/file_cache/jln9005754851143035347/jln401560318906631017/libjogl_desktop.so
7f1001185000-7f1001190000 r-xp 00000000 08:06 9701891                    /usr/lib/x86_64-linux-gnu/libdrm.so.2.4.0
7f1001190000-7f100138f000 ---p 0000b000 08:06 9701891                    /usr/lib/x86_64-linux-gnu/libdrm.so.2.4.0
7f100138f000-7f1001390000 r--p 0000a000 08:06 9701891                    /usr/lib/x86_64-linux-gnu/libdrm.so.2.4.0
7f1001390000-7f1001391000 rw-p 0000b000 08:06 9701891                    /usr/lib/x86_64-linux-gnu/libdrm.so.2.4.0
7f1001391000-7f1001392000 r-xp 00000000 08:06 9708437                    /usr/lib/x86_64-linux-gnu/libxshmfence.so.1.0.0
7f1001392000-7f1001591000 ---p 00001000 08:06 9708437                    /usr/lib/x86_64-linux-gnu/libxshmfence.so.1.0.0
7f1001591000-7f1001592000 r--p 00000000 08:06 9708437                    /usr/lib/x86_64-linux-gnu/libxshmfence.so.1.0.0
7f1001592000-7f1001593000 rw-p 00001000 08:06 9708437                    /usr/lib/x86_64-linux-gnu/libxshmfence.so.1.0.0
7f1001593000-7f1001598000 r-xp 00000000 08:06 9708419                    /usr/lib/x86_64-linux-gnu/libxcb-sync.so.1.0.0
7f1001598000-7f1001797000 ---p 00005000 08:06 9708419                    /usr/lib/x86_64-linux-gnu/libxcb-sync.so.1.0.0
7f1001797000-7f1001798000 r--p 00004000 08:06 9708419                    /usr/lib/x86_64-linux-gnu/libxcb-sync.so.1.0.0
7f1001798000-7f1001799000 rw-p 00005000 08:06 9708419                    /usr/lib/x86_64-linux-gnu/libxcb-sync.so.1.0.0
7f1001799000-7f100179b000 r-xp 00000000 08:06 9708407                    /usr/lib/x86_64-linux-gnu/libxcb-present.so.0.0.0
7f100179b000-7f100199a000 ---p 00002000 08:06 9708407                    /usr/lib/x86_64-linux-gnu/libxcb-present.so.0.0.0
7f100199a000-7f100199b000 r--p 00001000 08:06 9708407                    /usr/lib/x86_64-linux-gnu/libxcb-present.so.0.0.0
7f100199b000-7f100199c000 rw-p 00002000 08:06 9708407                    /usr/lib/x86_64-linux-gnu/libxcb-present.so.0.0.0
7f100199c000-7f100199e000 r-xp 00000000 08:06 9708397                    /usr/lib/x86_64-linux-gnu/libxcb-dri3.so.0.0.0
7f100199e000-7f1001b9d000 ---p 00002000 08:06 9708397                    /usr/lib/x86_64-linux-gnu/libxcb-dri3.so.0.0.0
7f1001b9d000-7f1001b9e000 r--p 00001000 08:06 9708397                    /usr/lib/x86_64-linux-gnu/libxcb-dri3.so.0.0.0
7f1001b9e000-7f1001b9f000 rw-p 00002000 08:06 9708397                    /usr/lib/x86_64-linux-gnu/libxcb-dri3.so.0.0.0
7f1001b9f000-7f1001ba2000 r-xp 00000000 08:06 9708395                    /usr/lib/x86_64-linux-gnu/libxcb-dri2.so.0.0.0
7f1001ba2000-7f1001da2000 ---p 00003000 08:06 9708395                    /usr/lib/x86_64-linux-gnu/libxcb-dri2.so.0.0.0
7f1001da2000-7f1001da3000 r--p 00003000 08:06 9708395                    /usr/lib/x86_64-linux-gnu/libxcb-dri2.so.0.0.0
7f1001da3000-7f1001da4000 rw-p 00004000 08:06 9708395                    /usr/lib/x86_64-linux-gnu/libxcb-dri2.so.0.0.0
7f1001da4000-7f1001db9000 r-xp 00000000 08:06 9708399                    /usr/lib/x86_64-linux-gnu/libxcb-glx.so.0.0.0
7f1001db9000-7f1001fb8000 ---p 00015000 08:06 9708399                    /usr/lib/x86_64-linux-gnu/libxcb-glx.so.0.0.0
7f1001fb8000-7f1001fba000 r--p 00014000 08:06 9708399                    /usr/lib/x86_64-linux-gnu/libxcb-glx.so.0.0.0
7f1001fba000-7f1001fbb000 rw-p 00016000 08:06 9708399                    /usr/lib/x86_64-linux-gnu/libxcb-glx.so.0.0.0
7f1001fbb000-7f1001fbc000 r-xp 00000000 08:06 9707353                    /usr/lib/x86_64-linux-gnu/libX11-xcb.so.1.0.0
7f1001fbc000-7f10021bb000 ---p 00001000 08:06 9707353                    /usr/lib/x86_64-linux-gnu/libX11-xcb.so.1.0.0
7f10021bb000-7f10021bc000 r--p 00000000 08:06 9707353                    /usr/lib/x86_64-linux-gnu/libX11-xcb.so.1.0.0
7f10021bc000-7f10021bd000 rw-p 00001000 08:06 9707353                    /usr/lib/x86_64-linux-gnu/libX11-xcb.so.1.0.0
7f10021bd000-7f10021bf000 r-xp 00000000 08:06 9707368                    /usr/lib/x86_64-linux-gnu/libXdamage.so.1.1.0
7f10021bf000-7f10023be000 ---p 00002000 08:06 9707368                    /usr/lib/x86_64-linux-gnu/libXdamage.so.1.1.0
7f10023be000-7f10023bf000 r--p 00001000 08:06 9707368                    /usr/lib/x86_64-linux-gnu/libXdamage.so.1.1.0
7f10023bf000-7f10023c0000 rw-p 00002000 08:06 9707368                    /usr/lib/x86_64-linux-gnu/libXdamage.so.1.1.0
7f10023c0000-7f10023e4000 r-xp 00000000 08:06 9707746                    /usr/lib/x86_64-linux-gnu/libglapi.so.0.0.0
7f10023e4000-7f10025e4000 ---p 00024000 08:06 9707746                    /usr/lib/x86_64-linux-gnu/libglapi.so.0.0.0
7f10025e4000-7f10025e7000 r--p 00024000 08:06 9707746                    /usr/lib/x86_64-linux-gnu/libglapi.so.0.0.0
7f10025e7000-7f10025e8000 rw-p 00027000 08:06 9707746                    /usr/lib/x86_64-linux-gnu/libglapi.so.0.0.0
7f10025e8000-7f10025e9000 rw-p 00000000 00:00 0 
7f10025e9000-7f1002675000 r-xp 00000000 08:06 10093997                   /usr/lib/x86_64-linux-gnu/mesa/libGL.so.1.2.0
7f1002675000-7f1002874000 ---p 0008c000 08:06 10093997                   /usr/lib/x86_64-linux-gnu/mesa/libGL.so.1.2.0
7f1002874000-7f1002877000 r--p 0008b000 08:06 10093997                   /usr/lib/x86_64-linux-gnu/mesa/libGL.so.1.2.0
7f1002877000-7f1002878000 rw-p 0008e000 08:06 10093997                   /usr/lib/x86_64-linux-gnu/mesa/libGL.so.1.2.0
7f1002878000-7f1002879000 rw-p 00000000 00:00 0 
7f1002879000-7f1002880000 r-xp 00000000 08:06 4325423                    /tmp/jogamp_0000/file_cache/jln9005754851143035347/jln401560318906631017/libnativewindow_x11.so
7f1002880000-7f1002a7f000 ---p 00007000 08:06 4325423                    /tmp/jogamp_0000/file_cache/jln9005754851143035347/jln401560318906631017/libnativewindow_x11.so
7f1002a7f000-7f1002a80000 rw-p 00006000 08:06 4325423                    /tmp/jogamp_0000/file_cache/jln9005754851143035347/jln401560318906631017/libnativewindow_x11.so
7f1002a80000-7f1002a84000 r-xp 00000000 08:06 9707410                    /usr/lib/x86_64-linux-gnu/libXxf86vm.so.1.0.0
7f1002a84000-7f1002c84000 ---p 00004000 08:06 9707410                    /usr/lib/x86_64-linux-gnu/libXxf86vm.so.1.0.0
7f1002c84000-7f1002c85000 r--p 00004000 08:06 9707410                    /usr/lib/x86_64-linux-gnu/libXxf86vm.so.1.0.0
7f1002c85000-7f1002c86000 rw-p 00005000 08:06 9707410                    /usr/lib/x86_64-linux-gnu/libXxf86vm.so.1.0.0
7f1002c86000-7f1002c88000 r-xp 00000000 08:06 4325422                    /tmp/jogamp_0000/file_cache/jln9005754851143035347/jln401560318906631017/libnativewindow_awt.so
7f1002c88000-7f1002e87000 ---p 00002000 08:06 4325422                    /tmp/jogamp_0000/file_cache/jln9005754851143035347/jln401560318906631017/libnativewindow_awt.so
7f1002e87000-7f1002e88000 rw-p 00001000 08:06 4325422                    /tmp/jogamp_0000/file_cache/jln9005754851143035347/jln401560318906631017/libnativewindow_awt.so
7f1002e88000-7f1002e89000 r-xp 00000000 08:06 1705755                    /usr/lib/jvm/java-7-openjdk-amd64/jre/lib/amd64/libjawt.so
7f1002e89000-7f1003088000 ---p 00001000 08:06 1705755                    /usr/lib/jvm/java-7-openjdk-amd64/jre/lib/amd64/libjawt.so
7f1003088000-7f1003089000 r--p 00000000 08:06 1705755                    /usr/lib/jvm/java-7-openjdk-amd64/jre/lib/amd64/libjawt.so
7f1003089000-7f100308a000 rw-p 00001000 08:06 1705755                    /usr/lib/jvm/java-7-openjdk-amd64/jre/lib/amd64/libjawt.so
7f100308a000-7f100308c000 r-xp 00000000 08:06 4325415                    /tmp/jogamp_0000/file_cache/jln9005754851143035347/jln401560318906631017/libgluegen-rt.so
7f100308c000-7f100328b000 ---p 00002000 08:06 4325415                    /tmp/jogamp_0000/file_cache/jln9005754851143035347/jln401560318906631017/libgluegen-rt.so
7f100328b000-7f100328c000 rw-p 00001000 08:06 4325415                    /tmp/jogamp_0000/file_cache/jln9005754851143035347/jln401560318906631017/libgluegen-rt.so
7f100328c000-7f100328f000 ---p 00000000 00:00 0 
7f100328f000-7f100338d000 rw-p 00000000 00:00 0                          [stack:15628]
7f100338d000-7f1003390000 ---p 00000000 00:00 0 
7f1003390000-7f100348e000 rw-p 00000000 00:00 0                          [stack:15629]
7f100348e000-7f1003491000 ---p 00000000 00:00 0 
7f1003491000-7f100358f000 rw-p 00000000 00:00 0                          [stack:15618]
7f100358f000-7f100359f000 r-xp 00000000 08:06 1705761                    /usr/lib/jvm/java-7-openjdk-amd64/jre/lib/amd64/libnio.so
7f100359f000-7f100379f000 ---p 00010000 08:06 1705761                    /usr/lib/jvm/java-7-openjdk-amd64/jre/lib/amd64/libnio.so
7f100379f000-7f10037a0000 r--p 00010000 08:06 1705761                    /usr/lib/jvm/java-7-openjdk-amd64/jre/lib/amd64/libnio.so
7f10037a0000-7f10037a1000 rw-p 00011000 08:06 1705761                    /usr/lib/jvm/java-7-openjdk-amd64/jre/lib/amd64/libnio.so
7f10037a1000-7f10037f3000 r-xp 00000000 08:06 1705740                    /usr/lib/jvm/java-7-openjdk-amd64/jre/lib/amd64/libfontmanager.so
7f10037f3000-7f10039f2000 ---p 00052000 08:06 1705740                    /usr/lib/jvm/java-7-openjdk-amd64/jre/lib/amd64/libfontmanager.so
7f10039f2000-7f10039f5000 r--p 00051000 08:06 1705740                    /usr/lib/jvm/java-7-openjdk-amd64/jre/lib/amd64/libfontmanager.so
7f10039f5000-7f10039f6000 rw-p 00054000 08:06 1705740                    /usr/lib/jvm/java-7-openjdk-amd64/jre/lib/amd64/libfontmanager.so
7f10039f6000-7f10039f9000 ---p 00000000 00:00 0 
7f10039f9000-7f1003af7000 rw-p 00000000 00:00 0                          [stack:15616]
7f1003af7000-7f1003afa000 ---p 00000000 00:00 0 
7f1003afa000-7f1003bf8000 rw-p 00000000 00:00 0                          [stack:15615]
7f1003bf8000-7f1003bfb000 ---p 00000000 00:00 0 
7f1003bfb000-7f1003cf9000 rw-p 00000000 00:00 0                          [stack:15614]
7f1003cf9000-7f1003cfc000 ---p 00000000 00:00 0 
7f1003cfc000-7f1003dfa000 rw-p 00000000 00:00 0                          [stack:15612]
7f1003dfa000-7f1003dff000 r-xp 00000000 08:06 9699808                    /usr/lib/x86_64-linux-gnu/libXfixes.so.3.1.0
7f1003dff000-7f1003ffe000 ---p 00005000 08:06 9699808                    /usr/lib/x86_64-linux-gnu/libXfixes.so.3.1.0
7f1003ffe000-7f1003fff000 r--p 00004000 08:06 9699808                    /usr/lib/x86_64-linux-gnu/libXfixes.so.3.1.0
7f1003fff000-7f1004000000 rw-p 00005000 08:06 9699808                    /usr/lib/x86_64-linux-gnu/libXfixes.so.3.1.0
7f1004000000-7f1004021000 rw-p 00000000 00:00 0 
7f1004021000-7f1008000000 ---p 00000000 00:00 0 
7f1008000000-7f1008021000 rw-p 00000000 00:00 0 
7f1008021000-7f100c000000 ---p 00000000 00:00 0 
7f100c000000-7f100c1f0000 rw-p 00000000 00:00 0 
7f100c1f0000-7f1010000000 ---p 00000000 00:00 0 
7f1010000000-7f1010021000 rw-p 00000000 00:00 0 
7f1010021000-7f1014000000 ---p 00000000 00:00 0 
7f1014000000-7f1014021000 rw-p 00000000 00:00 0 
7f1014021000-7f1018000000 ---p 00000000 00:00 0 
7f1018000000-7f101826f000 rw-p 00000000 00:00 0 
7f101826f000-7f101c000000 ---p 00000000 00:00 0 
7f101c000000-7f101c021000 rw-p 00000000 00:00 0 
7f101c021000-7f1020000000 ---p 00000000 00:00 0 
7f1020000000-7f1020021000 rw-p 00000000 00:00 0 
7f1020021000-7f1024000000 ---p 00000000 00:00 0 
7f1024000000-7f1024021000 rw-p 00000000 00:00 0 
7f1024021000-7f1028000000 ---p 00000000 00:00 0 
7f1028002000-7f102800b000 r-xp 00000000 08:06 9707366                    /usr/lib/x86_64-linux-gnu/libXcursor.so.1.0.2
7f102800b000-7f102820a000 ---p 00009000 08:06 9707366                    /usr/lib/x86_64-linux-gnu/libXcursor.so.1.0.2
7f102820a000-7f102820b000 r--p 00008000 08:06 9707366                    /usr/lib/x86_64-linux-gnu/libXcursor.so.1.0.2
7f102820b000-7f102820c000 rw-p 00009000 08:06 9707366                    /usr/lib/x86_64-linux-gnu/libXcursor.so.1.0.2
7f102820c000-7f102820f000 ---p 00000000 00:00 0 
7f102820f000-7f102830d000 rw-p 00000000 00:00 0                          [stack:15611]
7f102830d000-7f1028324000 r-xp 00000000 08:06 1705756                    /usr/lib/jvm/java-7-openjdk-amd64/jre/lib/amd64/libnet.so
7f1028324000-7f1028523000 ---p 00017000 08:06 1705756                    /usr/lib/jvm/java-7-openjdk-amd64/jre/lib/amd64/libnet.so
7f1028523000-7f1028524000 r--p 00016000 08:06 1705756                    /usr/lib/jvm/java-7-openjdk-amd64/jre/lib/amd64/libnet.so
7f1028524000-7f1028525000 rw-p 00017000 08:06 1705756                    /usr/lib/jvm/java-7-openjdk-amd64/jre/lib/amd64/libnet.so
7f1028525000-7f1028529000 r-xp 00000000 08:06 8130528                    /lib/x86_64-linux-gnu/libgpg-error.so.0.10.0
7f1028529000-7f1028728000 ---p 00004000 08:06 8130528                    /lib/x86_64-linux-gnu/libgpg-error.so.0.10.0
7f1028728000-7f1028729000 r--p 00003000 08:06 8130528                    /lib/x86_64-linux-gnu/libgpg-error.so.0.10.0
7f1028729000-7f102872a000 rw-p 00004000 08:06 8130528                    /lib/x86_64-linux-gnu/libgpg-error.so.0.10.0
7f102872a000-7f102872c000 r-xp 00000000 08:06 8130538                    /lib/x86_64-linux-gnu/libkeyutils.so.1.4
7f102872c000-7f102892c000 ---p 00002000 08:06 8130538                    /lib/x86_64-linux-gnu/libkeyutils.so.1.4
7f102892c000-7f102892d000 r--p 00002000 08:06 8130538                    /lib/x86_64-linux-gnu/libkeyutils.so.1.4
7f102892d000-7f102892e000 rw-p 00003000 08:06 8130538                    /lib/x86_64-linux-gnu/libkeyutils.so.1.4
7f102892e000-7f102896b000 r-xp 00000000 08:06 8132557                    /lib/x86_64-linux-gnu/libpcre.so.3.13.1
7f102896b000-7f1028b6a000 ---p 0003d000 08:06 8132557                    /lib/x86_64-linux-gnu/libpcre.so.3.13.1
7f1028b6a000-7f1028b6b000 r--p 0003c000 08:06 8132557                    /lib/x86_64-linux-gnu/libpcre.so.3.13.1
7f1028b6b000-7f1028b6c000 rw-p 0003d000 08:06 8132557                    /lib/x86_64-linux-gnu/libpcre.so.3.13.1
7f1028b6c000-7f1028b91000 r-xp 00000000 08:06 8130610                    /lib/x86_64-linux-gnu/libpng12.so.0.50.0
7f1028b91000-7f1028d90000 ---p 00025000 08:06 8130610                    /lib/x86_64-linux-gnu/libpng12.so.0.50.0
7f1028d90000-7f1028d91000 r--p 00024000 08:06 8130610                    /lib/x86_64-linux-gnu/libpng12.so.0.50.0
7f1028d91000-7f1028d92000 rw-p 00025000 08:06 8130610                    /lib/x86_64-linux-gnu/libpng12.so.0.50.0
7f1028d92000-7f1028dd6000 r-xp 00000000 08:06 8130509                    /lib/x86_64-linux-gnu/libdbus-1.so.3.7.6
7f1028dd6000-7f1028fd5000 ---p 00044000 08:06 8130509                    /lib/x86_64-linux-gnu/libdbus-1.so.3.7.6
7f1028fd5000-7f1028fd6000 r--p 00043000 08:06 8130509                    /lib/x86_64-linux-gnu/libdbus-1.so.3.7.6
7f1028fd6000-7f1028fd7000 rw-p 00044000 08:06 8130509                    /lib/x86_64-linux-gnu/libdbus-1.so.3.7.6
7f1028fd7000-7f1029012000 r-xp 00000000 08:06 9708086                    /usr/lib/x86_64-linux-gnu/libp11-kit.so.0.0.0
7f1029012000-7f1029211000 ---p 0003b000 08:06 9708086                    /usr/lib/x86_64-linux-gnu/libp11-kit.so.0.0.0
7f1029211000-7f1029217000 r--p 0003a000 08:06 9708086                    /usr/lib/x86_64-linux-gnu/libp11-kit.so.0.0.0
7f1029217000-7f1029219000 rw-p 00040000 08:06 9708086                    /usr/lib/x86_64-linux-gnu/libp11-kit.so.0.0.0
7f1029219000-7f102922b000 r-xp 00000000 08:06 9699371                    /usr/lib/x86_64-linux-gnu/libtasn1.so.6.2.0
7f102922b000-7f102942b000 ---p 00012000 08:06 9699371                    /usr/lib/x86_64-linux-gnu/libtasn1.so.6.2.0
7f102942b000-7f102942c000 r--p 00012000 08:06 9699371                    /usr/lib/x86_64-linux-gnu/libtasn1.so.6.2.0
7f102942c000-7f102942d000 rw-p 00013000 08:06 9699371                    /usr/lib/x86_64-linux-gnu/libtasn1.so.6.2.0
7f102942d000-7f10294a9000 r-xp 00000000 08:06 8130502                    /lib/x86_64-linux-gnu/libgcrypt.so.11.8.2
7f10294a9000-7f10296a9000 ---p 0007c000 08:06 8130502                    /lib/x86_64-linux-gnu/libgcrypt.so.11.8.2
7f10296a9000-7f10296aa000 r--p 0007c000 08:06 8130502                    /lib/x86_64-linux-gnu/libgcrypt.so.11.8.2
7f10296aa000-7f10296ad000 rw-p 0007d000 08:06 8130502                    /lib/x86_64-linux-gnu/libgcrypt.so.11.8.2
7f10296ad000-7f10296b7000 r-xp 00000000 08:06 9707969                    /usr/lib/x86_64-linux-gnu/libkrb5support.so.0.1
7f10296b7000-7f10298b6000 ---p 0000a000 08:06 9707969                    /usr/lib/x86_64-linux-gnu/libkrb5support.so.0.1
7f10298b6000-7f10298b7000 r--p 00009000 08:06 9707969                    /usr/lib/x86_64-linux-gnu/libkrb5support.so.0.1
7f10298b7000-7f10298b8000 rw-p 0000a000 08:06 9707969                    /usr/lib/x86_64-linux-gnu/libkrb5support.so.0.1
7f10298b8000-7f10298bb000 r-xp 00000000 08:06 8130472                    /lib/x86_64-linux-gnu/libcom_err.so.2.1
7f10298bb000-7f1029aba000 ---p 00003000 08:06 8130472                    /lib/x86_64-linux-gnu/libcom_err.so.2.1
7f1029aba000-7f1029abb000 r--p 00002000 08:06 8130472                    /lib/x86_64-linux-gnu/libcom_err.so.2.1
7f1029abb000-7f1029abc000 rw-p 00003000 08:06 8130472                    /lib/x86_64-linux-gnu/libcom_err.so.2.1
7f1029abc000-7f1029ae8000 r-xp 00000000 08:06 9707963                    /usr/lib/x86_64-linux-gnu/libk5crypto.so.3.1
7f1029ae8000-7f1029ce7000 ---p 0002c000 08:06 9707963                    /usr/lib/x86_64-linux-gnu/libk5crypto.so.3.1
7f1029ce7000-7f1029ce9000 r--p 0002b000 08:06 9707963                    /usr/lib/x86_64-linux-gnu/libk5crypto.so.3.1
7f1029ce9000-7f1029cea000 rw-p 0002d000 08:06 9707963                    /usr/lib/x86_64-linux-gnu/libk5crypto.so.3.1
7f1029cea000-7f1029ceb000 rw-p 00000000 00:00 0 
7f1029ceb000-7f1029da7000 r-xp 00000000 08:06 9707967                    /usr/lib/x86_64-linux-gnu/libkrb5.so.3.3
7f1029da7000-7f1029fa7000 ---p 000bc000 08:06 9707967                    /usr/lib/x86_64-linux-gnu/libkrb5.so.3.3
7f1029fa7000-7f1029fb4000 r--p 000bc000 08:06 9707967                    /usr/lib/x86_64-linux-gnu/libkrb5.so.3.3
7f1029fb4000-7f1029fb6000 rw-p 000c9000 08:06 9707967                    /usr/lib/x86_64-linux-gnu/libkrb5.so.3.3
7f1029fb6000-7f1029fbb000 r-xp 00000000 08:06 9707370                    /usr/lib/x86_64-linux-gnu/libXdmcp.so.6.0.0
7f1029fbb000-7f102a1ba000 ---p 00005000 08:06 9707370                    /usr/lib/x86_64-linux-gnu/libXdmcp.so.6.0.0
7f102a1ba000-7f102a1bb000 r--p 00004000 08:06 9707370                    /usr/lib/x86_64-linux-gnu/libXdmcp.so.6.0.0
7f102a1bb000-7f102a1bc000 rw-p 00005000 08:06 9707370                    /usr/lib/x86_64-linux-gnu/libXdmcp.so.6.0.0
7f102a1bc000-7f102a1be000 r-xp 00000000 08:06 9707359                    /usr/lib/x86_64-linux-gnu/libXau.so.6.0.0
7f102a1be000-7f102a3be000 ---p 00002000 08:06 9707359                    /usr/lib/x86_64-linux-gnu/libXau.so.6.0.0
7f102a3be000-7f102a3bf000 r--p 00002000 08:06 9707359                    /usr/lib/x86_64-linux-gnu/libXau.so.6.0.0
7f102a3bf000-7f102a3c0000 rw-p 00003000 08:06 9707359                    /usr/lib/x86_64-linux-gnu/libXau.so.6.0.0
7f102a3c0000-7f102a3c7000 r-xp 00000000 08:06 9707641                    /usr/lib/x86_64-linux-gnu/libffi.so.6.0.1
7f102a3c7000-7f102a5c6000 ---p 00007000 08:06 9707641                    /usr/lib/x86_64-linux-gnu/libffi.so.6.0.1
7f102a5c6000-7f102a5c7000 r--p 00006000 08:06 9707641                    /usr/lib/x86_64-linux-gnu/libffi.so.6.0.1
7f102a5c7000-7f102a5c8000 rw-p 00007000 08:06 9707641                    /usr/lib/x86_64-linux-gnu/libffi.so.6.0.1
7f102a5c8000-7f102a5df000 r-xp 00000000 08:06 8126469                    /lib/x86_64-linux-gnu/libresolv-2.19.so
7f102a5df000-7f102a7df000 ---p 00017000 08:06 8126469                    /lib/x86_64-linux-gnu/libresolv-2.19.so
7f102a7df000-7f102a7e0000 r--p 00017000 08:06 8126469                    /lib/x86_64-linux-gnu/libresolv-2.19.so
7f102a7e0000-7f102a7e1000 rw-p 00018000 08:06 8126469                    /lib/x86_64-linux-gnu/libresolv-2.19.so
7f102a7e1000-7f102a7e3000 rw-p 00000000 00:00 0 
7f102a7e3000-7f102a803000 r-xp 00000000 08:06 8130625                    /lib/x86_64-linux-gnu/libselinux.so.1
7f102a803000-7f102aa02000 ---p 00020000 08:06 8130625                    /lib/x86_64-linux-gnu/libselinux.so.1
7f102aa02000-7f102aa03000 r--p 0001f000 08:06 8130625                    /lib/x86_64-linux-gnu/libselinux.so.1
7f102aa03000-7f102aa04000 rw-p 00020000 08:06 8130625                    /lib/x86_64-linux-gnu/libselinux.so.1
7f102aa04000-7f102aa06000 rw-p 00000000 00:00 0 
7f102aa06000-7f102ab0c000 r-xp 00000000 08:06 8130526                    /lib/x86_64-linux-gnu/libglib-2.0.so.0.4002.0
7f102ab0c000-7f102ad0b000 ---p 00106000 08:06 8130526                    /lib/x86_64-linux-gnu/libglib-2.0.so.0.4002.0
7f102ad0b000-7f102ad0c000 r--p 00105000 08:06 8130526                    /lib/x86_64-linux-gnu/libglib-2.0.so.0.4002.0
7f102ad0c000-7f102ad0d000 rw-p 00106000 08:06 8130526                    /lib/x86_64-linux-gnu/libglib-2.0.so.0.4002.0
7f102ad0d000-7f102ad0e000 rw-p 00000000 00:00 0 
7f102ad0e000-7f102ad11000 r-xp 00000000 08:06 9707754                    /usr/lib/x86_64-linux-gnu/libgmodule-2.0.so.0.4002.0
7f102ad11000-7f102af10000 ---p 00003000 08:06 9707754                    /usr/lib/x86_64-linux-gnu/libgmodule-2.0.so.0.4002.0
7f102af10000-7f102af11000 r--p 00002000 08:06 9707754                    /usr/lib/x86_64-linux-gnu/libgmodule-2.0.so.0.4002.0
7f102af11000-7f102af12000 rw-p 00003000 08:06 9707754                    /usr/lib/x86_64-linux-gnu/libgmodule-2.0.so.0.4002.0
7f102af12000-7f102af39000 r-xp 00000000 08:06 8131913                    /lib/x86_64-linux-gnu/libexpat.so.1.6.0
7f102af39000-7f102b139000 ---p 00027000 08:06 8131913                    /lib/x86_64-linux-gnu/libexpat.so.1.6.0
7f102b139000-7f102b13b000 r--p 00027000 08:06 8131913                    /lib/x86_64-linux-gnu/libexpat.so.1.6.0
7f102b13b000-7f102b13c000 rw-p 00029000 08:06 8131913                    /lib/x86_64-linux-gnu/libexpat.so.1.6.0
7f102b13c000-7f102b1d9000 r-xp 00000000 08:06 9699821                    /usr/lib/x86_64-linux-gnu/libfreetype.so.6.11.1
7f102b1d9000-7f102b3d8000 ---p 0009d000 08:06 9699821                    /usr/lib/x86_64-linux-gnu/libfreetype.so.6.11.1
7f102b3d8000-7f102b3de000 r--p 0009c000 08:06 9699821                    /usr/lib/x86_64-linux-gnu/libfreetype.so.6.11.1
7f102b3de000-7f102b3df000 rw-p 000a2000 08:06 9699821                    /usr/lib/x86_64-linux-gnu/libfreetype.so.6.11.1
7f102b3df000-7f102b3ee000 r-xp 00000000 08:06 9707463                    /usr/lib/x86_64-linux-gnu/libavahi-client.so.3.2.9
7f102b3ee000-7f102b5ee000 ---p 0000f000 08:06 9707463                    /usr/lib/x86_64-linux-gnu/libavahi-client.so.3.2.9
7f102b5ee000-7f102b5ef000 r--p 0000f000 08:06 9707463                    /usr/lib/x86_64-linux-gnu/libavahi-client.so.3.2.9
7f102b5ef000-7f102b5f0000 rw-p 00010000 08:06 9707463                    /usr/lib/x86_64-linux-gnu/libavahi-client.so.3.2.9
7f102b5f0000-7f102b5fb000 r-xp 00000000 08:06 9707465                    /usr/lib/x86_64-linux-gnu/libavahi-common.so.3.5.3
7f102b5fb000-7f102b7fa000 ---p 0000b000 08:06 9707465                    /usr/lib/x86_64-linux-gnu/libavahi-common.so.3.5.3
7f102b7fa000-7f102b7fb000 r--p 0000a000 08:06 9707465                    /usr/lib/x86_64-linux-gnu/libavahi-common.so.3.5.3
7f102b7fb000-7f102b7fc000 rw-p 0000b000 08:06 9707465                    /usr/lib/x86_64-linux-gnu/libavahi-common.so.3.5.3
7f102b7fc000-7f102b8b2000 r-xp 00000000 08:06 9699378                    /usr/lib/x86_64-linux-gnu/libgnutls.so.26.22.6
7f102b8b2000-7f102bab2000 ---p 000b6000 08:06 9699378                    /usr/lib/x86_64-linux-gnu/libgnutls.so.26.22.6
7f102bab2000-7f102bab8000 r--p 000b6000 08:06 9699378                    /usr/lib/x86_64-linux-gnu/libgnutls.so.26.22.6
7f102bab8000-7f102bab9000 rw-p 000bc000 08:06 9699378                    /usr/lib/x86_64-linux-gnu/libgnutls.so.26.22.6
7f102bab9000-7f102baba000 rw-p 00000000 00:00 0 
7f102baba000-7f102bafd000 r-xp 00000000 08:06 9707797                    /usr/lib/x86_64-linux-gnu/libgssapi_krb5.so.2.2
7f102bafd000-7f102bcfd000 ---p 00043000 08:06 9707797                    /usr/lib/x86_64-linux-gnu/libgssapi_krb5.so.2.2
7f102bcfd000-7f102bcfe000 r--p 00043000 08:06 9707797                    /usr/lib/x86_64-linux-gnu/libgssapi_krb5.so.2.2
7f102bcfe000-7f102bd00000 rw-p 00044000 08:06 9707797                    /usr/lib/x86_64-linux-gnu/libgssapi_krb5.so.2.2
7f102bd00000-7f1030000000 rw-p 00000000 00:00 0 
7f1030000000-7f1030021000 rw-p 00000000 00:00 0 
7f1030021000-7f1034000000 ---p 00000000 00:00 0 
7f1034038000-7f1034040000 rw-s 00000000 00:04 276077                     /drm mm object (deleted)
7f1034040000-7f1034048000 rw-s 00000000 00:04 274001                     /drm mm object (deleted)
7f1034048000-7f1034050000 rw-s 00000000 00:04 273993                     /drm mm object (deleted)
7f1034050000-7f1034058000 rw-s 00000000 00:04 276060                     /drm mm object (deleted)
7f1034058000-7f1034060000 rw-s 00000000 00:04 276056                     /drm mm object (deleted)
7f1034060000-7f1034068000 rw-s 00000000 00:04 273997                     /drm mm object (deleted)
7f1034068000-7f1034070000 rw-s 00000000 00:04 276048                     /drm mm object (deleted)
7f1034070000-7f1034078000 rw-s 00000000 00:04 276044                     /drm mm object (deleted)
7f1034078000-7f1034079000 rwxp 00000000 00:00 0 
7f1034079000-7f103407a000 rw-p 00000000 00:00 0 
7f103407a000-7f103407b000 rw-s 00000000 00:04 276084                     /drm mm object (deleted)
7f103407b000-7f103407c000 rw-s 00000000 00:04 273998                     /drm mm object (deleted)
7f103407c000-7f103407d000 rw-s 00000000 00:04 276069                     /drm mm object (deleted)
7f103407d000-7f103407e000 rw-s 00000000 00:04 276064                     /drm mm object (deleted)
7f103407e000-7f103407f000 rw-s 00000000 00:04 276057                     /drm mm object (deleted)
7f103407f000-7f1034080000 rw-s 00000000 00:04 276045                     /drm mm object (deleted)
7f1034080000-7f1034081000 rw-s 00000000 00:04 273982                     /drm mm object (deleted)
7f1034081000-7f1034089000 rw-s 00000000 00:04 273257                     /drm mm object (deleted)
7f1034089000-7f103408a000 rw-s 00000000 00:04 273254                     /drm mm object (deleted)
7f103408a000-7f1034092000 rw-s 00000000 00:04 273253                     /drm mm object (deleted)
7f1034092000-7f1034093000 r--s 0002f000 08:06 8394805                    /home/zax/workspace/UCSDUnfoldingMaps/lib/jogl-all-natives-linux-amd64.jar
7f1034093000-7f1034095000 r--s 00000000 08:06 8394792                    /home/zax/workspace/UCSDUnfoldingMaps/lib/gluegen-rt-natives-linux-amd64.jar
7f1034095000-7f1034098000 ---p 00000000 00:00 0 
7f1034098000-7f10340ce000 rw-p 00000000 00:00 0                          [stack:15623]
7f10340ce000-7f10340cf000 r--p 00000000 00:00 0 
7f10340cf000-7f10340d4000 r--s 0004d000 08:06 1314162                    /usr/lib/jvm/java-7-openjdk-amd64/jre/lib/jsse.jar
7f10340d4000-7f1034105000 rw-p 00000000 00:00 0 
7f1034105000-7f1034128000 r--s 002ec000 08:06 8394800                    /home/zax/workspace/UCSDUnfoldingMaps/lib/jogl-all.jar
7f1034128000-7f1034145000 r-xp 00000000 08:06 9708427                    /usr/lib/x86_64-linux-gnu/libxcb.so.1.1.0
7f1034145000-7f1034345000 ---p 0001d000 08:06 9708427                    /usr/lib/x86_64-linux-gnu/libxcb.so.1.1.0
7f1034345000-7f1034346000 r--p 0001d000 08:06 9708427                    /usr/lib/x86_64-linux-gnu/libxcb.so.1.1.0
7f1034346000-7f1034347000 rw-p 0001e000 08:06 9708427                    /usr/lib/x86_64-linux-gnu/libxcb.so.1.1.0
7f1034347000-7f1034396000 r-xp 00000000 08:06 9707770                    /usr/lib/x86_64-linux-gnu/libgobject-2.0.so.0.4002.0
7f1034396000-7f1034596000 ---p 0004f000 08:06 9707770                    /usr/lib/x86_64-linux-gnu/libgobject-2.0.so.0.4002.0
7f1034596000-7f1034597000 r--p 0004f000 08:06 9707770                    /usr/lib/x86_64-linux-gnu/libgobject-2.0.so.0.4002.0
7f1034597000-7f1034598000 rw-p 00050000 08:06 9707770                    /usr/lib/x86_64-linux-gnu/libgobject-2.0.so.0.4002.0
7f1034598000-7f1034704000 r-xp 00000000 08:06 9707742                    /usr/lib/x86_64-linux-gnu/libgio-2.0.so.0.4002.0
7f1034704000-7f1034903000 ---p 0016c000 08:06 9707742                    /usr/lib/x86_64-linux-gnu/libgio-2.0.so.0.4002.0
7f1034903000-7f1034907000 r--p 0016b000 08:06 9707742                    /usr/lib/x86_64-linux-gnu/libgio-2.0.so.0.4002.0
7f1034907000-7f1034909000 rw-p 0016f000 08:06 9707742                    /usr/lib/x86_64-linux-gnu/libgio-2.0.so.0.4002.0
7f1034909000-7f103490b000 rw-p 00000000 00:00 0 
7f103490b000-7f1034945000 r-xp 00000000 08:06 9707655                    /usr/lib/x86_64-linux-gnu/libfontconfig.so.1.8.0
7f1034945000-7f1034b44000 ---p 0003a000 08:06 9707655                    /usr/lib/x86_64-linux-gnu/libfontconfig.so.1.8.0
7f1034b44000-7f1034b46000 r--p 00039000 08:06 9707655                    /usr/lib/x86_64-linux-gnu/libfontconfig.so.1.8.0
7f1034b46000-7f1034b47000 rw-p 0003b000 08:06 9707655                    /usr/lib/x86_64-linux-gnu/libfontconfig.so.1.8.0
7f1034b47000-7f1034bb3000 r-xp 00000000 08:06 9699450                    /usr/lib/x86_64-linux-gnu/libcups.so.2
7f1034bb3000-7f1034db3000 ---p 0006c000 08:06 9699450                    /usr/lib/x86_64-linux-gnu/libcups.so.2
7f1034db3000-7f1034dba000 r--p 0006c000 08:06 9699450                    /usr/lib/x86_64-linux-gnu/libcups.so.2
7f1034dba000-7f1034dbb000 rw-p 00073000 08:06 9699450                    /usr/lib/x86_64-linux-gnu/libcups.so.2
7f1034dbb000-7f1034dca000 r-xp 00000000 08:06 9703061                    /usr/lib/x86_64-linux-gnu/libXi.so.6.1.0
7f1034dca000-7f1034fc9000 ---p 0000f000 08:06 9703061                    /usr/lib/x86_64-linux-gnu/libXi.so.6.1.0
7f1034fc9000-7f1034fca000 r--p 0000e000 08:06 9703061                    /usr/lib/x86_64-linux-gnu/libXi.so.6.1.0
7f1034fca000-7f1034fcb000 rw-p 0000f000 08:06 9703061                    /usr/lib/x86_64-linux-gnu/libXi.so.6.1.0
7f1034fcb000-7f1034fd0000 r-xp 00000000 08:06 9707400                    /usr/lib/x86_64-linux-gnu/libXtst.so.6.1.0
7f1034fd0000-7f10351cf000 ---p 00005000 08:06 9707400                    /usr/lib/x86_64-linux-gnu/libXtst.so.6.1.0
7f10351cf000-7f10351d0000 r--p 00004000 08:06 9707400                    /usr/lib/x86_64-linux-gnu/libXtst.so.6.1.0
7f10351d0000-7f10351d1000 rw-p 00005000 08:06 9707400                    /usr/lib/x86_64-linux-gnu/libXtst.so.6.1.0
7f10351d1000-7f10351da000 r-xp 00000000 08:06 9703063                    /usr/lib/x86_64-linux-gnu/libXrender.so.1.3.0
7f10351da000-7f10353d9000 ---p 00009000 08:06 9703063                    /usr/lib/x86_64-linux-gnu/libXrender.so.1.3.0
7f10353d9000-7f10353da000 r--p 00008000 08:06 9703063                    /usr/lib/x86_64-linux-gnu/libXrender.so.1.3.0
7f10353da000-7f10353db000 rw-p 00009000 08:06 9703063                    /usr/lib/x86_64-linux-gnu/libXrender.so.1.3.0
7f10353db000-7f103550b000 r-xp 00000000 08:06 9707355                    /usr/lib/x86_64-linux-gnu/libX11.so.6.3.0
7f103550b000-7f103570b000 ---p 00130000 08:06 9707355                    /usr/lib/x86_64-linux-gnu/libX11.so.6.3.0
7f103570b000-7f103570c000 r--p 00130000 08:06 9707355                    /usr/lib/x86_64-linux-gnu/libX11.so.6.3.0
7f103570c000-7f1035710000 rw-p 00131000 08:06 9707355                    /usr/lib/x86_64-linux-gnu/libX11.so.6.3.0
7f1035710000-7f1035721000 r-xp 00000000 08:06 9700536                    /usr/lib/x86_64-linux-gnu/libXext.so.6.4.0
7f1035721000-7f1035920000 ---p 00011000 08:06 9700536                    /usr/lib/x86_64-linux-gnu/libXext.so.6.4.0
7f1035920000-7f1035921000 r--p 00010000 08:06 9700536                    /usr/lib/x86_64-linux-gnu/libXext.so.6.4.0
7f1035921000-7f1035922000 rw-p 00011000 08:06 9700536                    /usr/lib/x86_64-linux-gnu/libXext.so.6.4.0
7f1035922000-7f103592c000 r--s 000ae000 08:06 1314158                    /usr/lib/jvm/java-7-openjdk-amd64/jre/lib/resources.jar
7f103592c000-7f1035932000 r--s 00033000 08:06 8394806                    /home/zax/workspace/UCSDUnfoldingMaps/lib/unfolding.0.9.7-uscd.jar
7f1035932000-7f1035937000 r--s 00309000 08:06 8394789                    /home/zax/workspace/UCSDUnfoldingMaps/lib/sqlite-jdbc-3.7.2.jar
7f1035937000-7f103597f000 r-xp 00000000 08:06 1705841                    /usr/lib/jvm/java-7-openjdk-amd64/jre/lib/amd64/xawt/libmawt.so
7f103597f000-7f1035b7e000 ---p 00048000 08:06 1705841                    /usr/lib/jvm/java-7-openjdk-amd64/jre/lib/amd64/xawt/libmawt.so
7f1035b7e000-7f1035b7f000 r--p 00047000 08:06 1705841                    /usr/lib/jvm/java-7-openjdk-amd64/jre/lib/amd64/xawt/libmawt.so
7f1035b7f000-7f1035b82000 rw-p 00048000 08:06 1705841                    /usr/lib/jvm/java-7-openjdk-amd64/jre/lib/amd64/xawt/libmawt.so
7f1035b82000-7f1035b83000 rw-p 00000000 00:00 0 
7f1035b83000-7f1035c23000 r-xp 00000000 08:06 1705742                    /usr/lib/jvm/java-7-openjdk-amd64/jre/lib/amd64/libawt.so
7f1035c23000-7f1035e23000 ---p 000a0000 08:06 1705742                    /usr/lib/jvm/java-7-openjdk-amd64/jre/lib/amd64/libawt.so
7f1035e23000-7f1035e24000 r--p 000a0000 08:06 1705742                    /usr/lib/jvm/java-7-openjdk-amd64/jre/lib/amd64/libawt.so
7f1035e24000-7f1035e2f000 rw-p 000a1000 08:06 1705742                    /usr/lib/jvm/java-7-openjdk-amd64/jre/lib/amd64/libawt.so
7f1035e2f000-7f1035e54000 rw-p 00000000 00:00 0 
7f1035e54000-7f1035e55000 ---p 00000000 00:00 0 
7f1035e55000-7f1035f55000 rw-p 00000000 00:00 0                          [stack:15610]
7f1035f55000-7f1035f58000 ---p 00000000 00:00 0 
7f1035f58000-7f1036056000 rw-p 00000000 00:00 0                          [stack:15609]
7f1036056000-7f1036059000 ---p 00000000 00:00 0 
7f1036059000-7f1036157000 rw-p 00000000 00:00 0                          [stack:15608]
7f1036157000-7f103615a000 ---p 00000000 00:00 0 
7f103615a000-7f1036258000 rw-p 00000000 00:00 0                          [stack:15607]
7f1036258000-7f103625b000 ---p 00000000 00:00 0 
7f103625b000-7f1036359000 rw-p 00000000 00:00 0                          [stack:15606]
7f1036359000-7f1036a3b000 r--p 00000000 08:06 9706356                    /usr/lib/locale/locale-archive
7f1036a3b000-7f1036a3e000 ---p 00000000 00:00 0 
7f1036a3e000-7f1036b3c000 rw-p 00000000 00:00 0                          [stack:15605]
7f1036b3c000-7f1036b3f000 ---p 00000000 00:00 0 
7f1036b3f000-7f1036c3d000 rw-p 00000000 00:00 0                          [stack:15604]
7f1036c3d000-7f1036c3e000 ---p 00000000 00:00 0 
7f1036c3e000-7f1038000000 rw-p 00000000 00:00 0                          [stack:15603]
7f1038000000-7f1038021000 rw-p 00000000 00:00 0 
7f1038021000-7f103c000000 ---p 00000000 00:00 0 
7f103c000000-7f103c021000 rw-p 00000000 00:00 0 
7f103c021000-7f1040000000 ---p 00000000 00:00 0 
7f1040000000-7f1040021000 rw-p 00000000 00:00 0 
7f1040021000-7f1044000000 ---p 00000000 00:00 0 
7f1044000000-7f1044007000 r--s 00059000 08:06 8394793                    /home/zax/workspace/UCSDUnfoldingMaps/lib/log4j-1.2.15.jar
7f1044007000-7f104400d000 r--s 00041000 08:06 8394804                    /home/zax/workspace/UCSDUnfoldingMaps/lib/gluegen-rt.jar
7f104400d000-7f1044011000 r--s 0009a000 08:06 8394798                    /home/zax/workspace/UCSDUnfoldingMaps/lib/core.jar
7f1044011000-7f104415b000 rw-p 00000000 00:00 0 
7f104415b000-7f104430c000 r--s 01d29000 08:06 1314155                    /usr/lib/jvm/java-7-openjdk-amd64/jre/lib/rt.jar
7f104430c000-7f104442f000 rw-p 00000000 00:00 0 
7f104442f000-7f1044430000 ---p 00000000 00:00 0 
7f1044430000-7f1044530000 rw-p 00000000 00:00 0                          [stack:15602]
7f1044530000-7f1044531000 ---p 00000000 00:00 0 
7f1044531000-7f1044631000 rw-p 00000000 00:00 0                          [stack:15601]
7f1044631000-7f1044632000 ---p 00000000 00:00 0 
7f1044632000-7f104475b000 rw-p 00000000 00:00 0                          [stack:15600]
7f104475b000-7f10449c6000 rw-p 00000000 00:00 0 
7f10449c6000-7f10449d1000 rw-p 00000000 00:00 0 
7f10449d1000-7f1044a19000 rw-p 00000000 00:00 0 
7f1044a19000-7f1044a42000 rw-p 00000000 00:00 0 
7f1044a42000-7f1044cac000 rw-p 00000000 00:00 0 
7f1044cac000-7f1044cc1000 rw-p 00000000 00:00 0 
7f1044cc1000-7f1044df6000 rw-p 00000000 00:00 0 
7f1044df6000-7f1044df7000 rw-p 00000000 00:00 0 
7f1044df7000-7f1045067000 rwxp 00000000 00:00 0 
7f1045067000-7f1047df7000 rw-p 00000000 00:00 0 
7f1047df7000-7f1047dff000 r-xp 00000000 08:06 1705727                    /usr/lib/jvm/java-7-openjdk-amd64/jre/lib/amd64/libzip.so
7f1047dff000-7f1047ffe000 ---p 00008000 08:06 1705727                    /usr/lib/jvm/java-7-openjdk-amd64/jre/lib/amd64/libzip.so
7f1047ffe000-7f1047fff000 r--p 00007000 08:06 1705727                    /usr/lib/jvm/java-7-openjdk-amd64/jre/lib/amd64/libzip.so
7f1047fff000-7f1048000000 rw-p 00008000 08:06 1705727                    /usr/lib/jvm/java-7-openjdk-amd64/jre/lib/amd64/libzip.so
7f1048000000-7f104829e000 rw-p 00000000 00:00 0 
7f104829e000-7f104c000000 ---p 00000000 00:00 0 
7f104c000000-7f104c001000 r--s 00005000 08:06 8394802                    /home/zax/workspace/UCSDUnfoldingMaps/lib/libTUIO.jar
7f104c001000-7f104c002000 r--s 00007000 08:06 8394794                    /home/zax/workspace/UCSDUnfoldingMaps/lib/json4processing.jar
7f104c002000-7f104c006000 r--s 0003c000 08:06 1578537                    /usr/lib/jvm/java-7-openjdk-amd64/jre/lib/ext/sunpkcs11.jar
7f104c006000-7f104c00a000 r--s 00085000 08:06 1578534                    /usr/lib/jvm/java-7-openjdk-amd64/jre/lib/ext/localedata.jar
7f104c00a000-7f104c00b000 ---p 00000000 00:00 0 
7f104c00b000-7f104c116000 rw-p 00000000 00:00 0                          [stack:15599]
7f104c116000-7f104c15e000 rw-p 00000000 00:00 0 
7f104c15e000-7f104c169000 r-xp 00000000 08:06 8126483                    /lib/x86_64-linux-gnu/libnss_files-2.19.so
7f104c169000-7f104c368000 ---p 0000b000 08:06 8126483                    /lib/x86_64-linux-gnu/libnss_files-2.19.so
7f104c368000-7f104c369000 r--p 0000a000 08:06 8126483                    /lib/x86_64-linux-gnu/libnss_files-2.19.so
7f104c369000-7f104c36a000 rw-p 0000b000 08:06 8126483                    /lib/x86_64-linux-gnu/libnss_files-2.19.so
7f104c36a000-7f104c375000 r-xp 00000000 08:06 8130425                    /lib/x86_64-linux-gnu/libnss_nis-2.19.so
7f104c375000-7f104c574000 ---p 0000b000 08:06 8130425                    /lib/x86_64-linux-gnu/libnss_nis-2.19.so
7f104c574000-7f104c575000 r--p 0000a000 08:06 8130425                    /lib/x86_64-linux-gnu/libnss_nis-2.19.so
7f104c575000-7f104c576000 rw-p 0000b000 08:06 8130425                    /lib/x86_64-linux-gnu/libnss_nis-2.19.so
7f104c576000-7f104c58d000 r-xp 00000000 08:06 8126558                    /lib/x86_64-linux-gnu/libnsl-2.19.so
7f104c58d000-7f104c78c000 ---p 00017000 08:06 8126558                    /lib/x86_64-linux-gnu/libnsl-2.19.so
7f104c78c000-7f104c78d000 r--p 00016000 08:06 8126558                    /lib/x86_64-linux-gnu/libnsl-2.19.so
7f104c78d000-7f104c78e000 rw-p 00017000 08:06 8126558                    /lib/x86_64-linux-gnu/libnsl-2.19.so
7f104c78e000-7f104c790000 rw-p 00000000 00:00 0 
7f104c790000-7f104c799000 r-xp 00000000 08:06 8126557                    /lib/x86_64-linux-gnu/libnss_compat-2.19.so
7f104c799000-7f104c998000 ---p 00009000 08:06 8126557                    /lib/x86_64-linux-gnu/libnss_compat-2.19.so
7f104c998000-7f104c999000 r--p 00008000 08:06 8126557                    /lib/x86_64-linux-gnu/libnss_compat-2.19.so
7f104c999000-7f104c99a000 rw-p 00009000 08:06 8126557                    /lib/x86_64-linux-gnu/libnss_compat-2.19.so
7f104c99a000-7f104c9c5000 r-xp 00000000 08:06 1705764                    /usr/lib/jvm/java-7-openjdk-amd64/jre/lib/amd64/libjava.so
7f104c9c5000-7f104cbc4000 ---p 0002b000 08:06 1705764                    /usr/lib/jvm/java-7-openjdk-amd64/jre/lib/amd64/libjava.so
7f104cbc4000-7f104cbc5000 r--p 0002a000 08:06 1705764                    /usr/lib/jvm/java-7-openjdk-amd64/jre/lib/amd64/libjava.so
7f104cbc5000-7f104cbc7000 rw-p 0002b000 08:06 1705764                    /usr/lib/jvm/java-7-openjdk-amd64/jre/lib/amd64/libjava.so
7f104cbc7000-7f104cbd7000 r-xp 00000000 08:06 1705745                    /usr/lib/jvm/java-7-openjdk-amd64/jre/lib/amd64/libverify.so
7f104cbd7000-7f104cdd6000 ---p 00010000 08:06 1705745                    /usr/lib/jvm/java-7-openjdk-amd64/jre/lib/amd64/libverify.so
7f104cdd6000-7f104cdd8000 r--p 0000f000 08:06 1705745                    /usr/lib/jvm/java-7-openjdk-amd64/jre/lib/amd64/libverify.so
7f104cdd8000-7f104cdd9000 rw-p 00011000 08:06 1705745                    /usr/lib/jvm/java-7-openjdk-amd64/jre/lib/amd64/libverify.so
7f104cdd9000-7f104cde0000 r-xp 00000000 08:06 8126566                    /lib/x86_64-linux-gnu/librt-2.19.so
7f104cde0000-7f104cfdf000 ---p 00007000 08:06 8126566                    /lib/x86_64-linux-gnu/librt-2.19.so
7f104cfdf000-7f104cfe0000 r--p 00006000 08:06 8126566                    /lib/x86_64-linux-gnu/librt-2.19.so
7f104cfe0000-7f104cfe1000 rw-p 00007000 08:06 8126566                    /lib/x86_64-linux-gnu/librt-2.19.so
7f104cfe1000-7f104cff7000 r-xp 00000000 08:06 8130522                    /lib/x86_64-linux-gnu/libgcc_s.so.1
7f104cff7000-7f104d1f6000 ---p 00016000 08:06 8130522                    /lib/x86_64-linux-gnu/libgcc_s.so.1
7f104d1f6000-7f104d1f7000 rw-p 00015000 08:06 8130522                    /lib/x86_64-linux-gnu/libgcc_s.so.1
7f104d1f7000-7f104d2fc000 r-xp 00000000 08:06 8126479                    /lib/x86_64-linux-gnu/libm-2.19.so
7f104d2fc000-7f104d4fb000 ---p 00105000 08:06 8126479                    /lib/x86_64-linux-gnu/libm-2.19.so
7f104d4fb000-7f104d4fc000 r--p 00104000 08:06 8126479                    /lib/x86_64-linux-gnu/libm-2.19.so
7f104d4fc000-7f104d4fd000 rw-p 00105000 08:06 8126479                    /lib/x86_64-linux-gnu/libm-2.19.so
7f104d4fd000-7f104d5e3000 r-xp 00000000 08:06 9701555                    /usr/lib/x86_64-linux-gnu/libstdc++.so.6.0.19
7f104d5e3000-7f104d7e2000 ---p 000e6000 08:06 9701555                    /usr/lib/x86_64-linux-gnu/libstdc++.so.6.0.19
7f104d7e2000-7f104d7ea000 r--p 000e5000 08:06 9701555                    /usr/lib/x86_64-linux-gnu/libstdc++.so.6.0.19
7f104d7ea000-7f104d7ec000 rw-p 000ed000 08:06 9701555                    /usr/lib/x86_64-linux-gnu/libstdc++.so.6.0.19
7f104d7ec000-7f104d801000 rw-p 00000000 00:00 0 
7f104d801000-7f104e31a000 r-xp 00000000 08:06 1705733                    /usr/lib/jvm/java-7-openjdk-amd64/jre/lib/amd64/server/libjvm.so
7f104e31a000-7f104e51a000 ---p 00b19000 08:06 1705733                    /usr/lib/jvm/java-7-openjdk-amd64/jre/lib/amd64/server/libjvm.so
7f104e51a000-7f104e5b4000 r--p 00b19000 08:06 1705733                    /usr/lib/jvm/java-7-openjdk-amd64/jre/lib/amd64/server/libjvm.so
7f104e5b4000-7f104e5d7000 rw-p 00bb3000 08:06 1705733                    /usr/lib/jvm/java-7-openjdk-amd64/jre/lib/amd64/server/libjvm.so
7f104e5d7000-7f104e605000 rw-p 00000000 00:00 0 
7f104e605000-7f104e61d000 r-xp 00000000 08:06 8130658                    /lib/x86_64-linux-gnu/libz.so.1.2.8
7f104e61d000-7f104e81c000 ---p 00018000 08:06 8130658                    /lib/x86_64-linux-gnu/libz.so.1.2.8
7f104e81c000-7f104e81d000 r--p 00017000 08:06 8130658                    /lib/x86_64-linux-gnu/libz.so.1.2.8
7f104e81d000-7f104e81e000 rw-p 00018000 08:06 8130658                    /lib/x86_64-linux-gnu/libz.so.1.2.8
7f104e81e000-7f104e837000 r-xp 00000000 08:06 8126564                    /lib/x86_64-linux-gnu/libpthread-2.19.so
7f104e837000-7f104ea36000 ---p 00019000 08:06 8126564                    /lib/x86_64-linux-gnu/libpthread-2.19.so
7f104ea36000-7f104ea37000 r--p 00018000 08:06 8126564                    /lib/x86_64-linux-gnu/libpthread-2.19.so
7f104ea37000-7f104ea38000 rw-p 00019000 08:06 8126564                    /lib/x86_64-linux-gnu/libpthread-2.19.so
7f104ea38000-7f104ea3c000 rw-p 00000000 00:00 0 
7f104ea3c000-7f104ea3f000 r-xp 00000000 08:06 8126494                    /lib/x86_64-linux-gnu/libdl-2.19.so
7f104ea3f000-7f104ec3e000 ---p 00003000 08:06 8126494                    /lib/x86_64-linux-gnu/libdl-2.19.so
7f104ec3e000-7f104ec3f000 r--p 00002000 08:06 8126494                    /lib/x86_64-linux-gnu/libdl-2.19.so
7f104ec3f000-7f104ec40000 rw-p 00003000 08:06 8126494                    /lib/x86_64-linux-gnu/libdl-2.19.so
7f104ec40000-7f104edfb000 r-xp 00000000 08:06 8126563                    /lib/x86_64-linux-gnu/libc-2.19.so
7f104edfb000-7f104effa000 ---p 001bb000 08:06 8126563                    /lib/x86_64-linux-gnu/libc-2.19.so
7f104effa000-7f104effe000 r--p 001ba000 08:06 8126563                    /lib/x86_64-linux-gnu/libc-2.19.so
7f104effe000-7f104f000000 rw-p 001be000 08:06 8126563                    /lib/x86_64-linux-gnu/libc-2.19.so
7f104f000000-7f104f005000 rw-p 00000000 00:00 0 
7f104f005000-7f104f012000 r-xp 00000000 08:06 1705730                    /usr/lib/jvm/java-7-openjdk-amd64/jre/lib/amd64/jli/libjli.so
7f104f012000-7f104f211000 ---p 0000d000 08:06 1705730                    /usr/lib/jvm/java-7-openjdk-amd64/jre/lib/amd64/jli/libjli.so
7f104f211000-7f104f212000 r--p 0000c000 08:06 1705730                    /usr/lib/jvm/java-7-openjdk-amd64/jre/lib/amd64/jli/libjli.so
7f104f212000-7f104f213000 rw-p 0000d000 08:06 1705730                    /usr/lib/jvm/java-7-openjdk-amd64/jre/lib/amd64/jli/libjli.so
7f104f213000-7f104f236000 r-xp 00000000 08:06 8126560                    /lib/x86_64-linux-gnu/ld-2.19.so
7f104f236000-7f104f237000 r--s 00002000 08:06 1578535                    /usr/lib/jvm/java-7-openjdk-amd64/jre/lib/ext/dnsns.jar
7f104f237000-7f104f262000 rw-p 00000000 00:00 0 
7f104f262000-7f104f318000 rw-p 00000000 00:00 0 
7f104f318000-7f104f31b000 ---p 00000000 00:00 0 
7f104f31b000-7f104f41e000 rw-p 00000000 00:00 0                          [stack:15598]
7f104f41e000-7f104f421000 r--s 0000f000 08:06 1578538                    /usr/lib/jvm/java-7-openjdk-amd64/jre/lib/ext/icedtea-sound.jar
7f104f421000-7f104f423000 r--s 00012000 08:06 1578539                    /usr/lib/jvm/java-7-openjdk-amd64/jre/lib/ext/zipfs.jar
7f104f423000-7f104f427000 r--s 00034000 08:06 1578536                    /usr/lib/jvm/java-7-openjdk-amd64/jre/lib/ext/sunjce_provider.jar
7f104f427000-7f104f429000 r--s 00006000 08:06 10103544                   /usr/share/java/java-atk-wrapper.jar
7f104f429000-7f104f431000 rw-s 00000000 08:06 4325424                    /tmp/hsperfdata_zax/15593
7f104f431000-7f104f432000 rw-p 00000000 00:00 0 
7f104f432000-7f104f433000 r--p 00000000 00:00 0 
7f104f433000-7f104f435000 rw-p 00000000 00:00 0 
7f104f435000-7f104f436000 r--p 00022000 08:06 8126560                    /lib/x86_64-linux-gnu/ld-2.19.so
7f104f436000-7f104f437000 rw-p 00023000 08:06 8126560                    /lib/x86_64-linux-gnu/ld-2.19.so
7f104f437000-7f104f438000 rw-p 00000000 00:00 0 
7ffdf7098000-7ffdf70b9000 rw-p 00000000 00:00 0                          [stack]
7ffdf714e000-7ffdf7150000 r-xp 00000000 00:00 0                          [vdso]
7ffdf7150000-7ffdf7152000 r--p 00000000 00:00 0                          [vvar]
ffffffffff600000-ffffffffff601000 r-xp 00000000 00:00 0                  [vsyscall]

VM Arguments:
jvm_args: -Djava.security.policy=java.policy.applet -Dfile.encoding=UTF-8 
java_command: sun.applet.AppletViewer geoLocation.LifeExpectency1443387932826.html
Launcher Type: SUN_STANDARD

Environment Variables:
PATH=/home/zax/.rvm/gems/ruby-2.2.1/bin:/home/zax/.rvm/gems/ruby-2.2.1@global/bin:/home/zax/.rvm/rubies/ruby-2.2.1/bin:/usr/local/sbin:/usr/local/bin:/usr/sbin:/usr/bin:/sbin:/bin:/usr/games:/usr/local/games:/home/zax/.rvm/bin
SHELL=/bin/bash
DISPLAY=:0.0

Signal Handlers:
SIGSEGV: [libjvm.so+0x94bab0], sa_mask[0]=0x7ffbfeff, sa_flags=0x10000004
SIGBUS: [libjvm.so+0x94bab0], sa_mask[0]=0x7ffbfeff, sa_flags=0x10000004
SIGFPE: [libjvm.so+0x7c38b0], sa_mask[0]=0x7ffbfeff, sa_flags=0x10000004
SIGPIPE: [libjvm.so+0x7c38b0], sa_mask[0]=0x7ffbfeff, sa_flags=0x10000004
SIGXFSZ: [libjvm.so+0x7c38b0], sa_mask[0]=0x7ffbfeff, sa_flags=0x10000004
SIGILL: [libjvm.so+0x7c38b0], sa_mask[0]=0x7ffbfeff, sa_flags=0x10000004
SIGUSR1: SIG_DFL, sa_mask[0]=0x00000000, sa_flags=0x00000000
SIGUSR2: [libjvm.so+0x7c3750], sa_mask[0]=0x00000004, sa_flags=0x10000004
SIGHUP: [libjvm.so+0x7c3930], sa_mask[0]=0x7ffbfeff, sa_flags=0x10000004
SIGINT: [libjvm.so+0x7c3930], sa_mask[0]=0x7ffbfeff, sa_flags=0x10000004
SIGTERM: [libjvm.so+0x7c3930], sa_mask[0]=0x7ffbfeff, sa_flags=0x10000004
SIGQUIT: [libjvm.so+0x7c3930], sa_mask[0]=0x7ffbfeff, sa_flags=0x10000004
SIGTRAP: SIG_DFL, sa_mask[0]=0x00000000, sa_flags=0x00000000


---------------  S Y S T E M  ---------------

OS:Ubuntu 14.04 (trusty)
uname:Linux 3.16.0-49-generic #65~14.04.1-Ubuntu SMP Wed Sep 9 10:03:23 UTC 2015 x86_64
libc:glibc 2.19 NPTL 2.19 
rlimit: STACK 8192k, CORE 0k, NPROC 31248, NOFILE 4096, AS infinity
load average:0.30 0.48 0.67

/proc/meminfo:
MemTotal:        8098904 kB
MemFree:         1994388 kB
MemAvailable:    4685268 kB
Buffers:          357228 kB
Cached:          2958552 kB
SwapCached:            0 kB
Active:          4474624 kB
Inactive:        1228688 kB
Active(anon):    2393924 kB
Inactive(anon):   603084 kB
Active(file):    2080700 kB
Inactive(file):   625604 kB
Unevictable:          32 kB
Mlocked:              32 kB
SwapTotal:       8310780 kB
SwapFree:        8310780 kB
Dirty:              1564 kB
Writeback:             0 kB
AnonPages:       2387768 kB
Mapped:           448984 kB
Shmem:            609480 kB
Slab:             274164 kB
SReclaimable:     237980 kB
SUnreclaim:        36184 kB
KernelStack:        8880 kB
PageTables:        31864 kB
NFS_Unstable:          0 kB
Bounce:                0 kB
WritebackTmp:          0 kB
CommitLimit:    12360232 kB
Committed_AS:    6823016 kB
VmallocTotal:   34359738367 kB
VmallocUsed:      558624 kB
VmallocChunk:   34359094256 kB
HardwareCorrupted:     0 kB
AnonHugePages:   1015808 kB
HugePages_Total:       0
HugePages_Free:        0
HugePages_Rsvd:        0
HugePages_Surp:        0
Hugepagesize:       2048 kB
DirectMap4k:       60160 kB
DirectMap2M:     3008512 kB
DirectMap1G:     5242880 kB


CPU:total 4 (2 cores per cpu, 2 threads per core) family 6 model 69 stepping 1, cmov, cx8, fxsr, mmx, sse, sse2, sse3, ssse3, sse4.1, sse4.2, popcnt, avx, avx2, aes, erms, ht, tsc, tscinvbit

/proc/cpuinfo:
processor	: 0
vendor_id	: GenuineIntel
cpu family	: 6
model		: 69
model name	: Intel(R) Core(TM) i5-4210U CPU @ 1.70GHz
stepping	: 1
microcode	: 0x1c
cpu MHz		: 2633.718
cache size	: 3072 KB
physical id	: 0
siblings	: 4
core id		: 0
cpu cores	: 2
apicid		: 0
initial apicid	: 0
fpu		: yes
fpu_exception	: yes
cpuid level	: 13
wp		: yes
flags		: fpu vme de pse tsc msr pae mce cx8 apic sep mtrr pge mca cmov pat pse36 clflush dts acpi mmx fxsr sse sse2 ss ht tm pbe syscall nx pdpe1gb rdtscp lm constant_tsc arch_perfmon pebs bts rep_good nopl xtopology nonstop_tsc aperfmperf eagerfpu pni pclmulqdq dtes64 monitor ds_cpl vmx est tm2 ssse3 fma cx16 xtpr pdcm pcid sse4_1 sse4_2 movbe popcnt tsc_deadline_timer aes xsave avx f16c rdrand lahf_lm abm ida arat epb xsaveopt pln pts dtherm tpr_shadow vnmi flexpriority ept vpid fsgsbase tsc_adjust bmi1 avx2 smep bmi2 erms invpcid
bogomips	: 4788.91
clflush size	: 64
cache_alignment	: 64
address sizes	: 39 bits physical, 48 bits virtual
power management:

processor	: 1
vendor_id	: GenuineIntel
cpu family	: 6
model		: 69
model name	: Intel(R) Core(TM) i5-4210U CPU @ 1.70GHz
stepping	: 1
microcode	: 0x1c
cpu MHz		: 1041.656
cache size	: 3072 KB
physical id	: 0
siblings	: 4
core id		: 0
cpu cores	: 2
apicid		: 1
initial apicid	: 1
fpu		: yes
fpu_exception	: yes
cpuid level	: 13
wp		: yes
flags		: fpu vme de pse tsc msr pae mce cx8 apic sep mtrr pge mca cmov pat pse36 clflush dts acpi mmx fxsr sse sse2 ss ht tm pbe syscall nx pdpe1gb rdtscp lm constant_tsc arch_perfmon pebs bts rep_good nopl xtopology nonstop_tsc aperfmperf eagerfpu pni pclmulqdq dtes64 monitor ds_cpl vmx est tm2 ssse3 fma cx16 xtpr pdcm pcid sse4_1 sse4_2 movbe popcnt tsc_deadline_timer aes xsave avx f16c rdrand lahf_lm abm ida arat epb xsaveopt pln pts dtherm tpr_shadow vnmi flexpriority ept vpid fsgsbase tsc_adjust bmi1 avx2 smep bmi2 erms invpcid
bogomips	: 4788.91
clflush size	: 64
cache_alignment	: 64
address sizes	: 39 bits physical, 48 bits virtual
power management:

processor	: 2
vendor_id	: GenuineIntel
cpu family	: 6
model		: 69
model name	: Intel(R) Core(TM) i5-4210U CPU @ 1.70GHz
stepping	: 1
microcode	: 0x1c
cpu MHz		: 1500.656
cache size	: 3072 KB
physical id	: 0
siblings	: 4
core id		: 1
cpu cores	: 2
apicid		: 2
initial apicid	: 2
fpu		: yes
fpu_exception	: yes
cpuid level	: 13
wp		: yes
flags		: fpu vme de pse tsc msr pae mce cx8 apic sep mtrr pge mca cmov pat pse36 clflush dts acpi mmx fxsr sse sse2 ss ht tm pbe syscall nx pdpe1gb rdtscp lm constant_tsc arch_perfmon pebs bts rep_good nopl xtopology nonstop_tsc aperfmperf eagerfpu pni pclmulqdq dtes64 monitor ds_cpl vmx est tm2 ssse3 fma cx16 xtpr pdcm pcid sse4_1 sse4_2 movbe popcnt tsc_deadline_timer aes xsave avx f16c rdrand lahf_lm abm ida arat epb xsaveopt pln pts dtherm tpr_shadow vnmi flexpriority ept vpid fsgsbase tsc_adjust bmi1 avx2 smep bmi2 erms invpcid
bogomips	: 4788.91
clflush size	: 64
cache_alignment	: 64
address sizes	: 39 bits physical, 48 bits virtual
power management:

processor	: 3
vendor_id	: GenuineIntel
cpu family	: 6
model		: 69
model name	: Intel(R) Core(TM) i5-4210U CPU @ 1.70GHz
stepping	: 1
microcode	: 0x1c
cpu MHz		: 900.562
cache size	: 3072 KB
physical id	: 0
siblings	: 4
core id		: 1
cpu cores	: 2
apicid		: 3
initial apicid	: 3
fpu		: yes
fpu_exception	: yes
cpuid level	: 13
wp		: yes
flags		: fpu vme de pse tsc msr pae mce cx8 apic sep mtrr pge mca cmov pat pse36 clflush dts acpi mmx fxsr sse sse2 ss ht tm pbe syscall nx pdpe1gb rdtscp lm constant_tsc arch_perfmon pebs bts rep_good nopl xtopology nonstop_tsc aperfmperf eagerfpu pni pclmulqdq dtes64 monitor ds_cpl vmx est tm2 ssse3 fma cx16 xtpr pdcm pcid sse4_1 sse4_2 movbe popcnt tsc_deadline_timer aes xsave avx f16c rdrand lahf_lm abm ida arat epb xsaveopt pln pts dtherm tpr_shadow vnmi flexpriority ept vpid fsgsbase tsc_adjust bmi1 avx2 smep bmi2 erms invpcid
bogomips	: 4788.91
clflush size	: 64
cache_alignment	: 64
address sizes	: 39 bits physical, 48 bits virtual
power management:



Memory: 4k page, physical 8098904k(1994388k free), swap 8310780k(8310780k free)

vm_info: OpenJDK 64-Bit Server VM (24.79-b02) for linux-amd64 JRE (1.7.0_79-b14), built on Jul 24 2015 08:15:54 by "buildd" with gcc 4.8.2

time: Sun Sep 27 14:05:38 2015
elapsed time: 5 seconds

