#
# A fatal error has been detected by the Java Runtime Environment:
#
#  SIGSEGV (0xb) at pc=0x00007f5eae0bcb28, pid=19571, tid=140045890443008
#
# JRE version: OpenJDK Runtime Environment (7.0_79-b14) (build 1.7.0_79-b14)
# Java VM: OpenJDK 64-Bit Server VM (24.79-b02 mixed mode linux-amd64 compressed oops)
# Derivative: IcedTea 2.5.6
# Distribution: Ubuntu 14.04 LTS, package 7u79-2.5.6-0ubuntu1.14.04.1
# Problematic frame:
# C  [i965_dri.so+0x2f2b28]
#
# Failed to write core dump. Core dumps have been disabled. To enable core dumping, try "ulimit -c unlimited" before starting Java again
#
# If you would like to submit a bug report, please include
# instructions on how to reproduce the bug and visit:
#   http://icedtea.classpath.org/bugzilla
# The crash happened outside the Java Virtual Machine in native code.
# See problematic frame for where to report the bug.
#

---------------  T H R E A D  ---------------

Current thread (0x00007f5ed0002800):  JavaThread "AWT-EventQueue-1" [_thread_in_native, id=19597, stack(0x00007f5ef97d5000,0x00007f5ef98d6000)]

siginfo:si_signo=SIGSEGV: si_errno=0, si_code=1 (SEGV_MAPERR), si_addr=0x0000000100000000

Registers:
RAX=0x00007f5eae0bcb20, RBX=0x00007f5ebcfbef60, RCX=0x0000000000000000, RDX=0x0000000000000001
RSP=0x00007f5ef98d3760, RBP=0x00007f5ec0757500, RSI=0x00007f5ebcfbf040, RDI=0x0000000100000000
R8 =0x0000000000000000, R9 =0x00007f5ef89739c0, R10=0x00007f5f15012d6c, R11=0x00007f5f203d72f0
R12=0x00007f5ec0757fe0, R13=0x0000000000000000, R14=0x00007f5ec07570f0, R15=0x0000000000000000
RIP=0x00007f5eae0bcb28, EFLAGS=0x0000000000010206, CSGSFS=0x0000000000000033, ERR=0x0000000000000004
  TRAPNO=0x000000000000000e

Top of Stack: (sp=0x00007f5ef98d3760)
0x00007f5ef98d3760:   00007f5ef98d3850 0000000000000000
0x00007f5ef98d3770:   00007f5ebcfbef60 00007f5ec0757500
0x00007f5ef98d3780:   00007f5ec0757fe0 00007f5ef8973a4e
0x00007f5ef98d3790:   00007f5ef98d37c8 00007f5ef8bbe640
0x00007f5ef98d37a0:   00007f5ec07cc1f0 00007f5e00000000
0x00007f5ef98d37b0:   0000000000000000 0000000000000000
0x00007f5ef98d37c0:   00007f5ef98d3820 00007f5ebcfbef60
0x00007f5ef98d37d0:   000000000400002e 000000077b035898
0x00007f5ef98d37e0:   00007f5ef98d3850 0000000000000000
0x00007f5ef98d37f0:   000000077b035898 00007f5ef98d3920
0x00007f5ef98d3800:   00007f5ed0002800 00007f5eb31c7849
0x00007f5ef98d3810:   0000000000000000 00007f5ef894c9b0
0x00007f5ef98d3820:   000000000400002e 00007f5ec07cc1f0
0x00007f5ef98d3830:   00007f5ef98d38e8 00007f5ed00029d8
0x00007f5ef98d3840:   00000007d707b900 00007f5ef894c9b0
0x00007f5ef98d3850:   00007f5ef98d38d8 00007f5f15012d98
0x00007f5ef98d3860:   000000077b170070 0000000000000000
0x00007f5ef98d3870:   000000077b16f450 0000000000000000
0x00007f5ef98d3880:   00007f5ef98d3898 00007f5ef98d38e8
0x00007f5ef98d3890:   00007f5ef98d3890 00007f5ef98d3898
0x00007f5ef98d38a0:   0000000000000000 00007f5ef98d3920
0x00007f5ef98d38b0:   000000077b037810 0000000000000000
0x00007f5ef98d38c0:   000000077b035898 0000000000000000
0x00007f5ef98d38d0:   00007f5ef98d38f8 00007f5ef98d3968
0x00007f5ef98d38e0:   00007f5f15006058 0000000784cd20c8
0x00007f5ef98d38f0:   00007f5f1500ecd8 00007f5ef894c9b0
0x00007f5ef98d3900:   000000077b048e90 000000000400002e
0x00007f5ef98d3910:   000000077b01a250 00007f5ec07cc1f0
0x00007f5ef98d3920:   0000000784cd23f0 00007f5ef98d3928
0x00007f5ef98d3930:   000000077b0357c9 00007f5ef98d39a0
0x00007f5ef98d3940:   000000077b037810 0000000000000000
0x00007f5ef98d3950:   000000077b0357d8 00007f5ef98d38f8 

Instructions: (pc=0x00007f5eae0bcb28)
0x00007f5eae0bcb08:   0f 1f 84 00 00 00 00 00 48 83 c4 10 5b 5d 41 5c
0x00007f5eae0bcb18:   c3 0f 1f 80 00 00 00 00 41 54 55 53 48 83 ec 10
0x00007f5eae0bcb28:   48 8b 1f 48 85 db 74 3d f6 83 40 05 00 00 01 49
0x00007f5eae0bcb38:   89 f4 89 cd 75 72 83 e2 01 75 5d 83 e5 fd 74 38 

Register to memory mapping:

RAX=0x00007f5eae0bcb20: <offset 0x2f2b20> in /usr/lib/x86_64-linux-gnu/dri/i965_dri.so at 0x00007f5eaddca000
RBX=0x00007f5ebcfbef60 is an unknown value
RCX=0x0000000000000000 is an unknown value
RDX=0x0000000000000001 is an unknown value
RSP=0x00007f5ef98d3760 is pointing into the stack for thread: 0x00007f5ed0002800
RBP=0x00007f5ec0757500 is an unknown value
RSI=0x00007f5ebcfbf040 is an unknown value
RDI=0x0000000100000000 is an unknown value
R8 =0x0000000000000000 is an unknown value
R9 =0x00007f5ef89739c0: <offset 0x439c0> in /usr/lib/x86_64-linux-gnu/mesa/libGL.so.1 at 0x00007f5ef8930000
R10=0x00007f5f15012d6c is at code_begin+620 in an Interpreter codelet
method entry point (kind = native)  [0x00007f5f15012b00, 0x00007f5f15013360]  2144 bytes
R11=0x00007f5f203d72f0: <offset 0x85d2f0> in /usr/lib/jvm/java-7-openjdk-amd64/jre/lib/amd64/server/libjvm.so at 0x00007f5f1fb7a000
R12=0x00007f5ec0757fe0 is an unknown value
R13=0x0000000000000000 is an unknown value
R14=0x00007f5ec07570f0 is an unknown value
R15=0x0000000000000000 is an unknown value


Stack: [0x00007f5ef97d5000,0x00007f5ef98d6000],  sp=0x00007f5ef98d3760,  free space=1017k
Native frames: (J=compiled Java code, j=interpreted, Vv=VM code, C=native code)
C  [i965_dri.so+0x2f2b28]

Java frames: (J=compiled Java code, j=interpreted, Vv=VM code)
j  jogamp.opengl.x11.glx.GLX.dispatch_glXSwapBuffers0(JJJ)V+0
j  jogamp.opengl.x11.glx.GLX.glXSwapBuffers(JJ)V+41
j  jogamp.opengl.x11.glx.X11GLXDrawable.swapBuffersImpl(Z)V+17
j  jogamp.opengl.GLDrawableImpl.swapBuffers()V+67
j  javax.media.opengl.awt.GLCanvas$12.run()V+45
j  java.awt.event.InvocationEvent.dispatch()V+11
j  java.awt.EventQueue.dispatchEventImpl(Ljava/awt/AWTEvent;Ljava/lang/Object;)V+21
j  java.awt.EventQueue.access$300(Ljava/awt/EventQueue;Ljava/awt/AWTEvent;Ljava/lang/Object;)V+3
j  java.awt.EventQueue$3.run()Ljava/lang/Void;+12
j  java.awt.EventQueue$3.run()Ljava/lang/Object;+1
v  ~StubRoutines::call_stub
j  java.security.AccessController.doPrivileged(Ljava/security/PrivilegedAction;Ljava/security/AccessControlContext;)Ljava/lang/Object;+0
j  java.security.ProtectionDomain$1.doIntersectionPrivilege(Ljava/security/PrivilegedAction;Ljava/security/AccessControlContext;Ljava/security/AccessControlContext;)Ljava/lang/Object;+28
j  java.awt.EventQueue.dispatchEvent(Ljava/awt/AWTEvent;)V+46
j  java.awt.EventDispatchThread.pumpOneEventForFilters(I)V+245
j  java.awt.EventDispatchThread.pumpEventsForFilter(ILjava/awt/Conditional;Ljava/awt/EventFilter;)V+35
j  java.awt.EventDispatchThread.pumpEventsForHierarchy(ILjava/awt/Conditional;Ljava/awt/Component;)V+11
j  java.awt.EventDispatchThread.pumpEvents(ILjava/awt/Conditional;)V+4
j  java.awt.EventDispatchThread.pumpEvents(Ljava/awt/Conditional;)V+3
j  java.awt.EventDispatchThread.run()V+9
v  ~StubRoutines::call_stub

---------------  P R O C E S S  ---------------

Java Threads: ( => current thread )
  0x00007f5ebdd76800 JavaThread "Thread-19" [_thread_blocked, id=19629, stack(0x00007f5e9fcfd000,0x00007f5e9fdfe000)]
  0x00007f5e98009000 JavaThread "Keep-Alive-Timer" daemon [_thread_blocked, id=19612, stack(0x00007f5eac0d7000,0x00007f5eac1d8000)]
  0x00007f5ec01cf000 JavaThread "Animation Thread-SharedResourceRunner" daemon [_thread_blocked, id=19607, stack(0x00007f5ef95d3000,0x00007f5ef96d4000)]
  0x00007f5ec00b7000 JavaThread "process reaper" daemon [_thread_blocked, id=19602, stack(0x00007f5f1c00f000,0x00007f5f1c048000)]
  0x00007f5ed000a000 JavaThread "Animation Thread" [_thread_blocked, id=19598, stack(0x00007f5ef96d4000,0x00007f5ef97d5000)]
=>0x00007f5ed0002800 JavaThread "AWT-EventQueue-1" [_thread_in_native, id=19597, stack(0x00007f5ef97d5000,0x00007f5ef98d6000)]
  0x00007f5f1800a800 JavaThread "DestroyJavaVM" [_thread_blocked, id=19573, stack(0x00007f5f21691000,0x00007f5f21792000)]
  0x00007f5f18261000 JavaThread "AWT-EventQueue-0" [_thread_blocked, id=19595, stack(0x00007f5ef9d3d000,0x00007f5ef9e3e000)]
  0x00007f5f1825d800 JavaThread "AWT-Shutdown" [_thread_blocked, id=19594, stack(0x00007f5ef9e3e000,0x00007f5ef9f3f000)]
  0x00007f5f18256800 JavaThread "thread applet-module3.EarthquakeCityMap.class" [_thread_blocked, id=19593, stack(0x00007f5ef9f3f000,0x00007f5efa040000)]
  0x00007f5f18247000 JavaThread "AWT-XAWT" daemon [_thread_blocked, id=19591, stack(0x00007f5efa040000,0x00007f5efa141000)]
  0x00007f5f18222000 JavaThread "Java2D Disposer" daemon [_thread_blocked, id=19590, stack(0x00007f5f14015000,0x00007f5f14116000)]
  0x00007f5f180ae800 JavaThread "Service Thread" daemon [_thread_blocked, id=19588, stack(0x00007f5f14217000,0x00007f5f14318000)]
  0x00007f5f180ac800 JavaThread "C2 CompilerThread1" daemon [_thread_blocked, id=19587, stack(0x00007f5f14318000,0x00007f5f14419000)]
  0x00007f5f180a9800 JavaThread "C2 CompilerThread0" daemon [_thread_blocked, id=19586, stack(0x00007f5f14419000,0x00007f5f1451a000)]
  0x00007f5f180a7000 JavaThread "Signal Dispatcher" daemon [_thread_blocked, id=19585, stack(0x00007f5f1451a000,0x00007f5f1461b000)]
  0x00007f5f1807c000 JavaThread "Finalizer" daemon [_thread_blocked, id=19584, stack(0x00007f5f14cfd000,0x00007f5f14dfe000)]
  0x00007f5f1807a000 JavaThread "Reference Handler" daemon [_thread_blocked, id=19583, stack(0x00007f5f14dfe000,0x00007f5f14eff000)]

Other Threads:
  0x00007f5f18075800 VMThread [stack: 0x00007f5f14eff000,0x00007f5f15000000] [id=19582]
  0x00007f5f180b9800 WatcherThread [stack: 0x00007f5f14116000,0x00007f5f14217000] [id=19589]

VM state:not at safepoint (normal execution)

VM Mutex/Monitor currently owned by a thread: None

Heap
 PSYoungGen      total 37376K, used 10024K [0x00000007d6c80000, 0x00000007d9600000, 0x0000000800000000)
  eden space 32256K, 15% used [0x00000007d6c80000,0x00000007d7151548,0x00000007d8c00000)
  from space 5120K, 99% used [0x00000007d8c00000,0x00000007d90f8b00,0x00000007d9100000)
  to   space 5120K, 0% used [0x00000007d9100000,0x00000007d9100000,0x00000007d9600000)
 ParOldGen       total 83968K, used 10870K [0x0000000784600000, 0x0000000789800000, 0x00000007d6c80000)
  object space 83968K, 12% used [0x0000000784600000,0x000000078509db50,0x0000000789800000)
 PSPermGen       total 21504K, used 20930K [0x000000077a000000, 0x000000077b500000, 0x0000000784600000)
  object space 21504K, 97% used [0x000000077a000000,0x000000077b470b98,0x000000077b500000)

Card table byte_map: [0x00007f5f1de9d000,0x00007f5f1e2ce000] byte_map_base: 0x00007f5f1a2cd000

Polling page: 0x00007f5f217ab000

Code Cache  [0x00007f5f15000000, 0x00007f5f15270000, 0x00007f5f18000000)
 total_blobs=1300 nmethods=396 adapters=857 free_code_cache=47420Kb largest_free_block=48519744

Compilation events (10 events):
Event: 10.625 Thread 0x00007f5f180ac800  395             processing.opengl.PJOGL::bindFramebufferImpl (12 bytes)
Event: 10.625 Thread 0x00007f5f180a9800  396             jogamp.opengl.gl4.GL4bcImpl::glBindFramebuffer (101 bytes)
Event: 10.630 Thread 0x00007f5f180a9800 nmethod 396 0x00007f5f151a8450 code [0x00007f5f151a8600, 0x00007f5f151a8a30]
Event: 10.630 Thread 0x00007f5f180ac800 nmethod 395 0x00007f5f1517ca10 code [0x00007f5f1517cbe0, 0x00007f5f1517d050]
Event: 10.630 Thread 0x00007f5f180ac800  398             jogamp.opengl.GLContextImpl::setBoundFramebuffer (78 bytes)
Event: 10.631 Thread 0x00007f5f180ac800 nmethod 398 0x00007f5f15194650 code [0x00007f5f151947a0, 0x00007f5f151948d8]
Event: 11.124 Thread 0x00007f5f180a9800  399             processing.opengl.PJOGL::enable (16 bytes)
Event: 11.124 Thread 0x00007f5f180ac800  400             jogamp.opengl.gl4.GL4bcImpl::glEnable (50 bytes)
Event: 11.127 Thread 0x00007f5f180ac800 nmethod 400 0x00007f5f151b8a50 code [0x00007f5f151b8be0, 0x00007f5f151b8e08]
Event: 11.127 Thread 0x00007f5f180a9800 nmethod 399 0x00007f5f1517c310 code [0x00007f5f1517c4a0, 0x00007f5f1517c708]

GC Heap History (6 events):
Event: 0.964 GC heap before
{Heap before GC invocations=1 (full 0):
 PSYoungGen      total 37376K, used 32256K [0x00000007d6c80000, 0x00000007d9600000, 0x0000000800000000)
  eden space 32256K, 100% used [0x00000007d6c80000,0x00000007d8c00000,0x00000007d8c00000)
  from space 5120K, 0% used [0x00000007d9100000,0x00000007d9100000,0x00000007d9600000)
  to   space 5120K, 0% used [0x00000007d8c00000,0x00000007d8c00000,0x00000007d9100000)
 ParOldGen       total 83968K, used 0K [0x0000000784600000, 0x0000000789800000, 0x00000007d6c80000)
  object space 83968K, 0% used [0x0000000784600000,0x0000000784600000,0x0000000789800000)
 PSPermGen       total 21504K, used 17496K [0x000000077a000000, 0x000000077b500000, 0x0000000784600000)
  object space 21504K, 81% used [0x000000077a000000,0x000000077b116308,0x000000077b500000)
Event: 0.973 GC heap after
Heap after GC invocations=1 (full 0):
 PSYoungGen      total 37376K, used 5089K [0x00000007d6c80000, 0x00000007d9600000, 0x0000000800000000)
  eden space 32256K, 0% used [0x00000007d6c80000,0x00000007d6c80000,0x00000007d8c00000)
  from space 5120K, 99% used [0x00000007d8c00000,0x00000007d90f8628,0x00000007d9100000)
  to   space 5120K, 0% used [0x00000007d9100000,0x00000007d9100000,0x00000007d9600000)
 ParOldGen       total 83968K, used 1477K [0x0000000784600000, 0x0000000789800000, 0x00000007d6c80000)
  object space 83968K, 1% used [0x0000000784600000,0x00000007847714f8,0x0000000789800000)
 PSPermGen       total 21504K, used 17496K [0x000000077a000000, 0x000000077b500000, 0x0000000784600000)
  object space 21504K, 81% used [0x000000077a000000,0x000000077b116308,0x000000077b500000)
}
Event: 2.181 GC heap before
{Heap before GC invocations=2 (full 0):
 PSYoungGen      total 37376K, used 37345K [0x00000007d6c80000, 0x00000007d9600000, 0x0000000800000000)
  eden space 32256K, 100% used [0x00000007d6c80000,0x00000007d8c00000,0x00000007d8c00000)
  from space 5120K, 99% used [0x00000007d8c00000,0x00000007d90f8628,0x00000007d9100000)
  to   space 5120K, 0% used [0x00000007d9100000,0x00000007d9100000,0x00000007d9600000)
 ParOldGen       total 83968K, used 1477K [0x0000000784600000, 0x0000000789800000, 0x00000007d6c80000)
  object space 83968K, 1% used [0x0000000784600000,0x00000007847714f8,0x0000000789800000)
 PSPermGen       total 21504K, used 20737K [0x000000077a000000, 0x000000077b500000, 0x0000000784600000)
  object space 21504K, 96% used [0x000000077a000000,0x000000077b440658,0x000000077b500000)
Event: 2.197 GC heap after
Heap after GC invocations=2 (full 0):
 PSYoungGen      total 37376K, used 5106K [0x00000007d6c80000, 0x00000007db580000, 0x0000000800000000)
  eden space 32256K, 0% used [0x00000007d6c80000,0x00000007d6c80000,0x00000007d8c00000)
  from space 5120K, 99% used [0x00000007d9100000,0x00000007d95fcb00,0x00000007d9600000)
  to   space 5120K, 0% used [0x00000007d8c00000,0x00000007d8c00000,0x00000007d9100000)
 ParOldGen       total 83968K, used 10294K [0x0000000784600000, 0x0000000789800000, 0x00000007d6c80000)
  object space 83968K, 12% used [0x0000000784600000,0x000000078500db30,0x0000000789800000)
 PSPermGen       total 21504K, used 20737K [0x000000077a000000, 0x000000077b500000, 0x0000000784600000)
  object space 21504K, 96% used [0x000000077a000000,0x000000077b440658,0x000000077b500000)
}
Event: 10.158 GC heap before
{Heap before GC invocations=3 (full 0):
 PSYoungGen      total 37376K, used 37362K [0x00000007d6c80000, 0x00000007db580000, 0x0000000800000000)
  eden space 32256K, 100% used [0x00000007d6c80000,0x00000007d8c00000,0x00000007d8c00000)
  from space 5120K, 99% used [0x00000007d9100000,0x00000007d95fcb00,0x00000007d9600000)
  to   space 5120K, 0% used [0x00000007d8c00000,0x00000007d8c00000,0x00000007d9100000)
 ParOldGen       total 83968K, used 10294K [0x0000000784600000, 0x0000000789800000, 0x00000007d6c80000)
  object space 83968K, 12% used [0x0000000784600000,0x000000078500db30,0x0000000789800000)
 PSPermGen       total 21504K, used 20916K [0x000000077a000000, 0x000000077b500000, 0x0000000784600000)
  object space 21504K, 97% used [0x000000077a000000,0x000000077b46d260,0x000000077b500000)
Event: 10.163 GC heap after
Heap after GC invocations=3 (full 0):
 PSYoungGen      total 37376K, used 5090K [0x00000007d6c80000, 0x00000007d9600000, 0x0000000800000000)
  eden space 32256K, 0% used [0x00000007d6c80000,0x00000007d6c80000,0x00000007d8c00000)
  from space 5120K, 99% used [0x00000007d8c00000,0x00000007d90f8b00,0x00000007d9100000)
  to   space 5120K, 0% used [0x00000007d9100000,0x00000007d9100000,0x00000007d9600000)
 ParOldGen       total 83968K, used 10870K [0x0000000784600000, 0x0000000789800000, 0x00000007d6c80000)
  object space 83968K, 12% used [0x0000000784600000,0x000000078509db50,0x0000000789800000)
 PSPermGen       total 21504K, used 20916K [0x000000077a000000, 0x000000077b500000, 0x0000000784600000)
  object space 21504K, 97% used [0x000000077a000000,0x000000077b46d260,0x000000077b500000)
}

Deoptimization events (10 events):
Event: 0.219 Thread 0x00007f5f18261000 Uncommon trap: reason=class_check action=maybe_recompile pc=0x00007f5f15065a04 method=java.util.Properties$LineReader.readLine()I @ 62
Event: 0.916 Thread 0x00007f5ec01cf000 Uncommon trap: reason=unreached action=reinterpret pc=0x00007f5f150ce824 method=java.lang.Class.searchFields([Ljava/lang/reflect/Field;Ljava/lang/String;)Ljava/lang/reflect/Field; @ 20
Event: 1.121 Thread 0x00007f5ed0002800 Uncommon trap: reason=unreached action=reinterpret pc=0x00007f5f150d4d98 method=com.jogamp.common.util.IntIntHashMap.get(I)I @ 19
Event: 1.137 Thread 0x00007f5ed0002800 Uncommon trap: reason=unreached action=reinterpret pc=0x00007f5f15084574 method=java.lang.AbstractStringBuilder.append(Ljava/lang/String;)Ljava/lang/AbstractStringBuilder; @ 1
Event: 1.491 Thread 0x00007f5ed0002800 Uncommon trap: reason=class_check action=maybe_recompile pc=0x00007f5f150efd08 method=com.sun.org.apache.xerces.internal.impl.XMLDocumentScannerImpl.next()I @ 4
Event: 7.725 Thread 0x00007f5ed0002800 Uncommon trap: reason=predicate action=maybe_recompile pc=0x00007f5f1514db7c method=java.util.Arrays.fill([Ljava/lang/Object;IILjava/lang/Object;)V @ 16
Event: 9.041 Thread 0x00007f5ed0002800 Uncommon trap: reason=array_check action=maybe_recompile pc=0x00007f5f1517e364 method=java.util.Arrays.fill([Ljava/lang/Object;IILjava/lang/Object;)V @ 20
Event: 9.042 Thread 0x00007f5ed0002800 Uncommon trap: reason=array_check action=maybe_recompile pc=0x00007f5f1517e364 method=java.util.Arrays.fill([Ljava/lang/Object;IILjava/lang/Object;)V @ 20
Event: 9.042 Thread 0x00007f5ed0002800 Uncommon trap: reason=array_check action=maybe_recompile pc=0x00007f5f1517e364 method=java.util.Arrays.fill([Ljava/lang/Object;IILjava/lang/Object;)V @ 20
Event: 9.058 Thread 0x00007f5ed0002800 Uncommon trap: reason=array_check action=maybe_recompile pc=0x00007f5f1517e364 method=java.util.Arrays.fill([Ljava/lang/Object;IILjava/lang/Object;)V @ 20

Internal exceptions (10 events):
Event: 1.664 Thread 0x00007f5ed0002800 Threw 0x00000007d7931b08 at /build/openjdk-7-FO0dNI/openjdk-7-7u79-2.5.6/build/openjdk/hotspot/src/share/vm/prims/jvm.cpp:1284
Event: 1.677 Thread 0x00007f5ed0002800 Threw 0x00000007d7937498 at /build/openjdk-7-FO0dNI/openjdk-7-7u79-2.5.6/build/openjdk/hotspot/src/share/vm/prims/jvm.cpp:1284
Event: 1.697 Thread 0x00007f5ed0002800 Threw 0x00000007d797bcc0 at /build/openjdk-7-FO0dNI/openjdk-7-7u79-2.5.6/build/openjdk/hotspot/src/share/vm/prims/jvm.cpp:1284
Event: 1.763 Thread 0x00007f5ed0002800 Threw 0x00000007d7bf2a10 at /build/openjdk-7-FO0dNI/openjdk-7-7u79-2.5.6/build/openjdk/hotspot/src/share/vm/runtime/reflection.cpp:1030
Event: 1.764 Thread 0x00007f5ed0002800 Threw 0x00000007d7bf2cf0 at /build/openjdk-7-FO0dNI/openjdk-7-7u79-2.5.6/build/openjdk/hotspot/src/share/vm/runtime/reflection.cpp:1030
Event: 1.777 Thread 0x00007f5ed0002800 Threw 0x00000007d7c1f8a0 at /build/openjdk-7-FO0dNI/openjdk-7-7u79-2.5.6/build/openjdk/hotspot/src/share/vm/runtime/reflection.cpp:1030
Event: 1.780 Thread 0x00007f5ed0002800 Threw 0x00000007d7c1fb80 at /build/openjdk-7-FO0dNI/openjdk-7-7u79-2.5.6/build/openjdk/hotspot/src/share/vm/runtime/reflection.cpp:1030
Event: 1.801 Thread 0x00007f5ed0002800 Threw 0x00000007d7c4c730 at /build/openjdk-7-FO0dNI/openjdk-7-7u79-2.5.6/build/openjdk/hotspot/src/share/vm/runtime/reflection.cpp:1030
Event: 1.812 Thread 0x00007f5ed0002800 Threw 0x00000007d7c4ca10 at /build/openjdk-7-FO0dNI/openjdk-7-7u79-2.5.6/build/openjdk/hotspot/src/share/vm/runtime/reflection.cpp:1030
Event: 1.835 Thread 0x00007f5ed0002800 Threw 0x00000007d7c7d0d8 at /build/openjdk-7-FO0dNI/openjdk-7-7u79-2.5.6/build/openjdk/hotspot/src/share/vm/runtime/reflection.cpp:1030

Events (10 events):
Event: 9.172 loading class 0x00007f5f1812d9a0 done
Event: 9.173 loading class 0x00007f5f180c9330
Event: 9.173 loading class 0x00007f5f180c9330 done
Event: 10.158 Executing VM operation: ParallelGCFailedAllocation
Event: 10.163 Executing VM operation: ParallelGCFailedAllocation done
Event: 11.243 loading class 0x00007f5f1800e200
Event: 11.243 loading class 0x00007f5f1800e200 done
Event: 11.243 Thread 0x00007f5ebdd76800 Thread added: 0x00007f5ebdd76800
Event: 11.243 loading class 0x00007f5f181c77e0
Event: 11.243 loading class 0x00007f5f181c77e0 done


Dynamic libraries:
00400000-00401000 r-xp 00000000 08:06 1705803                            /usr/lib/jvm/java-7-openjdk-amd64/jre/bin/java
00600000-00601000 r--p 00000000 08:06 1705803                            /usr/lib/jvm/java-7-openjdk-amd64/jre/bin/java
00601000-00602000 rw-p 00001000 08:06 1705803                            /usr/lib/jvm/java-7-openjdk-amd64/jre/bin/java
01388000-013a9000 rw-p 00000000 00:00 0                                  [heap]
77a000000-77b500000 rw-p 00000000 00:00 0 
77b500000-784600000 rw-p 00000000 00:00 0 
784600000-789800000 rw-p 00000000 00:00 0 
789800000-7d6c80000 rw-p 00000000 00:00 0 
7d6c80000-7d9600000 rw-p 00000000 00:00 0 
7d9600000-7db580000 ---p 00000000 00:00 0 
7db580000-800000000 rw-p 00000000 00:00 0 
7f5e84000000-7f5e84059000 rw-p 00000000 00:00 0 
7f5e84059000-7f5e88000000 ---p 00000000 00:00 0 
7f5e88000000-7f5e88032000 rw-p 00000000 00:00 0 
7f5e88032000-7f5e8c000000 ---p 00000000 00:00 0 
7f5e8c000000-7f5e8c021000 rw-p 00000000 00:00 0 
7f5e8c021000-7f5e90000000 ---p 00000000 00:00 0 
7f5e90000000-7f5e90050000 rw-p 00000000 00:00 0 
7f5e90050000-7f5e94000000 ---p 00000000 00:00 0 
7f5e94000000-7f5e94048000 rw-p 00000000 00:00 0 
7f5e94048000-7f5e98000000 ---p 00000000 00:00 0 
7f5e98000000-7f5e98021000 rw-p 00000000 00:00 0 
7f5e98021000-7f5e9c000000 ---p 00000000 00:00 0 
7f5e9f46b000-7f5e9f4db000 rw-s 00000000 00:04 370205                     /drm mm object (deleted)
7f5e9f4db000-7f5e9f54b000 rw-s 00000000 00:04 370204                     /drm mm object (deleted)
7f5e9f54b000-7f5e9f5bb000 rw-s 00000000 00:04 365518                     /drm mm object (deleted)
7f5e9f5bb000-7f5e9f62b000 rw-s 00000000 00:04 365517                     /drm mm object (deleted)
7f5e9f62b000-7f5e9f69b000 rw-s 00000000 00:04 370203                     /drm mm object (deleted)
7f5e9f69b000-7f5e9f70b000 rw-s 00000000 00:04 370202                     /drm mm object (deleted)
7f5e9f70b000-7f5e9f77b000 rw-s 00000000 00:04 370201                     /drm mm object (deleted)
7f5e9f77b000-7f5e9f7eb000 rw-s 00000000 00:04 370200                     /drm mm object (deleted)
7f5e9f7eb000-7f5e9f85b000 rw-s 00000000 00:04 370199                     /drm mm object (deleted)
7f5e9f85b000-7f5e9f8cb000 rw-s 00000000 00:04 365516                     /drm mm object (deleted)
7f5e9f8cb000-7f5e9f93b000 rw-s 00000000 00:04 365515                     /drm mm object (deleted)
7f5e9f93b000-7f5e9f9ab000 rw-s 00000000 00:04 369619                     /drm mm object (deleted)
7f5e9f9ab000-7f5e9fa1b000 rw-s 00000000 00:04 365514                     /drm mm object (deleted)
7f5e9fa1b000-7f5e9fa8b000 rw-s 00000000 00:04 365513                     /drm mm object (deleted)
7f5e9fa8b000-7f5e9fafb000 rw-s 00000000 00:04 370801                     /drm mm object (deleted)
7f5e9fafb000-7f5e9fafe000 ---p 00000000 00:00 0 
7f5e9fafe000-7f5e9fbfc000 rw-p 00000000 00:00 0 
7f5e9fbfc000-7f5e9fbff000 ---p 00000000 00:00 0 
7f5e9fbff000-7f5e9fcfd000 rw-p 00000000 00:00 0 
7f5e9fcfd000-7f5e9fd00000 ---p 00000000 00:00 0 
7f5e9fd00000-7f5e9fdfe000 rw-p 00000000 00:00 0                          [stack:19629]
7f5e9fdfe000-7f5e9fe01000 ---p 00000000 00:00 0 
7f5e9fe01000-7f5e9feff000 rw-p 00000000 00:00 0 
7f5e9feff000-7f5e9ff02000 ---p 00000000 00:00 0 
7f5e9ff02000-7f5ea0000000 rw-p 00000000 00:00 0 
7f5ea0000000-7f5ea0021000 rw-p 00000000 00:00 0 
7f5ea0021000-7f5ea4000000 ---p 00000000 00:00 0 
7f5ea4000000-7f5ea4021000 rw-p 00000000 00:00 0 
7f5ea4021000-7f5ea8000000 ---p 00000000 00:00 0 
7f5ea8000000-7f5ea8021000 rw-p 00000000 00:00 0 
7f5ea8021000-7f5eac000000 ---p 00000000 00:00 0 
7f5eac067000-7f5eac0d7000 rw-s 00000000 00:04 370794                     /drm mm object (deleted)
7f5eac0d7000-7f5eac0da000 ---p 00000000 00:00 0 
7f5eac0da000-7f5eac1d8000 rw-p 00000000 00:00 0                          [stack:19612]
7f5eac1d8000-7f5eac238000 rw-s 11ab85000 00:05 10956                     /dev/dri/card0
7f5eac238000-7f5eac3b8000 rw-s 00000000 00:04 370750                     /drm mm object (deleted)
7f5eac3b8000-7f5eac3bb000 ---p 00000000 00:00 0 
7f5eac3bb000-7f5eac4b9000 rw-p 00000000 00:00 0 
7f5eac4b9000-7f5eac4bc000 ---p 00000000 00:00 0 
7f5eac4bc000-7f5eac5ba000 rw-p 00000000 00:00 0 
7f5eac5ba000-7f5eac5bd000 ---p 00000000 00:00 0 
7f5eac5bd000-7f5eac6bb000 rw-p 00000000 00:00 0 
7f5eac6bb000-7f5eac6be000 ---p 00000000 00:00 0 
7f5eac6be000-7f5eac7bc000 rw-p 00000000 00:00 0 
7f5eac7bc000-7f5eac93c000 rw-s 00000000 00:04 370738                     /drm mm object (deleted)
7f5eacbbc000-7f5eacbc1000 r-xp 00000000 08:06 8126493                    /lib/x86_64-linux-gnu/libnss_dns-2.19.so
7f5eacbc1000-7f5eacdc0000 ---p 00005000 08:06 8126493                    /lib/x86_64-linux-gnu/libnss_dns-2.19.so
7f5eacdc0000-7f5eacdc1000 r--p 00004000 08:06 8126493                    /lib/x86_64-linux-gnu/libnss_dns-2.19.so
7f5eacdc1000-7f5eacdc2000 rw-p 00005000 08:06 8126493                    /lib/x86_64-linux-gnu/libnss_dns-2.19.so
7f5eacdc2000-7f5eacdc4000 r-xp 00000000 08:06 8130576                    /lib/x86_64-linux-gnu/libnss_mdns4_minimal.so.2
7f5eacdc4000-7f5eacfc3000 ---p 00002000 08:06 8130576                    /lib/x86_64-linux-gnu/libnss_mdns4_minimal.so.2
7f5eacfc3000-7f5eacfc4000 r--p 00001000 08:06 8130576                    /lib/x86_64-linux-gnu/libnss_mdns4_minimal.so.2
7f5eacfc4000-7f5eacfc5000 rw-p 00002000 08:06 8130576                    /lib/x86_64-linux-gnu/libnss_mdns4_minimal.so.2
7f5eacfc5000-7f5ead065000 rw-s 11aa85000 00:05 10956                     /dev/dri/card0
7f5ead065000-7f5ead2e5000 rw-s 00000000 00:04 370175                     /drm mm object (deleted)
7f5ead2e5000-7f5ead565000 rw-s 00000000 00:04 370174                     /drm mm object (deleted)
7f5ead565000-7f5ead567000 r-xp 00000000 08:06 9707382                    /usr/lib/x86_64-linux-gnu/libXinerama.so.1.0.0
7f5ead567000-7f5ead766000 ---p 00002000 08:06 9707382                    /usr/lib/x86_64-linux-gnu/libXinerama.so.1.0.0
7f5ead766000-7f5ead767000 r--p 00001000 08:06 9707382                    /usr/lib/x86_64-linux-gnu/libXinerama.so.1.0.0
7f5ead767000-7f5ead768000 rw-p 00002000 08:06 9707382                    /usr/lib/x86_64-linux-gnu/libXinerama.so.1.0.0
7f5ead768000-7f5ead79f000 r-xp 00000000 08:06 9708305                    /usr/lib/x86_64-linux-gnu/libtxc_dxtn_s2tc.so.0.0.0
7f5ead79f000-7f5ead99e000 ---p 00037000 08:06 9708305                    /usr/lib/x86_64-linux-gnu/libtxc_dxtn_s2tc.so.0.0.0
7f5ead99e000-7f5ead99f000 r--p 00036000 08:06 9708305                    /usr/lib/x86_64-linux-gnu/libtxc_dxtn_s2tc.so.0.0.0
7f5ead99f000-7f5ead9a0000 rw-p 00037000 08:06 9708305                    /usr/lib/x86_64-linux-gnu/libtxc_dxtn_s2tc.so.0.0.0
7f5ead9a0000-7f5ead9a8000 r-xp 00000000 08:06 9708110                    /usr/lib/x86_64-linux-gnu/libpciaccess.so.0.11.1
7f5ead9a8000-7f5eadba7000 ---p 00008000 08:06 9708110                    /usr/lib/x86_64-linux-gnu/libpciaccess.so.0.11.1
7f5eadba7000-7f5eadba8000 r--p 00007000 08:06 9708110                    /usr/lib/x86_64-linux-gnu/libpciaccess.so.0.11.1
7f5eadba8000-7f5eadba9000 rw-p 00008000 08:06 9708110                    /usr/lib/x86_64-linux-gnu/libpciaccess.so.0.11.1
7f5eadba9000-7f5eadbc9000 r-xp 00000000 08:06 9700253                    /usr/lib/x86_64-linux-gnu/libdrm_intel.so.1.0.0
7f5eadbc9000-7f5eaddc8000 ---p 00020000 08:06 9700253                    /usr/lib/x86_64-linux-gnu/libdrm_intel.so.1.0.0
7f5eaddc8000-7f5eaddc9000 r--p 0001f000 08:06 9700253                    /usr/lib/x86_64-linux-gnu/libdrm_intel.so.1.0.0
7f5eaddc9000-7f5eaddca000 rw-p 00020000 08:06 9700253                    /usr/lib/x86_64-linux-gnu/libdrm_intel.so.1.0.0
7f5eaddca000-7f5eae2d2000 r-xp 00000000 08:06 10092889                   /usr/lib/x86_64-linux-gnu/dri/i965_dri.so
7f5eae2d2000-7f5eae4d1000 ---p 00508000 08:06 10092889                   /usr/lib/x86_64-linux-gnu/dri/i965_dri.so
7f5eae4d1000-7f5eae4eb000 r--p 00507000 08:06 10092889                   /usr/lib/x86_64-linux-gnu/dri/i965_dri.so
7f5eae4eb000-7f5eae4f1000 rw-p 00521000 08:06 10092889                   /usr/lib/x86_64-linux-gnu/dri/i965_dri.so
7f5eae4f1000-7f5eae4fc000 rw-p 00000000 00:00 0 
7f5eae4fc000-7f5eae504000 r-xp 00000000 08:06 8130557                    /lib/x86_64-linux-gnu/libnih-dbus.so.1.0.0
7f5eae504000-7f5eae704000 ---p 00008000 08:06 8130557                    /lib/x86_64-linux-gnu/libnih-dbus.so.1.0.0
7f5eae704000-7f5eae705000 r--p 00008000 08:06 8130557                    /lib/x86_64-linux-gnu/libnih-dbus.so.1.0.0
7f5eae705000-7f5eae706000 rw-p 00009000 08:06 8130557                    /lib/x86_64-linux-gnu/libnih-dbus.so.1.0.0
7f5eae706000-7f5eae71d000 r-xp 00000000 08:06 8130559                    /lib/x86_64-linux-gnu/libnih.so.1.0.0
7f5eae71d000-7f5eae91c000 ---p 00017000 08:06 8130559                    /lib/x86_64-linux-gnu/libnih.so.1.0.0
7f5eae91c000-7f5eae91d000 r--p 00016000 08:06 8130559                    /lib/x86_64-linux-gnu/libnih.so.1.0.0
7f5eae91d000-7f5eae91e000 rw-p 00017000 08:06 8130559                    /lib/x86_64-linux-gnu/libnih.so.1.0.0
7f5eae91e000-7f5eae937000 r-xp 00000000 08:06 8130500                    /lib/x86_64-linux-gnu/libcgmanager.so.0.0.0
7f5eae937000-7f5eaeb36000 ---p 00019000 08:06 8130500                    /lib/x86_64-linux-gnu/libcgmanager.so.0.0.0
7f5eaeb36000-7f5eaeb38000 r--p 00018000 08:06 8130500                    /lib/x86_64-linux-gnu/libcgmanager.so.0.0.0
7f5eaeb38000-7f5eaeb39000 rw-p 0001a000 08:06 8130500                    /lib/x86_64-linux-gnu/libcgmanager.so.0.0.0
7f5eaeb39000-7f5eaeb49000 r-xp 00000000 08:06 8130597                    /lib/x86_64-linux-gnu/libudev.so.1.3.5
7f5eaeb49000-7f5eaed48000 ---p 00010000 08:06 8130597                    /lib/x86_64-linux-gnu/libudev.so.1.3.5
7f5eaed48000-7f5eaed49000 r--p 0000f000 08:06 8130597                    /lib/x86_64-linux-gnu/libudev.so.1.3.5
7f5eaed49000-7f5eaed4a000 rw-p 00010000 08:06 8130597                    /lib/x86_64-linux-gnu/libudev.so.1.3.5
7f5eaed4a000-7f5eaed6f000 r-xp 00000000 08:06 8130641                    /lib/x86_64-linux-gnu/libtinfo.so.5.9
7f5eaed6f000-7f5eaef6e000 ---p 00025000 08:06 8130641                    /lib/x86_64-linux-gnu/libtinfo.so.5.9
7f5eaef6e000-7f5eaef72000 r--p 00024000 08:06 8130641                    /lib/x86_64-linux-gnu/libtinfo.so.5.9
7f5eaef72000-7f5eaef73000 rw-p 00028000 08:06 8130641                    /lib/x86_64-linux-gnu/libtinfo.so.5.9
7f5eaef73000-7f5eaef9c000 r-xp 00000000 08:06 9707611                    /usr/lib/x86_64-linux-gnu/libedit.so.2.0.47
7f5eaef9c000-7f5eaf19c000 ---p 00029000 08:06 9707611                    /usr/lib/x86_64-linux-gnu/libedit.so.2.0.47
7f5eaf19c000-7f5eaf19e000 r--p 00029000 08:06 9707611                    /usr/lib/x86_64-linux-gnu/libedit.so.2.0.47
7f5eaf19e000-7f5eaf19f000 rw-p 0002b000 08:06 9707611                    /usr/lib/x86_64-linux-gnu/libedit.so.2.0.47
7f5eaf19f000-7f5eaf1a3000 rw-p 00000000 00:00 0 
7f5eaf1a3000-7f5eb0cab000 r-xp 00000000 08:06 9707230                    /usr/lib/x86_64-linux-gnu/libLLVM-3.5.so.1
7f5eb0cab000-7f5eb0cac000 ---p 01b08000 08:06 9707230                    /usr/lib/x86_64-linux-gnu/libLLVM-3.5.so.1
7f5eb0cac000-7f5eb0e74000 r--p 01b08000 08:06 9707230                    /usr/lib/x86_64-linux-gnu/libLLVM-3.5.so.1
7f5eb0e74000-7f5eb0e7a000 rw-p 01cd0000 08:06 9707230                    /usr/lib/x86_64-linux-gnu/libLLVM-3.5.so.1
7f5eb0e7a000-7f5eb0e8f000 rw-p 00000000 00:00 0 
7f5eb0e8f000-7f5eb0e9b000 r-xp 00000000 08:06 9703037                    /usr/lib/x86_64-linux-gnu/libdrm_radeon.so.1.0.1
7f5eb0e9b000-7f5eb109a000 ---p 0000c000 08:06 9703037                    /usr/lib/x86_64-linux-gnu/libdrm_radeon.so.1.0.1
7f5eb109a000-7f5eb109b000 r--p 0000b000 08:06 9703037                    /usr/lib/x86_64-linux-gnu/libdrm_radeon.so.1.0.1
7f5eb109b000-7f5eb109c000 rw-p 0000c000 08:06 9703037                    /usr/lib/x86_64-linux-gnu/libdrm_radeon.so.1.0.1
7f5eb109c000-7f5eb10b1000 r-xp 00000000 08:06 9707612                    /usr/lib/x86_64-linux-gnu/libelf-0.158.so
7f5eb10b1000-7f5eb12b0000 ---p 00015000 08:06 9707612                    /usr/lib/x86_64-linux-gnu/libelf-0.158.so
7f5eb12b0000-7f5eb12b1000 r--p 00014000 08:06 9707612                    /usr/lib/x86_64-linux-gnu/libelf-0.158.so
7f5eb12b1000-7f5eb12b2000 rw-p 00015000 08:06 9707612                    /usr/lib/x86_64-linux-gnu/libelf-0.158.so
7f5eb12b2000-7f5eb12b8000 r-xp 00000000 08:06 9703031                    /usr/lib/x86_64-linux-gnu/libdrm_nouveau.so.2.0.0
7f5eb12b8000-7f5eb14b7000 ---p 00006000 08:06 9703031                    /usr/lib/x86_64-linux-gnu/libdrm_nouveau.so.2.0.0
7f5eb14b7000-7f5eb14b8000 r--p 00005000 08:06 9703031                    /usr/lib/x86_64-linux-gnu/libdrm_nouveau.so.2.0.0
7f5eb14b8000-7f5eb14b9000 rw-p 00006000 08:06 9703031                    /usr/lib/x86_64-linux-gnu/libdrm_nouveau.so.2.0.0
7f5eb14b9000-7f5eb14c0000 r-xp 00000000 08:06 10094006                   /usr/lib/x86_64-linux-gnu/mesa-egl/libOpenVG.so.1.0.0
7f5eb14c0000-7f5eb16bf000 ---p 00007000 08:06 10094006                   /usr/lib/x86_64-linux-gnu/mesa-egl/libOpenVG.so.1.0.0
7f5eb16bf000-7f5eb16c0000 r--p 00006000 08:06 10094006                   /usr/lib/x86_64-linux-gnu/mesa-egl/libOpenVG.so.1.0.0
7f5eb16c0000-7f5eb16c1000 rw-p 00007000 08:06 10094006                   /usr/lib/x86_64-linux-gnu/mesa-egl/libOpenVG.so.1.0.0
7f5eb16c1000-7f5eb16c3000 rw-p 00000000 00:00 0 
7f5eb16c3000-7f5eb1e4b000 r-xp 00000000 08:06 10092900                   /usr/lib/x86_64-linux-gnu/egl/egl_gallium.so
7f5eb1e4b000-7f5eb204b000 ---p 00788000 08:06 10092900                   /usr/lib/x86_64-linux-gnu/egl/egl_gallium.so
7f5eb204b000-7f5eb209e000 r--p 00788000 08:06 10092900                   /usr/lib/x86_64-linux-gnu/egl/egl_gallium.so
7f5eb209e000-7f5eb20aa000 rw-p 007db000 08:06 10092900                   /usr/lib/x86_64-linux-gnu/egl/egl_gallium.so
7f5eb20aa000-7f5eb2291000 rw-p 00000000 00:00 0 
7f5eb2291000-7f5eb2297000 r-xp 00000000 08:06 10094004                   /usr/lib/x86_64-linux-gnu/mesa-egl/libGLESv2.so.2.0.0
7f5eb2297000-7f5eb2496000 ---p 00006000 08:06 10094004                   /usr/lib/x86_64-linux-gnu/mesa-egl/libGLESv2.so.2.0.0
7f5eb2496000-7f5eb2497000 r--p 00005000 08:06 10094004                   /usr/lib/x86_64-linux-gnu/mesa-egl/libGLESv2.so.2.0.0
7f5eb2497000-7f5eb2498000 rw-p 00006000 08:06 10094004                   /usr/lib/x86_64-linux-gnu/mesa-egl/libGLESv2.so.2.0.0
7f5eb2498000-7f5eb24dd000 r-xp 00000000 08:06 4325419                    /tmp/jogamp_0000/file_cache/jln1474049298518416807/jln873708488209943623/libjogl_mobile.so
7f5eb24dd000-7f5eb26dd000 ---p 00045000 08:06 4325419                    /tmp/jogamp_0000/file_cache/jln1474049298518416807/jln873708488209943623/libjogl_mobile.so
7f5eb26dd000-7f5eb26de000 rw-p 00045000 08:06 4325419                    /tmp/jogamp_0000/file_cache/jln1474049298518416807/jln873708488209943623/libjogl_mobile.so
7f5eb26de000-7f5eb26ea000 r-xp 00000000 08:06 9707694                    /usr/lib/x86_64-linux-gnu/libgbm.so.1.0.0
7f5eb26ea000-7f5eb28ea000 ---p 0000c000 08:06 9707694                    /usr/lib/x86_64-linux-gnu/libgbm.so.1.0.0
7f5eb28ea000-7f5eb28eb000 r--p 0000c000 08:06 9707694                    /usr/lib/x86_64-linux-gnu/libgbm.so.1.0.0
7f5eb28eb000-7f5eb28ec000 rw-p 0000d000 08:06 9707694                    /usr/lib/x86_64-linux-gnu/libgbm.so.1.0.0
7f5eb28ec000-7f5eb28fb000 r-xp 00000000 08:06 9708373                    /usr/lib/x86_64-linux-gnu/libwayland-server.so.0.1.0
7f5eb28fb000-7f5eb2afa000 ---p 0000f000 08:06 9708373                    /usr/lib/x86_64-linux-gnu/libwayland-server.so.0.1.0
7f5eb2afa000-7f5eb2afc000 r--p 0000e000 08:06 9708373                    /usr/lib/x86_64-linux-gnu/libwayland-server.so.0.1.0
7f5eb2afc000-7f5eb2afd000 rw-p 00010000 08:06 9708373                    /usr/lib/x86_64-linux-gnu/libwayland-server.so.0.1.0
7f5eb2afd000-7f5eb2b08000 r-xp 00000000 08:06 9708367                    /usr/lib/x86_64-linux-gnu/libwayland-client.so.0.2.0
7f5eb2b08000-7f5eb2d07000 ---p 0000b000 08:06 9708367                    /usr/lib/x86_64-linux-gnu/libwayland-client.so.0.2.0
7f5eb2d07000-7f5eb2d09000 r--p 0000a000 08:06 9708367                    /usr/lib/x86_64-linux-gnu/libwayland-client.so.0.2.0
7f5eb2d09000-7f5eb2d0a000 rw-p 0000c000 08:06 9708367                    /usr/lib/x86_64-linux-gnu/libwayland-client.so.0.2.0
7f5eb2d0a000-7f5eb2d0f000 r-xp 00000000 08:06 9708423                    /usr/lib/x86_64-linux-gnu/libxcb-xfixes.so.0.0.0
7f5eb2d0f000-7f5eb2f0f000 ---p 00005000 08:06 9708423                    /usr/lib/x86_64-linux-gnu/libxcb-xfixes.so.0.0.0
7f5eb2f0f000-7f5eb2f10000 r--p 00005000 08:06 9708423                    /usr/lib/x86_64-linux-gnu/libxcb-xfixes.so.0.0.0
7f5eb2f10000-7f5eb2f11000 rw-p 00006000 08:06 9708423                    /usr/lib/x86_64-linux-gnu/libxcb-xfixes.so.0.0.0
7f5eb2f11000-7f5eb2f38000 r-xp 00000000 08:06 10094000                   /usr/lib/x86_64-linux-gnu/mesa-egl/libEGL.so.1.0.0
7f5eb2f38000-7f5eb3138000 ---p 00027000 08:06 10094000                   /usr/lib/x86_64-linux-gnu/mesa-egl/libEGL.so.1.0.0
7f5eb3138000-7f5eb3139000 r--p 00027000 08:06 10094000                   /usr/lib/x86_64-linux-gnu/mesa-egl/libEGL.so.1.0.0
7f5eb3139000-7f5eb313a000 rw-p 00028000 08:06 10094000                   /usr/lib/x86_64-linux-gnu/mesa-egl/libEGL.so.1.0.0
7f5eb313a000-7f5eb313b000 rw-p 00000000 00:00 0 
7f5eb313b000-7f5eb31e0000 r-xp 00000000 08:06 4325418                    /tmp/jogamp_0000/file_cache/jln1474049298518416807/jln873708488209943623/libjogl_desktop.so
7f5eb31e0000-7f5eb33e0000 ---p 000a5000 08:06 4325418                    /tmp/jogamp_0000/file_cache/jln1474049298518416807/jln873708488209943623/libjogl_desktop.so
7f5eb33e0000-7f5eb33e1000 rw-p 000a5000 08:06 4325418                    /tmp/jogamp_0000/file_cache/jln1474049298518416807/jln873708488209943623/libjogl_desktop.so
7f5eb33e1000-7f5eb33ec000 r-xp 00000000 08:06 9701891                    /usr/lib/x86_64-linux-gnu/libdrm.so.2.4.0
7f5eb33ec000-7f5eb35eb000 ---p 0000b000 08:06 9701891                    /usr/lib/x86_64-linux-gnu/libdrm.so.2.4.0
7f5eb35eb000-7f5eb35ec000 r--p 0000a000 08:06 9701891                    /usr/lib/x86_64-linux-gnu/libdrm.so.2.4.0
7f5eb35ec000-7f5eb35ed000 rw-p 0000b000 08:06 9701891                    /usr/lib/x86_64-linux-gnu/libdrm.so.2.4.0
7f5eb35ed000-7f5eb35ee000 r-xp 00000000 08:06 9708437                    /usr/lib/x86_64-linux-gnu/libxshmfence.so.1.0.0
7f5eb35ee000-7f5eb37ed000 ---p 00001000 08:06 9708437                    /usr/lib/x86_64-linux-gnu/libxshmfence.so.1.0.0
7f5eb37ed000-7f5eb37ee000 r--p 00000000 08:06 9708437                    /usr/lib/x86_64-linux-gnu/libxshmfence.so.1.0.0
7f5eb37ee000-7f5eb37ef000 rw-p 00001000 08:06 9708437                    /usr/lib/x86_64-linux-gnu/libxshmfence.so.1.0.0
7f5eb37ef000-7f5eb37f4000 r-xp 00000000 08:06 9708419                    /usr/lib/x86_64-linux-gnu/libxcb-sync.so.1.0.0
7f5eb37f4000-7f5eb39f3000 ---p 00005000 08:06 9708419                    /usr/lib/x86_64-linux-gnu/libxcb-sync.so.1.0.0
7f5eb39f3000-7f5eb39f4000 r--p 00004000 08:06 9708419                    /usr/lib/x86_64-linux-gnu/libxcb-sync.so.1.0.0
7f5eb39f4000-7f5eb39f5000 rw-p 00005000 08:06 9708419                    /usr/lib/x86_64-linux-gnu/libxcb-sync.so.1.0.0
7f5eb39f5000-7f5eb39f7000 r-xp 00000000 08:06 9708407                    /usr/lib/x86_64-linux-gnu/libxcb-present.so.0.0.0
7f5eb39f7000-7f5eb3bf6000 ---p 00002000 08:06 9708407                    /usr/lib/x86_64-linux-gnu/libxcb-present.so.0.0.0
7f5eb3bf6000-7f5eb3bf7000 r--p 00001000 08:06 9708407                    /usr/lib/x86_64-linux-gnu/libxcb-present.so.0.0.0
7f5eb3bf7000-7f5eb3bf8000 rw-p 00002000 08:06 9708407                    /usr/lib/x86_64-linux-gnu/libxcb-present.so.0.0.0
7f5eb3bf8000-7f5eb3bfa000 r-xp 00000000 08:06 9708397                    /usr/lib/x86_64-linux-gnu/libxcb-dri3.so.0.0.0
7f5eb3bfa000-7f5eb3df9000 ---p 00002000 08:06 9708397                    /usr/lib/x86_64-linux-gnu/libxcb-dri3.so.0.0.0
7f5eb3df9000-7f5eb3dfa000 r--p 00001000 08:06 9708397                    /usr/lib/x86_64-linux-gnu/libxcb-dri3.so.0.0.0
7f5eb3dfa000-7f5eb3dfb000 rw-p 00002000 08:06 9708397                    /usr/lib/x86_64-linux-gnu/libxcb-dri3.so.0.0.0
7f5eb3dfb000-7f5eb3dfe000 r-xp 00000000 08:06 9708395                    /usr/lib/x86_64-linux-gnu/libxcb-dri2.so.0.0.0
7f5eb3dfe000-7f5eb3ffe000 ---p 00003000 08:06 9708395                    /usr/lib/x86_64-linux-gnu/libxcb-dri2.so.0.0.0
7f5eb3ffe000-7f5eb3fff000 r--p 00003000 08:06 9708395                    /usr/lib/x86_64-linux-gnu/libxcb-dri2.so.0.0.0
7f5eb3fff000-7f5eb4000000 rw-p 00004000 08:06 9708395                    /usr/lib/x86_64-linux-gnu/libxcb-dri2.so.0.0.0
7f5eb4000000-7f5eb4021000 rw-p 00000000 00:00 0 
7f5eb4021000-7f5eb8000000 ---p 00000000 00:00 0 
7f5eb8000000-7f5eba9d7000 rw-p 00000000 00:00 0 
7f5eba9d7000-7f5ebc000000 ---p 00000000 00:00 0 
7f5ebc000000-7f5ebe04c000 rw-p 00000000 00:00 0 
7f5ebe04c000-7f5ec0000000 ---p 00000000 00:00 0 
7f5ec0000000-7f5ec0998000 rw-p 00000000 00:00 0 
7f5ec0998000-7f5ec4000000 ---p 00000000 00:00 0 
7f5ec4000000-7f5ec4021000 rw-p 00000000 00:00 0 
7f5ec4021000-7f5ec8000000 ---p 00000000 00:00 0 
7f5ec8000000-7f5ec803c000 rw-p 00000000 00:00 0 
7f5ec803c000-7f5ecc000000 ---p 00000000 00:00 0 
7f5ecc000000-7f5ecc021000 rw-p 00000000 00:00 0 
7f5ecc021000-7f5ed0000000 ---p 00000000 00:00 0 
7f5ed0000000-7f5ed0021000 rw-p 00000000 00:00 0 
7f5ed0021000-7f5ed4000000 ---p 00000000 00:00 0 
7f5ed4000000-7f5ed4021000 rw-p 00000000 00:00 0 
7f5ed4021000-7f5ed8000000 ---p 00000000 00:00 0 
7f5ed8000000-7f5ed8021000 rw-p 00000000 00:00 0 
7f5ed8021000-7f5edc000000 ---p 00000000 00:00 0 
7f5edc000000-7f5edc552000 rw-p 00000000 00:00 0 
7f5edc552000-7f5ee0000000 ---p 00000000 00:00 0 
7f5ee0000000-7f5ee0021000 rw-p 00000000 00:00 0 
7f5ee0021000-7f5ee4000000 ---p 00000000 00:00 0 
7f5ee4000000-7f5ee4021000 rw-p 00000000 00:00 0 
7f5ee4021000-7f5ee8000000 ---p 00000000 00:00 0 
7f5ee8000000-7f5ee8971000 rw-p 00000000 00:00 0 
7f5ee8971000-7f5eec000000 ---p 00000000 00:00 0 
7f5eec000000-7f5eec021000 rw-p 00000000 00:00 0 
7f5eec021000-7f5ef0000000 ---p 00000000 00:00 0 
7f5ef0000000-7f5ef0021000 rw-p 00000000 00:00 0 
7f5ef0021000-7f5ef4000000 ---p 00000000 00:00 0 
7f5ef4000000-7f5ef4021000 rw-p 00000000 00:00 0 
7f5ef4021000-7f5ef8000000 ---p 00000000 00:00 0 
7f5ef804b000-7f5ef80eb000 rw-s 11a9e5000 00:05 10956                     /dev/dri/card0
7f5ef80eb000-7f5ef8100000 r-xp 00000000 08:06 9708399                    /usr/lib/x86_64-linux-gnu/libxcb-glx.so.0.0.0
7f5ef8100000-7f5ef82ff000 ---p 00015000 08:06 9708399                    /usr/lib/x86_64-linux-gnu/libxcb-glx.so.0.0.0
7f5ef82ff000-7f5ef8301000 r--p 00014000 08:06 9708399                    /usr/lib/x86_64-linux-gnu/libxcb-glx.so.0.0.0
7f5ef8301000-7f5ef8302000 rw-p 00016000 08:06 9708399                    /usr/lib/x86_64-linux-gnu/libxcb-glx.so.0.0.0
7f5ef8302000-7f5ef8303000 r-xp 00000000 08:06 9707353                    /usr/lib/x86_64-linux-gnu/libX11-xcb.so.1.0.0
7f5ef8303000-7f5ef8502000 ---p 00001000 08:06 9707353                    /usr/lib/x86_64-linux-gnu/libX11-xcb.so.1.0.0
7f5ef8502000-7f5ef8503000 r--p 00000000 08:06 9707353                    /usr/lib/x86_64-linux-gnu/libX11-xcb.so.1.0.0
7f5ef8503000-7f5ef8504000 rw-p 00001000 08:06 9707353                    /usr/lib/x86_64-linux-gnu/libX11-xcb.so.1.0.0
7f5ef8504000-7f5ef8506000 r-xp 00000000 08:06 9707368                    /usr/lib/x86_64-linux-gnu/libXdamage.so.1.1.0
7f5ef8506000-7f5ef8705000 ---p 00002000 08:06 9707368                    /usr/lib/x86_64-linux-gnu/libXdamage.so.1.1.0
7f5ef8705000-7f5ef8706000 r--p 00001000 08:06 9707368                    /usr/lib/x86_64-linux-gnu/libXdamage.so.1.1.0
7f5ef8706000-7f5ef8707000 rw-p 00002000 08:06 9707368                    /usr/lib/x86_64-linux-gnu/libXdamage.so.1.1.0
7f5ef8707000-7f5ef872b000 r-xp 00000000 08:06 9707746                    /usr/lib/x86_64-linux-gnu/libglapi.so.0.0.0
7f5ef872b000-7f5ef892b000 ---p 00024000 08:06 9707746                    /usr/lib/x86_64-linux-gnu/libglapi.so.0.0.0
7f5ef892b000-7f5ef892e000 r--p 00024000 08:06 9707746                    /usr/lib/x86_64-linux-gnu/libglapi.so.0.0.0
7f5ef892e000-7f5ef892f000 rw-p 00027000 08:06 9707746                    /usr/lib/x86_64-linux-gnu/libglapi.so.0.0.0
7f5ef892f000-7f5ef8930000 rw-p 00000000 00:00 0 
7f5ef8930000-7f5ef89bc000 r-xp 00000000 08:06 10093997                   /usr/lib/x86_64-linux-gnu/mesa/libGL.so.1.2.0
7f5ef89bc000-7f5ef8bbb000 ---p 0008c000 08:06 10093997                   /usr/lib/x86_64-linux-gnu/mesa/libGL.so.1.2.0
7f5ef8bbb000-7f5ef8bbe000 r--p 0008b000 08:06 10093997                   /usr/lib/x86_64-linux-gnu/mesa/libGL.so.1.2.0
7f5ef8bbe000-7f5ef8bbf000 rw-p 0008e000 08:06 10093997                   /usr/lib/x86_64-linux-gnu/mesa/libGL.so.1.2.0
7f5ef8bbf000-7f5ef8bc0000 rw-p 00000000 00:00 0 
7f5ef8bc0000-7f5ef8bc7000 r-xp 00000000 08:06 4325423                    /tmp/jogamp_0000/file_cache/jln1474049298518416807/jln873708488209943623/libnativewindow_x11.so
7f5ef8bc7000-7f5ef8dc6000 ---p 00007000 08:06 4325423                    /tmp/jogamp_0000/file_cache/jln1474049298518416807/jln873708488209943623/libnativewindow_x11.so
7f5ef8dc6000-7f5ef8dc7000 rw-p 00006000 08:06 4325423                    /tmp/jogamp_0000/file_cache/jln1474049298518416807/jln873708488209943623/libnativewindow_x11.so
7f5ef8dc7000-7f5ef8dcb000 r-xp 00000000 08:06 9707410                    /usr/lib/x86_64-linux-gnu/libXxf86vm.so.1.0.0
7f5ef8dcb000-7f5ef8fcb000 ---p 00004000 08:06 9707410                    /usr/lib/x86_64-linux-gnu/libXxf86vm.so.1.0.0
7f5ef8fcb000-7f5ef8fcc000 r--p 00004000 08:06 9707410                    /usr/lib/x86_64-linux-gnu/libXxf86vm.so.1.0.0
7f5ef8fcc000-7f5ef8fcd000 rw-p 00005000 08:06 9707410                    /usr/lib/x86_64-linux-gnu/libXxf86vm.so.1.0.0
7f5ef8fcd000-7f5ef8fcf000 r-xp 00000000 08:06 4325422                    /tmp/jogamp_0000/file_cache/jln1474049298518416807/jln873708488209943623/libnativewindow_awt.so
7f5ef8fcf000-7f5ef91ce000 ---p 00002000 08:06 4325422                    /tmp/jogamp_0000/file_cache/jln1474049298518416807/jln873708488209943623/libnativewindow_awt.so
7f5ef91ce000-7f5ef91cf000 rw-p 00001000 08:06 4325422                    /tmp/jogamp_0000/file_cache/jln1474049298518416807/jln873708488209943623/libnativewindow_awt.so
7f5ef91cf000-7f5ef91d0000 r-xp 00000000 08:06 1705755                    /usr/lib/jvm/java-7-openjdk-amd64/jre/lib/amd64/libjawt.so
7f5ef91d0000-7f5ef93cf000 ---p 00001000 08:06 1705755                    /usr/lib/jvm/java-7-openjdk-amd64/jre/lib/amd64/libjawt.so
7f5ef93cf000-7f5ef93d0000 r--p 00000000 08:06 1705755                    /usr/lib/jvm/java-7-openjdk-amd64/jre/lib/amd64/libjawt.so
7f5ef93d0000-7f5ef93d1000 rw-p 00001000 08:06 1705755                    /usr/lib/jvm/java-7-openjdk-amd64/jre/lib/amd64/libjawt.so
7f5ef93d1000-7f5ef93d3000 r-xp 00000000 08:06 4325415                    /tmp/jogamp_0000/file_cache/jln1474049298518416807/jln873708488209943623/libgluegen-rt.so
7f5ef93d3000-7f5ef95d2000 ---p 00002000 08:06 4325415                    /tmp/jogamp_0000/file_cache/jln1474049298518416807/jln873708488209943623/libgluegen-rt.so
7f5ef95d2000-7f5ef95d3000 rw-p 00001000 08:06 4325415                    /tmp/jogamp_0000/file_cache/jln1474049298518416807/jln873708488209943623/libgluegen-rt.so
7f5ef95d3000-7f5ef95d6000 ---p 00000000 00:00 0 
7f5ef95d6000-7f5ef96d4000 rw-p 00000000 00:00 0                          [stack:19607]
7f5ef96d4000-7f5ef96d7000 ---p 00000000 00:00 0 
7f5ef96d7000-7f5ef97d5000 rw-p 00000000 00:00 0                          [stack:19598]
7f5ef97d5000-7f5ef97d8000 ---p 00000000 00:00 0 
7f5ef97d8000-7f5ef98d6000 rw-p 00000000 00:00 0                          [stack:19597]
7f5ef98d6000-7f5ef98e6000 r-xp 00000000 08:06 1705761                    /usr/lib/jvm/java-7-openjdk-amd64/jre/lib/amd64/libnio.so
7f5ef98e6000-7f5ef9ae6000 ---p 00010000 08:06 1705761                    /usr/lib/jvm/java-7-openjdk-amd64/jre/lib/amd64/libnio.so
7f5ef9ae6000-7f5ef9ae7000 r--p 00010000 08:06 1705761                    /usr/lib/jvm/java-7-openjdk-amd64/jre/lib/amd64/libnio.so
7f5ef9ae7000-7f5ef9ae8000 rw-p 00011000 08:06 1705761                    /usr/lib/jvm/java-7-openjdk-amd64/jre/lib/amd64/libnio.so
7f5ef9ae8000-7f5ef9b3a000 r-xp 00000000 08:06 1705740                    /usr/lib/jvm/java-7-openjdk-amd64/jre/lib/amd64/libfontmanager.so
7f5ef9b3a000-7f5ef9d39000 ---p 00052000 08:06 1705740                    /usr/lib/jvm/java-7-openjdk-amd64/jre/lib/amd64/libfontmanager.so
7f5ef9d39000-7f5ef9d3c000 r--p 00051000 08:06 1705740                    /usr/lib/jvm/java-7-openjdk-amd64/jre/lib/amd64/libfontmanager.so
7f5ef9d3c000-7f5ef9d3d000 rw-p 00054000 08:06 1705740                    /usr/lib/jvm/java-7-openjdk-amd64/jre/lib/amd64/libfontmanager.so
7f5ef9d3d000-7f5ef9d40000 ---p 00000000 00:00 0 
7f5ef9d40000-7f5ef9e3e000 rw-p 00000000 00:00 0                          [stack:19595]
7f5ef9e3e000-7f5ef9e41000 ---p 00000000 00:00 0 
7f5ef9e41000-7f5ef9f3f000 rw-p 00000000 00:00 0                          [stack:19594]
7f5ef9f3f000-7f5ef9f42000 ---p 00000000 00:00 0 
7f5ef9f42000-7f5efa040000 rw-p 00000000 00:00 0                          [stack:19593]
7f5efa040000-7f5efa043000 ---p 00000000 00:00 0 
7f5efa043000-7f5efa141000 rw-p 00000000 00:00 0                          [stack:19591]
7f5efa141000-7f5efa146000 r-xp 00000000 08:06 9699808                    /usr/lib/x86_64-linux-gnu/libXfixes.so.3.1.0
7f5efa146000-7f5efa345000 ---p 00005000 08:06 9699808                    /usr/lib/x86_64-linux-gnu/libXfixes.so.3.1.0
7f5efa345000-7f5efa346000 r--p 00004000 08:06 9699808                    /usr/lib/x86_64-linux-gnu/libXfixes.so.3.1.0
7f5efa346000-7f5efa347000 rw-p 00005000 08:06 9699808                    /usr/lib/x86_64-linux-gnu/libXfixes.so.3.1.0
7f5efa347000-7f5efa350000 r-xp 00000000 08:06 9707366                    /usr/lib/x86_64-linux-gnu/libXcursor.so.1.0.2
7f5efa350000-7f5efa54f000 ---p 00009000 08:06 9707366                    /usr/lib/x86_64-linux-gnu/libXcursor.so.1.0.2
7f5efa54f000-7f5efa550000 r--p 00008000 08:06 9707366                    /usr/lib/x86_64-linux-gnu/libXcursor.so.1.0.2
7f5efa550000-7f5efa551000 rw-p 00009000 08:06 9707366                    /usr/lib/x86_64-linux-gnu/libXcursor.so.1.0.2
7f5efa551000-7f5efa568000 r-xp 00000000 08:06 1705756                    /usr/lib/jvm/java-7-openjdk-amd64/jre/lib/amd64/libnet.so
7f5efa568000-7f5efa767000 ---p 00017000 08:06 1705756                    /usr/lib/jvm/java-7-openjdk-amd64/jre/lib/amd64/libnet.so
7f5efa767000-7f5efa768000 r--p 00016000 08:06 1705756                    /usr/lib/jvm/java-7-openjdk-amd64/jre/lib/amd64/libnet.so
7f5efa768000-7f5efa769000 rw-p 00017000 08:06 1705756                    /usr/lib/jvm/java-7-openjdk-amd64/jre/lib/amd64/libnet.so
7f5efa769000-7f5efa76d000 r-xp 00000000 08:06 8130528                    /lib/x86_64-linux-gnu/libgpg-error.so.0.10.0
7f5efa76d000-7f5efa96c000 ---p 00004000 08:06 8130528                    /lib/x86_64-linux-gnu/libgpg-error.so.0.10.0
7f5efa96c000-7f5efa96d000 r--p 00003000 08:06 8130528                    /lib/x86_64-linux-gnu/libgpg-error.so.0.10.0
7f5efa96d000-7f5efa96e000 rw-p 00004000 08:06 8130528                    /lib/x86_64-linux-gnu/libgpg-error.so.0.10.0
7f5efa96e000-7f5efa970000 r-xp 00000000 08:06 8130538                    /lib/x86_64-linux-gnu/libkeyutils.so.1.4
7f5efa970000-7f5efab70000 ---p 00002000 08:06 8130538                    /lib/x86_64-linux-gnu/libkeyutils.so.1.4
7f5efab70000-7f5efab71000 r--p 00002000 08:06 8130538                    /lib/x86_64-linux-gnu/libkeyutils.so.1.4
7f5efab71000-7f5efab72000 rw-p 00003000 08:06 8130538                    /lib/x86_64-linux-gnu/libkeyutils.so.1.4
7f5efab72000-7f5efabaf000 r-xp 00000000 08:06 8132557                    /lib/x86_64-linux-gnu/libpcre.so.3.13.1
7f5efabaf000-7f5efadae000 ---p 0003d000 08:06 8132557                    /lib/x86_64-linux-gnu/libpcre.so.3.13.1
7f5efadae000-7f5efadaf000 r--p 0003c000 08:06 8132557                    /lib/x86_64-linux-gnu/libpcre.so.3.13.1
7f5efadaf000-7f5efadb0000 rw-p 0003d000 08:06 8132557                    /lib/x86_64-linux-gnu/libpcre.so.3.13.1
7f5efadb0000-7f5efadd5000 r-xp 00000000 08:06 8130610                    /lib/x86_64-linux-gnu/libpng12.so.0.50.0
7f5efadd5000-7f5efafd4000 ---p 00025000 08:06 8130610                    /lib/x86_64-linux-gnu/libpng12.so.0.50.0
7f5efafd4000-7f5efafd5000 r--p 00024000 08:06 8130610                    /lib/x86_64-linux-gnu/libpng12.so.0.50.0
7f5efafd5000-7f5efafd6000 rw-p 00025000 08:06 8130610                    /lib/x86_64-linux-gnu/libpng12.so.0.50.0
7f5efafd6000-7f5efb01a000 r-xp 00000000 08:06 8130509                    /lib/x86_64-linux-gnu/libdbus-1.so.3.7.6
7f5efb01a000-7f5efb219000 ---p 00044000 08:06 8130509                    /lib/x86_64-linux-gnu/libdbus-1.so.3.7.6
7f5efb219000-7f5efb21a000 r--p 00043000 08:06 8130509                    /lib/x86_64-linux-gnu/libdbus-1.so.3.7.6
7f5efb21a000-7f5efb21b000 rw-p 00044000 08:06 8130509                    /lib/x86_64-linux-gnu/libdbus-1.so.3.7.6
7f5efb21b000-7f5efb256000 r-xp 00000000 08:06 9708086                    /usr/lib/x86_64-linux-gnu/libp11-kit.so.0.0.0
7f5efb256000-7f5efb455000 ---p 0003b000 08:06 9708086                    /usr/lib/x86_64-linux-gnu/libp11-kit.so.0.0.0
7f5efb455000-7f5efb45b000 r--p 0003a000 08:06 9708086                    /usr/lib/x86_64-linux-gnu/libp11-kit.so.0.0.0
7f5efb45b000-7f5efb45d000 rw-p 00040000 08:06 9708086                    /usr/lib/x86_64-linux-gnu/libp11-kit.so.0.0.0
7f5efb45d000-7f5efb46f000 r-xp 00000000 08:06 9699371                    /usr/lib/x86_64-linux-gnu/libtasn1.so.6.2.0
7f5efb46f000-7f5efb66f000 ---p 00012000 08:06 9699371                    /usr/lib/x86_64-linux-gnu/libtasn1.so.6.2.0
7f5efb66f000-7f5efb670000 r--p 00012000 08:06 9699371                    /usr/lib/x86_64-linux-gnu/libtasn1.so.6.2.0
7f5efb670000-7f5efb671000 rw-p 00013000 08:06 9699371                    /usr/lib/x86_64-linux-gnu/libtasn1.so.6.2.0
7f5efb671000-7f5efb6ed000 r-xp 00000000 08:06 8130502                    /lib/x86_64-linux-gnu/libgcrypt.so.11.8.2
7f5efb6ed000-7f5efb8ed000 ---p 0007c000 08:06 8130502                    /lib/x86_64-linux-gnu/libgcrypt.so.11.8.2
7f5efb8ed000-7f5efb8ee000 r--p 0007c000 08:06 8130502                    /lib/x86_64-linux-gnu/libgcrypt.so.11.8.2
7f5efb8ee000-7f5efb8f1000 rw-p 0007d000 08:06 8130502                    /lib/x86_64-linux-gnu/libgcrypt.so.11.8.2
7f5efb8f1000-7f5efb8fb000 r-xp 00000000 08:06 9707969                    /usr/lib/x86_64-linux-gnu/libkrb5support.so.0.1
7f5efb8fb000-7f5efbafa000 ---p 0000a000 08:06 9707969                    /usr/lib/x86_64-linux-gnu/libkrb5support.so.0.1
7f5efbafa000-7f5efbafb000 r--p 00009000 08:06 9707969                    /usr/lib/x86_64-linux-gnu/libkrb5support.so.0.1
7f5efbafb000-7f5efbafc000 rw-p 0000a000 08:06 9707969                    /usr/lib/x86_64-linux-gnu/libkrb5support.so.0.1
7f5efbafc000-7f5efbaff000 r-xp 00000000 08:06 8130472                    /lib/x86_64-linux-gnu/libcom_err.so.2.1
7f5efbaff000-7f5efbcfe000 ---p 00003000 08:06 8130472                    /lib/x86_64-linux-gnu/libcom_err.so.2.1
7f5efbcfe000-7f5efbcff000 r--p 00002000 08:06 8130472                    /lib/x86_64-linux-gnu/libcom_err.so.2.1
7f5efbcff000-7f5efbd00000 rw-p 00003000 08:06 8130472                    /lib/x86_64-linux-gnu/libcom_err.so.2.1
7f5efbd00000-7f5f00000000 rw-p 00000000 00:00 0 
7f5f00000000-7f5f00021000 rw-p 00000000 00:00 0 
7f5f00021000-7f5f04000000 ---p 00000000 00:00 0 
7f5f04000000-7f5f04021000 rw-p 00000000 00:00 0 
7f5f04021000-7f5f08000000 ---p 00000000 00:00 0 
7f5f08000000-7f5f08021000 rw-p 00000000 00:00 0 
7f5f08021000-7f5f0c000000 ---p 00000000 00:00 0 
7f5f0c001000-7f5f0c002000 rw-p 00000000 00:00 0 
7f5f0c002000-7f5f0c003000 rw-s 00000000 00:04 370756                     /drm mm object (deleted)
7f5f0c003000-7f5f0c004000 rw-s 00000000 00:04 370771                     /drm mm object (deleted)
7f5f0c004000-7f5f0c005000 rw-s 00000000 00:04 370181                     /drm mm object (deleted)
7f5f0c005000-7f5f0c065000 rw-s 11ab25000 00:05 10956                     /dev/dri/card0
7f5f0c065000-7f5f0c06d000 rw-s 00000000 00:04 369618                     /drm mm object (deleted)
7f5f0c06d000-7f5f0c075000 rw-s 00000000 00:04 370166                     /drm mm object (deleted)
7f5f0c075000-7f5f0c07d000 rw-s 00000000 00:04 370165                     /drm mm object (deleted)
7f5f0c07d000-7f5f0c085000 rw-s 00000000 00:04 365503                     /drm mm object (deleted)
7f5f0c085000-7f5f0c08d000 rw-s 00000000 00:04 370725                     /drm mm object (deleted)
7f5f0c08d000-7f5f0c095000 rw-s 00000000 00:04 370721                     /drm mm object (deleted)
7f5f0c095000-7f5f0c09d000 rw-s 00000000 00:04 370161                     /drm mm object (deleted)
7f5f0c09d000-7f5f0c0a5000 rw-s 00000000 00:04 370154                     /drm mm object (deleted)
7f5f0c0a5000-7f5f0c0d1000 r-xp 00000000 08:06 9707963                    /usr/lib/x86_64-linux-gnu/libk5crypto.so.3.1
7f5f0c0d1000-7f5f0c2d0000 ---p 0002c000 08:06 9707963                    /usr/lib/x86_64-linux-gnu/libk5crypto.so.3.1
7f5f0c2d0000-7f5f0c2d2000 r--p 0002b000 08:06 9707963                    /usr/lib/x86_64-linux-gnu/libk5crypto.so.3.1
7f5f0c2d2000-7f5f0c2d3000 rw-p 0002d000 08:06 9707963                    /usr/lib/x86_64-linux-gnu/libk5crypto.so.3.1
7f5f0c2d3000-7f5f0c2d4000 rw-p 00000000 00:00 0 
7f5f0c2d4000-7f5f0c390000 r-xp 00000000 08:06 9707967                    /usr/lib/x86_64-linux-gnu/libkrb5.so.3.3
7f5f0c390000-7f5f0c590000 ---p 000bc000 08:06 9707967                    /usr/lib/x86_64-linux-gnu/libkrb5.so.3.3
7f5f0c590000-7f5f0c59d000 r--p 000bc000 08:06 9707967                    /usr/lib/x86_64-linux-gnu/libkrb5.so.3.3
7f5f0c59d000-7f5f0c59f000 rw-p 000c9000 08:06 9707967                    /usr/lib/x86_64-linux-gnu/libkrb5.so.3.3
7f5f0c59f000-7f5f0c5a4000 r-xp 00000000 08:06 9707370                    /usr/lib/x86_64-linux-gnu/libXdmcp.so.6.0.0
7f5f0c5a4000-7f5f0c7a3000 ---p 00005000 08:06 9707370                    /usr/lib/x86_64-linux-gnu/libXdmcp.so.6.0.0
7f5f0c7a3000-7f5f0c7a4000 r--p 00004000 08:06 9707370                    /usr/lib/x86_64-linux-gnu/libXdmcp.so.6.0.0
7f5f0c7a4000-7f5f0c7a5000 rw-p 00005000 08:06 9707370                    /usr/lib/x86_64-linux-gnu/libXdmcp.so.6.0.0
7f5f0c7a5000-7f5f0c7a7000 r-xp 00000000 08:06 9707359                    /usr/lib/x86_64-linux-gnu/libXau.so.6.0.0
7f5f0c7a7000-7f5f0c9a7000 ---p 00002000 08:06 9707359                    /usr/lib/x86_64-linux-gnu/libXau.so.6.0.0
7f5f0c9a7000-7f5f0c9a8000 r--p 00002000 08:06 9707359                    /usr/lib/x86_64-linux-gnu/libXau.so.6.0.0
7f5f0c9a8000-7f5f0c9a9000 rw-p 00003000 08:06 9707359                    /usr/lib/x86_64-linux-gnu/libXau.so.6.0.0
7f5f0c9a9000-7f5f0c9b0000 r-xp 00000000 08:06 9707641                    /usr/lib/x86_64-linux-gnu/libffi.so.6.0.1
7f5f0c9b0000-7f5f0cbaf000 ---p 00007000 08:06 9707641                    /usr/lib/x86_64-linux-gnu/libffi.so.6.0.1
7f5f0cbaf000-7f5f0cbb0000 r--p 00006000 08:06 9707641                    /usr/lib/x86_64-linux-gnu/libffi.so.6.0.1
7f5f0cbb0000-7f5f0cbb1000 rw-p 00007000 08:06 9707641                    /usr/lib/x86_64-linux-gnu/libffi.so.6.0.1
7f5f0cbb1000-7f5f0cbc8000 r-xp 00000000 08:06 8126469                    /lib/x86_64-linux-gnu/libresolv-2.19.so
7f5f0cbc8000-7f5f0cdc8000 ---p 00017000 08:06 8126469                    /lib/x86_64-linux-gnu/libresolv-2.19.so
7f5f0cdc8000-7f5f0cdc9000 r--p 00017000 08:06 8126469                    /lib/x86_64-linux-gnu/libresolv-2.19.so
7f5f0cdc9000-7f5f0cdca000 rw-p 00018000 08:06 8126469                    /lib/x86_64-linux-gnu/libresolv-2.19.so
7f5f0cdca000-7f5f0cdcc000 rw-p 00000000 00:00 0 
7f5f0cdcc000-7f5f0cdec000 r-xp 00000000 08:06 8130625                    /lib/x86_64-linux-gnu/libselinux.so.1
7f5f0cdec000-7f5f0cfeb000 ---p 00020000 08:06 8130625                    /lib/x86_64-linux-gnu/libselinux.so.1
7f5f0cfeb000-7f5f0cfec000 r--p 0001f000 08:06 8130625                    /lib/x86_64-linux-gnu/libselinux.so.1
7f5f0cfec000-7f5f0cfed000 rw-p 00020000 08:06 8130625                    /lib/x86_64-linux-gnu/libselinux.so.1
7f5f0cfed000-7f5f0cfef000 rw-p 00000000 00:00 0 
7f5f0cfef000-7f5f0d0f5000 r-xp 00000000 08:06 8130526                    /lib/x86_64-linux-gnu/libglib-2.0.so.0.4002.0
7f5f0d0f5000-7f5f0d2f4000 ---p 00106000 08:06 8130526                    /lib/x86_64-linux-gnu/libglib-2.0.so.0.4002.0
7f5f0d2f4000-7f5f0d2f5000 r--p 00105000 08:06 8130526                    /lib/x86_64-linux-gnu/libglib-2.0.so.0.4002.0
7f5f0d2f5000-7f5f0d2f6000 rw-p 00106000 08:06 8130526                    /lib/x86_64-linux-gnu/libglib-2.0.so.0.4002.0
7f5f0d2f6000-7f5f0d2f7000 rw-p 00000000 00:00 0 
7f5f0d2f7000-7f5f0d2fa000 r-xp 00000000 08:06 9707754                    /usr/lib/x86_64-linux-gnu/libgmodule-2.0.so.0.4002.0
7f5f0d2fa000-7f5f0d4f9000 ---p 00003000 08:06 9707754                    /usr/lib/x86_64-linux-gnu/libgmodule-2.0.so.0.4002.0
7f5f0d4f9000-7f5f0d4fa000 r--p 00002000 08:06 9707754                    /usr/lib/x86_64-linux-gnu/libgmodule-2.0.so.0.4002.0
7f5f0d4fa000-7f5f0d4fb000 rw-p 00003000 08:06 9707754                    /usr/lib/x86_64-linux-gnu/libgmodule-2.0.so.0.4002.0
7f5f0d4fb000-7f5f0d522000 r-xp 00000000 08:06 8131913                    /lib/x86_64-linux-gnu/libexpat.so.1.6.0
7f5f0d522000-7f5f0d722000 ---p 00027000 08:06 8131913                    /lib/x86_64-linux-gnu/libexpat.so.1.6.0
7f5f0d722000-7f5f0d724000 r--p 00027000 08:06 8131913                    /lib/x86_64-linux-gnu/libexpat.so.1.6.0
7f5f0d724000-7f5f0d725000 rw-p 00029000 08:06 8131913                    /lib/x86_64-linux-gnu/libexpat.so.1.6.0
7f5f0d725000-7f5f0d7c2000 r-xp 00000000 08:06 9699821                    /usr/lib/x86_64-linux-gnu/libfreetype.so.6.11.1
7f5f0d7c2000-7f5f0d9c1000 ---p 0009d000 08:06 9699821                    /usr/lib/x86_64-linux-gnu/libfreetype.so.6.11.1
7f5f0d9c1000-7f5f0d9c7000 r--p 0009c000 08:06 9699821                    /usr/lib/x86_64-linux-gnu/libfreetype.so.6.11.1
7f5f0d9c7000-7f5f0d9c8000 rw-p 000a2000 08:06 9699821                    /usr/lib/x86_64-linux-gnu/libfreetype.so.6.11.1
7f5f0d9c8000-7f5f0d9d7000 r-xp 00000000 08:06 9707463                    /usr/lib/x86_64-linux-gnu/libavahi-client.so.3.2.9
7f5f0d9d7000-7f5f0dbd7000 ---p 0000f000 08:06 9707463                    /usr/lib/x86_64-linux-gnu/libavahi-client.so.3.2.9
7f5f0dbd7000-7f5f0dbd8000 r--p 0000f000 08:06 9707463                    /usr/lib/x86_64-linux-gnu/libavahi-client.so.3.2.9
7f5f0dbd8000-7f5f0dbd9000 rw-p 00010000 08:06 9707463                    /usr/lib/x86_64-linux-gnu/libavahi-client.so.3.2.9
7f5f0dbd9000-7f5f0dbe4000 r-xp 00000000 08:06 9707465                    /usr/lib/x86_64-linux-gnu/libavahi-common.so.3.5.3
7f5f0dbe4000-7f5f0dde3000 ---p 0000b000 08:06 9707465                    /usr/lib/x86_64-linux-gnu/libavahi-common.so.3.5.3
7f5f0dde3000-7f5f0dde4000 r--p 0000a000 08:06 9707465                    /usr/lib/x86_64-linux-gnu/libavahi-common.so.3.5.3
7f5f0dde4000-7f5f0dde5000 rw-p 0000b000 08:06 9707465                    /usr/lib/x86_64-linux-gnu/libavahi-common.so.3.5.3
7f5f0dde5000-7f5f0de9b000 r-xp 00000000 08:06 9699378                    /usr/lib/x86_64-linux-gnu/libgnutls.so.26.22.6
7f5f0de9b000-7f5f0e09b000 ---p 000b6000 08:06 9699378                    /usr/lib/x86_64-linux-gnu/libgnutls.so.26.22.6
7f5f0e09b000-7f5f0e0a1000 r--p 000b6000 08:06 9699378                    /usr/lib/x86_64-linux-gnu/libgnutls.so.26.22.6
7f5f0e0a1000-7f5f0e0a2000 rw-p 000bc000 08:06 9699378                    /usr/lib/x86_64-linux-gnu/libgnutls.so.26.22.6
7f5f0e0a2000-7f5f0e0a3000 rw-p 00000000 00:00 0 
7f5f0e0a3000-7f5f0e0e6000 r-xp 00000000 08:06 9707797                    /usr/lib/x86_64-linux-gnu/libgssapi_krb5.so.2.2
7f5f0e0e6000-7f5f0e2e6000 ---p 00043000 08:06 9707797                    /usr/lib/x86_64-linux-gnu/libgssapi_krb5.so.2.2
7f5f0e2e6000-7f5f0e2e7000 r--p 00043000 08:06 9707797                    /usr/lib/x86_64-linux-gnu/libgssapi_krb5.so.2.2
7f5f0e2e7000-7f5f0e2e9000 rw-p 00044000 08:06 9707797                    /usr/lib/x86_64-linux-gnu/libgssapi_krb5.so.2.2
7f5f0e2e9000-7f5f0e306000 r-xp 00000000 08:06 9708427                    /usr/lib/x86_64-linux-gnu/libxcb.so.1.1.0
7f5f0e306000-7f5f0e506000 ---p 0001d000 08:06 9708427                    /usr/lib/x86_64-linux-gnu/libxcb.so.1.1.0
7f5f0e506000-7f5f0e507000 r--p 0001d000 08:06 9708427                    /usr/lib/x86_64-linux-gnu/libxcb.so.1.1.0
7f5f0e507000-7f5f0e508000 rw-p 0001e000 08:06 9708427                    /usr/lib/x86_64-linux-gnu/libxcb.so.1.1.0
7f5f0e508000-7f5f0e557000 r-xp 00000000 08:06 9707770                    /usr/lib/x86_64-linux-gnu/libgobject-2.0.so.0.4002.0
7f5f0e557000-7f5f0e757000 ---p 0004f000 08:06 9707770                    /usr/lib/x86_64-linux-gnu/libgobject-2.0.so.0.4002.0
7f5f0e757000-7f5f0e758000 r--p 0004f000 08:06 9707770                    /usr/lib/x86_64-linux-gnu/libgobject-2.0.so.0.4002.0
7f5f0e758000-7f5f0e759000 rw-p 00050000 08:06 9707770                    /usr/lib/x86_64-linux-gnu/libgobject-2.0.so.0.4002.0
7f5f0e759000-7f5f0e8c5000 r-xp 00000000 08:06 9707742                    /usr/lib/x86_64-linux-gnu/libgio-2.0.so.0.4002.0
7f5f0e8c5000-7f5f0eac4000 ---p 0016c000 08:06 9707742                    /usr/lib/x86_64-linux-gnu/libgio-2.0.so.0.4002.0
7f5f0eac4000-7f5f0eac8000 r--p 0016b000 08:06 9707742                    /usr/lib/x86_64-linux-gnu/libgio-2.0.so.0.4002.0
7f5f0eac8000-7f5f0eaca000 rw-p 0016f000 08:06 9707742                    /usr/lib/x86_64-linux-gnu/libgio-2.0.so.0.4002.0
7f5f0eaca000-7f5f0eacc000 rw-p 00000000 00:00 0 
7f5f0eacc000-7f5f0eb06000 r-xp 00000000 08:06 9707655                    /usr/lib/x86_64-linux-gnu/libfontconfig.so.1.8.0
7f5f0eb06000-7f5f0ed05000 ---p 0003a000 08:06 9707655                    /usr/lib/x86_64-linux-gnu/libfontconfig.so.1.8.0
7f5f0ed05000-7f5f0ed07000 r--p 00039000 08:06 9707655                    /usr/lib/x86_64-linux-gnu/libfontconfig.so.1.8.0
7f5f0ed07000-7f5f0ed08000 rw-p 0003b000 08:06 9707655                    /usr/lib/x86_64-linux-gnu/libfontconfig.so.1.8.0
7f5f0ed08000-7f5f0ed74000 r-xp 00000000 08:06 9699450                    /usr/lib/x86_64-linux-gnu/libcups.so.2
7f5f0ed74000-7f5f0ef74000 ---p 0006c000 08:06 9699450                    /usr/lib/x86_64-linux-gnu/libcups.so.2
7f5f0ef74000-7f5f0ef7b000 r--p 0006c000 08:06 9699450                    /usr/lib/x86_64-linux-gnu/libcups.so.2
7f5f0ef7b000-7f5f0ef7c000 rw-p 00073000 08:06 9699450                    /usr/lib/x86_64-linux-gnu/libcups.so.2
7f5f0ef7c000-7f5f0ef8b000 r-xp 00000000 08:06 9703061                    /usr/lib/x86_64-linux-gnu/libXi.so.6.1.0
7f5f0ef8b000-7f5f0f18a000 ---p 0000f000 08:06 9703061                    /usr/lib/x86_64-linux-gnu/libXi.so.6.1.0
7f5f0f18a000-7f5f0f18b000 r--p 0000e000 08:06 9703061                    /usr/lib/x86_64-linux-gnu/libXi.so.6.1.0
7f5f0f18b000-7f5f0f18c000 rw-p 0000f000 08:06 9703061                    /usr/lib/x86_64-linux-gnu/libXi.so.6.1.0
7f5f0f18c000-7f5f0f191000 r-xp 00000000 08:06 9707400                    /usr/lib/x86_64-linux-gnu/libXtst.so.6.1.0
7f5f0f191000-7f5f0f390000 ---p 00005000 08:06 9707400                    /usr/lib/x86_64-linux-gnu/libXtst.so.6.1.0
7f5f0f390000-7f5f0f391000 r--p 00004000 08:06 9707400                    /usr/lib/x86_64-linux-gnu/libXtst.so.6.1.0
7f5f0f391000-7f5f0f392000 rw-p 00005000 08:06 9707400                    /usr/lib/x86_64-linux-gnu/libXtst.so.6.1.0
7f5f0f392000-7f5f0f39b000 r-xp 00000000 08:06 9703063                    /usr/lib/x86_64-linux-gnu/libXrender.so.1.3.0
7f5f0f39b000-7f5f0f59a000 ---p 00009000 08:06 9703063                    /usr/lib/x86_64-linux-gnu/libXrender.so.1.3.0
7f5f0f59a000-7f5f0f59b000 r--p 00008000 08:06 9703063                    /usr/lib/x86_64-linux-gnu/libXrender.so.1.3.0
7f5f0f59b000-7f5f0f59c000 rw-p 00009000 08:06 9703063                    /usr/lib/x86_64-linux-gnu/libXrender.so.1.3.0
7f5f0f59c000-7f5f0f6cc000 r-xp 00000000 08:06 9707355                    /usr/lib/x86_64-linux-gnu/libX11.so.6.3.0
7f5f0f6cc000-7f5f0f8cc000 ---p 00130000 08:06 9707355                    /usr/lib/x86_64-linux-gnu/libX11.so.6.3.0
7f5f0f8cc000-7f5f0f8cd000 r--p 00130000 08:06 9707355                    /usr/lib/x86_64-linux-gnu/libX11.so.6.3.0
7f5f0f8cd000-7f5f0f8d1000 rw-p 00131000 08:06 9707355                    /usr/lib/x86_64-linux-gnu/libX11.so.6.3.0
7f5f0f8d1000-7f5f0f8e2000 r-xp 00000000 08:06 9700536                    /usr/lib/x86_64-linux-gnu/libXext.so.6.4.0
7f5f0f8e2000-7f5f0fae1000 ---p 00011000 08:06 9700536                    /usr/lib/x86_64-linux-gnu/libXext.so.6.4.0
7f5f0fae1000-7f5f0fae2000 r--p 00010000 08:06 9700536                    /usr/lib/x86_64-linux-gnu/libXext.so.6.4.0
7f5f0fae2000-7f5f0fae3000 rw-p 00011000 08:06 9700536                    /usr/lib/x86_64-linux-gnu/libXext.so.6.4.0
7f5f0fae3000-7f5f0fb2b000 r-xp 00000000 08:06 1705841                    /usr/lib/jvm/java-7-openjdk-amd64/jre/lib/amd64/xawt/libmawt.so
7f5f0fb2b000-7f5f0fd2a000 ---p 00048000 08:06 1705841                    /usr/lib/jvm/java-7-openjdk-amd64/jre/lib/amd64/xawt/libmawt.so
7f5f0fd2a000-7f5f0fd2b000 r--p 00047000 08:06 1705841                    /usr/lib/jvm/java-7-openjdk-amd64/jre/lib/amd64/xawt/libmawt.so
7f5f0fd2b000-7f5f0fd2e000 rw-p 00048000 08:06 1705841                    /usr/lib/jvm/java-7-openjdk-amd64/jre/lib/amd64/xawt/libmawt.so
7f5f0fd2e000-7f5f0fd2f000 rw-p 00000000 00:00 0 
7f5f0fd2f000-7f5f0fdcf000 r-xp 00000000 08:06 1705742                    /usr/lib/jvm/java-7-openjdk-amd64/jre/lib/amd64/libawt.so
7f5f0fdcf000-7f5f0ffcf000 ---p 000a0000 08:06 1705742                    /usr/lib/jvm/java-7-openjdk-amd64/jre/lib/amd64/libawt.so
7f5f0ffcf000-7f5f0ffd0000 r--p 000a0000 08:06 1705742                    /usr/lib/jvm/java-7-openjdk-amd64/jre/lib/amd64/libawt.so
7f5f0ffd0000-7f5f0ffdb000 rw-p 000a1000 08:06 1705742                    /usr/lib/jvm/java-7-openjdk-amd64/jre/lib/amd64/libawt.so
7f5f0ffdb000-7f5f10000000 rw-p 00000000 00:00 0 
7f5f10000000-7f5f10021000 rw-p 00000000 00:00 0 
7f5f10021000-7f5f14000000 ---p 00000000 00:00 0 
7f5f14000000-7f5f14001000 rw-s 00000000 00:04 370173                     /drm mm object (deleted)
7f5f14001000-7f5f14002000 rw-s 00000000 00:04 370162                     /drm mm object (deleted)
7f5f14002000-7f5f14003000 rw-s 00000000 00:04 370156                     /drm mm object (deleted)
7f5f14003000-7f5f14004000 rw-s 00000000 00:04 370729                     /drm mm object (deleted)
7f5f14004000-7f5f14005000 rw-s 00000000 00:04 370722                     /drm mm object (deleted)
7f5f14005000-7f5f1400d000 rw-s 00000000 00:04 370150                     /drm mm object (deleted)
7f5f1400d000-7f5f14015000 rw-s 00000000 00:04 370718                     /drm mm object (deleted)
7f5f14015000-7f5f14018000 ---p 00000000 00:00 0 
7f5f14018000-7f5f14116000 rw-p 00000000 00:00 0                          [stack:19590]
7f5f14116000-7f5f14117000 ---p 00000000 00:00 0 
7f5f14117000-7f5f14217000 rw-p 00000000 00:00 0                          [stack:19589]
7f5f14217000-7f5f1421a000 ---p 00000000 00:00 0 
7f5f1421a000-7f5f14318000 rw-p 00000000 00:00 0                          [stack:19588]
7f5f14318000-7f5f1431b000 ---p 00000000 00:00 0 
7f5f1431b000-7f5f14419000 rw-p 00000000 00:00 0                          [stack:19587]
7f5f14419000-7f5f1441c000 ---p 00000000 00:00 0 
7f5f1441c000-7f5f1451a000 rw-p 00000000 00:00 0                          [stack:19586]
7f5f1451a000-7f5f1451d000 ---p 00000000 00:00 0 
7f5f1451d000-7f5f1461b000 rw-p 00000000 00:00 0                          [stack:19585]
7f5f1461b000-7f5f14cfd000 r--p 00000000 08:06 9706356                    /usr/lib/locale/locale-archive
7f5f14cfd000-7f5f14d00000 ---p 00000000 00:00 0 
7f5f14d00000-7f5f14dfe000 rw-p 00000000 00:00 0                          [stack:19584]
7f5f14dfe000-7f5f14e01000 ---p 00000000 00:00 0 
7f5f14e01000-7f5f14eff000 rw-p 00000000 00:00 0                          [stack:19583]
7f5f14eff000-7f5f14f00000 ---p 00000000 00:00 0 
7f5f14f00000-7f5f15000000 rw-p 00000000 00:00 0                          [stack:19582]
7f5f15000000-7f5f15270000 rwxp 00000000 00:00 0 
7f5f15270000-7f5f18286000 rw-p 00000000 00:00 0 
7f5f18286000-7f5f1c000000 ---p 00000000 00:00 0 
7f5f1c000000-7f5f1c001000 rw-s 00000000 00:04 370151                     /drm mm object (deleted)
7f5f1c001000-7f5f1c002000 rw-s 00000000 00:04 370139                     /drm mm object (deleted)
7f5f1c002000-7f5f1c003000 rwxp 00000000 00:00 0 
7f5f1c003000-7f5f1c004000 rw-s 00000000 00:04 370715                     /drm mm object (deleted)
7f5f1c004000-7f5f1c00c000 rw-s 00000000 00:04 370714                     /drm mm object (deleted)
7f5f1c00c000-7f5f1c00d000 r--s 0002f000 08:06 8394805                    /home/zax/workspace/UCSDUnfoldingMaps/lib/jogl-all-natives-linux-amd64.jar
7f5f1c00d000-7f5f1c00f000 r--s 00000000 08:06 8394792                    /home/zax/workspace/UCSDUnfoldingMaps/lib/gluegen-rt-natives-linux-amd64.jar
7f5f1c00f000-7f5f1c012000 ---p 00000000 00:00 0 
7f5f1c012000-7f5f1c048000 rw-p 00000000 00:00 0                          [stack:19602]
7f5f1c048000-7f5f1c049000 r--p 00000000 00:00 0 
7f5f1c049000-7f5f1c04e000 r--s 0004d000 08:06 1314162                    /usr/lib/jvm/java-7-openjdk-amd64/jre/lib/jsse.jar
7f5f1c04e000-7f5f1c058000 r--s 000ae000 08:06 1314158                    /usr/lib/jvm/java-7-openjdk-amd64/jre/lib/resources.jar
7f5f1c058000-7f5f1c089000 rw-p 00000000 00:00 0 
7f5f1c089000-7f5f1c08f000 r--s 00033000 08:06 8394806                    /home/zax/workspace/UCSDUnfoldingMaps/lib/unfolding.0.9.7-uscd.jar
7f5f1c08f000-7f5f1c090000 r--s 00005000 08:06 8394802                    /home/zax/workspace/UCSDUnfoldingMaps/lib/libTUIO.jar
7f5f1c090000-7f5f1c091000 r--s 00007000 08:06 8394794                    /home/zax/workspace/UCSDUnfoldingMaps/lib/json4processing.jar
7f5f1c091000-7f5f1c096000 r--s 00309000 08:06 8394789                    /home/zax/workspace/UCSDUnfoldingMaps/lib/sqlite-jdbc-3.7.2.jar
7f5f1c096000-7f5f1c09d000 r--s 00059000 08:06 8394793                    /home/zax/workspace/UCSDUnfoldingMaps/lib/log4j-1.2.15.jar
7f5f1c09d000-7f5f1c0c0000 r--s 002ec000 08:06 8394800                    /home/zax/workspace/UCSDUnfoldingMaps/lib/jogl-all.jar
7f5f1c0c0000-7f5f1c0c6000 r--s 00041000 08:06 8394804                    /home/zax/workspace/UCSDUnfoldingMaps/lib/gluegen-rt.jar
7f5f1c0c6000-7f5f1c0ca000 r--s 0009a000 08:06 8394798                    /home/zax/workspace/UCSDUnfoldingMaps/lib/core.jar
7f5f1c0ca000-7f5f1c0ce000 r--s 0003c000 08:06 1578537                    /usr/lib/jvm/java-7-openjdk-amd64/jre/lib/ext/sunpkcs11.jar
7f5f1c0ce000-7f5f1c0d2000 r--s 00085000 08:06 1578534                    /usr/lib/jvm/java-7-openjdk-amd64/jre/lib/ext/localedata.jar
7f5f1c0d2000-7f5f1d0ae000 rw-p 00000000 00:00 0 
7f5f1d0ae000-7f5f1d25f000 r--s 01d29000 08:06 1314155                    /usr/lib/jvm/java-7-openjdk-amd64/jre/lib/rt.jar
7f5f1d25f000-7f5f1d7b2000 rw-p 00000000 00:00 0 
7f5f1d7b2000-7f5f1d7b3000 ---p 00000000 00:00 0 
7f5f1d7b3000-7f5f1d8b3000 rw-p 00000000 00:00 0                          [stack:19577]
7f5f1d8b3000-7f5f1d8b4000 ---p 00000000 00:00 0 
7f5f1d8b4000-7f5f1d9b4000 rw-p 00000000 00:00 0                          [stack:19576]
7f5f1d9b4000-7f5f1d9b5000 ---p 00000000 00:00 0 
7f5f1d9b5000-7f5f1dab5000 rw-p 00000000 00:00 0                          [stack:19575]
7f5f1dab5000-7f5f1dab6000 ---p 00000000 00:00 0 
7f5f1dab6000-7f5f1dbc1000 rw-p 00000000 00:00 0                          [stack:19574]
7f5f1dbc1000-7f5f1dc09000 rw-p 00000000 00:00 0 
7f5f1dc09000-7f5f1dc32000 rw-p 00000000 00:00 0 
7f5f1dc32000-7f5f1de9d000 rw-p 00000000 00:00 0 
7f5f1de9d000-7f5f1dea8000 rw-p 00000000 00:00 0 
7f5f1dea8000-7f5f1def0000 rw-p 00000000 00:00 0 
7f5f1def0000-7f5f1df19000 rw-p 00000000 00:00 0 
7f5f1df19000-7f5f1e183000 rw-p 00000000 00:00 0 
7f5f1e183000-7f5f1e198000 rw-p 00000000 00:00 0 
7f5f1e198000-7f5f1e1a8000 ---p 00000000 00:00 0 
7f5f1e1a8000-7f5f1e2cd000 rw-p 00000000 00:00 0 
7f5f1e2cd000-7f5f1e2ce000 rw-p 00000000 00:00 0 
7f5f1e2ce000-7f5f1e2d6000 r-xp 00000000 08:06 1705727                    /usr/lib/jvm/java-7-openjdk-amd64/jre/lib/amd64/libzip.so
7f5f1e2d6000-7f5f1e4d5000 ---p 00008000 08:06 1705727                    /usr/lib/jvm/java-7-openjdk-amd64/jre/lib/amd64/libzip.so
7f5f1e4d5000-7f5f1e4d6000 r--p 00007000 08:06 1705727                    /usr/lib/jvm/java-7-openjdk-amd64/jre/lib/amd64/libzip.so
7f5f1e4d6000-7f5f1e4d7000 rw-p 00008000 08:06 1705727                    /usr/lib/jvm/java-7-openjdk-amd64/jre/lib/amd64/libzip.so
7f5f1e4d7000-7f5f1e4e2000 r-xp 00000000 08:06 8126483                    /lib/x86_64-linux-gnu/libnss_files-2.19.so
7f5f1e4e2000-7f5f1e6e1000 ---p 0000b000 08:06 8126483                    /lib/x86_64-linux-gnu/libnss_files-2.19.so
7f5f1e6e1000-7f5f1e6e2000 r--p 0000a000 08:06 8126483                    /lib/x86_64-linux-gnu/libnss_files-2.19.so
7f5f1e6e2000-7f5f1e6e3000 rw-p 0000b000 08:06 8126483                    /lib/x86_64-linux-gnu/libnss_files-2.19.so
7f5f1e6e3000-7f5f1e6ee000 r-xp 00000000 08:06 8130425                    /lib/x86_64-linux-gnu/libnss_nis-2.19.so
7f5f1e6ee000-7f5f1e8ed000 ---p 0000b000 08:06 8130425                    /lib/x86_64-linux-gnu/libnss_nis-2.19.so
7f5f1e8ed000-7f5f1e8ee000 r--p 0000a000 08:06 8130425                    /lib/x86_64-linux-gnu/libnss_nis-2.19.so
7f5f1e8ee000-7f5f1e8ef000 rw-p 0000b000 08:06 8130425                    /lib/x86_64-linux-gnu/libnss_nis-2.19.so
7f5f1e8ef000-7f5f1e906000 r-xp 00000000 08:06 8126558                    /lib/x86_64-linux-gnu/libnsl-2.19.so
7f5f1e906000-7f5f1eb05000 ---p 00017000 08:06 8126558                    /lib/x86_64-linux-gnu/libnsl-2.19.so
7f5f1eb05000-7f5f1eb06000 r--p 00016000 08:06 8126558                    /lib/x86_64-linux-gnu/libnsl-2.19.so
7f5f1eb06000-7f5f1eb07000 rw-p 00017000 08:06 8126558                    /lib/x86_64-linux-gnu/libnsl-2.19.so
7f5f1eb07000-7f5f1eb09000 rw-p 00000000 00:00 0 
7f5f1eb09000-7f5f1eb12000 r-xp 00000000 08:06 8126557                    /lib/x86_64-linux-gnu/libnss_compat-2.19.so
7f5f1eb12000-7f5f1ed11000 ---p 00009000 08:06 8126557                    /lib/x86_64-linux-gnu/libnss_compat-2.19.so
7f5f1ed11000-7f5f1ed12000 r--p 00008000 08:06 8126557                    /lib/x86_64-linux-gnu/libnss_compat-2.19.so
7f5f1ed12000-7f5f1ed13000 rw-p 00009000 08:06 8126557                    /lib/x86_64-linux-gnu/libnss_compat-2.19.so
7f5f1ed13000-7f5f1ed3e000 r-xp 00000000 08:06 1705764                    /usr/lib/jvm/java-7-openjdk-amd64/jre/lib/amd64/libjava.so
7f5f1ed3e000-7f5f1ef3d000 ---p 0002b000 08:06 1705764                    /usr/lib/jvm/java-7-openjdk-amd64/jre/lib/amd64/libjava.so
7f5f1ef3d000-7f5f1ef3e000 r--p 0002a000 08:06 1705764                    /usr/lib/jvm/java-7-openjdk-amd64/jre/lib/amd64/libjava.so
7f5f1ef3e000-7f5f1ef40000 rw-p 0002b000 08:06 1705764                    /usr/lib/jvm/java-7-openjdk-amd64/jre/lib/amd64/libjava.so
7f5f1ef40000-7f5f1ef50000 r-xp 00000000 08:06 1705745                    /usr/lib/jvm/java-7-openjdk-amd64/jre/lib/amd64/libverify.so
7f5f1ef50000-7f5f1f14f000 ---p 00010000 08:06 1705745                    /usr/lib/jvm/java-7-openjdk-amd64/jre/lib/amd64/libverify.so
7f5f1f14f000-7f5f1f151000 r--p 0000f000 08:06 1705745                    /usr/lib/jvm/java-7-openjdk-amd64/jre/lib/amd64/libverify.so
7f5f1f151000-7f5f1f152000 rw-p 00011000 08:06 1705745                    /usr/lib/jvm/java-7-openjdk-amd64/jre/lib/amd64/libverify.so
7f5f1f152000-7f5f1f159000 r-xp 00000000 08:06 8126566                    /lib/x86_64-linux-gnu/librt-2.19.so
7f5f1f159000-7f5f1f358000 ---p 00007000 08:06 8126566                    /lib/x86_64-linux-gnu/librt-2.19.so
7f5f1f358000-7f5f1f359000 r--p 00006000 08:06 8126566                    /lib/x86_64-linux-gnu/librt-2.19.so
7f5f1f359000-7f5f1f35a000 rw-p 00007000 08:06 8126566                    /lib/x86_64-linux-gnu/librt-2.19.so
7f5f1f35a000-7f5f1f370000 r-xp 00000000 08:06 8130522                    /lib/x86_64-linux-gnu/libgcc_s.so.1
7f5f1f370000-7f5f1f56f000 ---p 00016000 08:06 8130522                    /lib/x86_64-linux-gnu/libgcc_s.so.1
7f5f1f56f000-7f5f1f570000 rw-p 00015000 08:06 8130522                    /lib/x86_64-linux-gnu/libgcc_s.so.1
7f5f1f570000-7f5f1f675000 r-xp 00000000 08:06 8126479                    /lib/x86_64-linux-gnu/libm-2.19.so
7f5f1f675000-7f5f1f874000 ---p 00105000 08:06 8126479                    /lib/x86_64-linux-gnu/libm-2.19.so
7f5f1f874000-7f5f1f875000 r--p 00104000 08:06 8126479                    /lib/x86_64-linux-gnu/libm-2.19.so
7f5f1f875000-7f5f1f876000 rw-p 00105000 08:06 8126479                    /lib/x86_64-linux-gnu/libm-2.19.so
7f5f1f876000-7f5f1f95c000 r-xp 00000000 08:06 9701555                    /usr/lib/x86_64-linux-gnu/libstdc++.so.6.0.19
7f5f1f95c000-7f5f1fb5b000 ---p 000e6000 08:06 9701555                    /usr/lib/x86_64-linux-gnu/libstdc++.so.6.0.19
7f5f1fb5b000-7f5f1fb63000 r--p 000e5000 08:06 9701555                    /usr/lib/x86_64-linux-gnu/libstdc++.so.6.0.19
7f5f1fb63000-7f5f1fb65000 rw-p 000ed000 08:06 9701555                    /usr/lib/x86_64-linux-gnu/libstdc++.so.6.0.19
7f5f1fb65000-7f5f1fb7a000 rw-p 00000000 00:00 0 
7f5f1fb7a000-7f5f20693000 r-xp 00000000 08:06 1705733                    /usr/lib/jvm/java-7-openjdk-amd64/jre/lib/amd64/server/libjvm.so
7f5f20693000-7f5f20893000 ---p 00b19000 08:06 1705733                    /usr/lib/jvm/java-7-openjdk-amd64/jre/lib/amd64/server/libjvm.so
7f5f20893000-7f5f2092d000 r--p 00b19000 08:06 1705733                    /usr/lib/jvm/java-7-openjdk-amd64/jre/lib/amd64/server/libjvm.so
7f5f2092d000-7f5f20950000 rw-p 00bb3000 08:06 1705733                    /usr/lib/jvm/java-7-openjdk-amd64/jre/lib/amd64/server/libjvm.so
7f5f20950000-7f5f2097e000 rw-p 00000000 00:00 0 
7f5f2097e000-7f5f20996000 r-xp 00000000 08:06 8130658                    /lib/x86_64-linux-gnu/libz.so.1.2.8
7f5f20996000-7f5f20b95000 ---p 00018000 08:06 8130658                    /lib/x86_64-linux-gnu/libz.so.1.2.8
7f5f20b95000-7f5f20b96000 r--p 00017000 08:06 8130658                    /lib/x86_64-linux-gnu/libz.so.1.2.8
7f5f20b96000-7f5f20b97000 rw-p 00018000 08:06 8130658                    /lib/x86_64-linux-gnu/libz.so.1.2.8
7f5f20b97000-7f5f20bb0000 r-xp 00000000 08:06 8126564                    /lib/x86_64-linux-gnu/libpthread-2.19.so
7f5f20bb0000-7f5f20daf000 ---p 00019000 08:06 8126564                    /lib/x86_64-linux-gnu/libpthread-2.19.so
7f5f20daf000-7f5f20db0000 r--p 00018000 08:06 8126564                    /lib/x86_64-linux-gnu/libpthread-2.19.so
7f5f20db0000-7f5f20db1000 rw-p 00019000 08:06 8126564                    /lib/x86_64-linux-gnu/libpthread-2.19.so
7f5f20db1000-7f5f20db5000 rw-p 00000000 00:00 0 
7f5f20db5000-7f5f20db8000 r-xp 00000000 08:06 8126494                    /lib/x86_64-linux-gnu/libdl-2.19.so
7f5f20db8000-7f5f20fb7000 ---p 00003000 08:06 8126494                    /lib/x86_64-linux-gnu/libdl-2.19.so
7f5f20fb7000-7f5f20fb8000 r--p 00002000 08:06 8126494                    /lib/x86_64-linux-gnu/libdl-2.19.so
7f5f20fb8000-7f5f20fb9000 rw-p 00003000 08:06 8126494                    /lib/x86_64-linux-gnu/libdl-2.19.so
7f5f20fb9000-7f5f21174000 r-xp 00000000 08:06 8126563                    /lib/x86_64-linux-gnu/libc-2.19.so
7f5f21174000-7f5f21373000 ---p 001bb000 08:06 8126563                    /lib/x86_64-linux-gnu/libc-2.19.so
7f5f21373000-7f5f21377000 r--p 001ba000 08:06 8126563                    /lib/x86_64-linux-gnu/libc-2.19.so
7f5f21377000-7f5f21379000 rw-p 001be000 08:06 8126563                    /lib/x86_64-linux-gnu/libc-2.19.so
7f5f21379000-7f5f2137e000 rw-p 00000000 00:00 0 
7f5f2137e000-7f5f2138b000 r-xp 00000000 08:06 1705730                    /usr/lib/jvm/java-7-openjdk-amd64/jre/lib/amd64/jli/libjli.so
7f5f2138b000-7f5f2158a000 ---p 0000d000 08:06 1705730                    /usr/lib/jvm/java-7-openjdk-amd64/jre/lib/amd64/jli/libjli.so
7f5f2158a000-7f5f2158b000 r--p 0000c000 08:06 1705730                    /usr/lib/jvm/java-7-openjdk-amd64/jre/lib/amd64/jli/libjli.so
7f5f2158b000-7f5f2158c000 rw-p 0000d000 08:06 1705730                    /usr/lib/jvm/java-7-openjdk-amd64/jre/lib/amd64/jli/libjli.so
7f5f2158c000-7f5f215af000 r-xp 00000000 08:06 8126560                    /lib/x86_64-linux-gnu/ld-2.19.so
7f5f215af000-7f5f215b0000 r--s 00002000 08:06 1578535                    /usr/lib/jvm/java-7-openjdk-amd64/jre/lib/ext/dnsns.jar
7f5f215b0000-7f5f215db000 rw-p 00000000 00:00 0 
7f5f215db000-7f5f21691000 rw-p 00000000 00:00 0 
7f5f21691000-7f5f21694000 ---p 00000000 00:00 0 
7f5f21694000-7f5f21797000 rw-p 00000000 00:00 0                          [stack:19573]
7f5f21797000-7f5f2179a000 r--s 0000f000 08:06 1578538                    /usr/lib/jvm/java-7-openjdk-amd64/jre/lib/ext/icedtea-sound.jar
7f5f2179a000-7f5f2179c000 r--s 00012000 08:06 1578539                    /usr/lib/jvm/java-7-openjdk-amd64/jre/lib/ext/zipfs.jar
7f5f2179c000-7f5f217a0000 r--s 00034000 08:06 1578536                    /usr/lib/jvm/java-7-openjdk-amd64/jre/lib/ext/sunjce_provider.jar
7f5f217a0000-7f5f217a2000 r--s 00006000 08:06 10103544                   /usr/share/java/java-atk-wrapper.jar
7f5f217a2000-7f5f217aa000 rw-s 00000000 08:06 4325424                    /tmp/hsperfdata_zax/19571
7f5f217aa000-7f5f217ab000 rw-p 00000000 00:00 0 
7f5f217ab000-7f5f217ac000 r--p 00000000 00:00 0 
7f5f217ac000-7f5f217ae000 rw-p 00000000 00:00 0 
7f5f217ae000-7f5f217af000 r--p 00022000 08:06 8126560                    /lib/x86_64-linux-gnu/ld-2.19.so
7f5f217af000-7f5f217b0000 rw-p 00023000 08:06 8126560                    /lib/x86_64-linux-gnu/ld-2.19.so
7f5f217b0000-7f5f217b1000 rw-p 00000000 00:00 0 
7fff52ee8000-7fff52f09000 rw-p 00000000 00:00 0                          [stack]
7fff52fd2000-7fff52fd4000 r-xp 00000000 00:00 0                          [vdso]
7fff52fd4000-7fff52fd6000 r--p 00000000 00:00 0                          [vvar]
ffffffffff600000-ffffffffff601000 r-xp 00000000 00:00 0                  [vsyscall]

VM Arguments:
jvm_args: -Djava.security.policy=java.policy.applet -Dfile.encoding=UTF-8 
java_command: sun.applet.AppletViewer module3.EarthquakeCityMap1443404986744.html
Launcher Type: SUN_STANDARD

Environment Variables:
PATH=/home/zax/.rvm/gems/ruby-2.2.1/bin:/home/zax/.rvm/gems/ruby-2.2.1@global/bin:/home/zax/.rvm/rubies/ruby-2.2.1/bin:/usr/local/sbin:/usr/local/bin:/usr/sbin:/usr/bin:/sbin:/bin:/usr/games:/usr/local/games:/home/zax/.rvm/bin
SHELL=/bin/bash
DISPLAY=:0.0

Signal Handlers:
SIGSEGV: [libjvm.so+0x94bab0], sa_mask[0]=0x7ffbfeff, sa_flags=0x10000004
SIGBUS: [libjvm.so+0x94bab0], sa_mask[0]=0x7ffbfeff, sa_flags=0x10000004
SIGFPE: [libjvm.so+0x7c38b0], sa_mask[0]=0x7ffbfeff, sa_flags=0x10000004
SIGPIPE: [libjvm.so+0x7c38b0], sa_mask[0]=0x7ffbfeff, sa_flags=0x10000004
SIGXFSZ: [libjvm.so+0x7c38b0], sa_mask[0]=0x7ffbfeff, sa_flags=0x10000004
SIGILL: [libjvm.so+0x7c38b0], sa_mask[0]=0x7ffbfeff, sa_flags=0x10000004
SIGUSR1: SIG_DFL, sa_mask[0]=0x00000000, sa_flags=0x00000000
SIGUSR2: [libjvm.so+0x7c3750], sa_mask[0]=0x00000004, sa_flags=0x10000004
SIGHUP: [libjvm.so+0x7c3930], sa_mask[0]=0x7ffbfeff, sa_flags=0x10000004
SIGINT: [libjvm.so+0x7c3930], sa_mask[0]=0x7ffbfeff, sa_flags=0x10000004
SIGTERM: [libjvm.so+0x7c3930], sa_mask[0]=0x7ffbfeff, sa_flags=0x10000004
SIGQUIT: [libjvm.so+0x7c3930], sa_mask[0]=0x7ffbfeff, sa_flags=0x10000004
SIGTRAP: SIG_DFL, sa_mask[0]=0x00000000, sa_flags=0x00000000


---------------  S Y S T E M  ---------------

OS:Ubuntu 14.04 (trusty)
uname:Linux 3.16.0-49-generic #65~14.04.1-Ubuntu SMP Wed Sep 9 10:03:23 UTC 2015 x86_64
libc:glibc 2.19 NPTL 2.19 
rlimit: STACK 8192k, CORE 0k, NPROC 31248, NOFILE 4096, AS infinity
load average:0.28 0.19 0.40

/proc/meminfo:
MemTotal:        8098904 kB
MemFree:         2074788 kB
MemAvailable:    4817096 kB
Buffers:          367220 kB
Cached:          3042452 kB
SwapCached:            0 kB
Active:          4383376 kB
Inactive:        1236720 kB
Active(anon):    2216980 kB
Inactive(anon):   647112 kB
Active(file):    2166396 kB
Inactive(file):   589608 kB
Unevictable:          32 kB
Mlocked:              32 kB
SwapTotal:       8310780 kB
SwapFree:        8310780 kB
Dirty:              1404 kB
Writeback:             0 kB
AnonPages:       2210540 kB
Mapped:           438988 kB
Shmem:            653672 kB
Slab:             275792 kB
SReclaimable:     239708 kB
SUnreclaim:        36084 kB
KernelStack:        8912 kB
PageTables:        31632 kB
NFS_Unstable:          0 kB
Bounce:                0 kB
WritebackTmp:          0 kB
CommitLimit:    12360232 kB
Committed_AS:    6842300 kB
VmallocTotal:   34359738367 kB
VmallocUsed:      558624 kB
VmallocChunk:   34359094256 kB
HardwareCorrupted:     0 kB
AnonHugePages:    839680 kB
HugePages_Total:       0
HugePages_Free:        0
HugePages_Rsvd:        0
HugePages_Surp:        0
Hugepagesize:       2048 kB
DirectMap4k:       60160 kB
DirectMap2M:     3008512 kB
DirectMap1G:     5242880 kB


CPU:total 4 (2 cores per cpu, 2 threads per core) family 6 model 69 stepping 1, cmov, cx8, fxsr, mmx, sse, sse2, sse3, ssse3, sse4.1, sse4.2, popcnt, avx, avx2, aes, erms, ht, tsc, tscinvbit

/proc/cpuinfo:
processor	: 0
vendor_id	: GenuineIntel
cpu family	: 6
model		: 69
model name	: Intel(R) Core(TM) i5-4210U CPU @ 1.70GHz
stepping	: 1
microcode	: 0x1c
cpu MHz		: 2404.500
cache size	: 3072 KB
physical id	: 0
siblings	: 4
core id		: 0
cpu cores	: 2
apicid		: 0
initial apicid	: 0
fpu		: yes
fpu_exception	: yes
cpuid level	: 13
wp		: yes
flags		: fpu vme de pse tsc msr pae mce cx8 apic sep mtrr pge mca cmov pat pse36 clflush dts acpi mmx fxsr sse sse2 ss ht tm pbe syscall nx pdpe1gb rdtscp lm constant_tsc arch_perfmon pebs bts rep_good nopl xtopology nonstop_tsc aperfmperf eagerfpu pni pclmulqdq dtes64 monitor ds_cpl vmx est tm2 ssse3 fma cx16 xtpr pdcm pcid sse4_1 sse4_2 movbe popcnt tsc_deadline_timer aes xsave avx f16c rdrand lahf_lm abm ida arat epb xsaveopt pln pts dtherm tpr_shadow vnmi flexpriority ept vpid fsgsbase tsc_adjust bmi1 avx2 smep bmi2 erms invpcid
bogomips	: 4788.91
clflush size	: 64
cache_alignment	: 64
address sizes	: 39 bits physical, 48 bits virtual
power management:

processor	: 1
vendor_id	: GenuineIntel
cpu family	: 6
model		: 69
model name	: Intel(R) Core(TM) i5-4210U CPU @ 1.70GHz
stepping	: 1
microcode	: 0x1c
cpu MHz		: 2524.593
cache size	: 3072 KB
physical id	: 0
siblings	: 4
core id		: 0
cpu cores	: 2
apicid		: 1
initial apicid	: 1
fpu		: yes
fpu_exception	: yes
cpuid level	: 13
wp		: yes
flags		: fpu vme de pse tsc msr pae mce cx8 apic sep mtrr pge mca cmov pat pse36 clflush dts acpi mmx fxsr sse sse2 ss ht tm pbe syscall nx pdpe1gb rdtscp lm constant_tsc arch_perfmon pebs bts rep_good nopl xtopology nonstop_tsc aperfmperf eagerfpu pni pclmulqdq dtes64 monitor ds_cpl vmx est tm2 ssse3 fma cx16 xtpr pdcm pcid sse4_1 sse4_2 movbe popcnt tsc_deadline_timer aes xsave avx f16c rdrand lahf_lm abm ida arat epb xsaveopt pln pts dtherm tpr_shadow vnmi flexpriority ept vpid fsgsbase tsc_adjust bmi1 avx2 smep bmi2 erms invpcid
bogomips	: 4788.91
clflush size	: 64
cache_alignment	: 64
address sizes	: 39 bits physical, 48 bits virtual
power management:

processor	: 2
vendor_id	: GenuineIntel
cpu family	: 6
model		: 69
model name	: Intel(R) Core(TM) i5-4210U CPU @ 1.70GHz
stepping	: 1
microcode	: 0x1c
cpu MHz		: 2445.093
cache size	: 3072 KB
physical id	: 0
siblings	: 4
core id		: 1
cpu cores	: 2
apicid		: 2
initial apicid	: 2
fpu		: yes
fpu_exception	: yes
cpuid level	: 13
wp		: yes
flags		: fpu vme de pse tsc msr pae mce cx8 apic sep mtrr pge mca cmov pat pse36 clflush dts acpi mmx fxsr sse sse2 ss ht tm pbe syscall nx pdpe1gb rdtscp lm constant_tsc arch_perfmon pebs bts rep_good nopl xtopology nonstop_tsc aperfmperf eagerfpu pni pclmulqdq dtes64 monitor ds_cpl vmx est tm2 ssse3 fma cx16 xtpr pdcm pcid sse4_1 sse4_2 movbe popcnt tsc_deadline_timer aes xsave avx f16c rdrand lahf_lm abm ida arat epb xsaveopt pln pts dtherm tpr_shadow vnmi flexpriority ept vpid fsgsbase tsc_adjust bmi1 avx2 smep bmi2 erms invpcid
bogomips	: 4788.91
clflush size	: 64
cache_alignment	: 64
address sizes	: 39 bits physical, 48 bits virtual
power management:

processor	: 3
vendor_id	: GenuineIntel
cpu family	: 6
model		: 69
model name	: Intel(R) Core(TM) i5-4210U CPU @ 1.70GHz
stepping	: 1
microcode	: 0x1c
cpu MHz		: 2501.437
cache size	: 3072 KB
physical id	: 0
siblings	: 4
core id		: 1
cpu cores	: 2
apicid		: 3
initial apicid	: 3
fpu		: yes
fpu_exception	: yes
cpuid level	: 13
wp		: yes
flags		: fpu vme de pse tsc msr pae mce cx8 apic sep mtrr pge mca cmov pat pse36 clflush dts acpi mmx fxsr sse sse2 ss ht tm pbe syscall nx pdpe1gb rdtscp lm constant_tsc arch_perfmon pebs bts rep_good nopl xtopology nonstop_tsc aperfmperf eagerfpu pni pclmulqdq dtes64 monitor ds_cpl vmx est tm2 ssse3 fma cx16 xtpr pdcm pcid sse4_1 sse4_2 movbe popcnt tsc_deadline_timer aes xsave avx f16c rdrand lahf_lm abm ida arat epb xsaveopt pln pts dtherm tpr_shadow vnmi flexpriority ept vpid fsgsbase tsc_adjust bmi1 avx2 smep bmi2 erms invpcid
bogomips	: 4788.91
clflush size	: 64
cache_alignment	: 64
address sizes	: 39 bits physical, 48 bits virtual
power management:



Memory: 4k page, physical 8098904k(2074788k free), swap 8310780k(8310780k free)

vm_info: OpenJDK 64-Bit Server VM (24.79-b02) for linux-amd64 JRE (1.7.0_79-b14), built on Jul 24 2015 08:15:54 by "buildd" with gcc 4.8.2

time: Sun Sep 27 18:49:58 2015
elapsed time: 11 seconds

