#
# A fatal error has been detected by the Java Runtime Environment:
#
#  SIGSEGV (0xb) at pc=0x00007f2ea1877b28, pid=18108, tid=139838985377536
#
# JRE version: OpenJDK Runtime Environment (7.0_79-b14) (build 1.7.0_79-b14)
# Java VM: OpenJDK 64-Bit Server VM (24.79-b02 mixed mode linux-amd64 compressed oops)
# Derivative: IcedTea 2.5.6
# Distribution: Ubuntu 14.04 LTS, package 7u79-2.5.6-0ubuntu1.14.04.1
# Problematic frame:
# C  [i965_dri.so+0x2f2b28]
#
# Failed to write core dump. Core dumps have been disabled. To enable core dumping, try "ulimit -c unlimited" before starting Java again
#
# If you would like to submit a bug report, please include
# instructions on how to reproduce the bug and visit:
#   http://icedtea.classpath.org/bugzilla
# The crash happened outside the Java Virtual Machine in native code.
# See problematic frame for where to report the bug.
#

---------------  T H R E A D  ---------------

Current thread (0x00007f2ec4008000):  JavaThread "AWT-EventQueue-1" [_thread_in_native, id=18134, stack(0x00007f2eccfc9000,0x00007f2ecd0ca000)]

siginfo:si_signo=SIGSEGV: si_errno=0, si_code=1 (SEGV_MAPERR), si_addr=0x0000000100000000

Registers:
RAX=0x00007f2ea1877b20, RBX=0x00007f2eb0fbcc60, RCX=0x0000000000000000, RDX=0x0000000000000001
RSP=0x00007f2ecd0c7760, RBP=0x00007f2eb4810100, RSI=0x00007f2eb0fbcd40, RDI=0x0000000100000000
R8 =0x0000000000000000, R9 =0x00007f2ecc1679c0, R10=0x00007f2f09012d6c, R11=0x00007f2f13c3e2f0
R12=0x00007f2eb47ee0d0, R13=0x0000000000000000, R14=0x00007f2eb47a78e0, R15=0x0000000000000000
RIP=0x00007f2ea1877b28, EFLAGS=0x0000000000010206, CSGSFS=0x0000000000000033, ERR=0x0000000000000004
  TRAPNO=0x000000000000000e

Top of Stack: (sp=0x00007f2ecd0c7760)
0x00007f2ecd0c7760:   00007f2ecd0c7850 0000000000000000
0x00007f2ecd0c7770:   00007f2eb0fbcc60 00007f2eb4810100
0x00007f2ecd0c7780:   00007f2eb47ee0d0 00007f2ecc167a4e
0x00007f2ecd0c7790:   00007f2ecd0c77c8 00007f2ecc3b2640
0x00007f2ecd0c77a0:   00007f2eb480aaf0 00007f2e00000000
0x00007f2ecd0c77b0:   0000000000000000 0000000000000000
0x00007f2ecd0c77c0:   00007f2ecd0c7820 00007f2eb0fbcc60
0x00007f2ecd0c77d0:   000000000180002e 000000077b0358a0
0x00007f2ecd0c77e0:   00007f2ecd0c7850 0000000000000000
0x00007f2ecd0c77f0:   000000077b0358a0 00007f2ecd0c7920
0x00007f2ecd0c7800:   00007f2ec4008000 00007f2ea6982849
0x00007f2ecd0c7810:   0000000000000000 00007f2ecc1409b0
0x00007f2ecd0c7820:   000000000180002e 00007f2eb480aaf0
0x00007f2ecd0c7830:   00007f2ecd0c78e8 00007f2ec40081d8
0x00007f2ecd0c7840:   00000007d7801470 00007f2ecc1409b0
0x00007f2ecd0c7850:   00007f2ecd0c78d8 00007f2f09012d98
0x00007f2ecd0c7860:   000000077b170078 0000000000000000
0x00007f2ecd0c7870:   000000077b16f458 0000000000000000
0x00007f2ecd0c7880:   00007f2ecd0c7898 00007f2ecd0c78e8
0x00007f2ecd0c7890:   00007f2ecd0c7890 00007f2ecd0c7898
0x00007f2ecd0c78a0:   0000000000000000 00007f2ecd0c7920
0x00007f2ecd0c78b0:   000000077b037818 0000000000000000
0x00007f2ecd0c78c0:   000000077b0358a0 0000000000000000
0x00007f2ecd0c78d0:   00007f2ecd0c78f8 00007f2ecd0c7968
0x00007f2ecd0c78e0:   00007f2f09006058 0000000784d603e8
0x00007f2ecd0c78f0:   00007f2f0900ecd8 00007f2ecc1409b0
0x00007f2ecd0c7900:   000000077b048e98 000000000180002e
0x00007f2ecd0c7910:   000000077b01a258 00007f2eb480aaf0
0x00007f2ecd0c7920:   0000000784d60710 00007f2ecd0c7928
0x00007f2ecd0c7930:   000000077b0357d1 00007f2ecd0c79a0
0x00007f2ecd0c7940:   000000077b037818 0000000000000000
0x00007f2ecd0c7950:   000000077b0357e0 00007f2ecd0c78f8 

Instructions: (pc=0x00007f2ea1877b28)
0x00007f2ea1877b08:   0f 1f 84 00 00 00 00 00 48 83 c4 10 5b 5d 41 5c
0x00007f2ea1877b18:   c3 0f 1f 80 00 00 00 00 41 54 55 53 48 83 ec 10
0x00007f2ea1877b28:   48 8b 1f 48 85 db 74 3d f6 83 40 05 00 00 01 49
0x00007f2ea1877b38:   89 f4 89 cd 75 72 83 e2 01 75 5d 83 e5 fd 74 38 

Register to memory mapping:

RAX=0x00007f2ea1877b20: <offset 0x2f2b20> in /usr/lib/x86_64-linux-gnu/dri/i965_dri.so at 0x00007f2ea1585000
RBX=0x00007f2eb0fbcc60 is an unknown value
RCX=0x0000000000000000 is an unknown value
RDX=0x0000000000000001 is an unknown value
RSP=0x00007f2ecd0c7760 is pointing into the stack for thread: 0x00007f2ec4008000
RBP=0x00007f2eb4810100 is an unknown value
RSI=0x00007f2eb0fbcd40 is an unknown value
RDI=0x0000000100000000 is an unknown value
R8 =0x0000000000000000 is an unknown value
R9 =0x00007f2ecc1679c0: <offset 0x439c0> in /usr/lib/x86_64-linux-gnu/mesa/libGL.so.1 at 0x00007f2ecc124000
R10=0x00007f2f09012d6c is at code_begin+620 in an Interpreter codelet
method entry point (kind = native)  [0x00007f2f09012b00, 0x00007f2f09013360]  2144 bytes
R11=0x00007f2f13c3e2f0: <offset 0x85d2f0> in /usr/lib/jvm/java-7-openjdk-amd64/jre/lib/amd64/server/libjvm.so at 0x00007f2f133e1000
R12=0x00007f2eb47ee0d0 is an unknown value
R13=0x0000000000000000 is an unknown value
R14=0x00007f2eb47a78e0 is an unknown value
R15=0x0000000000000000 is an unknown value


Stack: [0x00007f2eccfc9000,0x00007f2ecd0ca000],  sp=0x00007f2ecd0c7760,  free space=1017k
Native frames: (J=compiled Java code, j=interpreted, Vv=VM code, C=native code)
C  [i965_dri.so+0x2f2b28]

Java frames: (J=compiled Java code, j=interpreted, Vv=VM code)
j  jogamp.opengl.x11.glx.GLX.dispatch_glXSwapBuffers0(JJJ)V+0
j  jogamp.opengl.x11.glx.GLX.glXSwapBuffers(JJ)V+41
j  jogamp.opengl.x11.glx.X11GLXDrawable.swapBuffersImpl(Z)V+17
j  jogamp.opengl.GLDrawableImpl.swapBuffers()V+67
j  javax.media.opengl.awt.GLCanvas$12.run()V+45
j  java.awt.event.InvocationEvent.dispatch()V+11
j  java.awt.EventQueue.dispatchEventImpl(Ljava/awt/AWTEvent;Ljava/lang/Object;)V+21
j  java.awt.EventQueue.access$300(Ljava/awt/EventQueue;Ljava/awt/AWTEvent;Ljava/lang/Object;)V+3
j  java.awt.EventQueue$3.run()Ljava/lang/Void;+12
j  java.awt.EventQueue$3.run()Ljava/lang/Object;+1
v  ~StubRoutines::call_stub
j  java.security.AccessController.doPrivileged(Ljava/security/PrivilegedAction;Ljava/security/AccessControlContext;)Ljava/lang/Object;+0
j  java.security.ProtectionDomain$1.doIntersectionPrivilege(Ljava/security/PrivilegedAction;Ljava/security/AccessControlContext;Ljava/security/AccessControlContext;)Ljava/lang/Object;+28
j  java.awt.EventQueue.dispatchEvent(Ljava/awt/AWTEvent;)V+46
j  java.awt.EventDispatchThread.pumpOneEventForFilters(I)V+245
j  java.awt.EventDispatchThread.pumpEventsForFilter(ILjava/awt/Conditional;Ljava/awt/EventFilter;)V+35
j  java.awt.EventDispatchThread.pumpEventsForHierarchy(ILjava/awt/Conditional;Ljava/awt/Component;)V+11
j  java.awt.EventDispatchThread.pumpEvents(ILjava/awt/Conditional;)V+4
j  java.awt.EventDispatchThread.pumpEvents(Ljava/awt/Conditional;)V+3
j  java.awt.EventDispatchThread.run()V+9
v  ~StubRoutines::call_stub

---------------  P R O C E S S  ---------------

Java Threads: ( => current thread )
  0x00007f2eb1d80000 JavaThread "Thread-19" [_thread_blocked, id=18166, stack(0x00007f2e9fc13000,0x00007f2e9fd14000)]
  0x00007f2e98001000 JavaThread "Image Fetcher 3" daemon [_thread_blocked, id=18153, stack(0x00007f2e9f52e000,0x00007f2e9f62f000)]
  0x00007f2e94001000 JavaThread "Image Fetcher 2" daemon [_thread_blocked, id=18152, stack(0x00007f2e9f62f000,0x00007f2e9f730000)]
  0x00007f2e90005800 JavaThread "Image Fetcher 1" daemon [_thread_blocked, id=18151, stack(0x00007f2e9f730000,0x00007f2e9f831000)]
  0x00007f2e88009000 JavaThread "Image Fetcher 0" daemon [_thread_blocked, id=18150, stack(0x00007f2e9f831000,0x00007f2e9f932000)]
  0x00007f2e90003800 JavaThread "Keep-Alive-Timer" daemon [_thread_blocked, id=18149, stack(0x00007f2e9f932000,0x00007f2e9fa33000)]
  0x00007f2eb418d000 JavaThread "Animation Thread-SharedResourceRunner" daemon [_thread_blocked, id=18144, stack(0x00007f2eccdc7000,0x00007f2eccec8000)]
  0x00007f2eb4087800 JavaThread "process reaper" daemon [_thread_blocked, id=18139, stack(0x00007f2f04070000,0x00007f2f040a9000)]
  0x00007f2ec400f000 JavaThread "Animation Thread" [_thread_blocked, id=18135, stack(0x00007f2eccec8000,0x00007f2eccfc9000)]
=>0x00007f2ec4008000 JavaThread "AWT-EventQueue-1" [_thread_in_native, id=18134, stack(0x00007f2eccfc9000,0x00007f2ecd0ca000)]
  0x00007f2f0c00a800 JavaThread "DestroyJavaVM" [_thread_blocked, id=18114, stack(0x00007f2f14ef8000,0x00007f2f14ff9000)]
  0x00007f2f0c26b000 JavaThread "AWT-EventQueue-0" [_thread_blocked, id=18132, stack(0x00007f2ecd531000,0x00007f2ecd632000)]
  0x00007f2f0c267000 JavaThread "AWT-Shutdown" [_thread_blocked, id=18131, stack(0x00007f2ecd632000,0x00007f2ecd733000)]
  0x00007f2f0c260800 JavaThread "thread applet-module3.EarthquakeCityMap.class" [_thread_blocked, id=18130, stack(0x00007f2ecd733000,0x00007f2ecd834000)]
  0x00007f2f0c251000 JavaThread "AWT-XAWT" daemon [_thread_blocked, id=18128, stack(0x00007f2ecd834000,0x00007f2ecd935000)]
  0x00007f2f0c22c000 JavaThread "Java2D Disposer" daemon [_thread_blocked, id=18127, stack(0x00007f2eec0cb000,0x00007f2eec1cc000)]
  0x00007f2f0c0b0800 JavaThread "Service Thread" daemon [_thread_blocked, id=18125, stack(0x00007f2eef71c000,0x00007f2eef81d000)]
  0x00007f2f0c0ae800 JavaThread "C2 CompilerThread1" daemon [_thread_blocked, id=18124, stack(0x00007f2eef81d000,0x00007f2eef91e000)]
  0x00007f2f0c0ab800 JavaThread "C2 CompilerThread0" daemon [_thread_blocked, id=18123, stack(0x00007f2f040f4000,0x00007f2f041f5000)]
  0x00007f2f0c0a9000 JavaThread "Signal Dispatcher" daemon [_thread_blocked, id=18122, stack(0x00007f2f041f5000,0x00007f2f042f6000)]
  0x00007f2f0c07c000 JavaThread "Finalizer" daemon [_thread_blocked, id=18121, stack(0x00007f2f042f6000,0x00007f2f043f7000)]
  0x00007f2f0c07a000 JavaThread "Reference Handler" daemon [_thread_blocked, id=18120, stack(0x00007f2f043f7000,0x00007f2f044f8000)]

Other Threads:
  0x00007f2f0c075800 VMThread [stack: 0x00007f2f044f8000,0x00007f2f045f9000] [id=18119]
  0x00007f2f0c0bb800 WatcherThread [stack: 0x00007f2eef61b000,0x00007f2eef71c000] [id=18126]

VM state:not at safepoint (normal execution)

VM Mutex/Monitor currently owned by a thread: None

Heap
 PSYoungGen      total 37376K, used 17657K [0x00000007d6c80000, 0x00000007db580000, 0x0000000800000000)
  eden space 32256K, 38% used [0x00000007d6c80000,0x00000007d78c5230,0x00000007d8c00000)
  from space 5120K, 99% used [0x00000007d9100000,0x00000007d95f92f0,0x00000007d9600000)
  to   space 5120K, 0% used [0x00000007d8c00000,0x00000007d8c00000,0x00000007d9100000)
 ParOldGen       total 83968K, used 10379K [0x0000000784600000, 0x0000000789800000, 0x00000007d6c80000)
  object space 83968K, 12% used [0x0000000784600000,0x0000000785022df8,0x0000000789800000)
 PSPermGen       total 21504K, used 20839K [0x000000077a000000, 0x000000077b500000, 0x0000000784600000)
  object space 21504K, 96% used [0x000000077a000000,0x000000077b459d08,0x000000077b500000)

Card table byte_map: [0x00007f2f11704000,0x00007f2f11b35000] byte_map_base: 0x00007f2f0db34000

Polling page: 0x00007f2f15012000

Code Cache  [0x00007f2f09000000, 0x00007f2f09270000, 0x00007f2f0c000000)
 total_blobs=1159 nmethods=255 adapters=857 free_code_cache=47752Kb largest_free_block=48838720

Compilation events (10 events):
Event: 4.006 Thread 0x00007f2f0c0ab800  251             de.fhpotsdam.unfolding.core.Coordinate::hashCode (8 bytes)
Event: 4.006 Thread 0x00007f2f0c0ae800  252             de.fhpotsdam.unfolding.core.Coordinate::toString (67 bytes)
Event: 4.080 Thread 0x00007f2f0c0ae800 nmethod 252 0x00007f2f0915ea90 code [0x00007f2f0915ee40, 0x00007f2f09161270]
Event: 4.080 Thread 0x00007f2f0c0ae800  254             de.fhpotsdam.unfolding.core.Coordinate::<init> (20 bytes)
Event: 4.080 Thread 0x00007f2f0c0ae800 nmethod 254 0x00007f2f09152fd0 code [0x00007f2f09153100, 0x00007f2f09153178]
Event: 4.080 Thread 0x00007f2f0c0ae800  255             de.fhpotsdam.unfolding.core.Coordinate::equals (47 bytes)
Event: 4.081 Thread 0x00007f2f0c0ae800 nmethod 255 0x00007f2f09152cd0 code [0x00007f2f09152e20, 0x00007f2f09152ef8]
Event: 4.081 Thread 0x00007f2f0c0ae800  256             java.nio.Buffer::limit (5 bytes)
Event: 4.081 Thread 0x00007f2f0c0ae800 nmethod 256 0x00007f2f09152ad0 code [0x00007f2f09152c00, 0x00007f2f09152c58]
Event: 4.100 Thread 0x00007f2f0c0ab800 nmethod 251 0x00007f2f09167510 code [0x00007f2f091678c0, 0x00007f2f09169d90]

GC Heap History (4 events):
Event: 1.065 GC heap before
{Heap before GC invocations=1 (full 0):
 PSYoungGen      total 37376K, used 32256K [0x00000007d6c80000, 0x00000007d9600000, 0x0000000800000000)
  eden space 32256K, 100% used [0x00000007d6c80000,0x00000007d8c00000,0x00000007d8c00000)
  from space 5120K, 0% used [0x00000007d9100000,0x00000007d9100000,0x00000007d9600000)
  to   space 5120K, 0% used [0x00000007d8c00000,0x00000007d8c00000,0x00000007d9100000)
 ParOldGen       total 83968K, used 0K [0x0000000784600000, 0x0000000789800000, 0x00000007d6c80000)
  object space 83968K, 0% used [0x0000000784600000,0x0000000784600000,0x0000000789800000)
 PSPermGen       total 21504K, used 17797K [0x000000077a000000, 0x000000077b500000, 0x0000000784600000)
  object space 21504K, 82% used [0x000000077a000000,0x000000077b1616f0,0x000000077b500000)
Event: 1.074 GC heap after
Heap after GC invocations=1 (full 0):
 PSYoungGen      total 37376K, used 5105K [0x00000007d6c80000, 0x00000007d9600000, 0x0000000800000000)
  eden space 32256K, 0% used [0x00000007d6c80000,0x00000007d6c80000,0x00000007d8c00000)
  from space 5120K, 99% used [0x00000007d8c00000,0x00000007d90fc530,0x00000007d9100000)
  to   space 5120K, 0% used [0x00000007d9100000,0x00000007d9100000,0x00000007d9600000)
 ParOldGen       total 83968K, used 1589K [0x0000000784600000, 0x0000000789800000, 0x00000007d6c80000)
  object space 83968K, 1% used [0x0000000784600000,0x000000078478d738,0x0000000789800000)
 PSPermGen       total 21504K, used 17797K [0x000000077a000000, 0x000000077b500000, 0x0000000784600000)
  object space 21504K, 82% used [0x000000077a000000,0x000000077b1616f0,0x000000077b500000)
}
Event: 2.185 GC heap before
{Heap before GC invocations=2 (full 0):
 PSYoungGen      total 37376K, used 37361K [0x00000007d6c80000, 0x00000007d9600000, 0x0000000800000000)
  eden space 32256K, 100% used [0x00000007d6c80000,0x00000007d8c00000,0x00000007d8c00000)
  from space 5120K, 99% used [0x00000007d8c00000,0x00000007d90fc530,0x00000007d9100000)
  to   space 5120K, 0% used [0x00000007d9100000,0x00000007d9100000,0x00000007d9600000)
 ParOldGen       total 83968K, used 1589K [0x0000000784600000, 0x0000000789800000, 0x00000007d6c80000)
  object space 83968K, 1% used [0x0000000784600000,0x000000078478d738,0x0000000789800000)
 PSPermGen       total 21504K, used 20783K [0x000000077a000000, 0x000000077b500000, 0x0000000784600000)
  object space 21504K, 96% used [0x000000077a000000,0x000000077b44bf38,0x000000077b500000)
Event: 2.197 GC heap after
Heap after GC invocations=2 (full 0):
 PSYoungGen      total 37376K, used 5092K [0x00000007d6c80000, 0x00000007db580000, 0x0000000800000000)
  eden space 32256K, 0% used [0x00000007d6c80000,0x00000007d6c80000,0x00000007d8c00000)
  from space 5120K, 99% used [0x00000007d9100000,0x00000007d95f92f0,0x00000007d9600000)
  to   space 5120K, 0% used [0x00000007d8c00000,0x00000007d8c00000,0x00000007d9100000)
 ParOldGen       total 83968K, used 10379K [0x0000000784600000, 0x0000000789800000, 0x00000007d6c80000)
  object space 83968K, 12% used [0x0000000784600000,0x0000000785022df8,0x0000000789800000)
 PSPermGen       total 21504K, used 20783K [0x000000077a000000, 0x000000077b500000, 0x0000000784600000)
  object space 21504K, 96% used [0x000000077a000000,0x000000077b44bf38,0x000000077b500000)
}

Deoptimization events (9 events):
Event: 0.289 Thread 0x00007f2f0c26b000 Uncommon trap: reason=class_check action=maybe_recompile pc=0x00007f2f09065a04 method=java.util.Properties$LineReader.readLine()I @ 62
Event: 0.289 Thread 0x00007f2f0c26b000 Uncommon trap: reason=class_check action=maybe_recompile pc=0x00007f2f09065a04 method=java.util.Properties$LineReader.readLine()I @ 62
Event: 0.291 Thread 0x00007f2f0c26b000 Uncommon trap: reason=class_check action=maybe_recompile pc=0x00007f2f09065a04 method=java.util.Properties$LineReader.readLine()I @ 62
Event: 0.291 Thread 0x00007f2f0c26b000 Uncommon trap: reason=class_check action=maybe_recompile pc=0x00007f2f09065a04 method=java.util.Properties$LineReader.readLine()I @ 62
Event: 0.310 Thread 0x00007f2f0c26b000 Uncommon trap: reason=class_check action=maybe_recompile pc=0x00007f2f0907df98 method=java.util.Properties$LineReader.readLine()I @ 402
Event: 0.994 Thread 0x00007f2eb418d000 Uncommon trap: reason=unreached action=reinterpret pc=0x00007f2f090ce724 method=java.lang.Class.searchFields([Ljava/lang/reflect/Field;Ljava/lang/String;)Ljava/lang/reflect/Field; @ 20
Event: 1.197 Thread 0x00007f2ec4008000 Uncommon trap: reason=unreached action=reinterpret pc=0x00007f2f090d6618 method=com.jogamp.common.util.IntIntHashMap.get(I)I @ 19
Event: 1.215 Thread 0x00007f2ec4008000 Uncommon trap: reason=unreached action=reinterpret pc=0x00007f2f09085cf4 method=java.lang.AbstractStringBuilder.append(Ljava/lang/String;)Ljava/lang/AbstractStringBuilder; @ 1
Event: 1.499 Thread 0x00007f2ec4008000 Uncommon trap: reason=class_check action=maybe_recompile pc=0x00007f2f090edc48 method=com.sun.org.apache.xerces.internal.impl.XMLDocumentScannerImpl.next()I @ 4

Internal exceptions (10 events):
Event: 1.681 Thread 0x00007f2ec4008000 Threw 0x00000007d7463598 at /build/openjdk-7-FO0dNI/openjdk-7-7u79-2.5.6/build/openjdk/hotspot/src/share/vm/prims/jvm.cpp:1284
Event: 1.690 Thread 0x00007f2ec4008000 Threw 0x00000007d7468fc8 at /build/openjdk-7-FO0dNI/openjdk-7-7u79-2.5.6/build/openjdk/hotspot/src/share/vm/prims/jvm.cpp:1284
Event: 1.705 Thread 0x00007f2ec4008000 Threw 0x00000007d79594d8 at /build/openjdk-7-FO0dNI/openjdk-7-7u79-2.5.6/build/openjdk/hotspot/src/share/vm/prims/jvm.cpp:1284
Event: 1.759 Thread 0x00007f2ec4008000 Threw 0x00000007d7be3db0 at /build/openjdk-7-FO0dNI/openjdk-7-7u79-2.5.6/build/openjdk/hotspot/src/share/vm/runtime/reflection.cpp:1030
Event: 1.760 Thread 0x00007f2ec4008000 Threw 0x00000007d7be5300 at /build/openjdk-7-FO0dNI/openjdk-7-7u79-2.5.6/build/openjdk/hotspot/src/share/vm/runtime/reflection.cpp:1030
Event: 1.772 Thread 0x00007f2ec4008000 Threw 0x00000007d7c11f10 at /build/openjdk-7-FO0dNI/openjdk-7-7u79-2.5.6/build/openjdk/hotspot/src/share/vm/runtime/reflection.cpp:1030
Event: 1.775 Thread 0x00007f2ec4008000 Threw 0x00000007d7c121f0 at /build/openjdk-7-FO0dNI/openjdk-7-7u79-2.5.6/build/openjdk/hotspot/src/share/vm/runtime/reflection.cpp:1030
Event: 1.792 Thread 0x00007f2ec4008000 Threw 0x00000007d7c3ed90 at /build/openjdk-7-FO0dNI/openjdk-7-7u79-2.5.6/build/openjdk/hotspot/src/share/vm/runtime/reflection.cpp:1030
Event: 1.793 Thread 0x00007f2ec4008000 Threw 0x00000007d7c3f070 at /build/openjdk-7-FO0dNI/openjdk-7-7u79-2.5.6/build/openjdk/hotspot/src/share/vm/runtime/reflection.cpp:1030
Event: 1.811 Thread 0x00007f2ec4008000 Threw 0x00000007d7c6f748 at /build/openjdk-7-FO0dNI/openjdk-7-7u79-2.5.6/build/openjdk/hotspot/src/share/vm/runtime/reflection.cpp:1030

Events (10 events):
Event: 2.214 Thread 0x00007f2eb1cff800 Thread exited: 0x00007f2eb1cff800
Event: 2.221 Thread 0x00007f2eb1ab7000 Thread exited: 0x00007f2eb1ab7000
Event: 3.281 Thread 0x00007f2f0c0ab800 flushing nmethod 0x00007f2f090651d0
Event: 4.091 Executing VM operation: EnableBiasedLocking
Event: 4.092 Executing VM operation: EnableBiasedLocking done
Event: 4.328 loading class 0x00007f2f0c00e200
Event: 4.329 loading class 0x00007f2f0c00e200 done
Event: 4.329 Thread 0x00007f2eb1d80000 Thread added: 0x00007f2eb1d80000
Event: 4.329 loading class 0x00007f2ee00f40e0
Event: 4.329 loading class 0x00007f2ee00f40e0 done


Dynamic libraries:
00400000-00401000 r-xp 00000000 08:06 1705803                            /usr/lib/jvm/java-7-openjdk-amd64/jre/bin/java
00600000-00601000 r--p 00000000 08:06 1705803                            /usr/lib/jvm/java-7-openjdk-amd64/jre/bin/java
00601000-00602000 rw-p 00001000 08:06 1705803                            /usr/lib/jvm/java-7-openjdk-amd64/jre/bin/java
01ce3000-01d04000 rw-p 00000000 00:00 0                                  [heap]
77a000000-77b500000 rw-p 00000000 00:00 0 
77b500000-784600000 rw-p 00000000 00:00 0 
784600000-789800000 rw-p 00000000 00:00 0 
789800000-7d6c80000 rw-p 00000000 00:00 0 
7d6c80000-7db580000 rw-p 00000000 00:00 0 
7db580000-800000000 rw-p 00000000 00:00 0 
7f2e78000000-7f2e7803c000 rw-p 00000000 00:00 0 
7f2e7803c000-7f2e7c000000 ---p 00000000 00:00 0 
7f2e7c000000-7f2e7c03c000 rw-p 00000000 00:00 0 
7f2e7c03c000-7f2e80000000 ---p 00000000 00:00 0 
7f2e80000000-7f2e80048000 rw-p 00000000 00:00 0 
7f2e80048000-7f2e84000000 ---p 00000000 00:00 0 
7f2e84000000-7f2e84046000 rw-p 00000000 00:00 0 
7f2e84046000-7f2e88000000 ---p 00000000 00:00 0 
7f2e88000000-7f2e88021000 rw-p 00000000 00:00 0 
7f2e88021000-7f2e8c000000 ---p 00000000 00:00 0 
7f2e8c000000-7f2e8c021000 rw-p 00000000 00:00 0 
7f2e8c021000-7f2e90000000 ---p 00000000 00:00 0 
7f2e90000000-7f2e90021000 rw-p 00000000 00:00 0 
7f2e90021000-7f2e94000000 ---p 00000000 00:00 0 
7f2e94000000-7f2e94021000 rw-p 00000000 00:00 0 
7f2e94021000-7f2e98000000 ---p 00000000 00:00 0 
7f2e98000000-7f2e98021000 rw-p 00000000 00:00 0 
7f2e98021000-7f2e9c000000 ---p 00000000 00:00 0 
7f2e9ee2e000-7f2e9ee9e000 rw-s 00000000 00:04 319079                     /drm mm object (deleted)
7f2e9ee9e000-7f2e9ef0e000 rw-s 00000000 00:04 319078                     /drm mm object (deleted)
7f2e9ef0e000-7f2e9ef7e000 rw-s 00000000 00:04 319077                     /drm mm object (deleted)
7f2e9ef7e000-7f2e9efee000 rw-s 00000000 00:04 319076                     /drm mm object (deleted)
7f2e9efee000-7f2e9f05e000 rw-s 00000000 00:04 321188                     /drm mm object (deleted)
7f2e9f05e000-7f2e9f0ce000 rw-s 00000000 00:04 319075                     /drm mm object (deleted)
7f2e9f0ce000-7f2e9f13e000 rw-s 00000000 00:04 321187                     /drm mm object (deleted)
7f2e9f13e000-7f2e9f1ae000 rw-s 00000000 00:04 321186                     /drm mm object (deleted)
7f2e9f1ae000-7f2e9f21e000 rw-s 00000000 00:04 319074                     /drm mm object (deleted)
7f2e9f21e000-7f2e9f28e000 rw-s 00000000 00:04 319073                     /drm mm object (deleted)
7f2e9f28e000-7f2e9f2fe000 rw-s 00000000 00:04 321183                     /drm mm object (deleted)
7f2e9f2fe000-7f2e9f36e000 rw-s 00000000 00:04 321182                     /drm mm object (deleted)
7f2e9f36e000-7f2e9f3de000 rw-s 00000000 00:04 319072                     /drm mm object (deleted)
7f2e9f3de000-7f2e9f44e000 rw-s 00000000 00:04 319071                     /drm mm object (deleted)
7f2e9f44e000-7f2e9f4be000 rw-s 00000000 00:04 320475                     /drm mm object (deleted)
7f2e9f4be000-7f2e9f52e000 rw-s 00000000 00:04 320468                     /drm mm object (deleted)
7f2e9f52e000-7f2e9f531000 ---p 00000000 00:00 0 
7f2e9f531000-7f2e9f62f000 rw-p 00000000 00:00 0                          [stack:18153]
7f2e9f62f000-7f2e9f632000 ---p 00000000 00:00 0 
7f2e9f632000-7f2e9f730000 rw-p 00000000 00:00 0                          [stack:18152]
7f2e9f730000-7f2e9f733000 ---p 00000000 00:00 0 
7f2e9f733000-7f2e9f831000 rw-p 00000000 00:00 0                          [stack:18151]
7f2e9f831000-7f2e9f834000 ---p 00000000 00:00 0 
7f2e9f834000-7f2e9f932000 rw-p 00000000 00:00 0                          [stack:18150]
7f2e9f932000-7f2e9f935000 ---p 00000000 00:00 0 
7f2e9f935000-7f2e9fa33000 rw-p 00000000 00:00 0                          [stack:18149]
7f2e9fa33000-7f2e9fa93000 rw-s 11ab85000 00:05 10956                     /dev/dri/card0
7f2e9fa93000-7f2e9fc13000 rw-s 00000000 00:04 320426                     /drm mm object (deleted)
7f2e9fc13000-7f2e9fc16000 ---p 00000000 00:00 0 
7f2e9fc16000-7f2e9fd14000 rw-p 00000000 00:00 0                          [stack:18166]
7f2e9fd14000-7f2e9fd17000 ---p 00000000 00:00 0 
7f2e9fd17000-7f2e9fe15000 rw-p 00000000 00:00 0 
7f2e9fe15000-7f2e9fe18000 ---p 00000000 00:00 0 
7f2e9fe18000-7f2e9ff16000 rw-p 00000000 00:00 0 
7f2e9ff16000-7f2e9ff19000 ---p 00000000 00:00 0 
7f2e9ff19000-7f2ea0017000 rw-p 00000000 00:00 0 
7f2ea0017000-7f2ea0197000 rw-s 00000000 00:04 320412                     /drm mm object (deleted)
7f2ea0417000-7f2ea041c000 r-xp 00000000 08:06 8126493                    /lib/x86_64-linux-gnu/libnss_dns-2.19.so
7f2ea041c000-7f2ea061b000 ---p 00005000 08:06 8126493                    /lib/x86_64-linux-gnu/libnss_dns-2.19.so
7f2ea061b000-7f2ea061c000 r--p 00004000 08:06 8126493                    /lib/x86_64-linux-gnu/libnss_dns-2.19.so
7f2ea061c000-7f2ea061d000 rw-p 00005000 08:06 8126493                    /lib/x86_64-linux-gnu/libnss_dns-2.19.so
7f2ea061d000-7f2ea061f000 r-xp 00000000 08:06 8130576                    /lib/x86_64-linux-gnu/libnss_mdns4_minimal.so.2
7f2ea061f000-7f2ea081e000 ---p 00002000 08:06 8130576                    /lib/x86_64-linux-gnu/libnss_mdns4_minimal.so.2
7f2ea081e000-7f2ea081f000 r--p 00001000 08:06 8130576                    /lib/x86_64-linux-gnu/libnss_mdns4_minimal.so.2
7f2ea081f000-7f2ea0820000 rw-p 00002000 08:06 8130576                    /lib/x86_64-linux-gnu/libnss_mdns4_minimal.so.2
7f2ea0820000-7f2ea0aa0000 rw-s 00000000 00:04 321160                     /drm mm object (deleted)
7f2ea0aa0000-7f2ea0d20000 rw-s 00000000 00:04 321159                     /drm mm object (deleted)
7f2ea0d20000-7f2ea0d22000 r-xp 00000000 08:06 9707382                    /usr/lib/x86_64-linux-gnu/libXinerama.so.1.0.0
7f2ea0d22000-7f2ea0f21000 ---p 00002000 08:06 9707382                    /usr/lib/x86_64-linux-gnu/libXinerama.so.1.0.0
7f2ea0f21000-7f2ea0f22000 r--p 00001000 08:06 9707382                    /usr/lib/x86_64-linux-gnu/libXinerama.so.1.0.0
7f2ea0f22000-7f2ea0f23000 rw-p 00002000 08:06 9707382                    /usr/lib/x86_64-linux-gnu/libXinerama.so.1.0.0
7f2ea0f23000-7f2ea0f5a000 r-xp 00000000 08:06 9708305                    /usr/lib/x86_64-linux-gnu/libtxc_dxtn_s2tc.so.0.0.0
7f2ea0f5a000-7f2ea1159000 ---p 00037000 08:06 9708305                    /usr/lib/x86_64-linux-gnu/libtxc_dxtn_s2tc.so.0.0.0
7f2ea1159000-7f2ea115a000 r--p 00036000 08:06 9708305                    /usr/lib/x86_64-linux-gnu/libtxc_dxtn_s2tc.so.0.0.0
7f2ea115a000-7f2ea115b000 rw-p 00037000 08:06 9708305                    /usr/lib/x86_64-linux-gnu/libtxc_dxtn_s2tc.so.0.0.0
7f2ea115b000-7f2ea1163000 r-xp 00000000 08:06 9708110                    /usr/lib/x86_64-linux-gnu/libpciaccess.so.0.11.1
7f2ea1163000-7f2ea1362000 ---p 00008000 08:06 9708110                    /usr/lib/x86_64-linux-gnu/libpciaccess.so.0.11.1
7f2ea1362000-7f2ea1363000 r--p 00007000 08:06 9708110                    /usr/lib/x86_64-linux-gnu/libpciaccess.so.0.11.1
7f2ea1363000-7f2ea1364000 rw-p 00008000 08:06 9708110                    /usr/lib/x86_64-linux-gnu/libpciaccess.so.0.11.1
7f2ea1364000-7f2ea1384000 r-xp 00000000 08:06 9700253                    /usr/lib/x86_64-linux-gnu/libdrm_intel.so.1.0.0
7f2ea1384000-7f2ea1583000 ---p 00020000 08:06 9700253                    /usr/lib/x86_64-linux-gnu/libdrm_intel.so.1.0.0
7f2ea1583000-7f2ea1584000 r--p 0001f000 08:06 9700253                    /usr/lib/x86_64-linux-gnu/libdrm_intel.so.1.0.0
7f2ea1584000-7f2ea1585000 rw-p 00020000 08:06 9700253                    /usr/lib/x86_64-linux-gnu/libdrm_intel.so.1.0.0
7f2ea1585000-7f2ea1a8d000 r-xp 00000000 08:06 10092889                   /usr/lib/x86_64-linux-gnu/dri/i965_dri.so
7f2ea1a8d000-7f2ea1c8c000 ---p 00508000 08:06 10092889                   /usr/lib/x86_64-linux-gnu/dri/i965_dri.so
7f2ea1c8c000-7f2ea1ca6000 r--p 00507000 08:06 10092889                   /usr/lib/x86_64-linux-gnu/dri/i965_dri.so
7f2ea1ca6000-7f2ea1cac000 rw-p 00521000 08:06 10092889                   /usr/lib/x86_64-linux-gnu/dri/i965_dri.so
7f2ea1cac000-7f2ea1cb7000 rw-p 00000000 00:00 0 
7f2ea1cb7000-7f2ea1cbf000 r-xp 00000000 08:06 8130557                    /lib/x86_64-linux-gnu/libnih-dbus.so.1.0.0
7f2ea1cbf000-7f2ea1ebf000 ---p 00008000 08:06 8130557                    /lib/x86_64-linux-gnu/libnih-dbus.so.1.0.0
7f2ea1ebf000-7f2ea1ec0000 r--p 00008000 08:06 8130557                    /lib/x86_64-linux-gnu/libnih-dbus.so.1.0.0
7f2ea1ec0000-7f2ea1ec1000 rw-p 00009000 08:06 8130557                    /lib/x86_64-linux-gnu/libnih-dbus.so.1.0.0
7f2ea1ec1000-7f2ea1ed8000 r-xp 00000000 08:06 8130559                    /lib/x86_64-linux-gnu/libnih.so.1.0.0
7f2ea1ed8000-7f2ea20d7000 ---p 00017000 08:06 8130559                    /lib/x86_64-linux-gnu/libnih.so.1.0.0
7f2ea20d7000-7f2ea20d8000 r--p 00016000 08:06 8130559                    /lib/x86_64-linux-gnu/libnih.so.1.0.0
7f2ea20d8000-7f2ea20d9000 rw-p 00017000 08:06 8130559                    /lib/x86_64-linux-gnu/libnih.so.1.0.0
7f2ea20d9000-7f2ea20f2000 r-xp 00000000 08:06 8130500                    /lib/x86_64-linux-gnu/libcgmanager.so.0.0.0
7f2ea20f2000-7f2ea22f1000 ---p 00019000 08:06 8130500                    /lib/x86_64-linux-gnu/libcgmanager.so.0.0.0
7f2ea22f1000-7f2ea22f3000 r--p 00018000 08:06 8130500                    /lib/x86_64-linux-gnu/libcgmanager.so.0.0.0
7f2ea22f3000-7f2ea22f4000 rw-p 0001a000 08:06 8130500                    /lib/x86_64-linux-gnu/libcgmanager.so.0.0.0
7f2ea22f4000-7f2ea2304000 r-xp 00000000 08:06 8130597                    /lib/x86_64-linux-gnu/libudev.so.1.3.5
7f2ea2304000-7f2ea2503000 ---p 00010000 08:06 8130597                    /lib/x86_64-linux-gnu/libudev.so.1.3.5
7f2ea2503000-7f2ea2504000 r--p 0000f000 08:06 8130597                    /lib/x86_64-linux-gnu/libudev.so.1.3.5
7f2ea2504000-7f2ea2505000 rw-p 00010000 08:06 8130597                    /lib/x86_64-linux-gnu/libudev.so.1.3.5
7f2ea2505000-7f2ea252a000 r-xp 00000000 08:06 8130641                    /lib/x86_64-linux-gnu/libtinfo.so.5.9
7f2ea252a000-7f2ea2729000 ---p 00025000 08:06 8130641                    /lib/x86_64-linux-gnu/libtinfo.so.5.9
7f2ea2729000-7f2ea272d000 r--p 00024000 08:06 8130641                    /lib/x86_64-linux-gnu/libtinfo.so.5.9
7f2ea272d000-7f2ea272e000 rw-p 00028000 08:06 8130641                    /lib/x86_64-linux-gnu/libtinfo.so.5.9
7f2ea272e000-7f2ea2757000 r-xp 00000000 08:06 9707611                    /usr/lib/x86_64-linux-gnu/libedit.so.2.0.47
7f2ea2757000-7f2ea2957000 ---p 00029000 08:06 9707611                    /usr/lib/x86_64-linux-gnu/libedit.so.2.0.47
7f2ea2957000-7f2ea2959000 r--p 00029000 08:06 9707611                    /usr/lib/x86_64-linux-gnu/libedit.so.2.0.47
7f2ea2959000-7f2ea295a000 rw-p 0002b000 08:06 9707611                    /usr/lib/x86_64-linux-gnu/libedit.so.2.0.47
7f2ea295a000-7f2ea295e000 rw-p 00000000 00:00 0 
7f2ea295e000-7f2ea4466000 r-xp 00000000 08:06 9707230                    /usr/lib/x86_64-linux-gnu/libLLVM-3.5.so.1
7f2ea4466000-7f2ea4467000 ---p 01b08000 08:06 9707230                    /usr/lib/x86_64-linux-gnu/libLLVM-3.5.so.1
7f2ea4467000-7f2ea462f000 r--p 01b08000 08:06 9707230                    /usr/lib/x86_64-linux-gnu/libLLVM-3.5.so.1
7f2ea462f000-7f2ea4635000 rw-p 01cd0000 08:06 9707230                    /usr/lib/x86_64-linux-gnu/libLLVM-3.5.so.1
7f2ea4635000-7f2ea464a000 rw-p 00000000 00:00 0 
7f2ea464a000-7f2ea4656000 r-xp 00000000 08:06 9703037                    /usr/lib/x86_64-linux-gnu/libdrm_radeon.so.1.0.1
7f2ea4656000-7f2ea4855000 ---p 0000c000 08:06 9703037                    /usr/lib/x86_64-linux-gnu/libdrm_radeon.so.1.0.1
7f2ea4855000-7f2ea4856000 r--p 0000b000 08:06 9703037                    /usr/lib/x86_64-linux-gnu/libdrm_radeon.so.1.0.1
7f2ea4856000-7f2ea4857000 rw-p 0000c000 08:06 9703037                    /usr/lib/x86_64-linux-gnu/libdrm_radeon.so.1.0.1
7f2ea4857000-7f2ea486c000 r-xp 00000000 08:06 9707612                    /usr/lib/x86_64-linux-gnu/libelf-0.158.so
7f2ea486c000-7f2ea4a6b000 ---p 00015000 08:06 9707612                    /usr/lib/x86_64-linux-gnu/libelf-0.158.so
7f2ea4a6b000-7f2ea4a6c000 r--p 00014000 08:06 9707612                    /usr/lib/x86_64-linux-gnu/libelf-0.158.so
7f2ea4a6c000-7f2ea4a6d000 rw-p 00015000 08:06 9707612                    /usr/lib/x86_64-linux-gnu/libelf-0.158.so
7f2ea4a6d000-7f2ea4a73000 r-xp 00000000 08:06 9703031                    /usr/lib/x86_64-linux-gnu/libdrm_nouveau.so.2.0.0
7f2ea4a73000-7f2ea4c72000 ---p 00006000 08:06 9703031                    /usr/lib/x86_64-linux-gnu/libdrm_nouveau.so.2.0.0
7f2ea4c72000-7f2ea4c73000 r--p 00005000 08:06 9703031                    /usr/lib/x86_64-linux-gnu/libdrm_nouveau.so.2.0.0
7f2ea4c73000-7f2ea4c74000 rw-p 00006000 08:06 9703031                    /usr/lib/x86_64-linux-gnu/libdrm_nouveau.so.2.0.0
7f2ea4c74000-7f2ea4c7b000 r-xp 00000000 08:06 10094006                   /usr/lib/x86_64-linux-gnu/mesa-egl/libOpenVG.so.1.0.0
7f2ea4c7b000-7f2ea4e7a000 ---p 00007000 08:06 10094006                   /usr/lib/x86_64-linux-gnu/mesa-egl/libOpenVG.so.1.0.0
7f2ea4e7a000-7f2ea4e7b000 r--p 00006000 08:06 10094006                   /usr/lib/x86_64-linux-gnu/mesa-egl/libOpenVG.so.1.0.0
7f2ea4e7b000-7f2ea4e7c000 rw-p 00007000 08:06 10094006                   /usr/lib/x86_64-linux-gnu/mesa-egl/libOpenVG.so.1.0.0
7f2ea4e7c000-7f2ea4e7e000 rw-p 00000000 00:00 0 
7f2ea4e7e000-7f2ea5606000 r-xp 00000000 08:06 10092900                   /usr/lib/x86_64-linux-gnu/egl/egl_gallium.so
7f2ea5606000-7f2ea5806000 ---p 00788000 08:06 10092900                   /usr/lib/x86_64-linux-gnu/egl/egl_gallium.so
7f2ea5806000-7f2ea5859000 r--p 00788000 08:06 10092900                   /usr/lib/x86_64-linux-gnu/egl/egl_gallium.so
7f2ea5859000-7f2ea5865000 rw-p 007db000 08:06 10092900                   /usr/lib/x86_64-linux-gnu/egl/egl_gallium.so
7f2ea5865000-7f2ea5a4c000 rw-p 00000000 00:00 0 
7f2ea5a4c000-7f2ea5a52000 r-xp 00000000 08:06 10094004                   /usr/lib/x86_64-linux-gnu/mesa-egl/libGLESv2.so.2.0.0
7f2ea5a52000-7f2ea5c51000 ---p 00006000 08:06 10094004                   /usr/lib/x86_64-linux-gnu/mesa-egl/libGLESv2.so.2.0.0
7f2ea5c51000-7f2ea5c52000 r--p 00005000 08:06 10094004                   /usr/lib/x86_64-linux-gnu/mesa-egl/libGLESv2.so.2.0.0
7f2ea5c52000-7f2ea5c53000 rw-p 00006000 08:06 10094004                   /usr/lib/x86_64-linux-gnu/mesa-egl/libGLESv2.so.2.0.0
7f2ea5c53000-7f2ea5c98000 r-xp 00000000 08:06 4325419                    /tmp/jogamp_0000/file_cache/jln1062794348352078622/jln6936018716201902328/libjogl_mobile.so
7f2ea5c98000-7f2ea5e98000 ---p 00045000 08:06 4325419                    /tmp/jogamp_0000/file_cache/jln1062794348352078622/jln6936018716201902328/libjogl_mobile.so
7f2ea5e98000-7f2ea5e99000 rw-p 00045000 08:06 4325419                    /tmp/jogamp_0000/file_cache/jln1062794348352078622/jln6936018716201902328/libjogl_mobile.so
7f2ea5e99000-7f2ea5ea5000 r-xp 00000000 08:06 9707694                    /usr/lib/x86_64-linux-gnu/libgbm.so.1.0.0
7f2ea5ea5000-7f2ea60a5000 ---p 0000c000 08:06 9707694                    /usr/lib/x86_64-linux-gnu/libgbm.so.1.0.0
7f2ea60a5000-7f2ea60a6000 r--p 0000c000 08:06 9707694                    /usr/lib/x86_64-linux-gnu/libgbm.so.1.0.0
7f2ea60a6000-7f2ea60a7000 rw-p 0000d000 08:06 9707694                    /usr/lib/x86_64-linux-gnu/libgbm.so.1.0.0
7f2ea60a7000-7f2ea60b6000 r-xp 00000000 08:06 9708373                    /usr/lib/x86_64-linux-gnu/libwayland-server.so.0.1.0
7f2ea60b6000-7f2ea62b5000 ---p 0000f000 08:06 9708373                    /usr/lib/x86_64-linux-gnu/libwayland-server.so.0.1.0
7f2ea62b5000-7f2ea62b7000 r--p 0000e000 08:06 9708373                    /usr/lib/x86_64-linux-gnu/libwayland-server.so.0.1.0
7f2ea62b7000-7f2ea62b8000 rw-p 00010000 08:06 9708373                    /usr/lib/x86_64-linux-gnu/libwayland-server.so.0.1.0
7f2ea62b8000-7f2ea62c3000 r-xp 00000000 08:06 9708367                    /usr/lib/x86_64-linux-gnu/libwayland-client.so.0.2.0
7f2ea62c3000-7f2ea64c2000 ---p 0000b000 08:06 9708367                    /usr/lib/x86_64-linux-gnu/libwayland-client.so.0.2.0
7f2ea64c2000-7f2ea64c4000 r--p 0000a000 08:06 9708367                    /usr/lib/x86_64-linux-gnu/libwayland-client.so.0.2.0
7f2ea64c4000-7f2ea64c5000 rw-p 0000c000 08:06 9708367                    /usr/lib/x86_64-linux-gnu/libwayland-client.so.0.2.0
7f2ea64c5000-7f2ea64ca000 r-xp 00000000 08:06 9708423                    /usr/lib/x86_64-linux-gnu/libxcb-xfixes.so.0.0.0
7f2ea64ca000-7f2ea66ca000 ---p 00005000 08:06 9708423                    /usr/lib/x86_64-linux-gnu/libxcb-xfixes.so.0.0.0
7f2ea66ca000-7f2ea66cb000 r--p 00005000 08:06 9708423                    /usr/lib/x86_64-linux-gnu/libxcb-xfixes.so.0.0.0
7f2ea66cb000-7f2ea66cc000 rw-p 00006000 08:06 9708423                    /usr/lib/x86_64-linux-gnu/libxcb-xfixes.so.0.0.0
7f2ea66cc000-7f2ea66f3000 r-xp 00000000 08:06 10094000                   /usr/lib/x86_64-linux-gnu/mesa-egl/libEGL.so.1.0.0
7f2ea66f3000-7f2ea68f3000 ---p 00027000 08:06 10094000                   /usr/lib/x86_64-linux-gnu/mesa-egl/libEGL.so.1.0.0
7f2ea68f3000-7f2ea68f4000 r--p 00027000 08:06 10094000                   /usr/lib/x86_64-linux-gnu/mesa-egl/libEGL.so.1.0.0
7f2ea68f4000-7f2ea68f5000 rw-p 00028000 08:06 10094000                   /usr/lib/x86_64-linux-gnu/mesa-egl/libEGL.so.1.0.0
7f2ea68f5000-7f2ea68f6000 rw-p 00000000 00:00 0 
7f2ea68f6000-7f2ea699b000 r-xp 00000000 08:06 4325418                    /tmp/jogamp_0000/file_cache/jln1062794348352078622/jln6936018716201902328/libjogl_desktop.so
7f2ea699b000-7f2ea6b9b000 ---p 000a5000 08:06 4325418                    /tmp/jogamp_0000/file_cache/jln1062794348352078622/jln6936018716201902328/libjogl_desktop.so
7f2ea6b9b000-7f2ea6b9c000 rw-p 000a5000 08:06 4325418                    /tmp/jogamp_0000/file_cache/jln1062794348352078622/jln6936018716201902328/libjogl_desktop.so
7f2ea6b9c000-7f2ea6ba7000 r-xp 00000000 08:06 9701891                    /usr/lib/x86_64-linux-gnu/libdrm.so.2.4.0
7f2ea6ba7000-7f2ea6da6000 ---p 0000b000 08:06 9701891                    /usr/lib/x86_64-linux-gnu/libdrm.so.2.4.0
7f2ea6da6000-7f2ea6da7000 r--p 0000a000 08:06 9701891                    /usr/lib/x86_64-linux-gnu/libdrm.so.2.4.0
7f2ea6da7000-7f2ea6da8000 rw-p 0000b000 08:06 9701891                    /usr/lib/x86_64-linux-gnu/libdrm.so.2.4.0
7f2ea6da8000-7f2ea6da9000 r-xp 00000000 08:06 9708437                    /usr/lib/x86_64-linux-gnu/libxshmfence.so.1.0.0
7f2ea6da9000-7f2ea6fa8000 ---p 00001000 08:06 9708437                    /usr/lib/x86_64-linux-gnu/libxshmfence.so.1.0.0
7f2ea6fa8000-7f2ea6fa9000 r--p 00000000 08:06 9708437                    /usr/lib/x86_64-linux-gnu/libxshmfence.so.1.0.0
7f2ea6fa9000-7f2ea6faa000 rw-p 00001000 08:06 9708437                    /usr/lib/x86_64-linux-gnu/libxshmfence.so.1.0.0
7f2ea6faa000-7f2ea6faf000 r-xp 00000000 08:06 9708419                    /usr/lib/x86_64-linux-gnu/libxcb-sync.so.1.0.0
7f2ea6faf000-7f2ea71ae000 ---p 00005000 08:06 9708419                    /usr/lib/x86_64-linux-gnu/libxcb-sync.so.1.0.0
7f2ea71ae000-7f2ea71af000 r--p 00004000 08:06 9708419                    /usr/lib/x86_64-linux-gnu/libxcb-sync.so.1.0.0
7f2ea71af000-7f2ea71b0000 rw-p 00005000 08:06 9708419                    /usr/lib/x86_64-linux-gnu/libxcb-sync.so.1.0.0
7f2ea71b0000-7f2ea71b2000 r-xp 00000000 08:06 9708407                    /usr/lib/x86_64-linux-gnu/libxcb-present.so.0.0.0
7f2ea71b2000-7f2ea73b1000 ---p 00002000 08:06 9708407                    /usr/lib/x86_64-linux-gnu/libxcb-present.so.0.0.0
7f2ea73b1000-7f2ea73b2000 r--p 00001000 08:06 9708407                    /usr/lib/x86_64-linux-gnu/libxcb-present.so.0.0.0
7f2ea73b2000-7f2ea73b3000 rw-p 00002000 08:06 9708407                    /usr/lib/x86_64-linux-gnu/libxcb-present.so.0.0.0
7f2ea73b3000-7f2ea73b5000 r-xp 00000000 08:06 9708397                    /usr/lib/x86_64-linux-gnu/libxcb-dri3.so.0.0.0
7f2ea73b5000-7f2ea75b4000 ---p 00002000 08:06 9708397                    /usr/lib/x86_64-linux-gnu/libxcb-dri3.so.0.0.0
7f2ea75b4000-7f2ea75b5000 r--p 00001000 08:06 9708397                    /usr/lib/x86_64-linux-gnu/libxcb-dri3.so.0.0.0
7f2ea75b5000-7f2ea75b6000 rw-p 00002000 08:06 9708397                    /usr/lib/x86_64-linux-gnu/libxcb-dri3.so.0.0.0
7f2ea75b6000-7f2ea75b9000 r-xp 00000000 08:06 9708395                    /usr/lib/x86_64-linux-gnu/libxcb-dri2.so.0.0.0
7f2ea75b9000-7f2ea77b9000 ---p 00003000 08:06 9708395                    /usr/lib/x86_64-linux-gnu/libxcb-dri2.so.0.0.0
7f2ea77b9000-7f2ea77ba000 r--p 00003000 08:06 9708395                    /usr/lib/x86_64-linux-gnu/libxcb-dri2.so.0.0.0
7f2ea77ba000-7f2ea77bb000 rw-p 00004000 08:06 9708395                    /usr/lib/x86_64-linux-gnu/libxcb-dri2.so.0.0.0
7f2ea77bb000-7f2ea77d0000 r-xp 00000000 08:06 9708399                    /usr/lib/x86_64-linux-gnu/libxcb-glx.so.0.0.0
7f2ea77d0000-7f2ea79cf000 ---p 00015000 08:06 9708399                    /usr/lib/x86_64-linux-gnu/libxcb-glx.so.0.0.0
7f2ea79cf000-7f2ea79d1000 r--p 00014000 08:06 9708399                    /usr/lib/x86_64-linux-gnu/libxcb-glx.so.0.0.0
7f2ea79d1000-7f2ea79d2000 rw-p 00016000 08:06 9708399                    /usr/lib/x86_64-linux-gnu/libxcb-glx.so.0.0.0
7f2ea79d2000-7f2ea79d3000 r-xp 00000000 08:06 9707353                    /usr/lib/x86_64-linux-gnu/libX11-xcb.so.1.0.0
7f2ea79d3000-7f2ea7bd2000 ---p 00001000 08:06 9707353                    /usr/lib/x86_64-linux-gnu/libX11-xcb.so.1.0.0
7f2ea7bd2000-7f2ea7bd3000 r--p 00000000 08:06 9707353                    /usr/lib/x86_64-linux-gnu/libX11-xcb.so.1.0.0
7f2ea7bd3000-7f2ea7bd4000 rw-p 00001000 08:06 9707353                    /usr/lib/x86_64-linux-gnu/libX11-xcb.so.1.0.0
7f2ea7bd4000-7f2ea7bd6000 r-xp 00000000 08:06 9707368                    /usr/lib/x86_64-linux-gnu/libXdamage.so.1.1.0
7f2ea7bd6000-7f2ea7dd5000 ---p 00002000 08:06 9707368                    /usr/lib/x86_64-linux-gnu/libXdamage.so.1.1.0
7f2ea7dd5000-7f2ea7dd6000 r--p 00001000 08:06 9707368                    /usr/lib/x86_64-linux-gnu/libXdamage.so.1.1.0
7f2ea7dd6000-7f2ea7dd7000 rw-p 00002000 08:06 9707368                    /usr/lib/x86_64-linux-gnu/libXdamage.so.1.1.0
7f2ea7dd7000-7f2ea7dfb000 r-xp 00000000 08:06 9707746                    /usr/lib/x86_64-linux-gnu/libglapi.so.0.0.0
7f2ea7dfb000-7f2ea7ffb000 ---p 00024000 08:06 9707746                    /usr/lib/x86_64-linux-gnu/libglapi.so.0.0.0
7f2ea7ffb000-7f2ea7ffe000 r--p 00024000 08:06 9707746                    /usr/lib/x86_64-linux-gnu/libglapi.so.0.0.0
7f2ea7ffe000-7f2ea7fff000 rw-p 00027000 08:06 9707746                    /usr/lib/x86_64-linux-gnu/libglapi.so.0.0.0
7f2ea7fff000-7f2ea8000000 rw-p 00000000 00:00 0 
7f2ea8000000-7f2ea8021000 rw-p 00000000 00:00 0 
7f2ea8021000-7f2eac000000 ---p 00000000 00:00 0 
7f2eac000000-7f2eae9d7000 rw-p 00000000 00:00 0 
7f2eae9d7000-7f2eb0000000 ---p 00000000 00:00 0 
7f2eb0000000-7f2eb2048000 rw-p 00000000 00:00 0 
7f2eb2048000-7f2eb4000000 ---p 00000000 00:00 0 
7f2eb4000000-7f2eb49e0000 rw-p 00000000 00:00 0 
7f2eb49e0000-7f2eb8000000 ---p 00000000 00:00 0 
7f2eb8000000-7f2eb8021000 rw-p 00000000 00:00 0 
7f2eb8021000-7f2ebc000000 ---p 00000000 00:00 0 
7f2ebc000000-7f2ebc02a000 rw-p 00000000 00:00 0 
7f2ebc02a000-7f2ec0000000 ---p 00000000 00:00 0 
7f2ec0000000-7f2ec0021000 rw-p 00000000 00:00 0 
7f2ec0021000-7f2ec4000000 ---p 00000000 00:00 0 
7f2ec4000000-7f2ec4021000 rw-p 00000000 00:00 0 
7f2ec4021000-7f2ec8000000 ---p 00000000 00:00 0 
7f2ec8000000-7f2ec8021000 rw-p 00000000 00:00 0 
7f2ec8021000-7f2ecc000000 ---p 00000000 00:00 0 
7f2ecc024000-7f2ecc084000 rw-s 11ab25000 00:05 10956                     /dev/dri/card0
7f2ecc084000-7f2ecc124000 rw-s 11aa85000 00:05 10956                     /dev/dri/card0
7f2ecc124000-7f2ecc1b0000 r-xp 00000000 08:06 10093997                   /usr/lib/x86_64-linux-gnu/mesa/libGL.so.1.2.0
7f2ecc1b0000-7f2ecc3af000 ---p 0008c000 08:06 10093997                   /usr/lib/x86_64-linux-gnu/mesa/libGL.so.1.2.0
7f2ecc3af000-7f2ecc3b2000 r--p 0008b000 08:06 10093997                   /usr/lib/x86_64-linux-gnu/mesa/libGL.so.1.2.0
7f2ecc3b2000-7f2ecc3b3000 rw-p 0008e000 08:06 10093997                   /usr/lib/x86_64-linux-gnu/mesa/libGL.so.1.2.0
7f2ecc3b3000-7f2ecc3b4000 rw-p 00000000 00:00 0 
7f2ecc3b4000-7f2ecc3bb000 r-xp 00000000 08:06 4325423                    /tmp/jogamp_0000/file_cache/jln1062794348352078622/jln6936018716201902328/libnativewindow_x11.so
7f2ecc3bb000-7f2ecc5ba000 ---p 00007000 08:06 4325423                    /tmp/jogamp_0000/file_cache/jln1062794348352078622/jln6936018716201902328/libnativewindow_x11.so
7f2ecc5ba000-7f2ecc5bb000 rw-p 00006000 08:06 4325423                    /tmp/jogamp_0000/file_cache/jln1062794348352078622/jln6936018716201902328/libnativewindow_x11.so
7f2ecc5bb000-7f2ecc5bf000 r-xp 00000000 08:06 9707410                    /usr/lib/x86_64-linux-gnu/libXxf86vm.so.1.0.0
7f2ecc5bf000-7f2ecc7bf000 ---p 00004000 08:06 9707410                    /usr/lib/x86_64-linux-gnu/libXxf86vm.so.1.0.0
7f2ecc7bf000-7f2ecc7c0000 r--p 00004000 08:06 9707410                    /usr/lib/x86_64-linux-gnu/libXxf86vm.so.1.0.0
7f2ecc7c0000-7f2ecc7c1000 rw-p 00005000 08:06 9707410                    /usr/lib/x86_64-linux-gnu/libXxf86vm.so.1.0.0
7f2ecc7c1000-7f2ecc7c3000 r-xp 00000000 08:06 4325422                    /tmp/jogamp_0000/file_cache/jln1062794348352078622/jln6936018716201902328/libnativewindow_awt.so
7f2ecc7c3000-7f2ecc9c2000 ---p 00002000 08:06 4325422                    /tmp/jogamp_0000/file_cache/jln1062794348352078622/jln6936018716201902328/libnativewindow_awt.so
7f2ecc9c2000-7f2ecc9c3000 rw-p 00001000 08:06 4325422                    /tmp/jogamp_0000/file_cache/jln1062794348352078622/jln6936018716201902328/libnativewindow_awt.so
7f2ecc9c3000-7f2ecc9c4000 r-xp 00000000 08:06 1705755                    /usr/lib/jvm/java-7-openjdk-amd64/jre/lib/amd64/libjawt.so
7f2ecc9c4000-7f2eccbc3000 ---p 00001000 08:06 1705755                    /usr/lib/jvm/java-7-openjdk-amd64/jre/lib/amd64/libjawt.so
7f2eccbc3000-7f2eccbc4000 r--p 00000000 08:06 1705755                    /usr/lib/jvm/java-7-openjdk-amd64/jre/lib/amd64/libjawt.so
7f2eccbc4000-7f2eccbc5000 rw-p 00001000 08:06 1705755                    /usr/lib/jvm/java-7-openjdk-amd64/jre/lib/amd64/libjawt.so
7f2eccbc5000-7f2eccbc7000 r-xp 00000000 08:06 4325415                    /tmp/jogamp_0000/file_cache/jln1062794348352078622/jln6936018716201902328/libgluegen-rt.so
7f2eccbc7000-7f2eccdc6000 ---p 00002000 08:06 4325415                    /tmp/jogamp_0000/file_cache/jln1062794348352078622/jln6936018716201902328/libgluegen-rt.so
7f2eccdc6000-7f2eccdc7000 rw-p 00001000 08:06 4325415                    /tmp/jogamp_0000/file_cache/jln1062794348352078622/jln6936018716201902328/libgluegen-rt.so
7f2eccdc7000-7f2eccdca000 ---p 00000000 00:00 0 
7f2eccdca000-7f2eccec8000 rw-p 00000000 00:00 0                          [stack:18144]
7f2eccec8000-7f2eccecb000 ---p 00000000 00:00 0 
7f2eccecb000-7f2eccfc9000 rw-p 00000000 00:00 0                          [stack:18135]
7f2eccfc9000-7f2eccfcc000 ---p 00000000 00:00 0 
7f2eccfcc000-7f2ecd0ca000 rw-p 00000000 00:00 0                          [stack:18134]
7f2ecd0ca000-7f2ecd0da000 r-xp 00000000 08:06 1705761                    /usr/lib/jvm/java-7-openjdk-amd64/jre/lib/amd64/libnio.so
7f2ecd0da000-7f2ecd2da000 ---p 00010000 08:06 1705761                    /usr/lib/jvm/java-7-openjdk-amd64/jre/lib/amd64/libnio.so
7f2ecd2da000-7f2ecd2db000 r--p 00010000 08:06 1705761                    /usr/lib/jvm/java-7-openjdk-amd64/jre/lib/amd64/libnio.so
7f2ecd2db000-7f2ecd2dc000 rw-p 00011000 08:06 1705761                    /usr/lib/jvm/java-7-openjdk-amd64/jre/lib/amd64/libnio.so
7f2ecd2dc000-7f2ecd32e000 r-xp 00000000 08:06 1705740                    /usr/lib/jvm/java-7-openjdk-amd64/jre/lib/amd64/libfontmanager.so
7f2ecd32e000-7f2ecd52d000 ---p 00052000 08:06 1705740                    /usr/lib/jvm/java-7-openjdk-amd64/jre/lib/amd64/libfontmanager.so
7f2ecd52d000-7f2ecd530000 r--p 00051000 08:06 1705740                    /usr/lib/jvm/java-7-openjdk-amd64/jre/lib/amd64/libfontmanager.so
7f2ecd530000-7f2ecd531000 rw-p 00054000 08:06 1705740                    /usr/lib/jvm/java-7-openjdk-amd64/jre/lib/amd64/libfontmanager.so
7f2ecd531000-7f2ecd534000 ---p 00000000 00:00 0 
7f2ecd534000-7f2ecd632000 rw-p 00000000 00:00 0                          [stack:18132]
7f2ecd632000-7f2ecd635000 ---p 00000000 00:00 0 
7f2ecd635000-7f2ecd733000 rw-p 00000000 00:00 0                          [stack:18131]
7f2ecd733000-7f2ecd736000 ---p 00000000 00:00 0 
7f2ecd736000-7f2ecd834000 rw-p 00000000 00:00 0                          [stack:18130]
7f2ecd834000-7f2ecd837000 ---p 00000000 00:00 0 
7f2ecd837000-7f2ecd935000 rw-p 00000000 00:00 0                          [stack:18128]
7f2ecd935000-7f2ecd93a000 r-xp 00000000 08:06 9699808                    /usr/lib/x86_64-linux-gnu/libXfixes.so.3.1.0
7f2ecd93a000-7f2ecdb39000 ---p 00005000 08:06 9699808                    /usr/lib/x86_64-linux-gnu/libXfixes.so.3.1.0
7f2ecdb39000-7f2ecdb3a000 r--p 00004000 08:06 9699808                    /usr/lib/x86_64-linux-gnu/libXfixes.so.3.1.0
7f2ecdb3a000-7f2ecdb3b000 rw-p 00005000 08:06 9699808                    /usr/lib/x86_64-linux-gnu/libXfixes.so.3.1.0
7f2ecdb3b000-7f2ecdb44000 r-xp 00000000 08:06 9707366                    /usr/lib/x86_64-linux-gnu/libXcursor.so.1.0.2
7f2ecdb44000-7f2ecdd43000 ---p 00009000 08:06 9707366                    /usr/lib/x86_64-linux-gnu/libXcursor.so.1.0.2
7f2ecdd43000-7f2ecdd44000 r--p 00008000 08:06 9707366                    /usr/lib/x86_64-linux-gnu/libXcursor.so.1.0.2
7f2ecdd44000-7f2ecdd45000 rw-p 00009000 08:06 9707366                    /usr/lib/x86_64-linux-gnu/libXcursor.so.1.0.2
7f2ecdd45000-7f2ecdd5c000 r-xp 00000000 08:06 1705756                    /usr/lib/jvm/java-7-openjdk-amd64/jre/lib/amd64/libnet.so
7f2ecdd5c000-7f2ecdf5b000 ---p 00017000 08:06 1705756                    /usr/lib/jvm/java-7-openjdk-amd64/jre/lib/amd64/libnet.so
7f2ecdf5b000-7f2ecdf5c000 r--p 00016000 08:06 1705756                    /usr/lib/jvm/java-7-openjdk-amd64/jre/lib/amd64/libnet.so
7f2ecdf5c000-7f2ecdf5d000 rw-p 00017000 08:06 1705756                    /usr/lib/jvm/java-7-openjdk-amd64/jre/lib/amd64/libnet.so
7f2ecdf5d000-7f2ecdf61000 r-xp 00000000 08:06 8130528                    /lib/x86_64-linux-gnu/libgpg-error.so.0.10.0
7f2ecdf61000-7f2ece160000 ---p 00004000 08:06 8130528                    /lib/x86_64-linux-gnu/libgpg-error.so.0.10.0
7f2ece160000-7f2ece161000 r--p 00003000 08:06 8130528                    /lib/x86_64-linux-gnu/libgpg-error.so.0.10.0
7f2ece161000-7f2ece162000 rw-p 00004000 08:06 8130528                    /lib/x86_64-linux-gnu/libgpg-error.so.0.10.0
7f2ece162000-7f2ece164000 r-xp 00000000 08:06 8130538                    /lib/x86_64-linux-gnu/libkeyutils.so.1.4
7f2ece164000-7f2ece364000 ---p 00002000 08:06 8130538                    /lib/x86_64-linux-gnu/libkeyutils.so.1.4
7f2ece364000-7f2ece365000 r--p 00002000 08:06 8130538                    /lib/x86_64-linux-gnu/libkeyutils.so.1.4
7f2ece365000-7f2ece366000 rw-p 00003000 08:06 8130538                    /lib/x86_64-linux-gnu/libkeyutils.so.1.4
7f2ece366000-7f2ece3a3000 r-xp 00000000 08:06 8132557                    /lib/x86_64-linux-gnu/libpcre.so.3.13.1
7f2ece3a3000-7f2ece5a2000 ---p 0003d000 08:06 8132557                    /lib/x86_64-linux-gnu/libpcre.so.3.13.1
7f2ece5a2000-7f2ece5a3000 r--p 0003c000 08:06 8132557                    /lib/x86_64-linux-gnu/libpcre.so.3.13.1
7f2ece5a3000-7f2ece5a4000 rw-p 0003d000 08:06 8132557                    /lib/x86_64-linux-gnu/libpcre.so.3.13.1
7f2ece5a4000-7f2ece5c9000 r-xp 00000000 08:06 8130610                    /lib/x86_64-linux-gnu/libpng12.so.0.50.0
7f2ece5c9000-7f2ece7c8000 ---p 00025000 08:06 8130610                    /lib/x86_64-linux-gnu/libpng12.so.0.50.0
7f2ece7c8000-7f2ece7c9000 r--p 00024000 08:06 8130610                    /lib/x86_64-linux-gnu/libpng12.so.0.50.0
7f2ece7c9000-7f2ece7ca000 rw-p 00025000 08:06 8130610                    /lib/x86_64-linux-gnu/libpng12.so.0.50.0
7f2ece7ca000-7f2ece80e000 r-xp 00000000 08:06 8130509                    /lib/x86_64-linux-gnu/libdbus-1.so.3.7.6
7f2ece80e000-7f2ecea0d000 ---p 00044000 08:06 8130509                    /lib/x86_64-linux-gnu/libdbus-1.so.3.7.6
7f2ecea0d000-7f2ecea0e000 r--p 00043000 08:06 8130509                    /lib/x86_64-linux-gnu/libdbus-1.so.3.7.6
7f2ecea0e000-7f2ecea0f000 rw-p 00044000 08:06 8130509                    /lib/x86_64-linux-gnu/libdbus-1.so.3.7.6
7f2ecea0f000-7f2ecea4a000 r-xp 00000000 08:06 9708086                    /usr/lib/x86_64-linux-gnu/libp11-kit.so.0.0.0
7f2ecea4a000-7f2ecec49000 ---p 0003b000 08:06 9708086                    /usr/lib/x86_64-linux-gnu/libp11-kit.so.0.0.0
7f2ecec49000-7f2ecec4f000 r--p 0003a000 08:06 9708086                    /usr/lib/x86_64-linux-gnu/libp11-kit.so.0.0.0
7f2ecec4f000-7f2ecec51000 rw-p 00040000 08:06 9708086                    /usr/lib/x86_64-linux-gnu/libp11-kit.so.0.0.0
7f2ecec51000-7f2ecec63000 r-xp 00000000 08:06 9699371                    /usr/lib/x86_64-linux-gnu/libtasn1.so.6.2.0
7f2ecec63000-7f2ecee63000 ---p 00012000 08:06 9699371                    /usr/lib/x86_64-linux-gnu/libtasn1.so.6.2.0
7f2ecee63000-7f2ecee64000 r--p 00012000 08:06 9699371                    /usr/lib/x86_64-linux-gnu/libtasn1.so.6.2.0
7f2ecee64000-7f2ecee65000 rw-p 00013000 08:06 9699371                    /usr/lib/x86_64-linux-gnu/libtasn1.so.6.2.0
7f2ecee65000-7f2eceee1000 r-xp 00000000 08:06 8130502                    /lib/x86_64-linux-gnu/libgcrypt.so.11.8.2
7f2eceee1000-7f2ecf0e1000 ---p 0007c000 08:06 8130502                    /lib/x86_64-linux-gnu/libgcrypt.so.11.8.2
7f2ecf0e1000-7f2ecf0e2000 r--p 0007c000 08:06 8130502                    /lib/x86_64-linux-gnu/libgcrypt.so.11.8.2
7f2ecf0e2000-7f2ecf0e5000 rw-p 0007d000 08:06 8130502                    /lib/x86_64-linux-gnu/libgcrypt.so.11.8.2
7f2ecf0e5000-7f2ecf0ef000 r-xp 00000000 08:06 9707969                    /usr/lib/x86_64-linux-gnu/libkrb5support.so.0.1
7f2ecf0ef000-7f2ecf2ee000 ---p 0000a000 08:06 9707969                    /usr/lib/x86_64-linux-gnu/libkrb5support.so.0.1
7f2ecf2ee000-7f2ecf2ef000 r--p 00009000 08:06 9707969                    /usr/lib/x86_64-linux-gnu/libkrb5support.so.0.1
7f2ecf2ef000-7f2ecf2f0000 rw-p 0000a000 08:06 9707969                    /usr/lib/x86_64-linux-gnu/libkrb5support.so.0.1
7f2ecf2f0000-7f2ecf2f3000 r-xp 00000000 08:06 8130472                    /lib/x86_64-linux-gnu/libcom_err.so.2.1
7f2ecf2f3000-7f2ecf4f2000 ---p 00003000 08:06 8130472                    /lib/x86_64-linux-gnu/libcom_err.so.2.1
7f2ecf4f2000-7f2ecf4f3000 r--p 00002000 08:06 8130472                    /lib/x86_64-linux-gnu/libcom_err.so.2.1
7f2ecf4f3000-7f2ecf4f4000 rw-p 00003000 08:06 8130472                    /lib/x86_64-linux-gnu/libcom_err.so.2.1
7f2ecf4f4000-7f2ecf520000 r-xp 00000000 08:06 9707963                    /usr/lib/x86_64-linux-gnu/libk5crypto.so.3.1
7f2ecf520000-7f2ecf71f000 ---p 0002c000 08:06 9707963                    /usr/lib/x86_64-linux-gnu/libk5crypto.so.3.1
7f2ecf71f000-7f2ecf721000 r--p 0002b000 08:06 9707963                    /usr/lib/x86_64-linux-gnu/libk5crypto.so.3.1
7f2ecf721000-7f2ecf722000 rw-p 0002d000 08:06 9707963                    /usr/lib/x86_64-linux-gnu/libk5crypto.so.3.1
7f2ecf722000-7f2ecf723000 rw-p 00000000 00:00 0 
7f2ecf723000-7f2ecf7df000 r-xp 00000000 08:06 9707967                    /usr/lib/x86_64-linux-gnu/libkrb5.so.3.3
7f2ecf7df000-7f2ecf9df000 ---p 000bc000 08:06 9707967                    /usr/lib/x86_64-linux-gnu/libkrb5.so.3.3
7f2ecf9df000-7f2ecf9ec000 r--p 000bc000 08:06 9707967                    /usr/lib/x86_64-linux-gnu/libkrb5.so.3.3
7f2ecf9ec000-7f2ecf9ee000 rw-p 000c9000 08:06 9707967                    /usr/lib/x86_64-linux-gnu/libkrb5.so.3.3
7f2ecf9ee000-7f2ecf9f3000 r-xp 00000000 08:06 9707370                    /usr/lib/x86_64-linux-gnu/libXdmcp.so.6.0.0
7f2ecf9f3000-7f2ecfbf2000 ---p 00005000 08:06 9707370                    /usr/lib/x86_64-linux-gnu/libXdmcp.so.6.0.0
7f2ecfbf2000-7f2ecfbf3000 r--p 00004000 08:06 9707370                    /usr/lib/x86_64-linux-gnu/libXdmcp.so.6.0.0
7f2ecfbf3000-7f2ecfbf4000 rw-p 00005000 08:06 9707370                    /usr/lib/x86_64-linux-gnu/libXdmcp.so.6.0.0
7f2ecfbf4000-7f2ecfbf6000 r-xp 00000000 08:06 9707359                    /usr/lib/x86_64-linux-gnu/libXau.so.6.0.0
7f2ecfbf6000-7f2ecfdf6000 ---p 00002000 08:06 9707359                    /usr/lib/x86_64-linux-gnu/libXau.so.6.0.0
7f2ecfdf6000-7f2ecfdf7000 r--p 00002000 08:06 9707359                    /usr/lib/x86_64-linux-gnu/libXau.so.6.0.0
7f2ecfdf7000-7f2ecfdf8000 rw-p 00003000 08:06 9707359                    /usr/lib/x86_64-linux-gnu/libXau.so.6.0.0
7f2ecfdf8000-7f2ecfdff000 r-xp 00000000 08:06 9707641                    /usr/lib/x86_64-linux-gnu/libffi.so.6.0.1
7f2ecfdff000-7f2ecfffe000 ---p 00007000 08:06 9707641                    /usr/lib/x86_64-linux-gnu/libffi.so.6.0.1
7f2ecfffe000-7f2ecffff000 r--p 00006000 08:06 9707641                    /usr/lib/x86_64-linux-gnu/libffi.so.6.0.1
7f2ecffff000-7f2ed0000000 rw-p 00007000 08:06 9707641                    /usr/lib/x86_64-linux-gnu/libffi.so.6.0.1
7f2ed0000000-7f2ed0021000 rw-p 00000000 00:00 0 
7f2ed0021000-7f2ed4000000 ---p 00000000 00:00 0 
7f2ed4000000-7f2ed4546000 rw-p 00000000 00:00 0 
7f2ed4546000-7f2ed8000000 ---p 00000000 00:00 0 
7f2ed8000000-7f2ed8021000 rw-p 00000000 00:00 0 
7f2ed8021000-7f2edc000000 ---p 00000000 00:00 0 
7f2edc000000-7f2edc021000 rw-p 00000000 00:00 0 
7f2edc021000-7f2ee0000000 ---p 00000000 00:00 0 
7f2ee0000000-7f2ee069a000 rw-p 00000000 00:00 0 
7f2ee069a000-7f2ee4000000 ---p 00000000 00:00 0 
7f2ee4000000-7f2ee4021000 rw-p 00000000 00:00 0 
7f2ee4021000-7f2ee8000000 ---p 00000000 00:00 0 
7f2ee8000000-7f2ee8021000 rw-p 00000000 00:00 0 
7f2ee8021000-7f2eec000000 ---p 00000000 00:00 0 
7f2eec02b000-7f2eec0cb000 rw-s 11a9e5000 00:05 10956                     /dev/dri/card0
7f2eec0cb000-7f2eec0ce000 ---p 00000000 00:00 0 
7f2eec0ce000-7f2eec1cc000 rw-p 00000000 00:00 0                          [stack:18127]
7f2eec1cc000-7f2eec1e3000 r-xp 00000000 08:06 8126469                    /lib/x86_64-linux-gnu/libresolv-2.19.so
7f2eec1e3000-7f2eec3e3000 ---p 00017000 08:06 8126469                    /lib/x86_64-linux-gnu/libresolv-2.19.so
7f2eec3e3000-7f2eec3e4000 r--p 00017000 08:06 8126469                    /lib/x86_64-linux-gnu/libresolv-2.19.so
7f2eec3e4000-7f2eec3e5000 rw-p 00018000 08:06 8126469                    /lib/x86_64-linux-gnu/libresolv-2.19.so
7f2eec3e5000-7f2eec3e7000 rw-p 00000000 00:00 0 
7f2eec3e7000-7f2eec407000 r-xp 00000000 08:06 8130625                    /lib/x86_64-linux-gnu/libselinux.so.1
7f2eec407000-7f2eec606000 ---p 00020000 08:06 8130625                    /lib/x86_64-linux-gnu/libselinux.so.1
7f2eec606000-7f2eec607000 r--p 0001f000 08:06 8130625                    /lib/x86_64-linux-gnu/libselinux.so.1
7f2eec607000-7f2eec608000 rw-p 00020000 08:06 8130625                    /lib/x86_64-linux-gnu/libselinux.so.1
7f2eec608000-7f2eec60a000 rw-p 00000000 00:00 0 
7f2eec60a000-7f2eec710000 r-xp 00000000 08:06 8130526                    /lib/x86_64-linux-gnu/libglib-2.0.so.0.4002.0
7f2eec710000-7f2eec90f000 ---p 00106000 08:06 8130526                    /lib/x86_64-linux-gnu/libglib-2.0.so.0.4002.0
7f2eec90f000-7f2eec910000 r--p 00105000 08:06 8130526                    /lib/x86_64-linux-gnu/libglib-2.0.so.0.4002.0
7f2eec910000-7f2eec911000 rw-p 00106000 08:06 8130526                    /lib/x86_64-linux-gnu/libglib-2.0.so.0.4002.0
7f2eec911000-7f2eec912000 rw-p 00000000 00:00 0 
7f2eec912000-7f2eec915000 r-xp 00000000 08:06 9707754                    /usr/lib/x86_64-linux-gnu/libgmodule-2.0.so.0.4002.0
7f2eec915000-7f2eecb14000 ---p 00003000 08:06 9707754                    /usr/lib/x86_64-linux-gnu/libgmodule-2.0.so.0.4002.0
7f2eecb14000-7f2eecb15000 r--p 00002000 08:06 9707754                    /usr/lib/x86_64-linux-gnu/libgmodule-2.0.so.0.4002.0
7f2eecb15000-7f2eecb16000 rw-p 00003000 08:06 9707754                    /usr/lib/x86_64-linux-gnu/libgmodule-2.0.so.0.4002.0
7f2eecb16000-7f2eecb3d000 r-xp 00000000 08:06 8131913                    /lib/x86_64-linux-gnu/libexpat.so.1.6.0
7f2eecb3d000-7f2eecd3d000 ---p 00027000 08:06 8131913                    /lib/x86_64-linux-gnu/libexpat.so.1.6.0
7f2eecd3d000-7f2eecd3f000 r--p 00027000 08:06 8131913                    /lib/x86_64-linux-gnu/libexpat.so.1.6.0
7f2eecd3f000-7f2eecd40000 rw-p 00029000 08:06 8131913                    /lib/x86_64-linux-gnu/libexpat.so.1.6.0
7f2eecd40000-7f2eecddd000 r-xp 00000000 08:06 9699821                    /usr/lib/x86_64-linux-gnu/libfreetype.so.6.11.1
7f2eecddd000-7f2eecfdc000 ---p 0009d000 08:06 9699821                    /usr/lib/x86_64-linux-gnu/libfreetype.so.6.11.1
7f2eecfdc000-7f2eecfe2000 r--p 0009c000 08:06 9699821                    /usr/lib/x86_64-linux-gnu/libfreetype.so.6.11.1
7f2eecfe2000-7f2eecfe3000 rw-p 000a2000 08:06 9699821                    /usr/lib/x86_64-linux-gnu/libfreetype.so.6.11.1
7f2eecfe3000-7f2eecff2000 r-xp 00000000 08:06 9707463                    /usr/lib/x86_64-linux-gnu/libavahi-client.so.3.2.9
7f2eecff2000-7f2eed1f2000 ---p 0000f000 08:06 9707463                    /usr/lib/x86_64-linux-gnu/libavahi-client.so.3.2.9
7f2eed1f2000-7f2eed1f3000 r--p 0000f000 08:06 9707463                    /usr/lib/x86_64-linux-gnu/libavahi-client.so.3.2.9
7f2eed1f3000-7f2eed1f4000 rw-p 00010000 08:06 9707463                    /usr/lib/x86_64-linux-gnu/libavahi-client.so.3.2.9
7f2eed1f4000-7f2eed1ff000 r-xp 00000000 08:06 9707465                    /usr/lib/x86_64-linux-gnu/libavahi-common.so.3.5.3
7f2eed1ff000-7f2eed3fe000 ---p 0000b000 08:06 9707465                    /usr/lib/x86_64-linux-gnu/libavahi-common.so.3.5.3
7f2eed3fe000-7f2eed3ff000 r--p 0000a000 08:06 9707465                    /usr/lib/x86_64-linux-gnu/libavahi-common.so.3.5.3
7f2eed3ff000-7f2eed400000 rw-p 0000b000 08:06 9707465                    /usr/lib/x86_64-linux-gnu/libavahi-common.so.3.5.3
7f2eed400000-7f2eed4b6000 r-xp 00000000 08:06 9699378                    /usr/lib/x86_64-linux-gnu/libgnutls.so.26.22.6
7f2eed4b6000-7f2eed6b6000 ---p 000b6000 08:06 9699378                    /usr/lib/x86_64-linux-gnu/libgnutls.so.26.22.6
7f2eed6b6000-7f2eed6bc000 r--p 000b6000 08:06 9699378                    /usr/lib/x86_64-linux-gnu/libgnutls.so.26.22.6
7f2eed6bc000-7f2eed6bd000 rw-p 000bc000 08:06 9699378                    /usr/lib/x86_64-linux-gnu/libgnutls.so.26.22.6
7f2eed6bd000-7f2eed6be000 rw-p 00000000 00:00 0 
7f2eed6be000-7f2eed701000 r-xp 00000000 08:06 9707797                    /usr/lib/x86_64-linux-gnu/libgssapi_krb5.so.2.2
7f2eed701000-7f2eed901000 ---p 00043000 08:06 9707797                    /usr/lib/x86_64-linux-gnu/libgssapi_krb5.so.2.2
7f2eed901000-7f2eed902000 r--p 00043000 08:06 9707797                    /usr/lib/x86_64-linux-gnu/libgssapi_krb5.so.2.2
7f2eed902000-7f2eed904000 rw-p 00044000 08:06 9707797                    /usr/lib/x86_64-linux-gnu/libgssapi_krb5.so.2.2
7f2eed904000-7f2eed921000 r-xp 00000000 08:06 9708427                    /usr/lib/x86_64-linux-gnu/libxcb.so.1.1.0
7f2eed921000-7f2eedb21000 ---p 0001d000 08:06 9708427                    /usr/lib/x86_64-linux-gnu/libxcb.so.1.1.0
7f2eedb21000-7f2eedb22000 r--p 0001d000 08:06 9708427                    /usr/lib/x86_64-linux-gnu/libxcb.so.1.1.0
7f2eedb22000-7f2eedb23000 rw-p 0001e000 08:06 9708427                    /usr/lib/x86_64-linux-gnu/libxcb.so.1.1.0
7f2eedb23000-7f2eedb72000 r-xp 00000000 08:06 9707770                    /usr/lib/x86_64-linux-gnu/libgobject-2.0.so.0.4002.0
7f2eedb72000-7f2eedd72000 ---p 0004f000 08:06 9707770                    /usr/lib/x86_64-linux-gnu/libgobject-2.0.so.0.4002.0
7f2eedd72000-7f2eedd73000 r--p 0004f000 08:06 9707770                    /usr/lib/x86_64-linux-gnu/libgobject-2.0.so.0.4002.0
7f2eedd73000-7f2eedd74000 rw-p 00050000 08:06 9707770                    /usr/lib/x86_64-linux-gnu/libgobject-2.0.so.0.4002.0
7f2eedd74000-7f2eedee0000 r-xp 00000000 08:06 9707742                    /usr/lib/x86_64-linux-gnu/libgio-2.0.so.0.4002.0
7f2eedee0000-7f2eee0df000 ---p 0016c000 08:06 9707742                    /usr/lib/x86_64-linux-gnu/libgio-2.0.so.0.4002.0
7f2eee0df000-7f2eee0e3000 r--p 0016b000 08:06 9707742                    /usr/lib/x86_64-linux-gnu/libgio-2.0.so.0.4002.0
7f2eee0e3000-7f2eee0e5000 rw-p 0016f000 08:06 9707742                    /usr/lib/x86_64-linux-gnu/libgio-2.0.so.0.4002.0
7f2eee0e5000-7f2eee0e7000 rw-p 00000000 00:00 0 
7f2eee0e7000-7f2eee121000 r-xp 00000000 08:06 9707655                    /usr/lib/x86_64-linux-gnu/libfontconfig.so.1.8.0
7f2eee121000-7f2eee320000 ---p 0003a000 08:06 9707655                    /usr/lib/x86_64-linux-gnu/libfontconfig.so.1.8.0
7f2eee320000-7f2eee322000 r--p 00039000 08:06 9707655                    /usr/lib/x86_64-linux-gnu/libfontconfig.so.1.8.0
7f2eee322000-7f2eee323000 rw-p 0003b000 08:06 9707655                    /usr/lib/x86_64-linux-gnu/libfontconfig.so.1.8.0
7f2eee323000-7f2eee38f000 r-xp 00000000 08:06 9699450                    /usr/lib/x86_64-linux-gnu/libcups.so.2
7f2eee38f000-7f2eee58f000 ---p 0006c000 08:06 9699450                    /usr/lib/x86_64-linux-gnu/libcups.so.2
7f2eee58f000-7f2eee596000 r--p 0006c000 08:06 9699450                    /usr/lib/x86_64-linux-gnu/libcups.so.2
7f2eee596000-7f2eee597000 rw-p 00073000 08:06 9699450                    /usr/lib/x86_64-linux-gnu/libcups.so.2
7f2eee597000-7f2eee5a6000 r-xp 00000000 08:06 9703061                    /usr/lib/x86_64-linux-gnu/libXi.so.6.1.0
7f2eee5a6000-7f2eee7a5000 ---p 0000f000 08:06 9703061                    /usr/lib/x86_64-linux-gnu/libXi.so.6.1.0
7f2eee7a5000-7f2eee7a6000 r--p 0000e000 08:06 9703061                    /usr/lib/x86_64-linux-gnu/libXi.so.6.1.0
7f2eee7a6000-7f2eee7a7000 rw-p 0000f000 08:06 9703061                    /usr/lib/x86_64-linux-gnu/libXi.so.6.1.0
7f2eee7a7000-7f2eee7ac000 r-xp 00000000 08:06 9707400                    /usr/lib/x86_64-linux-gnu/libXtst.so.6.1.0
7f2eee7ac000-7f2eee9ab000 ---p 00005000 08:06 9707400                    /usr/lib/x86_64-linux-gnu/libXtst.so.6.1.0
7f2eee9ab000-7f2eee9ac000 r--p 00004000 08:06 9707400                    /usr/lib/x86_64-linux-gnu/libXtst.so.6.1.0
7f2eee9ac000-7f2eee9ad000 rw-p 00005000 08:06 9707400                    /usr/lib/x86_64-linux-gnu/libXtst.so.6.1.0
7f2eee9ad000-7f2eee9b6000 r-xp 00000000 08:06 9703063                    /usr/lib/x86_64-linux-gnu/libXrender.so.1.3.0
7f2eee9b6000-7f2eeebb5000 ---p 00009000 08:06 9703063                    /usr/lib/x86_64-linux-gnu/libXrender.so.1.3.0
7f2eeebb5000-7f2eeebb6000 r--p 00008000 08:06 9703063                    /usr/lib/x86_64-linux-gnu/libXrender.so.1.3.0
7f2eeebb6000-7f2eeebb7000 rw-p 00009000 08:06 9703063                    /usr/lib/x86_64-linux-gnu/libXrender.so.1.3.0
7f2eeebb7000-7f2eeece7000 r-xp 00000000 08:06 9707355                    /usr/lib/x86_64-linux-gnu/libX11.so.6.3.0
7f2eeece7000-7f2eeeee7000 ---p 00130000 08:06 9707355                    /usr/lib/x86_64-linux-gnu/libX11.so.6.3.0
7f2eeeee7000-7f2eeeee8000 r--p 00130000 08:06 9707355                    /usr/lib/x86_64-linux-gnu/libX11.so.6.3.0
7f2eeeee8000-7f2eeeeec000 rw-p 00131000 08:06 9707355                    /usr/lib/x86_64-linux-gnu/libX11.so.6.3.0
7f2eeeeec000-7f2eeeefd000 r-xp 00000000 08:06 9700536                    /usr/lib/x86_64-linux-gnu/libXext.so.6.4.0
7f2eeeefd000-7f2eef0fc000 ---p 00011000 08:06 9700536                    /usr/lib/x86_64-linux-gnu/libXext.so.6.4.0
7f2eef0fc000-7f2eef0fd000 r--p 00010000 08:06 9700536                    /usr/lib/x86_64-linux-gnu/libXext.so.6.4.0
7f2eef0fd000-7f2eef0fe000 rw-p 00011000 08:06 9700536                    /usr/lib/x86_64-linux-gnu/libXext.so.6.4.0
7f2eef0fe000-7f2eef146000 r-xp 00000000 08:06 1705841                    /usr/lib/jvm/java-7-openjdk-amd64/jre/lib/amd64/xawt/libmawt.so
7f2eef146000-7f2eef345000 ---p 00048000 08:06 1705841                    /usr/lib/jvm/java-7-openjdk-amd64/jre/lib/amd64/xawt/libmawt.so
7f2eef345000-7f2eef346000 r--p 00047000 08:06 1705841                    /usr/lib/jvm/java-7-openjdk-amd64/jre/lib/amd64/xawt/libmawt.so
7f2eef346000-7f2eef349000 rw-p 00048000 08:06 1705841                    /usr/lib/jvm/java-7-openjdk-amd64/jre/lib/amd64/xawt/libmawt.so
7f2eef349000-7f2eef34a000 rw-p 00000000 00:00 0 
7f2eef34a000-7f2eef3ea000 r-xp 00000000 08:06 1705742                    /usr/lib/jvm/java-7-openjdk-amd64/jre/lib/amd64/libawt.so
7f2eef3ea000-7f2eef5ea000 ---p 000a0000 08:06 1705742                    /usr/lib/jvm/java-7-openjdk-amd64/jre/lib/amd64/libawt.so
7f2eef5ea000-7f2eef5eb000 r--p 000a0000 08:06 1705742                    /usr/lib/jvm/java-7-openjdk-amd64/jre/lib/amd64/libawt.so
7f2eef5eb000-7f2eef5f6000 rw-p 000a1000 08:06 1705742                    /usr/lib/jvm/java-7-openjdk-amd64/jre/lib/amd64/libawt.so
7f2eef5f6000-7f2eef61b000 rw-p 00000000 00:00 0 
7f2eef61b000-7f2eef61c000 ---p 00000000 00:00 0 
7f2eef61c000-7f2eef71c000 rw-p 00000000 00:00 0                          [stack:18126]
7f2eef71c000-7f2eef71f000 ---p 00000000 00:00 0 
7f2eef71f000-7f2eef81d000 rw-p 00000000 00:00 0                          [stack:18125]
7f2eef81d000-7f2eef820000 ---p 00000000 00:00 0 
7f2eef820000-7f2eef91e000 rw-p 00000000 00:00 0                          [stack:18124]
7f2eef91e000-7f2ef0000000 r--p 00000000 08:06 9706356                    /usr/lib/locale/locale-archive
7f2ef0000000-7f2ef0021000 rw-p 00000000 00:00 0 
7f2ef0021000-7f2ef4000000 ---p 00000000 00:00 0 
7f2ef4000000-7f2ef4021000 rw-p 00000000 00:00 0 
7f2ef4021000-7f2ef8000000 ---p 00000000 00:00 0 
7f2ef8000000-7f2ef8021000 rw-p 00000000 00:00 0 
7f2ef8021000-7f2efc000000 ---p 00000000 00:00 0 
7f2efc000000-7f2efc021000 rw-p 00000000 00:00 0 
7f2efc021000-7f2f00000000 ---p 00000000 00:00 0 
7f2f00000000-7f2f00021000 rw-p 00000000 00:00 0 
7f2f00021000-7f2f04000000 ---p 00000000 00:00 0 
7f2f04009000-7f2f0400a000 rw-p 00000000 00:00 0 
7f2f0400a000-7f2f0400b000 rw-s 00000000 00:04 320422                     /drm mm object (deleted)
7f2f0400b000-7f2f0400c000 rw-s 00000000 00:04 320447                     /drm mm object (deleted)
7f2f0400c000-7f2f04014000 rw-s 00000000 00:04 321181                     /drm mm object (deleted)
7f2f04014000-7f2f0401c000 rw-s 00000000 00:04 321151                     /drm mm object (deleted)
7f2f0401c000-7f2f04024000 rw-s 00000000 00:04 321150                     /drm mm object (deleted)
7f2f04024000-7f2f0402c000 rw-s 00000000 00:04 320407                     /drm mm object (deleted)
7f2f0402c000-7f2f04034000 rw-s 00000000 00:04 321918                     /drm mm object (deleted)
7f2f04034000-7f2f0403c000 rw-s 00000000 00:04 321914                     /drm mm object (deleted)
7f2f0403c000-7f2f04044000 rw-s 00000000 00:04 321146                     /drm mm object (deleted)
7f2f04044000-7f2f0404c000 rw-s 00000000 00:04 321906                     /drm mm object (deleted)
7f2f0404c000-7f2f04054000 rw-s 00000000 00:04 321902                     /drm mm object (deleted)
7f2f04054000-7f2f04055000 rwxp 00000000 00:00 0 
7f2f04055000-7f2f04056000 rw-s 00000000 00:04 321166                     /drm mm object (deleted)
7f2f04056000-7f2f04057000 rw-s 00000000 00:04 321158                     /drm mm object (deleted)
7f2f04057000-7f2f04058000 rw-s 00000000 00:04 321147                     /drm mm object (deleted)
7f2f04058000-7f2f04059000 rw-s 00000000 00:04 321141                     /drm mm object (deleted)
7f2f04059000-7f2f0405a000 rw-s 00000000 00:04 321922                     /drm mm object (deleted)
7f2f0405a000-7f2f0405b000 rw-s 00000000 00:04 321915                     /drm mm object (deleted)
7f2f0405b000-7f2f0405c000 rw-s 00000000 00:04 321903                     /drm mm object (deleted)
7f2f0405c000-7f2f0405d000 rw-s 00000000 00:04 321894                     /drm mm object (deleted)
7f2f0405d000-7f2f04065000 rw-s 00000000 00:04 321138                     /drm mm object (deleted)
7f2f04065000-7f2f04066000 rw-s 00000000 00:04 321135                     /drm mm object (deleted)
7f2f04066000-7f2f0406e000 rw-s 00000000 00:04 321134                     /drm mm object (deleted)
7f2f0406e000-7f2f04070000 r--s 00000000 08:06 8394792                    /home/zax/workspace/UCSDUnfoldingMaps/lib/gluegen-rt-natives-linux-amd64.jar
7f2f04070000-7f2f04073000 ---p 00000000 00:00 0 
7f2f04073000-7f2f040a9000 rw-p 00000000 00:00 0                          [stack:18139]
7f2f040a9000-7f2f040ae000 r--s 0004d000 08:06 1314162                    /usr/lib/jvm/java-7-openjdk-amd64/jre/lib/jsse.jar
7f2f040ae000-7f2f040b8000 r--s 000ae000 08:06 1314158                    /usr/lib/jvm/java-7-openjdk-amd64/jre/lib/resources.jar
7f2f040b8000-7f2f040e9000 rw-p 00000000 00:00 0 
7f2f040e9000-7f2f040ef000 r--s 00033000 08:06 8394806                    /home/zax/workspace/UCSDUnfoldingMaps/lib/unfolding.0.9.7-uscd.jar
7f2f040ef000-7f2f040f4000 r--s 00309000 08:06 8394789                    /home/zax/workspace/UCSDUnfoldingMaps/lib/sqlite-jdbc-3.7.2.jar
7f2f040f4000-7f2f040f7000 ---p 00000000 00:00 0 
7f2f040f7000-7f2f041f5000 rw-p 00000000 00:00 0                          [stack:18123]
7f2f041f5000-7f2f041f8000 ---p 00000000 00:00 0 
7f2f041f8000-7f2f042f6000 rw-p 00000000 00:00 0                          [stack:18122]
7f2f042f6000-7f2f042f9000 ---p 00000000 00:00 0 
7f2f042f9000-7f2f043f7000 rw-p 00000000 00:00 0                          [stack:18121]
7f2f043f7000-7f2f043fa000 ---p 00000000 00:00 0 
7f2f043fa000-7f2f044f8000 rw-p 00000000 00:00 0                          [stack:18120]
7f2f044f8000-7f2f044f9000 ---p 00000000 00:00 0 
7f2f044f9000-7f2f09000000 rw-p 00000000 00:00 0                          [stack:18119]
7f2f09000000-7f2f09270000 rwxp 00000000 00:00 0 
7f2f09270000-7f2f0c298000 rw-p 00000000 00:00 0 
7f2f0c298000-7f2f10000000 ---p 00000000 00:00 0 
7f2f10000000-7f2f10001000 r--s 0002f000 08:06 8394805                    /home/zax/workspace/UCSDUnfoldingMaps/lib/jogl-all-natives-linux-amd64.jar
7f2f10001000-7f2f10002000 r--p 00000000 00:00 0 
7f2f10002000-7f2f10003000 r--s 00005000 08:06 8394802                    /home/zax/workspace/UCSDUnfoldingMaps/lib/libTUIO.jar
7f2f10003000-7f2f10004000 r--s 00007000 08:06 8394794                    /home/zax/workspace/UCSDUnfoldingMaps/lib/json4processing.jar
7f2f10004000-7f2f1000b000 r--s 00059000 08:06 8394793                    /home/zax/workspace/UCSDUnfoldingMaps/lib/log4j-1.2.15.jar
7f2f1000b000-7f2f1002e000 r--s 002ec000 08:06 8394800                    /home/zax/workspace/UCSDUnfoldingMaps/lib/jogl-all.jar
7f2f1002e000-7f2f10034000 r--s 00041000 08:06 8394804                    /home/zax/workspace/UCSDUnfoldingMaps/lib/gluegen-rt.jar
7f2f10034000-7f2f10038000 r--s 0009a000 08:06 8394798                    /home/zax/workspace/UCSDUnfoldingMaps/lib/core.jar
7f2f10038000-7f2f1003c000 r--s 0003c000 08:06 1578537                    /usr/lib/jvm/java-7-openjdk-amd64/jre/lib/ext/sunpkcs11.jar
7f2f1003c000-7f2f10040000 r--s 00085000 08:06 1578534                    /usr/lib/jvm/java-7-openjdk-amd64/jre/lib/ext/localedata.jar
7f2f10040000-7f2f10915000 rw-p 00000000 00:00 0 
7f2f10915000-7f2f10ac6000 r--s 01d29000 08:06 1314155                    /usr/lib/jvm/java-7-openjdk-amd64/jre/lib/rt.jar
7f2f10ac6000-7f2f11019000 rw-p 00000000 00:00 0 
7f2f11019000-7f2f1101a000 ---p 00000000 00:00 0 
7f2f1101a000-7f2f1111a000 rw-p 00000000 00:00 0                          [stack:18118]
7f2f1111a000-7f2f1111b000 ---p 00000000 00:00 0 
7f2f1111b000-7f2f1121b000 rw-p 00000000 00:00 0                          [stack:18117]
7f2f1121b000-7f2f1121c000 ---p 00000000 00:00 0 
7f2f1121c000-7f2f1131c000 rw-p 00000000 00:00 0                          [stack:18116]
7f2f1131c000-7f2f1131d000 ---p 00000000 00:00 0 
7f2f1131d000-7f2f11428000 rw-p 00000000 00:00 0                          [stack:18115]
7f2f11428000-7f2f11470000 rw-p 00000000 00:00 0 
7f2f11470000-7f2f11499000 rw-p 00000000 00:00 0 
7f2f11499000-7f2f11704000 rw-p 00000000 00:00 0 
7f2f11704000-7f2f1170f000 rw-p 00000000 00:00 0 
7f2f1170f000-7f2f11757000 rw-p 00000000 00:00 0 
7f2f11757000-7f2f11780000 rw-p 00000000 00:00 0 
7f2f11780000-7f2f119ea000 rw-p 00000000 00:00 0 
7f2f119ea000-7f2f11a0f000 rw-p 00000000 00:00 0 
7f2f11a0f000-7f2f11b34000 rw-p 00000000 00:00 0 
7f2f11b34000-7f2f11b35000 rw-p 00000000 00:00 0 
7f2f11b35000-7f2f11b3d000 r-xp 00000000 08:06 1705727                    /usr/lib/jvm/java-7-openjdk-amd64/jre/lib/amd64/libzip.so
7f2f11b3d000-7f2f11d3c000 ---p 00008000 08:06 1705727                    /usr/lib/jvm/java-7-openjdk-amd64/jre/lib/amd64/libzip.so
7f2f11d3c000-7f2f11d3d000 r--p 00007000 08:06 1705727                    /usr/lib/jvm/java-7-openjdk-amd64/jre/lib/amd64/libzip.so
7f2f11d3d000-7f2f11d3e000 rw-p 00008000 08:06 1705727                    /usr/lib/jvm/java-7-openjdk-amd64/jre/lib/amd64/libzip.so
7f2f11d3e000-7f2f11d49000 r-xp 00000000 08:06 8126483                    /lib/x86_64-linux-gnu/libnss_files-2.19.so
7f2f11d49000-7f2f11f48000 ---p 0000b000 08:06 8126483                    /lib/x86_64-linux-gnu/libnss_files-2.19.so
7f2f11f48000-7f2f11f49000 r--p 0000a000 08:06 8126483                    /lib/x86_64-linux-gnu/libnss_files-2.19.so
7f2f11f49000-7f2f11f4a000 rw-p 0000b000 08:06 8126483                    /lib/x86_64-linux-gnu/libnss_files-2.19.so
7f2f11f4a000-7f2f11f55000 r-xp 00000000 08:06 8130425                    /lib/x86_64-linux-gnu/libnss_nis-2.19.so
7f2f11f55000-7f2f12154000 ---p 0000b000 08:06 8130425                    /lib/x86_64-linux-gnu/libnss_nis-2.19.so
7f2f12154000-7f2f12155000 r--p 0000a000 08:06 8130425                    /lib/x86_64-linux-gnu/libnss_nis-2.19.so
7f2f12155000-7f2f12156000 rw-p 0000b000 08:06 8130425                    /lib/x86_64-linux-gnu/libnss_nis-2.19.so
7f2f12156000-7f2f1216d000 r-xp 00000000 08:06 8126558                    /lib/x86_64-linux-gnu/libnsl-2.19.so
7f2f1216d000-7f2f1236c000 ---p 00017000 08:06 8126558                    /lib/x86_64-linux-gnu/libnsl-2.19.so
7f2f1236c000-7f2f1236d000 r--p 00016000 08:06 8126558                    /lib/x86_64-linux-gnu/libnsl-2.19.so
7f2f1236d000-7f2f1236e000 rw-p 00017000 08:06 8126558                    /lib/x86_64-linux-gnu/libnsl-2.19.so
7f2f1236e000-7f2f12370000 rw-p 00000000 00:00 0 
7f2f12370000-7f2f12379000 r-xp 00000000 08:06 8126557                    /lib/x86_64-linux-gnu/libnss_compat-2.19.so
7f2f12379000-7f2f12578000 ---p 00009000 08:06 8126557                    /lib/x86_64-linux-gnu/libnss_compat-2.19.so
7f2f12578000-7f2f12579000 r--p 00008000 08:06 8126557                    /lib/x86_64-linux-gnu/libnss_compat-2.19.so
7f2f12579000-7f2f1257a000 rw-p 00009000 08:06 8126557                    /lib/x86_64-linux-gnu/libnss_compat-2.19.so
7f2f1257a000-7f2f125a5000 r-xp 00000000 08:06 1705764                    /usr/lib/jvm/java-7-openjdk-amd64/jre/lib/amd64/libjava.so
7f2f125a5000-7f2f127a4000 ---p 0002b000 08:06 1705764                    /usr/lib/jvm/java-7-openjdk-amd64/jre/lib/amd64/libjava.so
7f2f127a4000-7f2f127a5000 r--p 0002a000 08:06 1705764                    /usr/lib/jvm/java-7-openjdk-amd64/jre/lib/amd64/libjava.so
7f2f127a5000-7f2f127a7000 rw-p 0002b000 08:06 1705764                    /usr/lib/jvm/java-7-openjdk-amd64/jre/lib/amd64/libjava.so
7f2f127a7000-7f2f127b7000 r-xp 00000000 08:06 1705745                    /usr/lib/jvm/java-7-openjdk-amd64/jre/lib/amd64/libverify.so
7f2f127b7000-7f2f129b6000 ---p 00010000 08:06 1705745                    /usr/lib/jvm/java-7-openjdk-amd64/jre/lib/amd64/libverify.so
7f2f129b6000-7f2f129b8000 r--p 0000f000 08:06 1705745                    /usr/lib/jvm/java-7-openjdk-amd64/jre/lib/amd64/libverify.so
7f2f129b8000-7f2f129b9000 rw-p 00011000 08:06 1705745                    /usr/lib/jvm/java-7-openjdk-amd64/jre/lib/amd64/libverify.so
7f2f129b9000-7f2f129c0000 r-xp 00000000 08:06 8126566                    /lib/x86_64-linux-gnu/librt-2.19.so
7f2f129c0000-7f2f12bbf000 ---p 00007000 08:06 8126566                    /lib/x86_64-linux-gnu/librt-2.19.so
7f2f12bbf000-7f2f12bc0000 r--p 00006000 08:06 8126566                    /lib/x86_64-linux-gnu/librt-2.19.so
7f2f12bc0000-7f2f12bc1000 rw-p 00007000 08:06 8126566                    /lib/x86_64-linux-gnu/librt-2.19.so
7f2f12bc1000-7f2f12bd7000 r-xp 00000000 08:06 8130522                    /lib/x86_64-linux-gnu/libgcc_s.so.1
7f2f12bd7000-7f2f12dd6000 ---p 00016000 08:06 8130522                    /lib/x86_64-linux-gnu/libgcc_s.so.1
7f2f12dd6000-7f2f12dd7000 rw-p 00015000 08:06 8130522                    /lib/x86_64-linux-gnu/libgcc_s.so.1
7f2f12dd7000-7f2f12edc000 r-xp 00000000 08:06 8126479                    /lib/x86_64-linux-gnu/libm-2.19.so
7f2f12edc000-7f2f130db000 ---p 00105000 08:06 8126479                    /lib/x86_64-linux-gnu/libm-2.19.so
7f2f130db000-7f2f130dc000 r--p 00104000 08:06 8126479                    /lib/x86_64-linux-gnu/libm-2.19.so
7f2f130dc000-7f2f130dd000 rw-p 00105000 08:06 8126479                    /lib/x86_64-linux-gnu/libm-2.19.so
7f2f130dd000-7f2f131c3000 r-xp 00000000 08:06 9701555                    /usr/lib/x86_64-linux-gnu/libstdc++.so.6.0.19
7f2f131c3000-7f2f133c2000 ---p 000e6000 08:06 9701555                    /usr/lib/x86_64-linux-gnu/libstdc++.so.6.0.19
7f2f133c2000-7f2f133ca000 r--p 000e5000 08:06 9701555                    /usr/lib/x86_64-linux-gnu/libstdc++.so.6.0.19
7f2f133ca000-7f2f133cc000 rw-p 000ed000 08:06 9701555                    /usr/lib/x86_64-linux-gnu/libstdc++.so.6.0.19
7f2f133cc000-7f2f133e1000 rw-p 00000000 00:00 0 
7f2f133e1000-7f2f13efa000 r-xp 00000000 08:06 1705733                    /usr/lib/jvm/java-7-openjdk-amd64/jre/lib/amd64/server/libjvm.so
7f2f13efa000-7f2f140fa000 ---p 00b19000 08:06 1705733                    /usr/lib/jvm/java-7-openjdk-amd64/jre/lib/amd64/server/libjvm.so
7f2f140fa000-7f2f14194000 r--p 00b19000 08:06 1705733                    /usr/lib/jvm/java-7-openjdk-amd64/jre/lib/amd64/server/libjvm.so
7f2f14194000-7f2f141b7000 rw-p 00bb3000 08:06 1705733                    /usr/lib/jvm/java-7-openjdk-amd64/jre/lib/amd64/server/libjvm.so
7f2f141b7000-7f2f141e5000 rw-p 00000000 00:00 0 
7f2f141e5000-7f2f141fd000 r-xp 00000000 08:06 8130658                    /lib/x86_64-linux-gnu/libz.so.1.2.8
7f2f141fd000-7f2f143fc000 ---p 00018000 08:06 8130658                    /lib/x86_64-linux-gnu/libz.so.1.2.8
7f2f143fc000-7f2f143fd000 r--p 00017000 08:06 8130658                    /lib/x86_64-linux-gnu/libz.so.1.2.8
7f2f143fd000-7f2f143fe000 rw-p 00018000 08:06 8130658                    /lib/x86_64-linux-gnu/libz.so.1.2.8
7f2f143fe000-7f2f14417000 r-xp 00000000 08:06 8126564                    /lib/x86_64-linux-gnu/libpthread-2.19.so
7f2f14417000-7f2f14616000 ---p 00019000 08:06 8126564                    /lib/x86_64-linux-gnu/libpthread-2.19.so
7f2f14616000-7f2f14617000 r--p 00018000 08:06 8126564                    /lib/x86_64-linux-gnu/libpthread-2.19.so
7f2f14617000-7f2f14618000 rw-p 00019000 08:06 8126564                    /lib/x86_64-linux-gnu/libpthread-2.19.so
7f2f14618000-7f2f1461c000 rw-p 00000000 00:00 0 
7f2f1461c000-7f2f1461f000 r-xp 00000000 08:06 8126494                    /lib/x86_64-linux-gnu/libdl-2.19.so
7f2f1461f000-7f2f1481e000 ---p 00003000 08:06 8126494                    /lib/x86_64-linux-gnu/libdl-2.19.so
7f2f1481e000-7f2f1481f000 r--p 00002000 08:06 8126494                    /lib/x86_64-linux-gnu/libdl-2.19.so
7f2f1481f000-7f2f14820000 rw-p 00003000 08:06 8126494                    /lib/x86_64-linux-gnu/libdl-2.19.so
7f2f14820000-7f2f149db000 r-xp 00000000 08:06 8126563                    /lib/x86_64-linux-gnu/libc-2.19.so
7f2f149db000-7f2f14bda000 ---p 001bb000 08:06 8126563                    /lib/x86_64-linux-gnu/libc-2.19.so
7f2f14bda000-7f2f14bde000 r--p 001ba000 08:06 8126563                    /lib/x86_64-linux-gnu/libc-2.19.so
7f2f14bde000-7f2f14be0000 rw-p 001be000 08:06 8126563                    /lib/x86_64-linux-gnu/libc-2.19.so
7f2f14be0000-7f2f14be5000 rw-p 00000000 00:00 0 
7f2f14be5000-7f2f14bf2000 r-xp 00000000 08:06 1705730                    /usr/lib/jvm/java-7-openjdk-amd64/jre/lib/amd64/jli/libjli.so
7f2f14bf2000-7f2f14df1000 ---p 0000d000 08:06 1705730                    /usr/lib/jvm/java-7-openjdk-amd64/jre/lib/amd64/jli/libjli.so
7f2f14df1000-7f2f14df2000 r--p 0000c000 08:06 1705730                    /usr/lib/jvm/java-7-openjdk-amd64/jre/lib/amd64/jli/libjli.so
7f2f14df2000-7f2f14df3000 rw-p 0000d000 08:06 1705730                    /usr/lib/jvm/java-7-openjdk-amd64/jre/lib/amd64/jli/libjli.so
7f2f14df3000-7f2f14e16000 r-xp 00000000 08:06 8126560                    /lib/x86_64-linux-gnu/ld-2.19.so
7f2f14e16000-7f2f14e17000 r--s 00002000 08:06 1578535                    /usr/lib/jvm/java-7-openjdk-amd64/jre/lib/ext/dnsns.jar
7f2f14e17000-7f2f14e42000 rw-p 00000000 00:00 0 
7f2f14e42000-7f2f14ef8000 rw-p 00000000 00:00 0 
7f2f14ef8000-7f2f14efb000 ---p 00000000 00:00 0 
7f2f14efb000-7f2f14ffe000 rw-p 00000000 00:00 0                          [stack:18114]
7f2f14ffe000-7f2f15001000 r--s 0000f000 08:06 1578538                    /usr/lib/jvm/java-7-openjdk-amd64/jre/lib/ext/icedtea-sound.jar
7f2f15001000-7f2f15003000 r--s 00012000 08:06 1578539                    /usr/lib/jvm/java-7-openjdk-amd64/jre/lib/ext/zipfs.jar
7f2f15003000-7f2f15007000 r--s 00034000 08:06 1578536                    /usr/lib/jvm/java-7-openjdk-amd64/jre/lib/ext/sunjce_provider.jar
7f2f15007000-7f2f15009000 r--s 00006000 08:06 10103544                   /usr/share/java/java-atk-wrapper.jar
7f2f15009000-7f2f15011000 rw-s 00000000 08:06 4325424                    /tmp/hsperfdata_zax/18108
7f2f15011000-7f2f15012000 rw-p 00000000 00:00 0 
7f2f15012000-7f2f15013000 r--p 00000000 00:00 0 
7f2f15013000-7f2f15015000 rw-p 00000000 00:00 0 
7f2f15015000-7f2f15016000 r--p 00022000 08:06 8126560                    /lib/x86_64-linux-gnu/ld-2.19.so
7f2f15016000-7f2f15017000 rw-p 00023000 08:06 8126560                    /lib/x86_64-linux-gnu/ld-2.19.so
7f2f15017000-7f2f15018000 rw-p 00000000 00:00 0 
7fff1a1b2000-7fff1a1d3000 rw-p 00000000 00:00 0                          [stack]
7fff1a1fa000-7fff1a1fc000 r-xp 00000000 00:00 0                          [vdso]
7fff1a1fc000-7fff1a1fe000 r--p 00000000 00:00 0                          [vvar]
ffffffffff600000-ffffffffff601000 r-xp 00000000 00:00 0                  [vsyscall]

VM Arguments:
jvm_args: -Djava.security.policy=java.policy.applet -Dfile.encoding=UTF-8 
java_command: sun.applet.AppletViewer module3.EarthquakeCityMap1443400710874.html
Launcher Type: SUN_STANDARD

Environment Variables:
PATH=/home/zax/.rvm/gems/ruby-2.2.1/bin:/home/zax/.rvm/gems/ruby-2.2.1@global/bin:/home/zax/.rvm/rubies/ruby-2.2.1/bin:/usr/local/sbin:/usr/local/bin:/usr/sbin:/usr/bin:/sbin:/bin:/usr/games:/usr/local/games:/home/zax/.rvm/bin
SHELL=/bin/bash
DISPLAY=:0.0

Signal Handlers:
SIGSEGV: [libjvm.so+0x94bab0], sa_mask[0]=0x7ffbfeff, sa_flags=0x10000004
SIGBUS: [libjvm.so+0x94bab0], sa_mask[0]=0x7ffbfeff, sa_flags=0x10000004
SIGFPE: [libjvm.so+0x7c38b0], sa_mask[0]=0x7ffbfeff, sa_flags=0x10000004
SIGPIPE: [libjvm.so+0x7c38b0], sa_mask[0]=0x7ffbfeff, sa_flags=0x10000004
SIGXFSZ: [libjvm.so+0x7c38b0], sa_mask[0]=0x7ffbfeff, sa_flags=0x10000004
SIGILL: [libjvm.so+0x7c38b0], sa_mask[0]=0x7ffbfeff, sa_flags=0x10000004
SIGUSR1: SIG_DFL, sa_mask[0]=0x00000000, sa_flags=0x00000000
SIGUSR2: [libjvm.so+0x7c3750], sa_mask[0]=0x00000004, sa_flags=0x10000004
SIGHUP: [libjvm.so+0x7c3930], sa_mask[0]=0x7ffbfeff, sa_flags=0x10000004
SIGINT: [libjvm.so+0x7c3930], sa_mask[0]=0x7ffbfeff, sa_flags=0x10000004
SIGTERM: [libjvm.so+0x7c3930], sa_mask[0]=0x7ffbfeff, sa_flags=0x10000004
SIGQUIT: [libjvm.so+0x7c3930], sa_mask[0]=0x7ffbfeff, sa_flags=0x10000004
SIGTRAP: SIG_DFL, sa_mask[0]=0x00000000, sa_flags=0x00000000


---------------  S Y S T E M  ---------------

OS:Ubuntu 14.04 (trusty)
uname:Linux 3.16.0-49-generic #65~14.04.1-Ubuntu SMP Wed Sep 9 10:03:23 UTC 2015 x86_64
libc:glibc 2.19 NPTL 2.19 
rlimit: STACK 8192k, CORE 0k, NPROC 31248, NOFILE 4096, AS infinity
load average:0.10 0.25 0.26

/proc/meminfo:
MemTotal:        8098904 kB
MemFree:         2096680 kB
MemAvailable:    4806636 kB
Buffers:          364836 kB
Cached:          2995576 kB
SwapCached:            0 kB
Active:          4349944 kB
Inactive:        1249600 kB
Active(anon):    2245660 kB
Inactive(anon):   629840 kB
Active(file):    2104284 kB
Inactive(file):   619760 kB
Unevictable:          32 kB
Mlocked:              32 kB
SwapTotal:       8310780 kB
SwapFree:        8310780 kB
Dirty:              1320 kB
Writeback:             0 kB
AnonPages:       2239324 kB
Mapped:           411208 kB
Shmem:            636372 kB
Slab:             275376 kB
SReclaimable:     239316 kB
SUnreclaim:        36060 kB
KernelStack:        9008 kB
PageTables:        31800 kB
NFS_Unstable:          0 kB
Bounce:                0 kB
WritebackTmp:          0 kB
CommitLimit:    12360232 kB
Committed_AS:    6899864 kB
VmallocTotal:   34359738367 kB
VmallocUsed:      558624 kB
VmallocChunk:   34359094256 kB
HardwareCorrupted:     0 kB
AnonHugePages:    931840 kB
HugePages_Total:       0
HugePages_Free:        0
HugePages_Rsvd:        0
HugePages_Surp:        0
Hugepagesize:       2048 kB
DirectMap4k:       60160 kB
DirectMap2M:     3008512 kB
DirectMap1G:     5242880 kB


CPU:total 4 (2 cores per cpu, 2 threads per core) family 6 model 69 stepping 1, cmov, cx8, fxsr, mmx, sse, sse2, sse3, ssse3, sse4.1, sse4.2, popcnt, avx, avx2, aes, erms, ht, tsc, tscinvbit

/proc/cpuinfo:
processor	: 0
vendor_id	: GenuineIntel
cpu family	: 6
model		: 69
model name	: Intel(R) Core(TM) i5-4210U CPU @ 1.70GHz
stepping	: 1
microcode	: 0x1c
cpu MHz		: 2631.750
cache size	: 3072 KB
physical id	: 0
siblings	: 4
core id		: 0
cpu cores	: 2
apicid		: 0
initial apicid	: 0
fpu		: yes
fpu_exception	: yes
cpuid level	: 13
wp		: yes
flags		: fpu vme de pse tsc msr pae mce cx8 apic sep mtrr pge mca cmov pat pse36 clflush dts acpi mmx fxsr sse sse2 ss ht tm pbe syscall nx pdpe1gb rdtscp lm constant_tsc arch_perfmon pebs bts rep_good nopl xtopology nonstop_tsc aperfmperf eagerfpu pni pclmulqdq dtes64 monitor ds_cpl vmx est tm2 ssse3 fma cx16 xtpr pdcm pcid sse4_1 sse4_2 movbe popcnt tsc_deadline_timer aes xsave avx f16c rdrand lahf_lm abm ida arat epb xsaveopt pln pts dtherm tpr_shadow vnmi flexpriority ept vpid fsgsbase tsc_adjust bmi1 avx2 smep bmi2 erms invpcid
bogomips	: 4788.91
clflush size	: 64
cache_alignment	: 64
address sizes	: 39 bits physical, 48 bits virtual
power management:

processor	: 1
vendor_id	: GenuineIntel
cpu family	: 6
model		: 69
model name	: Intel(R) Core(TM) i5-4210U CPU @ 1.70GHz
stepping	: 1
microcode	: 0x1c
cpu MHz		: 2555.812
cache size	: 3072 KB
physical id	: 0
siblings	: 4
core id		: 0
cpu cores	: 2
apicid		: 1
initial apicid	: 1
fpu		: yes
fpu_exception	: yes
cpuid level	: 13
wp		: yes
flags		: fpu vme de pse tsc msr pae mce cx8 apic sep mtrr pge mca cmov pat pse36 clflush dts acpi mmx fxsr sse sse2 ss ht tm pbe syscall nx pdpe1gb rdtscp lm constant_tsc arch_perfmon pebs bts rep_good nopl xtopology nonstop_tsc aperfmperf eagerfpu pni pclmulqdq dtes64 monitor ds_cpl vmx est tm2 ssse3 fma cx16 xtpr pdcm pcid sse4_1 sse4_2 movbe popcnt tsc_deadline_timer aes xsave avx f16c rdrand lahf_lm abm ida arat epb xsaveopt pln pts dtherm tpr_shadow vnmi flexpriority ept vpid fsgsbase tsc_adjust bmi1 avx2 smep bmi2 erms invpcid
bogomips	: 4788.91
clflush size	: 64
cache_alignment	: 64
address sizes	: 39 bits physical, 48 bits virtual
power management:

processor	: 2
vendor_id	: GenuineIntel
cpu family	: 6
model		: 69
model name	: Intel(R) Core(TM) i5-4210U CPU @ 1.70GHz
stepping	: 1
microcode	: 0x1c
cpu MHz		: 2161.218
cache size	: 3072 KB
physical id	: 0
siblings	: 4
core id		: 1
cpu cores	: 2
apicid		: 2
initial apicid	: 2
fpu		: yes
fpu_exception	: yes
cpuid level	: 13
wp		: yes
flags		: fpu vme de pse tsc msr pae mce cx8 apic sep mtrr pge mca cmov pat pse36 clflush dts acpi mmx fxsr sse sse2 ss ht tm pbe syscall nx pdpe1gb rdtscp lm constant_tsc arch_perfmon pebs bts rep_good nopl xtopology nonstop_tsc aperfmperf eagerfpu pni pclmulqdq dtes64 monitor ds_cpl vmx est tm2 ssse3 fma cx16 xtpr pdcm pcid sse4_1 sse4_2 movbe popcnt tsc_deadline_timer aes xsave avx f16c rdrand lahf_lm abm ida arat epb xsaveopt pln pts dtherm tpr_shadow vnmi flexpriority ept vpid fsgsbase tsc_adjust bmi1 avx2 smep bmi2 erms invpcid
bogomips	: 4788.91
clflush size	: 64
cache_alignment	: 64
address sizes	: 39 bits physical, 48 bits virtual
power management:

processor	: 3
vendor_id	: GenuineIntel
cpu family	: 6
model		: 69
model name	: Intel(R) Core(TM) i5-4210U CPU @ 1.70GHz
stepping	: 1
microcode	: 0x1c
cpu MHz		: 2592.187
cache size	: 3072 KB
physical id	: 0
siblings	: 4
core id		: 1
cpu cores	: 2
apicid		: 3
initial apicid	: 3
fpu		: yes
fpu_exception	: yes
cpuid level	: 13
wp		: yes
flags		: fpu vme de pse tsc msr pae mce cx8 apic sep mtrr pge mca cmov pat pse36 clflush dts acpi mmx fxsr sse sse2 ss ht tm pbe syscall nx pdpe1gb rdtscp lm constant_tsc arch_perfmon pebs bts rep_good nopl xtopology nonstop_tsc aperfmperf eagerfpu pni pclmulqdq dtes64 monitor ds_cpl vmx est tm2 ssse3 fma cx16 xtpr pdcm pcid sse4_1 sse4_2 movbe popcnt tsc_deadline_timer aes xsave avx f16c rdrand lahf_lm abm ida arat epb xsaveopt pln pts dtherm tpr_shadow vnmi flexpriority ept vpid fsgsbase tsc_adjust bmi1 avx2 smep bmi2 erms invpcid
bogomips	: 4788.91
clflush size	: 64
cache_alignment	: 64
address sizes	: 39 bits physical, 48 bits virtual
power management:



Memory: 4k page, physical 8098904k(2096680k free), swap 8310780k(8310780k free)

vm_info: OpenJDK 64-Bit Server VM (24.79-b02) for linux-amd64 JRE (1.7.0_79-b14), built on Jul 24 2015 08:15:54 by "buildd" with gcc 4.8.2

time: Sun Sep 27 17:38:35 2015
elapsed time: 4 seconds

