#
# A fatal error has been detected by the Java Runtime Environment:
#
#  SIGSEGV (0xb) at pc=0x00007f275b7d0b28, pid=15111, tid=139808281536256
#
# JRE version: OpenJDK Runtime Environment (7.0_79-b14) (build 1.7.0_79-b14)
# Java VM: OpenJDK 64-Bit Server VM (24.79-b02 mixed mode linux-amd64 compressed oops)
# Derivative: IcedTea 2.5.6
# Distribution: Ubuntu 14.04 LTS, package 7u79-2.5.6-0ubuntu1.14.04.1
# Problematic frame:
# C  [i965_dri.so+0x2f2b28]
#
# Failed to write core dump. Core dumps have been disabled. To enable core dumping, try "ulimit -c unlimited" before starting Java again
#
# If you would like to submit a bug report, please include
# instructions on how to reproduce the bug and visit:
#   http://icedtea.classpath.org/bugzilla
# The crash happened outside the Java Virtual Machine in native code.
# See problematic frame for where to report the bug.
#

---------------  T H R E A D  ---------------

Current thread (0x00007f277c008000):  JavaThread "AWT-EventQueue-1" [_thread_in_native, id=15139, stack(0x00007f27a6e52000,0x00007f27a6f53000)]

siginfo:si_signo=SIGSEGV: si_errno=0, si_code=1 (SEGV_MAPERR), si_addr=0x0000000100000000

Registers:
RAX=0x00007f275b7d0b20, RBX=0x00007f2768fbfee0, RCX=0x0000000000000000, RDX=0x0000000000000001
RSP=0x00007f27a6f50760, RBP=0x00007f276c7bd110, RSI=0x00007f2768fbffc0, RDI=0x0000000100000000
R8 =0x0000000000000000, R9 =0x00007f27a5fb79c0, R10=0x00007f27c47d7d6c, R11=0x00007f27cd9872f0
R12=0x00007f276c7d9750, R13=0x0000000000000000, R14=0x00007f276c7bd220, R15=0x0000000000000000
RIP=0x00007f275b7d0b28, EFLAGS=0x0000000000010206, CSGSFS=0x0000000000000033, ERR=0x0000000000000004
  TRAPNO=0x000000000000000e

Top of Stack: (sp=0x00007f27a6f50760)
0x00007f27a6f50760:   00007f27a6f50850 0000000000000000
0x00007f27a6f50770:   00007f2768fbfee0 00007f276c7bd110
0x00007f27a6f50780:   00007f276c7d9750 00007f27a5fb7a4e
0x00007f27a6f50790:   00007f27a6f507c8 00007f27a6202640
0x00007f27a6f507a0:   00007f276c777660 00007f2700000000
0x00007f27a6f507b0:   0000000000000000 0000000000000000
0x00007f27a6f507c0:   00007f27a6f50820 00007f2768fbfee0
0x00007f27a6f507d0:   000000000540002e 000000077b02fa58
0x00007f27a6f507e0:   00007f27a6f50850 0000000000000000
0x00007f27a6f507f0:   000000077b02fa58 00007f27a6f50920
0x00007f27a6f50800:   00007f277c008000 00007f27a48f6849
0x00007f27a6f50810:   0000000000000000 00007f27a5f909b0
0x00007f27a6f50820:   000000000540002e 00007f276c777660
0x00007f27a6f50830:   00007f27a6f508e8 00007f277c0081d8
0x00007f27a6f50840:   00000007d72cbd58 00007f27a5f909b0
0x00007f27a6f50850:   00007f27a6f508d8 00007f27c47d7d98
0x00007f27a6f50860:   000000077b16b398 0000000000000000
0x00007f27a6f50870:   000000077b16a778 0000000000000000
0x00007f27a6f50880:   00007f27a6f50898 00007f27a6f508e8
0x00007f27a6f50890:   00007f27a6f50890 00007f27a6f50898
0x00007f27a6f508a0:   0000000000000000 00007f27a6f50920
0x00007f27a6f508b0:   000000077b0319d0 0000000000000000
0x00007f27a6f508c0:   000000077b02fa58 0000000000000000
0x00007f27a6f508d0:   00007f27a6f508f8 00007f27a6f50968
0x00007f27a6f508e0:   00007f27c47cb058 00000007d8ca98c8
0x00007f27a6f508f0:   00007f27c47d3cd8 00007f27a5f909b0
0x00007f27a6f50900:   000000077b0430b0 000000000540002e
0x00007f27a6f50910:   000000077b014518 00007f276c777660
0x00007f27a6f50920:   00000007d8ca9bf0 00007f27a6f50928
0x00007f27a6f50930:   000000077b02f989 00007f27a6f509a0
0x00007f27a6f50940:   000000077b0319d0 0000000000000000
0x00007f27a6f50950:   000000077b02f998 00007f27a6f508f8 

Instructions: (pc=0x00007f275b7d0b28)
0x00007f275b7d0b08:   0f 1f 84 00 00 00 00 00 48 83 c4 10 5b 5d 41 5c
0x00007f275b7d0b18:   c3 0f 1f 80 00 00 00 00 41 54 55 53 48 83 ec 10
0x00007f275b7d0b28:   48 8b 1f 48 85 db 74 3d f6 83 40 05 00 00 01 49
0x00007f275b7d0b38:   89 f4 89 cd 75 72 83 e2 01 75 5d 83 e5 fd 74 38 

Register to memory mapping:

RAX=0x00007f275b7d0b20: <offset 0x2f2b20> in /usr/lib/x86_64-linux-gnu/dri/i965_dri.so at 0x00007f275b4de000
RBX=0x00007f2768fbfee0 is an unknown value
RCX=0x0000000000000000 is an unknown value
RDX=0x0000000000000001 is an unknown value
RSP=0x00007f27a6f50760 is pointing into the stack for thread: 0x00007f277c008000
RBP=0x00007f276c7bd110 is an unknown value
RSI=0x00007f2768fbffc0 is an unknown value
RDI=0x0000000100000000 is an unknown value
R8 =0x0000000000000000 is an unknown value
R9 =0x00007f27a5fb79c0: <offset 0x439c0> in /usr/lib/x86_64-linux-gnu/mesa/libGL.so.1 at 0x00007f27a5f74000
R10=0x00007f27c47d7d6c is at code_begin+620 in an Interpreter codelet
method entry point (kind = native)  [0x00007f27c47d7b00, 0x00007f27c47d8360]  2144 bytes
R11=0x00007f27cd9872f0: <offset 0x85d2f0> in /usr/lib/jvm/java-7-openjdk-amd64/jre/lib/amd64/server/libjvm.so at 0x00007f27cd12a000
R12=0x00007f276c7d9750 is an unknown value
R13=0x0000000000000000 is an unknown value
R14=0x00007f276c7bd220 is an unknown value
R15=0x0000000000000000 is an unknown value


Stack: [0x00007f27a6e52000,0x00007f27a6f53000],  sp=0x00007f27a6f50760,  free space=1017k
Native frames: (J=compiled Java code, j=interpreted, Vv=VM code, C=native code)
C  [i965_dri.so+0x2f2b28]

Java frames: (J=compiled Java code, j=interpreted, Vv=VM code)
j  jogamp.opengl.x11.glx.GLX.dispatch_glXSwapBuffers0(JJJ)V+0
j  jogamp.opengl.x11.glx.GLX.glXSwapBuffers(JJ)V+41
j  jogamp.opengl.x11.glx.X11GLXDrawable.swapBuffersImpl(Z)V+17
j  jogamp.opengl.GLDrawableImpl.swapBuffers()V+67
j  javax.media.opengl.awt.GLCanvas$12.run()V+45
j  java.awt.event.InvocationEvent.dispatch()V+11
j  java.awt.EventQueue.dispatchEventImpl(Ljava/awt/AWTEvent;Ljava/lang/Object;)V+21
j  java.awt.EventQueue.access$300(Ljava/awt/EventQueue;Ljava/awt/AWTEvent;Ljava/lang/Object;)V+3
j  java.awt.EventQueue$3.run()Ljava/lang/Void;+12
j  java.awt.EventQueue$3.run()Ljava/lang/Object;+1
v  ~StubRoutines::call_stub
j  java.security.AccessController.doPrivileged(Ljava/security/PrivilegedAction;Ljava/security/AccessControlContext;)Ljava/lang/Object;+0
j  java.security.ProtectionDomain$1.doIntersectionPrivilege(Ljava/security/PrivilegedAction;Ljava/security/AccessControlContext;Ljava/security/AccessControlContext;)Ljava/lang/Object;+28
j  java.awt.EventQueue.dispatchEvent(Ljava/awt/AWTEvent;)V+46
j  java.awt.EventDispatchThread.pumpOneEventForFilters(I)V+245
j  java.awt.EventDispatchThread.pumpEventsForFilter(ILjava/awt/Conditional;Ljava/awt/EventFilter;)V+35
j  java.awt.EventDispatchThread.pumpEventsForHierarchy(ILjava/awt/Conditional;Ljava/awt/Component;)V+11
j  java.awt.EventDispatchThread.pumpEvents(ILjava/awt/Conditional;)V+4
j  java.awt.EventDispatchThread.pumpEvents(Ljava/awt/Conditional;)V+3
j  java.awt.EventDispatchThread.run()V+9
v  ~StubRoutines::call_stub

---------------  P R O C E S S  ---------------

Java Threads: ( => current thread )
  0x00007f27693fd000 JavaThread "Thread-3" [_thread_blocked, id=15150, stack(0x00007f27a6d51000,0x00007f27a6e52000)]
  0x00007f276c1c8800 JavaThread "Animation Thread-SharedResourceRunner" daemon [_thread_blocked, id=15149, stack(0x00007f27a6c17000,0x00007f27a6d18000)]
  0x00007f276c087000 JavaThread "process reaper" daemon [_thread_blocked, id=15144, stack(0x00007f27a6d18000,0x00007f27a6d51000)]
=>0x00007f277c008000 JavaThread "AWT-EventQueue-1" [_thread_in_native, id=15139, stack(0x00007f27a6e52000,0x00007f27a6f53000)]
  0x00007f27c800a800 JavaThread "DestroyJavaVM" [_thread_blocked, id=15119, stack(0x00007f27cec41000,0x00007f27ced42000)]
  0x00007f27c8259000 JavaThread "AWT-EventQueue-0" [_thread_blocked, id=15137, stack(0x00007f27a73ba000,0x00007f27a74bb000)]
  0x00007f27c8255800 JavaThread "AWT-Shutdown" [_thread_blocked, id=15136, stack(0x00007f27a74bb000,0x00007f27a75bc000)]
  0x00007f27c824e800 JavaThread "thread applet-geoLocation.LifeExpectency.class" [_thread_blocked, id=15135, stack(0x00007f27a75bc000,0x00007f27a76bd000)]
  0x00007f27c823f000 JavaThread "AWT-XAWT" daemon [_thread_blocked, id=15133, stack(0x00007f27a76bd000,0x00007f27a77be000)]
  0x00007f27c821a000 JavaThread "Java2D Disposer" daemon [_thread_blocked, id=15132, stack(0x00007f27a7bce000,0x00007f27a7ccf000)]
  0x00007f27c80ae800 JavaThread "Service Thread" daemon [_thread_blocked, id=15130, stack(0x00007f27c1885000,0x00007f27c1986000)]
  0x00007f27c80ac800 JavaThread "C2 CompilerThread1" daemon [_thread_blocked, id=15129, stack(0x00007f27c1986000,0x00007f27c1a87000)]
  0x00007f27c80a9800 JavaThread "C2 CompilerThread0" daemon [_thread_blocked, id=15128, stack(0x00007f27c1a87000,0x00007f27c1b88000)]
  0x00007f27c80a7000 JavaThread "Signal Dispatcher" daemon [_thread_blocked, id=15127, stack(0x00007f27c1b88000,0x00007f27c1c89000)]
  0x00007f27c807c000 JavaThread "Finalizer" daemon [_thread_blocked, id=15126, stack(0x00007f27c236b000,0x00007f27c246c000)]
  0x00007f27c807a000 JavaThread "Reference Handler" daemon [_thread_blocked, id=15125, stack(0x00007f27c246c000,0x00007f27c256d000)]

Other Threads:
  0x00007f27c8075800 VMThread [stack: 0x00007f27c256d000,0x00007f27c266e000] [id=15124]
  0x00007f27c80b9800 WatcherThread [stack: 0x00007f27c1784000,0x00007f27c1885000] [id=15131]

VM state:not at safepoint (normal execution)

VM Mutex/Monitor currently owned by a thread: None

Heap
 PSYoungGen      total 37376K, used 12311K [0x00000007d6c80000, 0x00000007db580000, 0x0000000800000000)
  eden space 32256K, 22% used [0x00000007d6c80000,0x00000007d738a3f0,0x00000007d8c00000)
  from space 5120K, 99% used [0x00000007d8c00000,0x00000007d90fb938,0x00000007d9100000)
  to   space 5120K, 0% used [0x00000007db080000,0x00000007db080000,0x00000007db580000)
 ParOldGen       total 83968K, used 1229K [0x0000000784600000, 0x0000000789800000, 0x00000007d6c80000)
  object space 83968K, 1% used [0x0000000784600000,0x00000007847334b8,0x0000000789800000)
 PSPermGen       total 21504K, used 18611K [0x000000077a000000, 0x000000077b500000, 0x0000000784600000)
  object space 21504K, 86% used [0x000000077a000000,0x000000077b22cd68,0x000000077b500000)

Card table byte_map: [0x00007f27c4394000,0x00007f27c47c5000] byte_map_base: 0x00007f27c07c4000

Polling page: 0x00007f27ced5b000

Code Cache  [0x00007f27c47c5000, 0x00007f27c4a35000, 0x00007f27c77c5000)
 total_blobs=952 nmethods=65 adapters=840 free_code_cache=48270Kb largest_free_block=49418368

Compilation events (10 events):
Event: 1.374 Thread 0x00007f27c80ac800   61             java.lang.Math::max (11 bytes)
Event: 1.374 Thread 0x00007f27c80ac800 nmethod 61 0x00007f27c484b950 code [0x00007f27c484ba80, 0x00007f27c484bab8]
Event: 1.382 Thread 0x00007f27c80a9800   62             com.jogamp.common.util.IntIntHashMap::get (52 bytes)
Event: 1.385 Thread 0x00007f27c80a9800 nmethod 62 0x00007f27c489ec90 code [0x00007f27c489ede0, 0x00007f27c489eef8]
Event: 1.388 Thread 0x00007f27c80ac800   63             jogamp.opengl.gl4.GL4bcImpl::glGetIntegerv (125 bytes)
Event: 1.388 Thread 0x00007f27c80a9800   64             jogamp.opengl.GLStateTracker::getInt (32 bytes)
Event: 1.390 Thread 0x00007f27c80a9800 nmethod 64 0x00007f27c489e750 code [0x00007f27c489e8a0, 0x00007f27c489ea58]
Event: 1.390 Thread 0x00007f27c80a9800   65             com.jogamp.opengl.util.GLBuffers::glGetInteger (13 bytes)
Event: 1.396 Thread 0x00007f27c80ac800 nmethod 63 0x00007f27c489dc50 code [0x00007f27c489de00, 0x00007f27c489e1e8]
Event: 1.398 Thread 0x00007f27c80a9800 nmethod 65 0x00007f27c48a1750 code [0x00007f27c48a1920, 0x00007f27c48a1d48]

GC Heap History (2 events):
Event: 1.153 GC heap before
{Heap before GC invocations=1 (full 0):
 PSYoungGen      total 37376K, used 32256K [0x00000007d6c80000, 0x00000007d9600000, 0x0000000800000000)
  eden space 32256K, 100% used [0x00000007d6c80000,0x00000007d8c00000,0x00000007d8c00000)
  from space 5120K, 0% used [0x00000007d9100000,0x00000007d9100000,0x00000007d9600000)
  to   space 5120K, 0% used [0x00000007d8c00000,0x00000007d8c00000,0x00000007d9100000)
 ParOldGen       total 83968K, used 0K [0x0000000784600000, 0x0000000789800000, 0x00000007d6c80000)
  object space 83968K, 0% used [0x0000000784600000,0x0000000784600000,0x0000000789800000)
 PSPermGen       total 21504K, used 17369K [0x000000077a000000, 0x000000077b500000, 0x0000000784600000)
  object space 21504K, 80% used [0x000000077a000000,0x000000077b0f6548,0x000000077b500000)
Event: 1.166 GC heap after
Heap after GC invocations=1 (full 0):
 PSYoungGen      total 37376K, used 5102K [0x00000007d6c80000, 0x00000007db580000, 0x0000000800000000)
  eden space 32256K, 0% used [0x00000007d6c80000,0x00000007d6c80000,0x00000007d8c00000)
  from space 5120K, 99% used [0x00000007d8c00000,0x00000007d90fb938,0x00000007d9100000)
  to   space 5120K, 0% used [0x00000007db080000,0x00000007db080000,0x00000007db580000)
 ParOldGen       total 83968K, used 1229K [0x0000000784600000, 0x0000000789800000, 0x00000007d6c80000)
  object space 83968K, 1% used [0x0000000784600000,0x00000007847334b8,0x0000000789800000)
 PSPermGen       total 21504K, used 17369K [0x000000077a000000, 0x000000077b500000, 0x0000000784600000)
  object space 21504K, 80% used [0x000000077a000000,0x000000077b0f6548,0x000000077b500000)
}

Deoptimization events (7 events):
Event: 0.266 Thread 0x00007f27c800a800 Uncommon trap: reason=class_check action=maybe_recompile pc=0x00007f27c482aa04 method=java.util.Properties$LineReader.readLine()I @ 62
Event: 0.267 Thread 0x00007f27c800a800 Uncommon trap: reason=class_check action=maybe_recompile pc=0x00007f27c482aa04 method=java.util.Properties$LineReader.readLine()I @ 62
Event: 0.268 Thread 0x00007f27c800a800 Uncommon trap: reason=class_check action=maybe_recompile pc=0x00007f27c482aa04 method=java.util.Properties$LineReader.readLine()I @ 62
Event: 0.268 Thread 0x00007f27c800a800 Uncommon trap: reason=class_check action=maybe_recompile pc=0x00007f27c482aa04 method=java.util.Properties$LineReader.readLine()I @ 62
Event: 1.110 Thread 0x00007f276c1c8800 Uncommon trap: reason=unreached action=reinterpret pc=0x00007f27c4893f64 method=java.lang.Class.searchFields([Ljava/lang/reflect/Field;Ljava/lang/String;)Ljava/lang/reflect/Field; @ 20
Event: 1.410 Thread 0x00007f277c008000 Uncommon trap: reason=unreached action=reinterpret pc=0x00007f27c489ee98 method=com.jogamp.common.util.IntIntHashMap.get(I)I @ 19
Event: 1.432 Thread 0x00007f277c008000 Uncommon trap: reason=unreached action=reinterpret pc=0x00007f27c4843e74 method=java.lang.AbstractStringBuilder.append(Ljava/lang/String;)Ljava/lang/AbstractStringBuilder; @ 1

Internal exceptions (10 events):
Event: 1.452 Thread 0x00007f277c008000 Threw 0x00000007d72a9318 at /build/openjdk-7-FO0dNI/openjdk-7-7u79-2.5.6/build/openjdk/hotspot/src/share/vm/prims/jvm.cpp:1284
Event: 1.453 Thread 0x00007f277c008000 Threw 0x00000007d72b1dc8 at /build/openjdk-7-FO0dNI/openjdk-7-7u79-2.5.6/build/openjdk/hotspot/src/share/vm/prims/jvm.cpp:1284
Event: 1.454 Thread 0x00007f277c008000 Threw 0x00000007d72b94b8 at /build/openjdk-7-FO0dNI/openjdk-7-7u79-2.5.6/build/openjdk/hotspot/src/share/vm/prims/jni.cpp:721
Event: 1.454 Thread 0x00007f277c008000 Threw 0x00000007d72bebb0 at /build/openjdk-7-FO0dNI/openjdk-7-7u79-2.5.6/build/openjdk/hotspot/src/share/vm/prims/jni.cpp:721
Event: 1.454 Thread 0x00007f277c008000 Threw 0x00000007d72bfc78 at /build/openjdk-7-FO0dNI/openjdk-7-7u79-2.5.6/build/openjdk/hotspot/src/share/vm/prims/jni.cpp:721
Event: 1.454 Thread 0x00007f277c008000 Threw 0x00000007d72c08b8 at /build/openjdk-7-FO0dNI/openjdk-7-7u79-2.5.6/build/openjdk/hotspot/src/share/vm/prims/jni.cpp:721
Event: 1.454 Thread 0x00007f277c008000 Threw 0x00000007d72c1420 at /build/openjdk-7-FO0dNI/openjdk-7-7u79-2.5.6/build/openjdk/hotspot/src/share/vm/prims/jni.cpp:721
Event: 1.454 Thread 0x00007f277c008000 Threw 0x00000007d72c1e70 at /build/openjdk-7-FO0dNI/openjdk-7-7u79-2.5.6/build/openjdk/hotspot/src/share/vm/prims/jni.cpp:721
Event: 1.466 Thread 0x00007f277c008000 Threw 0x00000007d72c2d40 at /build/openjdk-7-FO0dNI/openjdk-7-7u79-2.5.6/build/openjdk/hotspot/src/share/vm/runtime/reflection.cpp:1030
Event: 4.775 Thread 0x00007f277c008000 Threw 0x00000007d72cba88 at /build/openjdk-7-FO0dNI/openjdk-7-7u79-2.5.6/build/openjdk/hotspot/src/share/vm/runtime/reflection.cpp:1030

Events (10 events):
Event: 2.848 loading class 0x00007f27c812ff40 done
Event: 2.849 loading class 0x00007f27c80c93a0
Event: 2.849 loading class 0x00007f27c80c93a0 done
Event: 4.081 Executing VM operation: EnableBiasedLocking
Event: 4.082 Executing VM operation: EnableBiasedLocking done
Event: 4.770 loading class 0x00007f27c80b2290
Event: 4.770 loading class 0x00007f27c80b2290 done
Event: 4.771 Thread 0x00007f27693fd000 Thread added: 0x00007f27693fd000
Event: 4.771 loading class 0x00007f279409ccc0
Event: 4.771 loading class 0x00007f279409ccc0 done


Dynamic libraries:
00400000-00401000 r-xp 00000000 08:06 1705803                            /usr/lib/jvm/java-7-openjdk-amd64/jre/bin/java
00600000-00601000 r--p 00000000 08:06 1705803                            /usr/lib/jvm/java-7-openjdk-amd64/jre/bin/java
00601000-00602000 rw-p 00001000 08:06 1705803                            /usr/lib/jvm/java-7-openjdk-amd64/jre/bin/java
0236e000-0238f000 rw-p 00000000 00:00 0                                  [heap]
77a000000-77b500000 rw-p 00000000 00:00 0 
77b500000-784600000 rw-p 00000000 00:00 0 
784600000-789800000 rw-p 00000000 00:00 0 
789800000-7d6c80000 rw-p 00000000 00:00 0 
7d6c80000-7db580000 rw-p 00000000 00:00 0 
7db580000-800000000 rw-p 00000000 00:00 0 
7f275a729000-7f275a7c9000 rw-s 118e97000 00:05 10956                     /dev/dri/card0
7f275a7c9000-7f275a9c9000 rw-s 00000000 00:04 269621                     /drm mm object (deleted)
7f275a9c9000-7f275abc9000 rw-s 00000000 00:04 269620                     /drm mm object (deleted)
7f275abc9000-7f275ac69000 rw-s 118df7000 00:05 10956                     /dev/dri/card0
7f275ac69000-7f275ac71000 rw-s 00000000 00:04 269612                     /drm mm object (deleted)
7f275ac71000-7f275ac79000 rw-s 00000000 00:04 270645                     /drm mm object (deleted)
7f275ac79000-7f275ac7b000 r-xp 00000000 08:06 9707382                    /usr/lib/x86_64-linux-gnu/libXinerama.so.1.0.0
7f275ac7b000-7f275ae7a000 ---p 00002000 08:06 9707382                    /usr/lib/x86_64-linux-gnu/libXinerama.so.1.0.0
7f275ae7a000-7f275ae7b000 r--p 00001000 08:06 9707382                    /usr/lib/x86_64-linux-gnu/libXinerama.so.1.0.0
7f275ae7b000-7f275ae7c000 rw-p 00002000 08:06 9707382                    /usr/lib/x86_64-linux-gnu/libXinerama.so.1.0.0
7f275ae7c000-7f275aeb3000 r-xp 00000000 08:06 9708305                    /usr/lib/x86_64-linux-gnu/libtxc_dxtn_s2tc.so.0.0.0
7f275aeb3000-7f275b0b2000 ---p 00037000 08:06 9708305                    /usr/lib/x86_64-linux-gnu/libtxc_dxtn_s2tc.so.0.0.0
7f275b0b2000-7f275b0b3000 r--p 00036000 08:06 9708305                    /usr/lib/x86_64-linux-gnu/libtxc_dxtn_s2tc.so.0.0.0
7f275b0b3000-7f275b0b4000 rw-p 00037000 08:06 9708305                    /usr/lib/x86_64-linux-gnu/libtxc_dxtn_s2tc.so.0.0.0
7f275b0b4000-7f275b0bc000 r-xp 00000000 08:06 9708110                    /usr/lib/x86_64-linux-gnu/libpciaccess.so.0.11.1
7f275b0bc000-7f275b2bb000 ---p 00008000 08:06 9708110                    /usr/lib/x86_64-linux-gnu/libpciaccess.so.0.11.1
7f275b2bb000-7f275b2bc000 r--p 00007000 08:06 9708110                    /usr/lib/x86_64-linux-gnu/libpciaccess.so.0.11.1
7f275b2bc000-7f275b2bd000 rw-p 00008000 08:06 9708110                    /usr/lib/x86_64-linux-gnu/libpciaccess.so.0.11.1
7f275b2bd000-7f275b2dd000 r-xp 00000000 08:06 9700253                    /usr/lib/x86_64-linux-gnu/libdrm_intel.so.1.0.0
7f275b2dd000-7f275b4dc000 ---p 00020000 08:06 9700253                    /usr/lib/x86_64-linux-gnu/libdrm_intel.so.1.0.0
7f275b4dc000-7f275b4dd000 r--p 0001f000 08:06 9700253                    /usr/lib/x86_64-linux-gnu/libdrm_intel.so.1.0.0
7f275b4dd000-7f275b4de000 rw-p 00020000 08:06 9700253                    /usr/lib/x86_64-linux-gnu/libdrm_intel.so.1.0.0
7f275b4de000-7f275b9e6000 r-xp 00000000 08:06 10092889                   /usr/lib/x86_64-linux-gnu/dri/i965_dri.so
7f275b9e6000-7f275bbe5000 ---p 00508000 08:06 10092889                   /usr/lib/x86_64-linux-gnu/dri/i965_dri.so
7f275bbe5000-7f275bbff000 r--p 00507000 08:06 10092889                   /usr/lib/x86_64-linux-gnu/dri/i965_dri.so
7f275bbff000-7f275bc05000 rw-p 00521000 08:06 10092889                   /usr/lib/x86_64-linux-gnu/dri/i965_dri.so
7f275bc05000-7f275bc10000 rw-p 00000000 00:00 0 
7f275bc10000-7f275bc18000 r-xp 00000000 08:06 8130557                    /lib/x86_64-linux-gnu/libnih-dbus.so.1.0.0
7f275bc18000-7f275be18000 ---p 00008000 08:06 8130557                    /lib/x86_64-linux-gnu/libnih-dbus.so.1.0.0
7f275be18000-7f275be19000 r--p 00008000 08:06 8130557                    /lib/x86_64-linux-gnu/libnih-dbus.so.1.0.0
7f275be19000-7f275be1a000 rw-p 00009000 08:06 8130557                    /lib/x86_64-linux-gnu/libnih-dbus.so.1.0.0
7f275be1a000-7f275be31000 r-xp 00000000 08:06 8130559                    /lib/x86_64-linux-gnu/libnih.so.1.0.0
7f275be31000-7f275c030000 ---p 00017000 08:06 8130559                    /lib/x86_64-linux-gnu/libnih.so.1.0.0
7f275c030000-7f275c031000 r--p 00016000 08:06 8130559                    /lib/x86_64-linux-gnu/libnih.so.1.0.0
7f275c031000-7f275c032000 rw-p 00017000 08:06 8130559                    /lib/x86_64-linux-gnu/libnih.so.1.0.0
7f275c032000-7f275c04b000 r-xp 00000000 08:06 8130500                    /lib/x86_64-linux-gnu/libcgmanager.so.0.0.0
7f275c04b000-7f275c24a000 ---p 00019000 08:06 8130500                    /lib/x86_64-linux-gnu/libcgmanager.so.0.0.0
7f275c24a000-7f275c24c000 r--p 00018000 08:06 8130500                    /lib/x86_64-linux-gnu/libcgmanager.so.0.0.0
7f275c24c000-7f275c24d000 rw-p 0001a000 08:06 8130500                    /lib/x86_64-linux-gnu/libcgmanager.so.0.0.0
7f275c24d000-7f275c25d000 r-xp 00000000 08:06 8130597                    /lib/x86_64-linux-gnu/libudev.so.1.3.5
7f275c25d000-7f275c45c000 ---p 00010000 08:06 8130597                    /lib/x86_64-linux-gnu/libudev.so.1.3.5
7f275c45c000-7f275c45d000 r--p 0000f000 08:06 8130597                    /lib/x86_64-linux-gnu/libudev.so.1.3.5
7f275c45d000-7f275c45e000 rw-p 00010000 08:06 8130597                    /lib/x86_64-linux-gnu/libudev.so.1.3.5
7f275c45e000-7f275c483000 r-xp 00000000 08:06 8130641                    /lib/x86_64-linux-gnu/libtinfo.so.5.9
7f275c483000-7f275c682000 ---p 00025000 08:06 8130641                    /lib/x86_64-linux-gnu/libtinfo.so.5.9
7f275c682000-7f275c686000 r--p 00024000 08:06 8130641                    /lib/x86_64-linux-gnu/libtinfo.so.5.9
7f275c686000-7f275c687000 rw-p 00028000 08:06 8130641                    /lib/x86_64-linux-gnu/libtinfo.so.5.9
7f275c687000-7f275c6b0000 r-xp 00000000 08:06 9707611                    /usr/lib/x86_64-linux-gnu/libedit.so.2.0.47
7f275c6b0000-7f275c8b0000 ---p 00029000 08:06 9707611                    /usr/lib/x86_64-linux-gnu/libedit.so.2.0.47
7f275c8b0000-7f275c8b2000 r--p 00029000 08:06 9707611                    /usr/lib/x86_64-linux-gnu/libedit.so.2.0.47
7f275c8b2000-7f275c8b3000 rw-p 0002b000 08:06 9707611                    /usr/lib/x86_64-linux-gnu/libedit.so.2.0.47
7f275c8b3000-7f275c8b7000 rw-p 00000000 00:00 0 
7f275c8b7000-7f275e3bf000 r-xp 00000000 08:06 9707230                    /usr/lib/x86_64-linux-gnu/libLLVM-3.5.so.1
7f275e3bf000-7f275e3c0000 ---p 01b08000 08:06 9707230                    /usr/lib/x86_64-linux-gnu/libLLVM-3.5.so.1
7f275e3c0000-7f275e588000 r--p 01b08000 08:06 9707230                    /usr/lib/x86_64-linux-gnu/libLLVM-3.5.so.1
7f275e588000-7f275e58e000 rw-p 01cd0000 08:06 9707230                    /usr/lib/x86_64-linux-gnu/libLLVM-3.5.so.1
7f275e58e000-7f275e5a3000 rw-p 00000000 00:00 0 
7f275e5a3000-7f275e5af000 r-xp 00000000 08:06 9703037                    /usr/lib/x86_64-linux-gnu/libdrm_radeon.so.1.0.1
7f275e5af000-7f275e7ae000 ---p 0000c000 08:06 9703037                    /usr/lib/x86_64-linux-gnu/libdrm_radeon.so.1.0.1
7f275e7ae000-7f275e7af000 r--p 0000b000 08:06 9703037                    /usr/lib/x86_64-linux-gnu/libdrm_radeon.so.1.0.1
7f275e7af000-7f275e7b0000 rw-p 0000c000 08:06 9703037                    /usr/lib/x86_64-linux-gnu/libdrm_radeon.so.1.0.1
7f275e7b0000-7f275e7c5000 r-xp 00000000 08:06 9707612                    /usr/lib/x86_64-linux-gnu/libelf-0.158.so
7f275e7c5000-7f275e9c4000 ---p 00015000 08:06 9707612                    /usr/lib/x86_64-linux-gnu/libelf-0.158.so
7f275e9c4000-7f275e9c5000 r--p 00014000 08:06 9707612                    /usr/lib/x86_64-linux-gnu/libelf-0.158.so
7f275e9c5000-7f275e9c6000 rw-p 00015000 08:06 9707612                    /usr/lib/x86_64-linux-gnu/libelf-0.158.so
7f275e9c6000-7f275e9cc000 r-xp 00000000 08:06 9703031                    /usr/lib/x86_64-linux-gnu/libdrm_nouveau.so.2.0.0
7f275e9cc000-7f275ebcb000 ---p 00006000 08:06 9703031                    /usr/lib/x86_64-linux-gnu/libdrm_nouveau.so.2.0.0
7f275ebcb000-7f275ebcc000 r--p 00005000 08:06 9703031                    /usr/lib/x86_64-linux-gnu/libdrm_nouveau.so.2.0.0
7f275ebcc000-7f275ebcd000 rw-p 00006000 08:06 9703031                    /usr/lib/x86_64-linux-gnu/libdrm_nouveau.so.2.0.0
7f275ebcd000-7f275ebd4000 r-xp 00000000 08:06 10094006                   /usr/lib/x86_64-linux-gnu/mesa-egl/libOpenVG.so.1.0.0
7f275ebd4000-7f275edd3000 ---p 00007000 08:06 10094006                   /usr/lib/x86_64-linux-gnu/mesa-egl/libOpenVG.so.1.0.0
7f275edd3000-7f275edd4000 r--p 00006000 08:06 10094006                   /usr/lib/x86_64-linux-gnu/mesa-egl/libOpenVG.so.1.0.0
7f275edd4000-7f275edd5000 rw-p 00007000 08:06 10094006                   /usr/lib/x86_64-linux-gnu/mesa-egl/libOpenVG.so.1.0.0
7f275edd5000-7f275edd7000 rw-p 00000000 00:00 0 
7f275edd7000-7f275f55f000 r-xp 00000000 08:06 10092900                   /usr/lib/x86_64-linux-gnu/egl/egl_gallium.so
7f275f55f000-7f275f75f000 ---p 00788000 08:06 10092900                   /usr/lib/x86_64-linux-gnu/egl/egl_gallium.so
7f275f75f000-7f275f7b2000 r--p 00788000 08:06 10092900                   /usr/lib/x86_64-linux-gnu/egl/egl_gallium.so
7f275f7b2000-7f275f7be000 rw-p 007db000 08:06 10092900                   /usr/lib/x86_64-linux-gnu/egl/egl_gallium.so
7f275f7be000-7f275f9a5000 rw-p 00000000 00:00 0 
7f275f9a5000-7f275f9ab000 r-xp 00000000 08:06 10094004                   /usr/lib/x86_64-linux-gnu/mesa-egl/libGLESv2.so.2.0.0
7f275f9ab000-7f275fbaa000 ---p 00006000 08:06 10094004                   /usr/lib/x86_64-linux-gnu/mesa-egl/libGLESv2.so.2.0.0
7f275fbaa000-7f275fbab000 r--p 00005000 08:06 10094004                   /usr/lib/x86_64-linux-gnu/mesa-egl/libGLESv2.so.2.0.0
7f275fbab000-7f275fbac000 rw-p 00006000 08:06 10094004                   /usr/lib/x86_64-linux-gnu/mesa-egl/libGLESv2.so.2.0.0
7f275fbac000-7f275fbf1000 r-xp 00000000 08:06 4325456                    /tmp/jogamp_0000/file_cache/jln4795009744098492732/jln7628438903054349268/libjogl_mobile.so
7f275fbf1000-7f275fdf1000 ---p 00045000 08:06 4325456                    /tmp/jogamp_0000/file_cache/jln4795009744098492732/jln7628438903054349268/libjogl_mobile.so
7f275fdf1000-7f275fdf2000 rw-p 00045000 08:06 4325456                    /tmp/jogamp_0000/file_cache/jln4795009744098492732/jln7628438903054349268/libjogl_mobile.so
7f275fdf2000-7f275fdfe000 r-xp 00000000 08:06 9707694                    /usr/lib/x86_64-linux-gnu/libgbm.so.1.0.0
7f275fdfe000-7f275fffe000 ---p 0000c000 08:06 9707694                    /usr/lib/x86_64-linux-gnu/libgbm.so.1.0.0
7f275fffe000-7f275ffff000 r--p 0000c000 08:06 9707694                    /usr/lib/x86_64-linux-gnu/libgbm.so.1.0.0
7f275ffff000-7f2760000000 rw-p 0000d000 08:06 9707694                    /usr/lib/x86_64-linux-gnu/libgbm.so.1.0.0
7f2760000000-7f2760021000 rw-p 00000000 00:00 0 
7f2760021000-7f2764000000 ---p 00000000 00:00 0 
7f2764000000-7f27669d6000 rw-p 00000000 00:00 0 
7f27669d6000-7f2768000000 ---p 00000000 00:00 0 
7f2768000000-7f2769514000 rw-p 00000000 00:00 0 
7f2769514000-7f276c000000 ---p 00000000 00:00 0 
7f276c000000-7f276c9ae000 rw-p 00000000 00:00 0 
7f276c9ae000-7f2770000000 ---p 00000000 00:00 0 
7f2770000000-7f2770021000 rw-p 00000000 00:00 0 
7f2770021000-7f2774000000 ---p 00000000 00:00 0 
7f2774000000-7f2774021000 rw-p 00000000 00:00 0 
7f2774021000-7f2778000000 ---p 00000000 00:00 0 
7f2778000000-7f2778021000 rw-p 00000000 00:00 0 
7f2778021000-7f277c000000 ---p 00000000 00:00 0 
7f277c000000-7f277c021000 rw-p 00000000 00:00 0 
7f277c021000-7f2780000000 ---p 00000000 00:00 0 
7f2780000000-7f2780021000 rw-p 00000000 00:00 0 
7f2780021000-7f2784000000 ---p 00000000 00:00 0 
7f2784000000-7f2784021000 rw-p 00000000 00:00 0 
7f2784021000-7f2788000000 ---p 00000000 00:00 0 
7f2788000000-7f27881a3000 rw-p 00000000 00:00 0 
7f27881a3000-7f278c000000 ---p 00000000 00:00 0 
7f278c000000-7f278c021000 rw-p 00000000 00:00 0 
7f278c021000-7f2790000000 ---p 00000000 00:00 0 
7f2790000000-7f2790021000 rw-p 00000000 00:00 0 
7f2790021000-7f2794000000 ---p 00000000 00:00 0 
7f2794000000-7f2794281000 rw-p 00000000 00:00 0 
7f2794281000-7f2798000000 ---p 00000000 00:00 0 
7f2798000000-7f2798021000 rw-p 00000000 00:00 0 
7f2798021000-7f279c000000 ---p 00000000 00:00 0 
7f279c000000-7f279c021000 rw-p 00000000 00:00 0 
7f279c021000-7f27a0000000 ---p 00000000 00:00 0 
7f27a0000000-7f27a0021000 rw-p 00000000 00:00 0 
7f27a0021000-7f27a4000000 ---p 00000000 00:00 0 
7f27a4003000-7f27a400b000 rw-s 00000000 00:04 270635                     /drm mm object (deleted)
7f27a400b000-7f27a4013000 rw-s 00000000 00:04 269604                     /drm mm object (deleted)
7f27a4013000-7f27a401b000 rw-s 00000000 00:04 269600                     /drm mm object (deleted)
7f27a401b000-7f27a402a000 r-xp 00000000 08:06 9708373                    /usr/lib/x86_64-linux-gnu/libwayland-server.so.0.1.0
7f27a402a000-7f27a4229000 ---p 0000f000 08:06 9708373                    /usr/lib/x86_64-linux-gnu/libwayland-server.so.0.1.0
7f27a4229000-7f27a422b000 r--p 0000e000 08:06 9708373                    /usr/lib/x86_64-linux-gnu/libwayland-server.so.0.1.0
7f27a422b000-7f27a422c000 rw-p 00010000 08:06 9708373                    /usr/lib/x86_64-linux-gnu/libwayland-server.so.0.1.0
7f27a422c000-7f27a4237000 r-xp 00000000 08:06 9708367                    /usr/lib/x86_64-linux-gnu/libwayland-client.so.0.2.0
7f27a4237000-7f27a4436000 ---p 0000b000 08:06 9708367                    /usr/lib/x86_64-linux-gnu/libwayland-client.so.0.2.0
7f27a4436000-7f27a4438000 r--p 0000a000 08:06 9708367                    /usr/lib/x86_64-linux-gnu/libwayland-client.so.0.2.0
7f27a4438000-7f27a4439000 rw-p 0000c000 08:06 9708367                    /usr/lib/x86_64-linux-gnu/libwayland-client.so.0.2.0
7f27a4439000-7f27a443e000 r-xp 00000000 08:06 9708423                    /usr/lib/x86_64-linux-gnu/libxcb-xfixes.so.0.0.0
7f27a443e000-7f27a463e000 ---p 00005000 08:06 9708423                    /usr/lib/x86_64-linux-gnu/libxcb-xfixes.so.0.0.0
7f27a463e000-7f27a463f000 r--p 00005000 08:06 9708423                    /usr/lib/x86_64-linux-gnu/libxcb-xfixes.so.0.0.0
7f27a463f000-7f27a4640000 rw-p 00006000 08:06 9708423                    /usr/lib/x86_64-linux-gnu/libxcb-xfixes.so.0.0.0
7f27a4640000-7f27a4667000 r-xp 00000000 08:06 10094000                   /usr/lib/x86_64-linux-gnu/mesa-egl/libEGL.so.1.0.0
7f27a4667000-7f27a4867000 ---p 00027000 08:06 10094000                   /usr/lib/x86_64-linux-gnu/mesa-egl/libEGL.so.1.0.0
7f27a4867000-7f27a4868000 r--p 00027000 08:06 10094000                   /usr/lib/x86_64-linux-gnu/mesa-egl/libEGL.so.1.0.0
7f27a4868000-7f27a4869000 rw-p 00028000 08:06 10094000                   /usr/lib/x86_64-linux-gnu/mesa-egl/libEGL.so.1.0.0
7f27a4869000-7f27a486a000 rw-p 00000000 00:00 0 
7f27a486a000-7f27a490f000 r-xp 00000000 08:06 4325455                    /tmp/jogamp_0000/file_cache/jln4795009744098492732/jln7628438903054349268/libjogl_desktop.so
7f27a490f000-7f27a4b0f000 ---p 000a5000 08:06 4325455                    /tmp/jogamp_0000/file_cache/jln4795009744098492732/jln7628438903054349268/libjogl_desktop.so
7f27a4b0f000-7f27a4b10000 rw-p 000a5000 08:06 4325455                    /tmp/jogamp_0000/file_cache/jln4795009744098492732/jln7628438903054349268/libjogl_desktop.so
7f27a4b10000-7f27a4b1b000 r-xp 00000000 08:06 9701891                    /usr/lib/x86_64-linux-gnu/libdrm.so.2.4.0
7f27a4b1b000-7f27a4d1a000 ---p 0000b000 08:06 9701891                    /usr/lib/x86_64-linux-gnu/libdrm.so.2.4.0
7f27a4d1a000-7f27a4d1b000 r--p 0000a000 08:06 9701891                    /usr/lib/x86_64-linux-gnu/libdrm.so.2.4.0
7f27a4d1b000-7f27a4d1c000 rw-p 0000b000 08:06 9701891                    /usr/lib/x86_64-linux-gnu/libdrm.so.2.4.0
7f27a4d1c000-7f27a4d1d000 r-xp 00000000 08:06 9708437                    /usr/lib/x86_64-linux-gnu/libxshmfence.so.1.0.0
7f27a4d1d000-7f27a4f1c000 ---p 00001000 08:06 9708437                    /usr/lib/x86_64-linux-gnu/libxshmfence.so.1.0.0
7f27a4f1c000-7f27a4f1d000 r--p 00000000 08:06 9708437                    /usr/lib/x86_64-linux-gnu/libxshmfence.so.1.0.0
7f27a4f1d000-7f27a4f1e000 rw-p 00001000 08:06 9708437                    /usr/lib/x86_64-linux-gnu/libxshmfence.so.1.0.0
7f27a4f1e000-7f27a4f23000 r-xp 00000000 08:06 9708419                    /usr/lib/x86_64-linux-gnu/libxcb-sync.so.1.0.0
7f27a4f23000-7f27a5122000 ---p 00005000 08:06 9708419                    /usr/lib/x86_64-linux-gnu/libxcb-sync.so.1.0.0
7f27a5122000-7f27a5123000 r--p 00004000 08:06 9708419                    /usr/lib/x86_64-linux-gnu/libxcb-sync.so.1.0.0
7f27a5123000-7f27a5124000 rw-p 00005000 08:06 9708419                    /usr/lib/x86_64-linux-gnu/libxcb-sync.so.1.0.0
7f27a5124000-7f27a5126000 r-xp 00000000 08:06 9708407                    /usr/lib/x86_64-linux-gnu/libxcb-present.so.0.0.0
7f27a5126000-7f27a5325000 ---p 00002000 08:06 9708407                    /usr/lib/x86_64-linux-gnu/libxcb-present.so.0.0.0
7f27a5325000-7f27a5326000 r--p 00001000 08:06 9708407                    /usr/lib/x86_64-linux-gnu/libxcb-present.so.0.0.0
7f27a5326000-7f27a5327000 rw-p 00002000 08:06 9708407                    /usr/lib/x86_64-linux-gnu/libxcb-present.so.0.0.0
7f27a5327000-7f27a5329000 r-xp 00000000 08:06 9708397                    /usr/lib/x86_64-linux-gnu/libxcb-dri3.so.0.0.0
7f27a5329000-7f27a5528000 ---p 00002000 08:06 9708397                    /usr/lib/x86_64-linux-gnu/libxcb-dri3.so.0.0.0
7f27a5528000-7f27a5529000 r--p 00001000 08:06 9708397                    /usr/lib/x86_64-linux-gnu/libxcb-dri3.so.0.0.0
7f27a5529000-7f27a552a000 rw-p 00002000 08:06 9708397                    /usr/lib/x86_64-linux-gnu/libxcb-dri3.so.0.0.0
7f27a552a000-7f27a552d000 r-xp 00000000 08:06 9708395                    /usr/lib/x86_64-linux-gnu/libxcb-dri2.so.0.0.0
7f27a552d000-7f27a572d000 ---p 00003000 08:06 9708395                    /usr/lib/x86_64-linux-gnu/libxcb-dri2.so.0.0.0
7f27a572d000-7f27a572e000 r--p 00003000 08:06 9708395                    /usr/lib/x86_64-linux-gnu/libxcb-dri2.so.0.0.0
7f27a572e000-7f27a572f000 rw-p 00004000 08:06 9708395                    /usr/lib/x86_64-linux-gnu/libxcb-dri2.so.0.0.0
7f27a572f000-7f27a5744000 r-xp 00000000 08:06 9708399                    /usr/lib/x86_64-linux-gnu/libxcb-glx.so.0.0.0
7f27a5744000-7f27a5943000 ---p 00015000 08:06 9708399                    /usr/lib/x86_64-linux-gnu/libxcb-glx.so.0.0.0
7f27a5943000-7f27a5945000 r--p 00014000 08:06 9708399                    /usr/lib/x86_64-linux-gnu/libxcb-glx.so.0.0.0
7f27a5945000-7f27a5946000 rw-p 00016000 08:06 9708399                    /usr/lib/x86_64-linux-gnu/libxcb-glx.so.0.0.0
7f27a5946000-7f27a5947000 r-xp 00000000 08:06 9707353                    /usr/lib/x86_64-linux-gnu/libX11-xcb.so.1.0.0
7f27a5947000-7f27a5b46000 ---p 00001000 08:06 9707353                    /usr/lib/x86_64-linux-gnu/libX11-xcb.so.1.0.0
7f27a5b46000-7f27a5b47000 r--p 00000000 08:06 9707353                    /usr/lib/x86_64-linux-gnu/libX11-xcb.so.1.0.0
7f27a5b47000-7f27a5b48000 rw-p 00001000 08:06 9707353                    /usr/lib/x86_64-linux-gnu/libX11-xcb.so.1.0.0
7f27a5b48000-7f27a5b4a000 r-xp 00000000 08:06 9707368                    /usr/lib/x86_64-linux-gnu/libXdamage.so.1.1.0
7f27a5b4a000-7f27a5d49000 ---p 00002000 08:06 9707368                    /usr/lib/x86_64-linux-gnu/libXdamage.so.1.1.0
7f27a5d49000-7f27a5d4a000 r--p 00001000 08:06 9707368                    /usr/lib/x86_64-linux-gnu/libXdamage.so.1.1.0
7f27a5d4a000-7f27a5d4b000 rw-p 00002000 08:06 9707368                    /usr/lib/x86_64-linux-gnu/libXdamage.so.1.1.0
7f27a5d4b000-7f27a5d6f000 r-xp 00000000 08:06 9707746                    /usr/lib/x86_64-linux-gnu/libglapi.so.0.0.0
7f27a5d6f000-7f27a5f6f000 ---p 00024000 08:06 9707746                    /usr/lib/x86_64-linux-gnu/libglapi.so.0.0.0
7f27a5f6f000-7f27a5f72000 r--p 00024000 08:06 9707746                    /usr/lib/x86_64-linux-gnu/libglapi.so.0.0.0
7f27a5f72000-7f27a5f73000 rw-p 00027000 08:06 9707746                    /usr/lib/x86_64-linux-gnu/libglapi.so.0.0.0
7f27a5f73000-7f27a5f74000 rw-p 00000000 00:00 0 
7f27a5f74000-7f27a6000000 r-xp 00000000 08:06 10093997                   /usr/lib/x86_64-linux-gnu/mesa/libGL.so.1.2.0
7f27a6000000-7f27a61ff000 ---p 0008c000 08:06 10093997                   /usr/lib/x86_64-linux-gnu/mesa/libGL.so.1.2.0
7f27a61ff000-7f27a6202000 r--p 0008b000 08:06 10093997                   /usr/lib/x86_64-linux-gnu/mesa/libGL.so.1.2.0
7f27a6202000-7f27a6203000 rw-p 0008e000 08:06 10093997                   /usr/lib/x86_64-linux-gnu/mesa/libGL.so.1.2.0
7f27a6203000-7f27a6204000 rw-p 00000000 00:00 0 
7f27a6204000-7f27a620b000 r-xp 00000000 08:06 4325458                    /tmp/jogamp_0000/file_cache/jln4795009744098492732/jln7628438903054349268/libnativewindow_x11.so
7f27a620b000-7f27a640a000 ---p 00007000 08:06 4325458                    /tmp/jogamp_0000/file_cache/jln4795009744098492732/jln7628438903054349268/libnativewindow_x11.so
7f27a640a000-7f27a640b000 rw-p 00006000 08:06 4325458                    /tmp/jogamp_0000/file_cache/jln4795009744098492732/jln7628438903054349268/libnativewindow_x11.so
7f27a640b000-7f27a640f000 r-xp 00000000 08:06 9707410                    /usr/lib/x86_64-linux-gnu/libXxf86vm.so.1.0.0
7f27a640f000-7f27a660f000 ---p 00004000 08:06 9707410                    /usr/lib/x86_64-linux-gnu/libXxf86vm.so.1.0.0
7f27a660f000-7f27a6610000 r--p 00004000 08:06 9707410                    /usr/lib/x86_64-linux-gnu/libXxf86vm.so.1.0.0
7f27a6610000-7f27a6611000 rw-p 00005000 08:06 9707410                    /usr/lib/x86_64-linux-gnu/libXxf86vm.so.1.0.0
7f27a6611000-7f27a6613000 r-xp 00000000 08:06 4325457                    /tmp/jogamp_0000/file_cache/jln4795009744098492732/jln7628438903054349268/libnativewindow_awt.so
7f27a6613000-7f27a6812000 ---p 00002000 08:06 4325457                    /tmp/jogamp_0000/file_cache/jln4795009744098492732/jln7628438903054349268/libnativewindow_awt.so
7f27a6812000-7f27a6813000 rw-p 00001000 08:06 4325457                    /tmp/jogamp_0000/file_cache/jln4795009744098492732/jln7628438903054349268/libnativewindow_awt.so
7f27a6813000-7f27a6814000 r-xp 00000000 08:06 1705755                    /usr/lib/jvm/java-7-openjdk-amd64/jre/lib/amd64/libjawt.so
7f27a6814000-7f27a6a13000 ---p 00001000 08:06 1705755                    /usr/lib/jvm/java-7-openjdk-amd64/jre/lib/amd64/libjawt.so
7f27a6a13000-7f27a6a14000 r--p 00000000 08:06 1705755                    /usr/lib/jvm/java-7-openjdk-amd64/jre/lib/amd64/libjawt.so
7f27a6a14000-7f27a6a15000 rw-p 00001000 08:06 1705755                    /usr/lib/jvm/java-7-openjdk-amd64/jre/lib/amd64/libjawt.so
7f27a6a15000-7f27a6a17000 r-xp 00000000 08:06 4325454                    /tmp/jogamp_0000/file_cache/jln4795009744098492732/jln7628438903054349268/libgluegen-rt.so
7f27a6a17000-7f27a6c16000 ---p 00002000 08:06 4325454                    /tmp/jogamp_0000/file_cache/jln4795009744098492732/jln7628438903054349268/libgluegen-rt.so
7f27a6c16000-7f27a6c17000 rw-p 00001000 08:06 4325454                    /tmp/jogamp_0000/file_cache/jln4795009744098492732/jln7628438903054349268/libgluegen-rt.so
7f27a6c17000-7f27a6c1a000 ---p 00000000 00:00 0 
7f27a6c1a000-7f27a6d18000 rw-p 00000000 00:00 0                          [stack:15149]
7f27a6d18000-7f27a6d1b000 ---p 00000000 00:00 0 
7f27a6d1b000-7f27a6d51000 rw-p 00000000 00:00 0                          [stack:15144]
7f27a6d51000-7f27a6d54000 ---p 00000000 00:00 0 
7f27a6d54000-7f27a6e52000 rw-p 00000000 00:00 0                          [stack:15150]
7f27a6e52000-7f27a6e55000 ---p 00000000 00:00 0 
7f27a6e55000-7f27a6f53000 rw-p 00000000 00:00 0                          [stack:15139]
7f27a6f53000-7f27a6f63000 r-xp 00000000 08:06 1705761                    /usr/lib/jvm/java-7-openjdk-amd64/jre/lib/amd64/libnio.so
7f27a6f63000-7f27a7163000 ---p 00010000 08:06 1705761                    /usr/lib/jvm/java-7-openjdk-amd64/jre/lib/amd64/libnio.so
7f27a7163000-7f27a7164000 r--p 00010000 08:06 1705761                    /usr/lib/jvm/java-7-openjdk-amd64/jre/lib/amd64/libnio.so
7f27a7164000-7f27a7165000 rw-p 00011000 08:06 1705761                    /usr/lib/jvm/java-7-openjdk-amd64/jre/lib/amd64/libnio.so
7f27a7165000-7f27a71b7000 r-xp 00000000 08:06 1705740                    /usr/lib/jvm/java-7-openjdk-amd64/jre/lib/amd64/libfontmanager.so
7f27a71b7000-7f27a73b6000 ---p 00052000 08:06 1705740                    /usr/lib/jvm/java-7-openjdk-amd64/jre/lib/amd64/libfontmanager.so
7f27a73b6000-7f27a73b9000 r--p 00051000 08:06 1705740                    /usr/lib/jvm/java-7-openjdk-amd64/jre/lib/amd64/libfontmanager.so
7f27a73b9000-7f27a73ba000 rw-p 00054000 08:06 1705740                    /usr/lib/jvm/java-7-openjdk-amd64/jre/lib/amd64/libfontmanager.so
7f27a73ba000-7f27a73bd000 ---p 00000000 00:00 0 
7f27a73bd000-7f27a74bb000 rw-p 00000000 00:00 0                          [stack:15137]
7f27a74bb000-7f27a74be000 ---p 00000000 00:00 0 
7f27a74be000-7f27a75bc000 rw-p 00000000 00:00 0                          [stack:15136]
7f27a75bc000-7f27a75bf000 ---p 00000000 00:00 0 
7f27a75bf000-7f27a76bd000 rw-p 00000000 00:00 0                          [stack:15135]
7f27a76bd000-7f27a76c0000 ---p 00000000 00:00 0 
7f27a76c0000-7f27a77be000 rw-p 00000000 00:00 0                          [stack:15133]
7f27a77be000-7f27a77c3000 r-xp 00000000 08:06 9699808                    /usr/lib/x86_64-linux-gnu/libXfixes.so.3.1.0
7f27a77c3000-7f27a79c2000 ---p 00005000 08:06 9699808                    /usr/lib/x86_64-linux-gnu/libXfixes.so.3.1.0
7f27a79c2000-7f27a79c3000 r--p 00004000 08:06 9699808                    /usr/lib/x86_64-linux-gnu/libXfixes.so.3.1.0
7f27a79c3000-7f27a79c4000 rw-p 00005000 08:06 9699808                    /usr/lib/x86_64-linux-gnu/libXfixes.so.3.1.0
7f27a79c4000-7f27a79cd000 r-xp 00000000 08:06 9707366                    /usr/lib/x86_64-linux-gnu/libXcursor.so.1.0.2
7f27a79cd000-7f27a7bcc000 ---p 00009000 08:06 9707366                    /usr/lib/x86_64-linux-gnu/libXcursor.so.1.0.2
7f27a7bcc000-7f27a7bcd000 r--p 00008000 08:06 9707366                    /usr/lib/x86_64-linux-gnu/libXcursor.so.1.0.2
7f27a7bcd000-7f27a7bce000 rw-p 00009000 08:06 9707366                    /usr/lib/x86_64-linux-gnu/libXcursor.so.1.0.2
7f27a7bce000-7f27a7bd1000 ---p 00000000 00:00 0 
7f27a7bd1000-7f27ac000000 rw-p 00000000 00:00 0                          [stack:15132]
7f27ac000000-7f27ac021000 rw-p 00000000 00:00 0 
7f27ac021000-7f27b0000000 ---p 00000000 00:00 0 
7f27b0000000-7f27b0021000 rw-p 00000000 00:00 0 
7f27b0021000-7f27b4000000 ---p 00000000 00:00 0 
7f27b4000000-7f27b4021000 rw-p 00000000 00:00 0 
7f27b4021000-7f27b8000000 ---p 00000000 00:00 0 
7f27b8000000-7f27b8001000 rw-p 00000000 00:00 0 
7f27b8001000-7f27b8002000 rw-s 00000000 00:04 269619                     /drm mm object (deleted)
7f27b8002000-7f27b8003000 rw-s 00000000 00:04 270642                     /drm mm object (deleted)
7f27b8003000-7f27b8004000 rw-s 00000000 00:04 269013                     /drm mm object (deleted)
7f27b8004000-7f27b8005000 rw-s 00000000 00:04 269010                     /drm mm object (deleted)
7f27b8005000-7f27b8006000 rw-s 00000000 00:04 269601                     /drm mm object (deleted)
7f27b8006000-7f27b800e000 rw-s 00000000 00:04 270641                     /drm mm object (deleted)
7f27b800e000-7f27b8016000 rw-s 00000000 00:04 269008                     /drm mm object (deleted)
7f27b8016000-7f27b801e000 rw-s 00000000 00:04 269004                     /drm mm object (deleted)
7f27b801e000-7f27b8026000 rw-s 00000000 00:04 271517                     /drm mm object (deleted)
7f27b8026000-7f27b803d000 r-xp 00000000 08:06 1705756                    /usr/lib/jvm/java-7-openjdk-amd64/jre/lib/amd64/libnet.so
7f27b803d000-7f27b823c000 ---p 00017000 08:06 1705756                    /usr/lib/jvm/java-7-openjdk-amd64/jre/lib/amd64/libnet.so
7f27b823c000-7f27b823d000 r--p 00016000 08:06 1705756                    /usr/lib/jvm/java-7-openjdk-amd64/jre/lib/amd64/libnet.so
7f27b823d000-7f27b823e000 rw-p 00017000 08:06 1705756                    /usr/lib/jvm/java-7-openjdk-amd64/jre/lib/amd64/libnet.so
7f27b823e000-7f27b8261000 r--s 002ec000 08:06 8394800                    /home/zax/workspace/UCSDUnfoldingMaps/lib/jogl-all.jar
7f27b8261000-7f27b8265000 r-xp 00000000 08:06 8130528                    /lib/x86_64-linux-gnu/libgpg-error.so.0.10.0
7f27b8265000-7f27b8464000 ---p 00004000 08:06 8130528                    /lib/x86_64-linux-gnu/libgpg-error.so.0.10.0
7f27b8464000-7f27b8465000 r--p 00003000 08:06 8130528                    /lib/x86_64-linux-gnu/libgpg-error.so.0.10.0
7f27b8465000-7f27b8466000 rw-p 00004000 08:06 8130528                    /lib/x86_64-linux-gnu/libgpg-error.so.0.10.0
7f27b8466000-7f27b8468000 r-xp 00000000 08:06 8130538                    /lib/x86_64-linux-gnu/libkeyutils.so.1.4
7f27b8468000-7f27b8668000 ---p 00002000 08:06 8130538                    /lib/x86_64-linux-gnu/libkeyutils.so.1.4
7f27b8668000-7f27b8669000 r--p 00002000 08:06 8130538                    /lib/x86_64-linux-gnu/libkeyutils.so.1.4
7f27b8669000-7f27b866a000 rw-p 00003000 08:06 8130538                    /lib/x86_64-linux-gnu/libkeyutils.so.1.4
7f27b866a000-7f27b86a7000 r-xp 00000000 08:06 8132557                    /lib/x86_64-linux-gnu/libpcre.so.3.13.1
7f27b86a7000-7f27b88a6000 ---p 0003d000 08:06 8132557                    /lib/x86_64-linux-gnu/libpcre.so.3.13.1
7f27b88a6000-7f27b88a7000 r--p 0003c000 08:06 8132557                    /lib/x86_64-linux-gnu/libpcre.so.3.13.1
7f27b88a7000-7f27b88a8000 rw-p 0003d000 08:06 8132557                    /lib/x86_64-linux-gnu/libpcre.so.3.13.1
7f27b88a8000-7f27b88cd000 r-xp 00000000 08:06 8130610                    /lib/x86_64-linux-gnu/libpng12.so.0.50.0
7f27b88cd000-7f27b8acc000 ---p 00025000 08:06 8130610                    /lib/x86_64-linux-gnu/libpng12.so.0.50.0
7f27b8acc000-7f27b8acd000 r--p 00024000 08:06 8130610                    /lib/x86_64-linux-gnu/libpng12.so.0.50.0
7f27b8acd000-7f27b8ace000 rw-p 00025000 08:06 8130610                    /lib/x86_64-linux-gnu/libpng12.so.0.50.0
7f27b8ace000-7f27b8b12000 r-xp 00000000 08:06 8130509                    /lib/x86_64-linux-gnu/libdbus-1.so.3.7.6
7f27b8b12000-7f27b8d11000 ---p 00044000 08:06 8130509                    /lib/x86_64-linux-gnu/libdbus-1.so.3.7.6
7f27b8d11000-7f27b8d12000 r--p 00043000 08:06 8130509                    /lib/x86_64-linux-gnu/libdbus-1.so.3.7.6
7f27b8d12000-7f27b8d13000 rw-p 00044000 08:06 8130509                    /lib/x86_64-linux-gnu/libdbus-1.so.3.7.6
7f27b8d13000-7f27b8d4e000 r-xp 00000000 08:06 9708086                    /usr/lib/x86_64-linux-gnu/libp11-kit.so.0.0.0
7f27b8d4e000-7f27b8f4d000 ---p 0003b000 08:06 9708086                    /usr/lib/x86_64-linux-gnu/libp11-kit.so.0.0.0
7f27b8f4d000-7f27b8f53000 r--p 0003a000 08:06 9708086                    /usr/lib/x86_64-linux-gnu/libp11-kit.so.0.0.0
7f27b8f53000-7f27b8f55000 rw-p 00040000 08:06 9708086                    /usr/lib/x86_64-linux-gnu/libp11-kit.so.0.0.0
7f27b8f55000-7f27b8f67000 r-xp 00000000 08:06 9699371                    /usr/lib/x86_64-linux-gnu/libtasn1.so.6.2.0
7f27b8f67000-7f27b9167000 ---p 00012000 08:06 9699371                    /usr/lib/x86_64-linux-gnu/libtasn1.so.6.2.0
7f27b9167000-7f27b9168000 r--p 00012000 08:06 9699371                    /usr/lib/x86_64-linux-gnu/libtasn1.so.6.2.0
7f27b9168000-7f27b9169000 rw-p 00013000 08:06 9699371                    /usr/lib/x86_64-linux-gnu/libtasn1.so.6.2.0
7f27b9169000-7f27b91e5000 r-xp 00000000 08:06 8130502                    /lib/x86_64-linux-gnu/libgcrypt.so.11.8.2
7f27b91e5000-7f27b93e5000 ---p 0007c000 08:06 8130502                    /lib/x86_64-linux-gnu/libgcrypt.so.11.8.2
7f27b93e5000-7f27b93e6000 r--p 0007c000 08:06 8130502                    /lib/x86_64-linux-gnu/libgcrypt.so.11.8.2
7f27b93e6000-7f27b93e9000 rw-p 0007d000 08:06 8130502                    /lib/x86_64-linux-gnu/libgcrypt.so.11.8.2
7f27b93e9000-7f27b93f3000 r-xp 00000000 08:06 9707969                    /usr/lib/x86_64-linux-gnu/libkrb5support.so.0.1
7f27b93f3000-7f27b95f2000 ---p 0000a000 08:06 9707969                    /usr/lib/x86_64-linux-gnu/libkrb5support.so.0.1
7f27b95f2000-7f27b95f3000 r--p 00009000 08:06 9707969                    /usr/lib/x86_64-linux-gnu/libkrb5support.so.0.1
7f27b95f3000-7f27b95f4000 rw-p 0000a000 08:06 9707969                    /usr/lib/x86_64-linux-gnu/libkrb5support.so.0.1
7f27b95f4000-7f27b95f7000 r-xp 00000000 08:06 8130472                    /lib/x86_64-linux-gnu/libcom_err.so.2.1
7f27b95f7000-7f27b97f6000 ---p 00003000 08:06 8130472                    /lib/x86_64-linux-gnu/libcom_err.so.2.1
7f27b97f6000-7f27b97f7000 r--p 00002000 08:06 8130472                    /lib/x86_64-linux-gnu/libcom_err.so.2.1
7f27b97f7000-7f27b97f8000 rw-p 00003000 08:06 8130472                    /lib/x86_64-linux-gnu/libcom_err.so.2.1
7f27b97f8000-7f27b9824000 r-xp 00000000 08:06 9707963                    /usr/lib/x86_64-linux-gnu/libk5crypto.so.3.1
7f27b9824000-7f27b9a23000 ---p 0002c000 08:06 9707963                    /usr/lib/x86_64-linux-gnu/libk5crypto.so.3.1
7f27b9a23000-7f27b9a25000 r--p 0002b000 08:06 9707963                    /usr/lib/x86_64-linux-gnu/libk5crypto.so.3.1
7f27b9a25000-7f27b9a26000 rw-p 0002d000 08:06 9707963                    /usr/lib/x86_64-linux-gnu/libk5crypto.so.3.1
7f27b9a26000-7f27b9a27000 rw-p 00000000 00:00 0 
7f27b9a27000-7f27b9ae3000 r-xp 00000000 08:06 9707967                    /usr/lib/x86_64-linux-gnu/libkrb5.so.3.3
7f27b9ae3000-7f27b9ce3000 ---p 000bc000 08:06 9707967                    /usr/lib/x86_64-linux-gnu/libkrb5.so.3.3
7f27b9ce3000-7f27b9cf0000 r--p 000bc000 08:06 9707967                    /usr/lib/x86_64-linux-gnu/libkrb5.so.3.3
7f27b9cf0000-7f27b9cf2000 rw-p 000c9000 08:06 9707967                    /usr/lib/x86_64-linux-gnu/libkrb5.so.3.3
7f27b9cf2000-7f27b9cf7000 r-xp 00000000 08:06 9707370                    /usr/lib/x86_64-linux-gnu/libXdmcp.so.6.0.0
7f27b9cf7000-7f27b9ef6000 ---p 00005000 08:06 9707370                    /usr/lib/x86_64-linux-gnu/libXdmcp.so.6.0.0
7f27b9ef6000-7f27b9ef7000 r--p 00004000 08:06 9707370                    /usr/lib/x86_64-linux-gnu/libXdmcp.so.6.0.0
7f27b9ef7000-7f27b9ef8000 rw-p 00005000 08:06 9707370                    /usr/lib/x86_64-linux-gnu/libXdmcp.so.6.0.0
7f27b9ef8000-7f27b9efa000 r-xp 00000000 08:06 9707359                    /usr/lib/x86_64-linux-gnu/libXau.so.6.0.0
7f27b9efa000-7f27ba0fa000 ---p 00002000 08:06 9707359                    /usr/lib/x86_64-linux-gnu/libXau.so.6.0.0
7f27ba0fa000-7f27ba0fb000 r--p 00002000 08:06 9707359                    /usr/lib/x86_64-linux-gnu/libXau.so.6.0.0
7f27ba0fb000-7f27ba0fc000 rw-p 00003000 08:06 9707359                    /usr/lib/x86_64-linux-gnu/libXau.so.6.0.0
7f27ba0fc000-7f27ba103000 r-xp 00000000 08:06 9707641                    /usr/lib/x86_64-linux-gnu/libffi.so.6.0.1
7f27ba103000-7f27ba302000 ---p 00007000 08:06 9707641                    /usr/lib/x86_64-linux-gnu/libffi.so.6.0.1
7f27ba302000-7f27ba303000 r--p 00006000 08:06 9707641                    /usr/lib/x86_64-linux-gnu/libffi.so.6.0.1
7f27ba303000-7f27ba304000 rw-p 00007000 08:06 9707641                    /usr/lib/x86_64-linux-gnu/libffi.so.6.0.1
7f27ba304000-7f27ba31b000 r-xp 00000000 08:06 8126469                    /lib/x86_64-linux-gnu/libresolv-2.19.so
7f27ba31b000-7f27ba51b000 ---p 00017000 08:06 8126469                    /lib/x86_64-linux-gnu/libresolv-2.19.so
7f27ba51b000-7f27ba51c000 r--p 00017000 08:06 8126469                    /lib/x86_64-linux-gnu/libresolv-2.19.so
7f27ba51c000-7f27ba51d000 rw-p 00018000 08:06 8126469                    /lib/x86_64-linux-gnu/libresolv-2.19.so
7f27ba51d000-7f27ba51f000 rw-p 00000000 00:00 0 
7f27ba51f000-7f27ba53f000 r-xp 00000000 08:06 8130625                    /lib/x86_64-linux-gnu/libselinux.so.1
7f27ba53f000-7f27ba73e000 ---p 00020000 08:06 8130625                    /lib/x86_64-linux-gnu/libselinux.so.1
7f27ba73e000-7f27ba73f000 r--p 0001f000 08:06 8130625                    /lib/x86_64-linux-gnu/libselinux.so.1
7f27ba73f000-7f27ba740000 rw-p 00020000 08:06 8130625                    /lib/x86_64-linux-gnu/libselinux.so.1
7f27ba740000-7f27ba742000 rw-p 00000000 00:00 0 
7f27ba742000-7f27ba848000 r-xp 00000000 08:06 8130526                    /lib/x86_64-linux-gnu/libglib-2.0.so.0.4002.0
7f27ba848000-7f27baa47000 ---p 00106000 08:06 8130526                    /lib/x86_64-linux-gnu/libglib-2.0.so.0.4002.0
7f27baa47000-7f27baa48000 r--p 00105000 08:06 8130526                    /lib/x86_64-linux-gnu/libglib-2.0.so.0.4002.0
7f27baa48000-7f27baa49000 rw-p 00106000 08:06 8130526                    /lib/x86_64-linux-gnu/libglib-2.0.so.0.4002.0
7f27baa49000-7f27baa4a000 rw-p 00000000 00:00 0 
7f27baa4a000-7f27baa4d000 r-xp 00000000 08:06 9707754                    /usr/lib/x86_64-linux-gnu/libgmodule-2.0.so.0.4002.0
7f27baa4d000-7f27bac4c000 ---p 00003000 08:06 9707754                    /usr/lib/x86_64-linux-gnu/libgmodule-2.0.so.0.4002.0
7f27bac4c000-7f27bac4d000 r--p 00002000 08:06 9707754                    /usr/lib/x86_64-linux-gnu/libgmodule-2.0.so.0.4002.0
7f27bac4d000-7f27bac4e000 rw-p 00003000 08:06 9707754                    /usr/lib/x86_64-linux-gnu/libgmodule-2.0.so.0.4002.0
7f27bac4e000-7f27bac75000 r-xp 00000000 08:06 8131913                    /lib/x86_64-linux-gnu/libexpat.so.1.6.0
7f27bac75000-7f27bae75000 ---p 00027000 08:06 8131913                    /lib/x86_64-linux-gnu/libexpat.so.1.6.0
7f27bae75000-7f27bae77000 r--p 00027000 08:06 8131913                    /lib/x86_64-linux-gnu/libexpat.so.1.6.0
7f27bae77000-7f27bae78000 rw-p 00029000 08:06 8131913                    /lib/x86_64-linux-gnu/libexpat.so.1.6.0
7f27bae78000-7f27baf15000 r-xp 00000000 08:06 9699821                    /usr/lib/x86_64-linux-gnu/libfreetype.so.6.11.1
7f27baf15000-7f27bb114000 ---p 0009d000 08:06 9699821                    /usr/lib/x86_64-linux-gnu/libfreetype.so.6.11.1
7f27bb114000-7f27bb11a000 r--p 0009c000 08:06 9699821                    /usr/lib/x86_64-linux-gnu/libfreetype.so.6.11.1
7f27bb11a000-7f27bb11b000 rw-p 000a2000 08:06 9699821                    /usr/lib/x86_64-linux-gnu/libfreetype.so.6.11.1
7f27bb11b000-7f27bb12a000 r-xp 00000000 08:06 9707463                    /usr/lib/x86_64-linux-gnu/libavahi-client.so.3.2.9
7f27bb12a000-7f27bb32a000 ---p 0000f000 08:06 9707463                    /usr/lib/x86_64-linux-gnu/libavahi-client.so.3.2.9
7f27bb32a000-7f27bb32b000 r--p 0000f000 08:06 9707463                    /usr/lib/x86_64-linux-gnu/libavahi-client.so.3.2.9
7f27bb32b000-7f27bb32c000 rw-p 00010000 08:06 9707463                    /usr/lib/x86_64-linux-gnu/libavahi-client.so.3.2.9
7f27bb32c000-7f27bb337000 r-xp 00000000 08:06 9707465                    /usr/lib/x86_64-linux-gnu/libavahi-common.so.3.5.3
7f27bb337000-7f27bb536000 ---p 0000b000 08:06 9707465                    /usr/lib/x86_64-linux-gnu/libavahi-common.so.3.5.3
7f27bb536000-7f27bb537000 r--p 0000a000 08:06 9707465                    /usr/lib/x86_64-linux-gnu/libavahi-common.so.3.5.3
7f27bb537000-7f27bb538000 rw-p 0000b000 08:06 9707465                    /usr/lib/x86_64-linux-gnu/libavahi-common.so.3.5.3
7f27bb538000-7f27bb5ee000 r-xp 00000000 08:06 9699378                    /usr/lib/x86_64-linux-gnu/libgnutls.so.26.22.6
7f27bb5ee000-7f27bb7ee000 ---p 000b6000 08:06 9699378                    /usr/lib/x86_64-linux-gnu/libgnutls.so.26.22.6
7f27bb7ee000-7f27bb7f4000 r--p 000b6000 08:06 9699378                    /usr/lib/x86_64-linux-gnu/libgnutls.so.26.22.6
7f27bb7f4000-7f27bb7f5000 rw-p 000bc000 08:06 9699378                    /usr/lib/x86_64-linux-gnu/libgnutls.so.26.22.6
7f27bb7f5000-7f27bb7f6000 rw-p 00000000 00:00 0 
7f27bb7f6000-7f27bb839000 r-xp 00000000 08:06 9707797                    /usr/lib/x86_64-linux-gnu/libgssapi_krb5.so.2.2
7f27bb839000-7f27bba39000 ---p 00043000 08:06 9707797                    /usr/lib/x86_64-linux-gnu/libgssapi_krb5.so.2.2
7f27bba39000-7f27bba3a000 r--p 00043000 08:06 9707797                    /usr/lib/x86_64-linux-gnu/libgssapi_krb5.so.2.2
7f27bba3a000-7f27bba3c000 rw-p 00044000 08:06 9707797                    /usr/lib/x86_64-linux-gnu/libgssapi_krb5.so.2.2
7f27bba3c000-7f27bba8b000 r-xp 00000000 08:06 9707770                    /usr/lib/x86_64-linux-gnu/libgobject-2.0.so.0.4002.0
7f27bba8b000-7f27bbc8b000 ---p 0004f000 08:06 9707770                    /usr/lib/x86_64-linux-gnu/libgobject-2.0.so.0.4002.0
7f27bbc8b000-7f27bbc8c000 r--p 0004f000 08:06 9707770                    /usr/lib/x86_64-linux-gnu/libgobject-2.0.so.0.4002.0
7f27bbc8c000-7f27bbc8d000 rw-p 00050000 08:06 9707770                    /usr/lib/x86_64-linux-gnu/libgobject-2.0.so.0.4002.0
7f27bbc8d000-7f27bbdf9000 r-xp 00000000 08:06 9707742                    /usr/lib/x86_64-linux-gnu/libgio-2.0.so.0.4002.0
7f27bbdf9000-7f27bbff8000 ---p 0016c000 08:06 9707742                    /usr/lib/x86_64-linux-gnu/libgio-2.0.so.0.4002.0
7f27bbff8000-7f27bbffc000 r--p 0016b000 08:06 9707742                    /usr/lib/x86_64-linux-gnu/libgio-2.0.so.0.4002.0
7f27bbffc000-7f27bbffe000 rw-p 0016f000 08:06 9707742                    /usr/lib/x86_64-linux-gnu/libgio-2.0.so.0.4002.0
7f27bbffe000-7f27bc000000 rw-p 00000000 00:00 0 
7f27bc000000-7f27bc021000 rw-p 00000000 00:00 0 
7f27bc021000-7f27c0000000 ---p 00000000 00:00 0 
7f27c0000000-7f27c0001000 rw-s 00000000 00:04 269005                     /drm mm object (deleted)
7f27c0001000-7f27c0002000 rw-s 00000000 00:04 271524                     /drm mm object (deleted)
7f27c0002000-7f27c0003000 rwxp 00000000 00:00 0 
7f27c0003000-7f27c0004000 rw-s 00000000 00:04 271514                     /drm mm object (deleted)
7f27c0004000-7f27c000c000 rw-s 00000000 00:04 271513                     /drm mm object (deleted)
7f27c000c000-7f27c000d000 r--s 0002f000 08:06 8394805                    /home/zax/workspace/UCSDUnfoldingMaps/lib/jogl-all-natives-linux-amd64.jar
7f27c000d000-7f27c0012000 r--s 0004d000 08:06 1314162                    /usr/lib/jvm/java-7-openjdk-amd64/jre/lib/jsse.jar
7f27c0012000-7f27c001c000 r--s 000ae000 08:06 1314158                    /usr/lib/jvm/java-7-openjdk-amd64/jre/lib/resources.jar
7f27c001c000-7f27c0039000 r-xp 00000000 08:06 9708427                    /usr/lib/x86_64-linux-gnu/libxcb.so.1.1.0
7f27c0039000-7f27c0239000 ---p 0001d000 08:06 9708427                    /usr/lib/x86_64-linux-gnu/libxcb.so.1.1.0
7f27c0239000-7f27c023a000 r--p 0001d000 08:06 9708427                    /usr/lib/x86_64-linux-gnu/libxcb.so.1.1.0
7f27c023a000-7f27c023b000 rw-p 0001e000 08:06 9708427                    /usr/lib/x86_64-linux-gnu/libxcb.so.1.1.0
7f27c023b000-7f27c0275000 r-xp 00000000 08:06 9707655                    /usr/lib/x86_64-linux-gnu/libfontconfig.so.1.8.0
7f27c0275000-7f27c0474000 ---p 0003a000 08:06 9707655                    /usr/lib/x86_64-linux-gnu/libfontconfig.so.1.8.0
7f27c0474000-7f27c0476000 r--p 00039000 08:06 9707655                    /usr/lib/x86_64-linux-gnu/libfontconfig.so.1.8.0
7f27c0476000-7f27c0477000 rw-p 0003b000 08:06 9707655                    /usr/lib/x86_64-linux-gnu/libfontconfig.so.1.8.0
7f27c0477000-7f27c04e3000 r-xp 00000000 08:06 9699450                    /usr/lib/x86_64-linux-gnu/libcups.so.2
7f27c04e3000-7f27c06e3000 ---p 0006c000 08:06 9699450                    /usr/lib/x86_64-linux-gnu/libcups.so.2
7f27c06e3000-7f27c06ea000 r--p 0006c000 08:06 9699450                    /usr/lib/x86_64-linux-gnu/libcups.so.2
7f27c06ea000-7f27c06eb000 rw-p 00073000 08:06 9699450                    /usr/lib/x86_64-linux-gnu/libcups.so.2
7f27c06eb000-7f27c06fa000 r-xp 00000000 08:06 9703061                    /usr/lib/x86_64-linux-gnu/libXi.so.6.1.0
7f27c06fa000-7f27c08f9000 ---p 0000f000 08:06 9703061                    /usr/lib/x86_64-linux-gnu/libXi.so.6.1.0
7f27c08f9000-7f27c08fa000 r--p 0000e000 08:06 9703061                    /usr/lib/x86_64-linux-gnu/libXi.so.6.1.0
7f27c08fa000-7f27c08fb000 rw-p 0000f000 08:06 9703061                    /usr/lib/x86_64-linux-gnu/libXi.so.6.1.0
7f27c08fb000-7f27c0900000 r-xp 00000000 08:06 9707400                    /usr/lib/x86_64-linux-gnu/libXtst.so.6.1.0
7f27c0900000-7f27c0aff000 ---p 00005000 08:06 9707400                    /usr/lib/x86_64-linux-gnu/libXtst.so.6.1.0
7f27c0aff000-7f27c0b00000 r--p 00004000 08:06 9707400                    /usr/lib/x86_64-linux-gnu/libXtst.so.6.1.0
7f27c0b00000-7f27c0b01000 rw-p 00005000 08:06 9707400                    /usr/lib/x86_64-linux-gnu/libXtst.so.6.1.0
7f27c0b01000-7f27c0b0a000 r-xp 00000000 08:06 9703063                    /usr/lib/x86_64-linux-gnu/libXrender.so.1.3.0
7f27c0b0a000-7f27c0d09000 ---p 00009000 08:06 9703063                    /usr/lib/x86_64-linux-gnu/libXrender.so.1.3.0
7f27c0d09000-7f27c0d0a000 r--p 00008000 08:06 9703063                    /usr/lib/x86_64-linux-gnu/libXrender.so.1.3.0
7f27c0d0a000-7f27c0d0b000 rw-p 00009000 08:06 9703063                    /usr/lib/x86_64-linux-gnu/libXrender.so.1.3.0
7f27c0d0b000-7f27c0e3b000 r-xp 00000000 08:06 9707355                    /usr/lib/x86_64-linux-gnu/libX11.so.6.3.0
7f27c0e3b000-7f27c103b000 ---p 00130000 08:06 9707355                    /usr/lib/x86_64-linux-gnu/libX11.so.6.3.0
7f27c103b000-7f27c103c000 r--p 00130000 08:06 9707355                    /usr/lib/x86_64-linux-gnu/libX11.so.6.3.0
7f27c103c000-7f27c1040000 rw-p 00131000 08:06 9707355                    /usr/lib/x86_64-linux-gnu/libX11.so.6.3.0
7f27c1040000-7f27c1051000 r-xp 00000000 08:06 9700536                    /usr/lib/x86_64-linux-gnu/libXext.so.6.4.0
7f27c1051000-7f27c1250000 ---p 00011000 08:06 9700536                    /usr/lib/x86_64-linux-gnu/libXext.so.6.4.0
7f27c1250000-7f27c1251000 r--p 00010000 08:06 9700536                    /usr/lib/x86_64-linux-gnu/libXext.so.6.4.0
7f27c1251000-7f27c1252000 rw-p 00011000 08:06 9700536                    /usr/lib/x86_64-linux-gnu/libXext.so.6.4.0
7f27c1252000-7f27c1254000 r--s 00000000 08:06 8394792                    /home/zax/workspace/UCSDUnfoldingMaps/lib/gluegen-rt-natives-linux-amd64.jar
7f27c1254000-7f27c1255000 r--p 00000000 00:00 0 
7f27c1255000-7f27c125b000 r--s 00033000 08:06 8394806                    /home/zax/workspace/UCSDUnfoldingMaps/lib/unfolding.0.9.7-uscd.jar
7f27c125b000-7f27c1260000 r--s 00309000 08:06 8394789                    /home/zax/workspace/UCSDUnfoldingMaps/lib/sqlite-jdbc-3.7.2.jar
7f27c1260000-7f27c1267000 r--s 00059000 08:06 8394793                    /home/zax/workspace/UCSDUnfoldingMaps/lib/log4j-1.2.15.jar
7f27c1267000-7f27c12af000 r-xp 00000000 08:06 1705841                    /usr/lib/jvm/java-7-openjdk-amd64/jre/lib/amd64/xawt/libmawt.so
7f27c12af000-7f27c14ae000 ---p 00048000 08:06 1705841                    /usr/lib/jvm/java-7-openjdk-amd64/jre/lib/amd64/xawt/libmawt.so
7f27c14ae000-7f27c14af000 r--p 00047000 08:06 1705841                    /usr/lib/jvm/java-7-openjdk-amd64/jre/lib/amd64/xawt/libmawt.so
7f27c14af000-7f27c14b2000 rw-p 00048000 08:06 1705841                    /usr/lib/jvm/java-7-openjdk-amd64/jre/lib/amd64/xawt/libmawt.so
7f27c14b2000-7f27c14b3000 rw-p 00000000 00:00 0 
7f27c14b3000-7f27c1553000 r-xp 00000000 08:06 1705742                    /usr/lib/jvm/java-7-openjdk-amd64/jre/lib/amd64/libawt.so
7f27c1553000-7f27c1753000 ---p 000a0000 08:06 1705742                    /usr/lib/jvm/java-7-openjdk-amd64/jre/lib/amd64/libawt.so
7f27c1753000-7f27c1754000 r--p 000a0000 08:06 1705742                    /usr/lib/jvm/java-7-openjdk-amd64/jre/lib/amd64/libawt.so
7f27c1754000-7f27c175f000 rw-p 000a1000 08:06 1705742                    /usr/lib/jvm/java-7-openjdk-amd64/jre/lib/amd64/libawt.so
7f27c175f000-7f27c1784000 rw-p 00000000 00:00 0 
7f27c1784000-7f27c1785000 ---p 00000000 00:00 0 
7f27c1785000-7f27c1885000 rw-p 00000000 00:00 0                          [stack:15131]
7f27c1885000-7f27c1888000 ---p 00000000 00:00 0 
7f27c1888000-7f27c1986000 rw-p 00000000 00:00 0                          [stack:15130]
7f27c1986000-7f27c1989000 ---p 00000000 00:00 0 
7f27c1989000-7f27c1a87000 rw-p 00000000 00:00 0                          [stack:15129]
7f27c1a87000-7f27c1a8a000 ---p 00000000 00:00 0 
7f27c1a8a000-7f27c1b88000 rw-p 00000000 00:00 0                          [stack:15128]
7f27c1b88000-7f27c1b8b000 ---p 00000000 00:00 0 
7f27c1b8b000-7f27c1c89000 rw-p 00000000 00:00 0                          [stack:15127]
7f27c1c89000-7f27c236b000 r--p 00000000 08:06 9706356                    /usr/lib/locale/locale-archive
7f27c236b000-7f27c236e000 ---p 00000000 00:00 0 
7f27c236e000-7f27c246c000 rw-p 00000000 00:00 0                          [stack:15126]
7f27c246c000-7f27c246f000 ---p 00000000 00:00 0 
7f27c246f000-7f27c256d000 rw-p 00000000 00:00 0                          [stack:15125]
7f27c256d000-7f27c256e000 ---p 00000000 00:00 0 
7f27c256e000-7f27c364a000 rw-p 00000000 00:00 0                          [stack:15124]
7f27c364a000-7f27c37fb000 r--s 01d29000 08:06 1314155                    /usr/lib/jvm/java-7-openjdk-amd64/jre/lib/rt.jar
7f27c37fb000-7f27c3cfc000 rw-p 00000000 00:00 0 
7f27c3cfc000-7f27c3cfd000 ---p 00000000 00:00 0 
7f27c3cfd000-7f27c3dfd000 rw-p 00000000 00:00 0                          [stack:15123]
7f27c3dfd000-7f27c3dfe000 ---p 00000000 00:00 0 
7f27c3dfe000-7f27c3efe000 rw-p 00000000 00:00 0                          [stack:15122]
7f27c3efe000-7f27c3eff000 ---p 00000000 00:00 0 
7f27c3eff000-7f27c3fff000 rw-p 00000000 00:00 0                          [stack:15121]
7f27c3fff000-7f27c4000000 ---p 00000000 00:00 0 
7f27c4000000-7f27c4129000 rw-p 00000000 00:00 0                          [stack:15120]
7f27c4129000-7f27c4394000 rw-p 00000000 00:00 0 
7f27c4394000-7f27c439f000 rw-p 00000000 00:00 0 
7f27c439f000-7f27c43e7000 rw-p 00000000 00:00 0 
7f27c43e7000-7f27c4410000 rw-p 00000000 00:00 0 
7f27c4410000-7f27c467a000 rw-p 00000000 00:00 0 
7f27c467a000-7f27c469f000 rw-p 00000000 00:00 0 
7f27c469f000-7f27c47c4000 rw-p 00000000 00:00 0 
7f27c47c4000-7f27c47c5000 rw-p 00000000 00:00 0 
7f27c47c5000-7f27c4a35000 rwxp 00000000 00:00 0 
7f27c4a35000-7f27c77c5000 rw-p 00000000 00:00 0 
7f27c77c5000-7f27c77cd000 r-xp 00000000 08:06 1705727                    /usr/lib/jvm/java-7-openjdk-amd64/jre/lib/amd64/libzip.so
7f27c77cd000-7f27c79cc000 ---p 00008000 08:06 1705727                    /usr/lib/jvm/java-7-openjdk-amd64/jre/lib/amd64/libzip.so
7f27c79cc000-7f27c79cd000 r--p 00007000 08:06 1705727                    /usr/lib/jvm/java-7-openjdk-amd64/jre/lib/amd64/libzip.so
7f27c79cd000-7f27c79ce000 rw-p 00008000 08:06 1705727                    /usr/lib/jvm/java-7-openjdk-amd64/jre/lib/amd64/libzip.so
7f27c79ce000-7f27c79d9000 r-xp 00000000 08:06 8126483                    /lib/x86_64-linux-gnu/libnss_files-2.19.so
7f27c79d9000-7f27c7bd8000 ---p 0000b000 08:06 8126483                    /lib/x86_64-linux-gnu/libnss_files-2.19.so
7f27c7bd8000-7f27c7bd9000 r--p 0000a000 08:06 8126483                    /lib/x86_64-linux-gnu/libnss_files-2.19.so
7f27c7bd9000-7f27c7bda000 rw-p 0000b000 08:06 8126483                    /lib/x86_64-linux-gnu/libnss_files-2.19.so
7f27c7bda000-7f27c7be5000 r-xp 00000000 08:06 8130425                    /lib/x86_64-linux-gnu/libnss_nis-2.19.so
7f27c7be5000-7f27c7de4000 ---p 0000b000 08:06 8130425                    /lib/x86_64-linux-gnu/libnss_nis-2.19.so
7f27c7de4000-7f27c7de5000 r--p 0000a000 08:06 8130425                    /lib/x86_64-linux-gnu/libnss_nis-2.19.so
7f27c7de5000-7f27c7de6000 rw-p 0000b000 08:06 8130425                    /lib/x86_64-linux-gnu/libnss_nis-2.19.so
7f27c7de6000-7f27c7dfd000 r-xp 00000000 08:06 8126558                    /lib/x86_64-linux-gnu/libnsl-2.19.so
7f27c7dfd000-7f27c7ffc000 ---p 00017000 08:06 8126558                    /lib/x86_64-linux-gnu/libnsl-2.19.so
7f27c7ffc000-7f27c7ffd000 r--p 00016000 08:06 8126558                    /lib/x86_64-linux-gnu/libnsl-2.19.so
7f27c7ffd000-7f27c7ffe000 rw-p 00017000 08:06 8126558                    /lib/x86_64-linux-gnu/libnsl-2.19.so
7f27c7ffe000-7f27c8000000 rw-p 00000000 00:00 0 
7f27c8000000-7f27c829d000 rw-p 00000000 00:00 0 
7f27c829d000-7f27cc000000 ---p 00000000 00:00 0 
7f27cc000000-7f27cc001000 r--s 00005000 08:06 8394802                    /home/zax/workspace/UCSDUnfoldingMaps/lib/libTUIO.jar
7f27cc001000-7f27cc002000 r--s 00007000 08:06 8394794                    /home/zax/workspace/UCSDUnfoldingMaps/lib/json4processing.jar
7f27cc002000-7f27cc008000 r--s 00041000 08:06 8394804                    /home/zax/workspace/UCSDUnfoldingMaps/lib/gluegen-rt.jar
7f27cc008000-7f27cc00c000 r--s 0009a000 08:06 8394798                    /home/zax/workspace/UCSDUnfoldingMaps/lib/core.jar
7f27cc00c000-7f27cc010000 r--s 0003c000 08:06 1578537                    /usr/lib/jvm/java-7-openjdk-amd64/jre/lib/ext/sunpkcs11.jar
7f27cc010000-7f27cc014000 r--s 00085000 08:06 1578534                    /usr/lib/jvm/java-7-openjdk-amd64/jre/lib/ext/localedata.jar
7f27cc014000-7f27cc071000 rw-p 00000000 00:00 0 
7f27cc071000-7f27cc0b9000 rw-p 00000000 00:00 0 
7f27cc0b9000-7f27cc0c2000 r-xp 00000000 08:06 8126557                    /lib/x86_64-linux-gnu/libnss_compat-2.19.so
7f27cc0c2000-7f27cc2c1000 ---p 00009000 08:06 8126557                    /lib/x86_64-linux-gnu/libnss_compat-2.19.so
7f27cc2c1000-7f27cc2c2000 r--p 00008000 08:06 8126557                    /lib/x86_64-linux-gnu/libnss_compat-2.19.so
7f27cc2c2000-7f27cc2c3000 rw-p 00009000 08:06 8126557                    /lib/x86_64-linux-gnu/libnss_compat-2.19.so
7f27cc2c3000-7f27cc2ee000 r-xp 00000000 08:06 1705764                    /usr/lib/jvm/java-7-openjdk-amd64/jre/lib/amd64/libjava.so
7f27cc2ee000-7f27cc4ed000 ---p 0002b000 08:06 1705764                    /usr/lib/jvm/java-7-openjdk-amd64/jre/lib/amd64/libjava.so
7f27cc4ed000-7f27cc4ee000 r--p 0002a000 08:06 1705764                    /usr/lib/jvm/java-7-openjdk-amd64/jre/lib/amd64/libjava.so
7f27cc4ee000-7f27cc4f0000 rw-p 0002b000 08:06 1705764                    /usr/lib/jvm/java-7-openjdk-amd64/jre/lib/amd64/libjava.so
7f27cc4f0000-7f27cc500000 r-xp 00000000 08:06 1705745                    /usr/lib/jvm/java-7-openjdk-amd64/jre/lib/amd64/libverify.so
7f27cc500000-7f27cc6ff000 ---p 00010000 08:06 1705745                    /usr/lib/jvm/java-7-openjdk-amd64/jre/lib/amd64/libverify.so
7f27cc6ff000-7f27cc701000 r--p 0000f000 08:06 1705745                    /usr/lib/jvm/java-7-openjdk-amd64/jre/lib/amd64/libverify.so
7f27cc701000-7f27cc702000 rw-p 00011000 08:06 1705745                    /usr/lib/jvm/java-7-openjdk-amd64/jre/lib/amd64/libverify.so
7f27cc702000-7f27cc709000 r-xp 00000000 08:06 8126566                    /lib/x86_64-linux-gnu/librt-2.19.so
7f27cc709000-7f27cc908000 ---p 00007000 08:06 8126566                    /lib/x86_64-linux-gnu/librt-2.19.so
7f27cc908000-7f27cc909000 r--p 00006000 08:06 8126566                    /lib/x86_64-linux-gnu/librt-2.19.so
7f27cc909000-7f27cc90a000 rw-p 00007000 08:06 8126566                    /lib/x86_64-linux-gnu/librt-2.19.so
7f27cc90a000-7f27cc920000 r-xp 00000000 08:06 8130522                    /lib/x86_64-linux-gnu/libgcc_s.so.1
7f27cc920000-7f27ccb1f000 ---p 00016000 08:06 8130522                    /lib/x86_64-linux-gnu/libgcc_s.so.1
7f27ccb1f000-7f27ccb20000 rw-p 00015000 08:06 8130522                    /lib/x86_64-linux-gnu/libgcc_s.so.1
7f27ccb20000-7f27ccc25000 r-xp 00000000 08:06 8126479                    /lib/x86_64-linux-gnu/libm-2.19.so
7f27ccc25000-7f27cce24000 ---p 00105000 08:06 8126479                    /lib/x86_64-linux-gnu/libm-2.19.so
7f27cce24000-7f27cce25000 r--p 00104000 08:06 8126479                    /lib/x86_64-linux-gnu/libm-2.19.so
7f27cce25000-7f27cce26000 rw-p 00105000 08:06 8126479                    /lib/x86_64-linux-gnu/libm-2.19.so
7f27cce26000-7f27ccf0c000 r-xp 00000000 08:06 9701555                    /usr/lib/x86_64-linux-gnu/libstdc++.so.6.0.19
7f27ccf0c000-7f27cd10b000 ---p 000e6000 08:06 9701555                    /usr/lib/x86_64-linux-gnu/libstdc++.so.6.0.19
7f27cd10b000-7f27cd113000 r--p 000e5000 08:06 9701555                    /usr/lib/x86_64-linux-gnu/libstdc++.so.6.0.19
7f27cd113000-7f27cd115000 rw-p 000ed000 08:06 9701555                    /usr/lib/x86_64-linux-gnu/libstdc++.so.6.0.19
7f27cd115000-7f27cd12a000 rw-p 00000000 00:00 0 
7f27cd12a000-7f27cdc43000 r-xp 00000000 08:06 1705733                    /usr/lib/jvm/java-7-openjdk-amd64/jre/lib/amd64/server/libjvm.so
7f27cdc43000-7f27cde43000 ---p 00b19000 08:06 1705733                    /usr/lib/jvm/java-7-openjdk-amd64/jre/lib/amd64/server/libjvm.so
7f27cde43000-7f27cdedd000 r--p 00b19000 08:06 1705733                    /usr/lib/jvm/java-7-openjdk-amd64/jre/lib/amd64/server/libjvm.so
7f27cdedd000-7f27cdf00000 rw-p 00bb3000 08:06 1705733                    /usr/lib/jvm/java-7-openjdk-amd64/jre/lib/amd64/server/libjvm.so
7f27cdf00000-7f27cdf2e000 rw-p 00000000 00:00 0 
7f27cdf2e000-7f27cdf46000 r-xp 00000000 08:06 8130658                    /lib/x86_64-linux-gnu/libz.so.1.2.8
7f27cdf46000-7f27ce145000 ---p 00018000 08:06 8130658                    /lib/x86_64-linux-gnu/libz.so.1.2.8
7f27ce145000-7f27ce146000 r--p 00017000 08:06 8130658                    /lib/x86_64-linux-gnu/libz.so.1.2.8
7f27ce146000-7f27ce147000 rw-p 00018000 08:06 8130658                    /lib/x86_64-linux-gnu/libz.so.1.2.8
7f27ce147000-7f27ce160000 r-xp 00000000 08:06 8126564                    /lib/x86_64-linux-gnu/libpthread-2.19.so
7f27ce160000-7f27ce35f000 ---p 00019000 08:06 8126564                    /lib/x86_64-linux-gnu/libpthread-2.19.so
7f27ce35f000-7f27ce360000 r--p 00018000 08:06 8126564                    /lib/x86_64-linux-gnu/libpthread-2.19.so
7f27ce360000-7f27ce361000 rw-p 00019000 08:06 8126564                    /lib/x86_64-linux-gnu/libpthread-2.19.so
7f27ce361000-7f27ce365000 rw-p 00000000 00:00 0 
7f27ce365000-7f27ce368000 r-xp 00000000 08:06 8126494                    /lib/x86_64-linux-gnu/libdl-2.19.so
7f27ce368000-7f27ce567000 ---p 00003000 08:06 8126494                    /lib/x86_64-linux-gnu/libdl-2.19.so
7f27ce567000-7f27ce568000 r--p 00002000 08:06 8126494                    /lib/x86_64-linux-gnu/libdl-2.19.so
7f27ce568000-7f27ce569000 rw-p 00003000 08:06 8126494                    /lib/x86_64-linux-gnu/libdl-2.19.so
7f27ce569000-7f27ce724000 r-xp 00000000 08:06 8126563                    /lib/x86_64-linux-gnu/libc-2.19.so
7f27ce724000-7f27ce923000 ---p 001bb000 08:06 8126563                    /lib/x86_64-linux-gnu/libc-2.19.so
7f27ce923000-7f27ce927000 r--p 001ba000 08:06 8126563                    /lib/x86_64-linux-gnu/libc-2.19.so
7f27ce927000-7f27ce929000 rw-p 001be000 08:06 8126563                    /lib/x86_64-linux-gnu/libc-2.19.so
7f27ce929000-7f27ce92e000 rw-p 00000000 00:00 0 
7f27ce92e000-7f27ce93b000 r-xp 00000000 08:06 1705730                    /usr/lib/jvm/java-7-openjdk-amd64/jre/lib/amd64/jli/libjli.so
7f27ce93b000-7f27ceb3a000 ---p 0000d000 08:06 1705730                    /usr/lib/jvm/java-7-openjdk-amd64/jre/lib/amd64/jli/libjli.so
7f27ceb3a000-7f27ceb3b000 r--p 0000c000 08:06 1705730                    /usr/lib/jvm/java-7-openjdk-amd64/jre/lib/amd64/jli/libjli.so
7f27ceb3b000-7f27ceb3c000 rw-p 0000d000 08:06 1705730                    /usr/lib/jvm/java-7-openjdk-amd64/jre/lib/amd64/jli/libjli.so
7f27ceb3c000-7f27ceb5f000 r-xp 00000000 08:06 8126560                    /lib/x86_64-linux-gnu/ld-2.19.so
7f27ceb5f000-7f27ceb60000 r--s 00002000 08:06 1578535                    /usr/lib/jvm/java-7-openjdk-amd64/jre/lib/ext/dnsns.jar
7f27ceb60000-7f27ceb8b000 rw-p 00000000 00:00 0 
7f27ceb8b000-7f27cec41000 rw-p 00000000 00:00 0 
7f27cec41000-7f27cec44000 ---p 00000000 00:00 0 
7f27cec44000-7f27ced47000 rw-p 00000000 00:00 0                          [stack:15119]
7f27ced47000-7f27ced4a000 r--s 0000f000 08:06 1578538                    /usr/lib/jvm/java-7-openjdk-amd64/jre/lib/ext/icedtea-sound.jar
7f27ced4a000-7f27ced4c000 r--s 00012000 08:06 1578539                    /usr/lib/jvm/java-7-openjdk-amd64/jre/lib/ext/zipfs.jar
7f27ced4c000-7f27ced50000 r--s 00034000 08:06 1578536                    /usr/lib/jvm/java-7-openjdk-amd64/jre/lib/ext/sunjce_provider.jar
7f27ced50000-7f27ced52000 r--s 00006000 08:06 10103544                   /usr/share/java/java-atk-wrapper.jar
7f27ced52000-7f27ced5a000 rw-s 00000000 08:06 4325430                    /tmp/hsperfdata_zax/15111
7f27ced5a000-7f27ced5b000 rw-p 00000000 00:00 0 
7f27ced5b000-7f27ced5c000 r--p 00000000 00:00 0 
7f27ced5c000-7f27ced5e000 rw-p 00000000 00:00 0 
7f27ced5e000-7f27ced5f000 r--p 00022000 08:06 8126560                    /lib/x86_64-linux-gnu/ld-2.19.so
7f27ced5f000-7f27ced60000 rw-p 00023000 08:06 8126560                    /lib/x86_64-linux-gnu/ld-2.19.so
7f27ced60000-7f27ced61000 rw-p 00000000 00:00 0 
7ffe32c05000-7ffe32c26000 rw-p 00000000 00:00 0                          [stack]
7ffe32cd0000-7ffe32cd2000 r-xp 00000000 00:00 0                          [vdso]
7ffe32cd2000-7ffe32cd4000 r--p 00000000 00:00 0                          [vvar]
ffffffffff600000-ffffffffff601000 r-xp 00000000 00:00 0                  [vsyscall]

VM Arguments:
jvm_args: -Djava.security.policy=java.policy.applet -Dfile.encoding=UTF-8 
java_command: sun.applet.AppletViewer geoLocation.LifeExpectency1443387073072.html
Launcher Type: SUN_STANDARD

Environment Variables:
PATH=/home/zax/.rvm/gems/ruby-2.2.1/bin:/home/zax/.rvm/gems/ruby-2.2.1@global/bin:/home/zax/.rvm/rubies/ruby-2.2.1/bin:/usr/local/sbin:/usr/local/bin:/usr/sbin:/usr/bin:/sbin:/bin:/usr/games:/usr/local/games:/home/zax/.rvm/bin
SHELL=/bin/bash
DISPLAY=:0.0

Signal Handlers:
SIGSEGV: [libjvm.so+0x94bab0], sa_mask[0]=0x7ffbfeff, sa_flags=0x10000004
SIGBUS: [libjvm.so+0x94bab0], sa_mask[0]=0x7ffbfeff, sa_flags=0x10000004
SIGFPE: [libjvm.so+0x7c38b0], sa_mask[0]=0x7ffbfeff, sa_flags=0x10000004
SIGPIPE: [libjvm.so+0x7c38b0], sa_mask[0]=0x7ffbfeff, sa_flags=0x10000004
SIGXFSZ: [libjvm.so+0x7c38b0], sa_mask[0]=0x7ffbfeff, sa_flags=0x10000004
SIGILL: [libjvm.so+0x7c38b0], sa_mask[0]=0x7ffbfeff, sa_flags=0x10000004
SIGUSR1: SIG_DFL, sa_mask[0]=0x00000000, sa_flags=0x00000000
SIGUSR2: [libjvm.so+0x7c3750], sa_mask[0]=0x00000004, sa_flags=0x10000004
SIGHUP: [libjvm.so+0x7c3930], sa_mask[0]=0x7ffbfeff, sa_flags=0x10000004
SIGINT: [libjvm.so+0x7c3930], sa_mask[0]=0x7ffbfeff, sa_flags=0x10000004
SIGTERM: [libjvm.so+0x7c3930], sa_mask[0]=0x7ffbfeff, sa_flags=0x10000004
SIGQUIT: [libjvm.so+0x7c3930], sa_mask[0]=0x7ffbfeff, sa_flags=0x10000004
SIGTRAP: SIG_DFL, sa_mask[0]=0x00000000, sa_flags=0x00000000


---------------  S Y S T E M  ---------------

OS:Ubuntu 14.04 (trusty)
uname:Linux 3.16.0-49-generic #65~14.04.1-Ubuntu SMP Wed Sep 9 10:03:23 UTC 2015 x86_64
libc:glibc 2.19 NPTL 2.19 
rlimit: STACK 8192k, CORE 0k, NPROC 31248, NOFILE 4096, AS infinity
load average:0.62 0.78 0.82

/proc/meminfo:
MemTotal:        8098904 kB
MemFree:         1881396 kB
MemAvailable:    4575620 kB
Buffers:          356432 kB
Cached:          3016536 kB
SwapCached:            0 kB
Active:          4501936 kB
Inactive:        1311252 kB
Active(anon):    2446492 kB
Inactive(anon):   657104 kB
Active(file):    2055444 kB
Inactive(file):   654148 kB
Unevictable:          32 kB
Mlocked:              32 kB
SwapTotal:       8310780 kB
SwapFree:        8310780 kB
Dirty:             25980 kB
Writeback:             0 kB
AnonPages:       2440252 kB
Mapped:           469096 kB
Shmem:            663380 kB
Slab:             274568 kB
SReclaimable:     238036 kB
SUnreclaim:        36532 kB
KernelStack:        9664 kB
PageTables:        34200 kB
NFS_Unstable:          0 kB
Bounce:                0 kB
WritebackTmp:          0 kB
CommitLimit:    12360232 kB
Committed_AS:    7396080 kB
VmallocTotal:   34359738367 kB
VmallocUsed:      558624 kB
VmallocChunk:   34359094256 kB
HardwareCorrupted:     0 kB
AnonHugePages:   1042432 kB
HugePages_Total:       0
HugePages_Free:        0
HugePages_Rsvd:        0
HugePages_Surp:        0
Hugepagesize:       2048 kB
DirectMap4k:       60160 kB
DirectMap2M:     3008512 kB
DirectMap1G:     5242880 kB


CPU:total 4 (2 cores per cpu, 2 threads per core) family 6 model 69 stepping 1, cmov, cx8, fxsr, mmx, sse, sse2, sse3, ssse3, sse4.1, sse4.2, popcnt, avx, avx2, aes, erms, ht, tsc, tscinvbit

/proc/cpuinfo:
processor	: 0
vendor_id	: GenuineIntel
cpu family	: 6
model		: 69
model name	: Intel(R) Core(TM) i5-4210U CPU @ 1.70GHz
stepping	: 1
microcode	: 0x1c
cpu MHz		: 1294.125
cache size	: 3072 KB
physical id	: 0
siblings	: 4
core id		: 0
cpu cores	: 2
apicid		: 0
initial apicid	: 0
fpu		: yes
fpu_exception	: yes
cpuid level	: 13
wp		: yes
flags		: fpu vme de pse tsc msr pae mce cx8 apic sep mtrr pge mca cmov pat pse36 clflush dts acpi mmx fxsr sse sse2 ss ht tm pbe syscall nx pdpe1gb rdtscp lm constant_tsc arch_perfmon pebs bts rep_good nopl xtopology nonstop_tsc aperfmperf eagerfpu pni pclmulqdq dtes64 monitor ds_cpl vmx est tm2 ssse3 fma cx16 xtpr pdcm pcid sse4_1 sse4_2 movbe popcnt tsc_deadline_timer aes xsave avx f16c rdrand lahf_lm abm ida arat epb xsaveopt pln pts dtherm tpr_shadow vnmi flexpriority ept vpid fsgsbase tsc_adjust bmi1 avx2 smep bmi2 erms invpcid
bogomips	: 4788.91
clflush size	: 64
cache_alignment	: 64
address sizes	: 39 bits physical, 48 bits virtual
power management:

processor	: 1
vendor_id	: GenuineIntel
cpu family	: 6
model		: 69
model name	: Intel(R) Core(TM) i5-4210U CPU @ 1.70GHz
stepping	: 1
microcode	: 0x1c
cpu MHz		: 1824.656
cache size	: 3072 KB
physical id	: 0
siblings	: 4
core id		: 0
cpu cores	: 2
apicid		: 1
initial apicid	: 1
fpu		: yes
fpu_exception	: yes
cpuid level	: 13
wp		: yes
flags		: fpu vme de pse tsc msr pae mce cx8 apic sep mtrr pge mca cmov pat pse36 clflush dts acpi mmx fxsr sse sse2 ss ht tm pbe syscall nx pdpe1gb rdtscp lm constant_tsc arch_perfmon pebs bts rep_good nopl xtopology nonstop_tsc aperfmperf eagerfpu pni pclmulqdq dtes64 monitor ds_cpl vmx est tm2 ssse3 fma cx16 xtpr pdcm pcid sse4_1 sse4_2 movbe popcnt tsc_deadline_timer aes xsave avx f16c rdrand lahf_lm abm ida arat epb xsaveopt pln pts dtherm tpr_shadow vnmi flexpriority ept vpid fsgsbase tsc_adjust bmi1 avx2 smep bmi2 erms invpcid
bogomips	: 4788.91
clflush size	: 64
cache_alignment	: 64
address sizes	: 39 bits physical, 48 bits virtual
power management:

processor	: 2
vendor_id	: GenuineIntel
cpu family	: 6
model		: 69
model name	: Intel(R) Core(TM) i5-4210U CPU @ 1.70GHz
stepping	: 1
microcode	: 0x1c
cpu MHz		: 1299.000
cache size	: 3072 KB
physical id	: 0
siblings	: 4
core id		: 1
cpu cores	: 2
apicid		: 2
initial apicid	: 2
fpu		: yes
fpu_exception	: yes
cpuid level	: 13
wp		: yes
flags		: fpu vme de pse tsc msr pae mce cx8 apic sep mtrr pge mca cmov pat pse36 clflush dts acpi mmx fxsr sse sse2 ss ht tm pbe syscall nx pdpe1gb rdtscp lm constant_tsc arch_perfmon pebs bts rep_good nopl xtopology nonstop_tsc aperfmperf eagerfpu pni pclmulqdq dtes64 monitor ds_cpl vmx est tm2 ssse3 fma cx16 xtpr pdcm pcid sse4_1 sse4_2 movbe popcnt tsc_deadline_timer aes xsave avx f16c rdrand lahf_lm abm ida arat epb xsaveopt pln pts dtherm tpr_shadow vnmi flexpriority ept vpid fsgsbase tsc_adjust bmi1 avx2 smep bmi2 erms invpcid
bogomips	: 4788.91
clflush size	: 64
cache_alignment	: 64
address sizes	: 39 bits physical, 48 bits virtual
power management:

processor	: 3
vendor_id	: GenuineIntel
cpu family	: 6
model		: 69
model name	: Intel(R) Core(TM) i5-4210U CPU @ 1.70GHz
stepping	: 1
microcode	: 0x1c
cpu MHz		: 1296.656
cache size	: 3072 KB
physical id	: 0
siblings	: 4
core id		: 1
cpu cores	: 2
apicid		: 3
initial apicid	: 3
fpu		: yes
fpu_exception	: yes
cpuid level	: 13
wp		: yes
flags		: fpu vme de pse tsc msr pae mce cx8 apic sep mtrr pge mca cmov pat pse36 clflush dts acpi mmx fxsr sse sse2 ss ht tm pbe syscall nx pdpe1gb rdtscp lm constant_tsc arch_perfmon pebs bts rep_good nopl xtopology nonstop_tsc aperfmperf eagerfpu pni pclmulqdq dtes64 monitor ds_cpl vmx est tm2 ssse3 fma cx16 xtpr pdcm pcid sse4_1 sse4_2 movbe popcnt tsc_deadline_timer aes xsave avx f16c rdrand lahf_lm abm ida arat epb xsaveopt pln pts dtherm tpr_shadow vnmi flexpriority ept vpid fsgsbase tsc_adjust bmi1 avx2 smep bmi2 erms invpcid
bogomips	: 4788.91
clflush size	: 64
cache_alignment	: 64
address sizes	: 39 bits physical, 48 bits virtual
power management:



Memory: 4k page, physical 8098904k(1881396k free), swap 8310780k(8310780k free)

vm_info: OpenJDK 64-Bit Server VM (24.79-b02) for linux-amd64 JRE (1.7.0_79-b14), built on Jul 24 2015 08:15:54 by "buildd" with gcc 4.8.2

time: Sun Sep 27 13:51:17 2015
elapsed time: 4 seconds

