#
# A fatal error has been detected by the Java Runtime Environment:
#
#  SIGSEGV (0xb) at pc=0x00007f80af1abb28, pid=20810, tid=140191936440064
#
# JRE version: OpenJDK Runtime Environment (7.0_79-b14) (build 1.7.0_79-b14)
# Java VM: OpenJDK 64-Bit Server VM (24.79-b02 mixed mode linux-amd64 compressed oops)
# Derivative: IcedTea 2.5.6
# Distribution: Ubuntu 14.04 LTS, package 7u79-2.5.6-0ubuntu1.14.04.1
# Problematic frame:
# C  [i965_dri.so+0x2f2b28]
#
# Failed to write core dump. Core dumps have been disabled. To enable core dumping, try "ulimit -c unlimited" before starting Java again
#
# If you would like to submit a bug report, please include
# instructions on how to reproduce the bug and visit:
#   http://icedtea.classpath.org/bugzilla
# The crash happened outside the Java Virtual Machine in native code.
# See problematic frame for where to report the bug.
#

---------------  T H R E A D  ---------------

Current thread (0x00007f80d0008000):  JavaThread "AWT-EventQueue-1" [_thread_in_native, id=20836, stack(0x00007f80fa826000,0x00007f80fa927000)]

siginfo:si_signo=SIGSEGV: si_errno=0, si_code=1 (SEGV_MAPERR), si_addr=0x0000000100000000

Registers:
RAX=0x00007f80af1abb20, RBX=0x00007f80bcfc4160, RCX=0x0000000000000000, RDX=0x0000000000000001
RSP=0x00007f80fa924760, RBP=0x00007f80c07f67b0, RSI=0x00007f80bcfc4240, RDI=0x0000000100000000
R8 =0x0000000000000000, R9 =0x00007f80f99c49c0, R10=0x00007f811818ed6c, R11=0x00007f81214512f0
R12=0x00007f80c07f6730, R13=0x0000000000000000, R14=0x00007f80c07ea640, R15=0x0000000000000000
RIP=0x00007f80af1abb28, EFLAGS=0x0000000000010206, CSGSFS=0x0000000000000033, ERR=0x0000000000000004
  TRAPNO=0x000000000000000e

Top of Stack: (sp=0x00007f80fa924760)
0x00007f80fa924760:   00007f80fa924850 0000000000000000
0x00007f80fa924770:   00007f80bcfc4160 00007f80c07f67b0
0x00007f80fa924780:   00007f80c07f6730 00007f80f99c4a4e
0x00007f80fa924790:   00007f80fa9247c8 00007f80f9c0f640
0x00007f80fa9247a0:   00007f80c07f8820 00007f8000000000
0x00007f80fa9247b0:   0000000000000000 0000000000000000
0x00007f80fa9247c0:   00007f80fa924820 00007f80bcfc4160
0x00007f80fa9247d0:   0000000001a0002e 000000077b02fbf0
0x00007f80fa9247e0:   00007f80fa924850 0000000000000000
0x00007f80fa9247f0:   000000077b02fbf0 00007f80fa924920
0x00007f80fa924800:   00007f80d0008000 00007f80f8303849
0x00007f80fa924810:   0000000000000000 00007f80f999d9b0
0x00007f80fa924820:   0000000001a0002e 00007f80c07f8820
0x00007f80fa924830:   00007f80fa9248e8 00007f80d00081d8
0x00007f80fa924840:   00000007d71b1a00 00007f80f999d9b0
0x00007f80fa924850:   00007f80fa9248d8 00007f811818ed98
0x00007f80fa924860:   000000077b16a4f0 0000000000000000
0x00007f80fa924870:   000000077b1698d0 0000000000000000
0x00007f80fa924880:   00007f80fa924898 00007f80fa9248e8
0x00007f80fa924890:   00007f80fa924890 00007f80fa924898
0x00007f80fa9248a0:   0000000000000000 00007f80fa924920
0x00007f80fa9248b0:   000000077b031b68 0000000000000000
0x00007f80fa9248c0:   000000077b02fbf0 0000000000000000
0x00007f80fa9248d0:   00007f80fa9248f8 00007f80fa924968
0x00007f80fa9248e0:   00007f8118182058 00000007d8d2ae80
0x00007f80fa9248f0:   00007f811818acd8 00007f80f999d9b0
0x00007f80fa924900:   000000077b043248 0000000001a0002e
0x00007f80fa924910:   000000077b0146b0 00007f80c07f8820
0x00007f80fa924920:   00000007d8d2b1a8 00007f80fa924928
0x00007f80fa924930:   000000077b02fb21 00007f80fa9249a0
0x00007f80fa924940:   000000077b031b68 0000000000000000
0x00007f80fa924950:   000000077b02fb30 00007f80fa9248f8 

Instructions: (pc=0x00007f80af1abb28)
0x00007f80af1abb08:   0f 1f 84 00 00 00 00 00 48 83 c4 10 5b 5d 41 5c
0x00007f80af1abb18:   c3 0f 1f 80 00 00 00 00 41 54 55 53 48 83 ec 10
0x00007f80af1abb28:   48 8b 1f 48 85 db 74 3d f6 83 40 05 00 00 01 49
0x00007f80af1abb38:   89 f4 89 cd 75 72 83 e2 01 75 5d 83 e5 fd 74 38 

Register to memory mapping:

RAX=0x00007f80af1abb20: <offset 0x2f2b20> in /usr/lib/x86_64-linux-gnu/dri/i965_dri.so at 0x00007f80aeeb9000
RBX=0x00007f80bcfc4160 is an unknown value
RCX=0x0000000000000000 is an unknown value
RDX=0x0000000000000001 is an unknown value
RSP=0x00007f80fa924760 is pointing into the stack for thread: 0x00007f80d0008000
RBP=0x00007f80c07f67b0 is an unknown value
RSI=0x00007f80bcfc4240 is an unknown value
RDI=0x0000000100000000 is an unknown value
R8 =0x0000000000000000 is an unknown value
R9 =0x00007f80f99c49c0: <offset 0x439c0> in /usr/lib/x86_64-linux-gnu/mesa/libGL.so.1 at 0x00007f80f9981000
R10=0x00007f811818ed6c is at code_begin+620 in an Interpreter codelet
method entry point (kind = native)  [0x00007f811818eb00, 0x00007f811818f360]  2144 bytes
R11=0x00007f81214512f0: <offset 0x85d2f0> in /usr/lib/jvm/java-7-openjdk-amd64/jre/lib/amd64/server/libjvm.so at 0x00007f8120bf4000
R12=0x00007f80c07f6730 is an unknown value
R13=0x0000000000000000 is an unknown value
R14=0x00007f80c07ea640 is an unknown value
R15=0x0000000000000000 is an unknown value


Stack: [0x00007f80fa826000,0x00007f80fa927000],  sp=0x00007f80fa924760,  free space=1017k
Native frames: (J=compiled Java code, j=interpreted, Vv=VM code, C=native code)
C  [i965_dri.so+0x2f2b28]

Java frames: (J=compiled Java code, j=interpreted, Vv=VM code)
j  jogamp.opengl.x11.glx.GLX.dispatch_glXSwapBuffers0(JJJ)V+0
j  jogamp.opengl.x11.glx.GLX.glXSwapBuffers(JJ)V+41
j  jogamp.opengl.x11.glx.X11GLXDrawable.swapBuffersImpl(Z)V+17
j  jogamp.opengl.GLDrawableImpl.swapBuffers()V+67
j  javax.media.opengl.awt.GLCanvas$12.run()V+45
j  java.awt.event.InvocationEvent.dispatch()V+11
j  java.awt.EventQueue.dispatchEventImpl(Ljava/awt/AWTEvent;Ljava/lang/Object;)V+21
j  java.awt.EventQueue.access$300(Ljava/awt/EventQueue;Ljava/awt/AWTEvent;Ljava/lang/Object;)V+3
j  java.awt.EventQueue$3.run()Ljava/lang/Void;+12
j  java.awt.EventQueue$3.run()Ljava/lang/Object;+1
v  ~StubRoutines::call_stub
j  java.security.AccessController.doPrivileged(Ljava/security/PrivilegedAction;Ljava/security/AccessControlContext;)Ljava/lang/Object;+0
j  java.security.ProtectionDomain$1.doIntersectionPrivilege(Ljava/security/PrivilegedAction;Ljava/security/AccessControlContext;Ljava/security/AccessControlContext;)Ljava/lang/Object;+28
j  java.awt.EventQueue.dispatchEvent(Ljava/awt/AWTEvent;)V+46
j  java.awt.EventDispatchThread.pumpOneEventForFilters(I)V+245
j  java.awt.EventDispatchThread.pumpEventsForFilter(ILjava/awt/Conditional;Ljava/awt/EventFilter;)V+35
j  java.awt.EventDispatchThread.pumpEventsForHierarchy(ILjava/awt/Conditional;Ljava/awt/Component;)V+11
j  java.awt.EventDispatchThread.pumpEvents(ILjava/awt/Conditional;)V+4
j  java.awt.EventDispatchThread.pumpEvents(Ljava/awt/Conditional;)V+3
j  java.awt.EventDispatchThread.run()V+9
v  ~StubRoutines::call_stub

---------------  P R O C E S S  ---------------

Java Threads: ( => current thread )
  0x00007f80bd401000 JavaThread "Thread-3" [_thread_blocked, id=20848, stack(0x00007f80fa725000,0x00007f80fa826000)]
  0x00007f80c01d0800 JavaThread "Animation Thread-SharedResourceRunner" daemon [_thread_blocked, id=20846, stack(0x00007f80fa624000,0x00007f80fa725000)]
  0x00007f80c008f800 JavaThread "process reaper" daemon [_thread_blocked, id=20841, stack(0x00007f811401a000,0x00007f8114053000)]
=>0x00007f80d0008000 JavaThread "AWT-EventQueue-1" [_thread_in_native, id=20836, stack(0x00007f80fa826000,0x00007f80fa927000)]
  0x00007f811c00a800 JavaThread "DestroyJavaVM" [_thread_blocked, id=20812, stack(0x00007f812270b000,0x00007f812280c000)]
  0x00007f811c259000 JavaThread "AWT-EventQueue-0" [_thread_blocked, id=20834, stack(0x00007f80fad8e000,0x00007f80fae8f000)]
  0x00007f811c255800 JavaThread "AWT-Shutdown" [_thread_blocked, id=20833, stack(0x00007f80fae8f000,0x00007f80faf90000)]
  0x00007f811c24e800 JavaThread "thread applet-geoLocation.LifeExpectency.class" [_thread_blocked, id=20832, stack(0x00007f80faf90000,0x00007f80fb091000)]
  0x00007f811c23f000 JavaThread "AWT-XAWT" daemon [_thread_blocked, id=20830, stack(0x00007f81040d8000,0x00007f81041d9000)]
  0x00007f811c21a000 JavaThread "Java2D Disposer" daemon [_thread_blocked, id=20829, stack(0x00007f8114059000,0x00007f811415a000)]
  0x00007f811c0ae800 JavaThread "Service Thread" daemon [_thread_blocked, id=20827, stack(0x00007f811535e000,0x00007f811545f000)]
  0x00007f811c0ac800 JavaThread "C2 CompilerThread1" daemon [_thread_blocked, id=20826, stack(0x00007f811545f000,0x00007f8115560000)]
  0x00007f811c0a9800 JavaThread "C2 CompilerThread0" daemon [_thread_blocked, id=20825, stack(0x00007f8115560000,0x00007f8115661000)]
  0x00007f811c0a7000 JavaThread "Signal Dispatcher" daemon [_thread_blocked, id=20824, stack(0x00007f8115661000,0x00007f8115762000)]
  0x00007f811c07c000 JavaThread "Finalizer" daemon [_thread_blocked, id=20823, stack(0x00007f8115e44000,0x00007f8115f45000)]
  0x00007f811c07a000 JavaThread "Reference Handler" daemon [_thread_blocked, id=20822, stack(0x00007f8115f45000,0x00007f8116046000)]

Other Threads:
  0x00007f811c075800 VMThread [stack: 0x00007f8116046000,0x00007f8116147000] [id=20821]
  0x00007f811c0b9800 WatcherThread [stack: 0x00007f811525d000,0x00007f811535e000] [id=20828]

VM state:not at safepoint (normal execution)

VM Mutex/Monitor currently owned by a thread: None

Heap
 PSYoungGen      total 37376K, used 11110K [0x00000007d6c80000, 0x00000007d9600000, 0x0000000800000000)
  eden space 32256K, 18% used [0x00000007d6c80000,0x00000007d725f690,0x00000007d8c00000)
  from space 5120K, 99% used [0x00000007d8c00000,0x00000007d90fa530,0x00000007d9100000)
  to   space 5120K, 0% used [0x00000007d9100000,0x00000007d9100000,0x00000007d9600000)
 ParOldGen       total 83968K, used 1472K [0x0000000784600000, 0x0000000789800000, 0x00000007d6c80000)
  object space 83968K, 1% used [0x0000000784600000,0x00000007847700f0,0x0000000789800000)
 PSPermGen       total 21504K, used 18628K [0x000000077a000000, 0x000000077b500000, 0x0000000784600000)
  object space 21504K, 86% used [0x000000077a000000,0x000000077b231210,0x000000077b500000)

Card table byte_map: [0x00007f8117d4b000,0x00007f811817c000] byte_map_base: 0x00007f811417b000

Polling page: 0x00007f8122825000

Code Cache  [0x00007f811817c000, 0x00007f81183ec000, 0x00007f811b17c000)
 total_blobs=949 nmethods=62 adapters=840 free_code_cache=48261Kb largest_free_block=49399424

Compilation events (10 events):
Event: 1.109 Thread 0x00007f811c0ac800 nmethod 58 0x00007f81182521d0 code [0x00007f8118252320, 0x00007f81182524d8]
Event: 1.109 Thread 0x00007f811c0ac800   59             com.jogamp.opengl.util.GLBuffers::glGetInteger (13 bytes)
Event: 1.114 Thread 0x00007f811c0a9800 nmethod 57 0x00007f8118253cd0 code [0x00007f8118253e80, 0x00007f8118254268]
Event: 1.116 Thread 0x00007f811c0ac800 nmethod 59 0x00007f81182555d0 code [0x00007f81182557a0, 0x00007f8118255bc8]
Event: 1.154 Thread 0x00007f811c0a9800   60 %           sun.nio.cs.UTF_8$Decoder::decodeArrayLoop @ 73 (543 bytes)
Event: 1.155 Thread 0x00007f811c0ac800   61   !         java.io.BufferedReader::readLine (304 bytes)
Event: 1.177 Thread 0x00007f811c0a9800 nmethod 60% 0x00007f8118258010 code [0x00007f8118258260, 0x00007f8118258e78]
Event: 1.177 Thread 0x00007f811c0a9800   62             java.lang.String::substring (79 bytes)
Event: 1.180 Thread 0x00007f811c0ac800 nmethod 61 0x00007f811825a310 code [0x00007f811825a4c0, 0x00007f811825b5c8]
Event: 1.180 Thread 0x00007f811c0a9800 nmethod 62 0x00007f8118259b90 code [0x00007f8118259d00, 0x00007f811825a078]

GC Heap History (2 events):
Event: 0.965 GC heap before
{Heap before GC invocations=1 (full 0):
 PSYoungGen      total 37376K, used 32256K [0x00000007d6c80000, 0x00000007d9600000, 0x0000000800000000)
  eden space 32256K, 100% used [0x00000007d6c80000,0x00000007d8c00000,0x00000007d8c00000)
  from space 5120K, 0% used [0x00000007d9100000,0x00000007d9100000,0x00000007d9600000)
  to   space 5120K, 0% used [0x00000007d8c00000,0x00000007d8c00000,0x00000007d9100000)
 ParOldGen       total 83968K, used 0K [0x0000000784600000, 0x0000000789800000, 0x00000007d6c80000)
  object space 83968K, 0% used [0x0000000784600000,0x0000000784600000,0x0000000789800000)
 PSPermGen       total 21504K, used 17469K [0x000000077a000000, 0x000000077b500000, 0x0000000784600000)
  object space 21504K, 81% used [0x000000077a000000,0x000000077b10f6b0,0x000000077b500000)
Event: 0.975 GC heap after
Heap after GC invocations=1 (full 0):
 PSYoungGen      total 37376K, used 5097K [0x00000007d6c80000, 0x00000007d9600000, 0x0000000800000000)
  eden space 32256K, 0% used [0x00000007d6c80000,0x00000007d6c80000,0x00000007d8c00000)
  from space 5120K, 99% used [0x00000007d8c00000,0x00000007d90fa530,0x00000007d9100000)
  to   space 5120K, 0% used [0x00000007d9100000,0x00000007d9100000,0x00000007d9600000)
 ParOldGen       total 83968K, used 1472K [0x0000000784600000, 0x0000000789800000, 0x00000007d6c80000)
  object space 83968K, 1% used [0x0000000784600000,0x00000007847700f0,0x0000000789800000)
 PSPermGen       total 21504K, used 17469K [0x000000077a000000, 0x000000077b500000, 0x0000000784600000)
  object space 21504K, 81% used [0x000000077a000000,0x000000077b10f6b0,0x000000077b500000)
}

Deoptimization events (7 events):
Event: 0.226 Thread 0x00007f811c259000 Uncommon trap: reason=class_check action=maybe_recompile pc=0x00007f81181e1a04 method=java.util.Properties$LineReader.readLine()I @ 62
Event: 0.226 Thread 0x00007f811c259000 Uncommon trap: reason=class_check action=maybe_recompile pc=0x00007f81181e1a04 method=java.util.Properties$LineReader.readLine()I @ 62
Event: 0.227 Thread 0x00007f811c259000 Uncommon trap: reason=class_check action=maybe_recompile pc=0x00007f81181e1a04 method=java.util.Properties$LineReader.readLine()I @ 62
Event: 0.227 Thread 0x00007f811c259000 Uncommon trap: reason=class_check action=maybe_recompile pc=0x00007f81181e1a04 method=java.util.Properties$LineReader.readLine()I @ 62
Event: 0.921 Thread 0x00007f80c01d0800 Uncommon trap: reason=unreached action=reinterpret pc=0x00007f811824e224 method=java.lang.Class.searchFields([Ljava/lang/reflect/Field;Ljava/lang/String;)Ljava/lang/reflect/Field; @ 20
Event: 1.123 Thread 0x00007f80d0008000 Uncommon trap: reason=unreached action=reinterpret pc=0x00007f8118252918 method=com.jogamp.common.util.IntIntHashMap.get(I)I @ 19
Event: 1.140 Thread 0x00007f80d0008000 Uncommon trap: reason=unreached action=reinterpret pc=0x00007f8118200934 method=java.lang.AbstractStringBuilder.append(Ljava/lang/String;)Ljava/lang/AbstractStringBuilder; @ 1

Internal exceptions (10 events):
Event: 1.162 Thread 0x00007f80d0008000 Threw 0x00000007d71982d0 at /build/openjdk-7-FO0dNI/openjdk-7-7u79-2.5.6/build/openjdk/hotspot/src/share/vm/prims/jvm.cpp:1284
Event: 1.162 Thread 0x00007f80d0008000 Threw 0x00000007d719d8e0 at /build/openjdk-7-FO0dNI/openjdk-7-7u79-2.5.6/build/openjdk/hotspot/src/share/vm/prims/jvm.cpp:1284
Event: 1.163 Thread 0x00007f80d0008000 Threw 0x00000007d71a2838 at /build/openjdk-7-FO0dNI/openjdk-7-7u79-2.5.6/build/openjdk/hotspot/src/share/vm/prims/jni.cpp:721
Event: 1.163 Thread 0x00007f80d0008000 Threw 0x00000007d71a7720 at /build/openjdk-7-FO0dNI/openjdk-7-7u79-2.5.6/build/openjdk/hotspot/src/share/vm/prims/jni.cpp:721
Event: 1.163 Thread 0x00007f80d0008000 Threw 0x00000007d71a8720 at /build/openjdk-7-FO0dNI/openjdk-7-7u79-2.5.6/build/openjdk/hotspot/src/share/vm/prims/jni.cpp:721
Event: 1.163 Thread 0x00007f80d0008000 Threw 0x00000007d71a92e8 at /build/openjdk-7-FO0dNI/openjdk-7-7u79-2.5.6/build/openjdk/hotspot/src/share/vm/prims/jni.cpp:721
Event: 1.163 Thread 0x00007f80d0008000 Threw 0x00000007d71a9de0 at /build/openjdk-7-FO0dNI/openjdk-7-7u79-2.5.6/build/openjdk/hotspot/src/share/vm/prims/jni.cpp:721
Event: 1.164 Thread 0x00007f80d0008000 Threw 0x00000007d71aa7c8 at /build/openjdk-7-FO0dNI/openjdk-7-7u79-2.5.6/build/openjdk/hotspot/src/share/vm/prims/jni.cpp:721
Event: 1.174 Thread 0x00007f80d0008000 Threw 0x00000007d71ab6c0 at /build/openjdk-7-FO0dNI/openjdk-7-7u79-2.5.6/build/openjdk/hotspot/src/share/vm/runtime/reflection.cpp:1030
Event: 39.462 Thread 0x00007f80d0008000 Threw 0x00000007d71b1730 at /build/openjdk-7-FO0dNI/openjdk-7-7u79-2.5.6/build/openjdk/hotspot/src/share/vm/runtime/reflection.cpp:1030

Events (10 events):
Event: 37.247 loading class 0x00007f80dc050460 done
Event: 37.249 loading class 0x00007f811c12fec0
Event: 37.249 loading class 0x00007f811c12fec0 done
Event: 37.249 loading class 0x00007f811c0c9320
Event: 37.249 loading class 0x00007f811c0c9320 done
Event: 39.456 loading class 0x00007f811c05fec0
Event: 39.456 loading class 0x00007f811c05fec0 done
Event: 39.457 Thread 0x00007f80bd401000 Thread added: 0x00007f80bd401000
Event: 39.457 loading class 0x00007f80dc03e340
Event: 39.457 loading class 0x00007f80dc03e340 done


Dynamic libraries:
00400000-00401000 r-xp 00000000 08:06 1705803                            /usr/lib/jvm/java-7-openjdk-amd64/jre/bin/java
00600000-00601000 r--p 00000000 08:06 1705803                            /usr/lib/jvm/java-7-openjdk-amd64/jre/bin/java
00601000-00602000 rw-p 00001000 08:06 1705803                            /usr/lib/jvm/java-7-openjdk-amd64/jre/bin/java
0220c000-0222d000 rw-p 00000000 00:00 0                                  [heap]
77a000000-77b500000 rw-p 00000000 00:00 0 
77b500000-784600000 rw-p 00000000 00:00 0 
784600000-789800000 rw-p 00000000 00:00 0 
789800000-7d6c80000 rw-p 00000000 00:00 0 
7d6c80000-7d9600000 rw-p 00000000 00:00 0 
7d9600000-800000000 rw-p 00000000 00:00 0 
7f80ae114000-7f80ae1b4000 rw-s 11aa85000 00:05 10956                     /dev/dri/card0
7f80ae1b4000-7f80ae3b4000 rw-s 00000000 00:04 378752                     /drm mm object (deleted)
7f80ae3b4000-7f80ae5b4000 rw-s 00000000 00:04 378751                     /drm mm object (deleted)
7f80ae5b4000-7f80ae654000 rw-s 11a9e5000 00:05 10956                     /dev/dri/card0
7f80ae654000-7f80ae656000 r-xp 00000000 08:06 9707382                    /usr/lib/x86_64-linux-gnu/libXinerama.so.1.0.0
7f80ae656000-7f80ae855000 ---p 00002000 08:06 9707382                    /usr/lib/x86_64-linux-gnu/libXinerama.so.1.0.0
7f80ae855000-7f80ae856000 r--p 00001000 08:06 9707382                    /usr/lib/x86_64-linux-gnu/libXinerama.so.1.0.0
7f80ae856000-7f80ae857000 rw-p 00002000 08:06 9707382                    /usr/lib/x86_64-linux-gnu/libXinerama.so.1.0.0
7f80ae857000-7f80ae88e000 r-xp 00000000 08:06 9708305                    /usr/lib/x86_64-linux-gnu/libtxc_dxtn_s2tc.so.0.0.0
7f80ae88e000-7f80aea8d000 ---p 00037000 08:06 9708305                    /usr/lib/x86_64-linux-gnu/libtxc_dxtn_s2tc.so.0.0.0
7f80aea8d000-7f80aea8e000 r--p 00036000 08:06 9708305                    /usr/lib/x86_64-linux-gnu/libtxc_dxtn_s2tc.so.0.0.0
7f80aea8e000-7f80aea8f000 rw-p 00037000 08:06 9708305                    /usr/lib/x86_64-linux-gnu/libtxc_dxtn_s2tc.so.0.0.0
7f80aea8f000-7f80aea97000 r-xp 00000000 08:06 9708110                    /usr/lib/x86_64-linux-gnu/libpciaccess.so.0.11.1
7f80aea97000-7f80aec96000 ---p 00008000 08:06 9708110                    /usr/lib/x86_64-linux-gnu/libpciaccess.so.0.11.1
7f80aec96000-7f80aec97000 r--p 00007000 08:06 9708110                    /usr/lib/x86_64-linux-gnu/libpciaccess.so.0.11.1
7f80aec97000-7f80aec98000 rw-p 00008000 08:06 9708110                    /usr/lib/x86_64-linux-gnu/libpciaccess.so.0.11.1
7f80aec98000-7f80aecb8000 r-xp 00000000 08:06 9700253                    /usr/lib/x86_64-linux-gnu/libdrm_intel.so.1.0.0
7f80aecb8000-7f80aeeb7000 ---p 00020000 08:06 9700253                    /usr/lib/x86_64-linux-gnu/libdrm_intel.so.1.0.0
7f80aeeb7000-7f80aeeb8000 r--p 0001f000 08:06 9700253                    /usr/lib/x86_64-linux-gnu/libdrm_intel.so.1.0.0
7f80aeeb8000-7f80aeeb9000 rw-p 00020000 08:06 9700253                    /usr/lib/x86_64-linux-gnu/libdrm_intel.so.1.0.0
7f80aeeb9000-7f80af3c1000 r-xp 00000000 08:06 10092889                   /usr/lib/x86_64-linux-gnu/dri/i965_dri.so
7f80af3c1000-7f80af5c0000 ---p 00508000 08:06 10092889                   /usr/lib/x86_64-linux-gnu/dri/i965_dri.so
7f80af5c0000-7f80af5da000 r--p 00507000 08:06 10092889                   /usr/lib/x86_64-linux-gnu/dri/i965_dri.so
7f80af5da000-7f80af5e0000 rw-p 00521000 08:06 10092889                   /usr/lib/x86_64-linux-gnu/dri/i965_dri.so
7f80af5e0000-7f80af5eb000 rw-p 00000000 00:00 0 
7f80af5eb000-7f80af5f3000 r-xp 00000000 08:06 8130557                    /lib/x86_64-linux-gnu/libnih-dbus.so.1.0.0
7f80af5f3000-7f80af7f3000 ---p 00008000 08:06 8130557                    /lib/x86_64-linux-gnu/libnih-dbus.so.1.0.0
7f80af7f3000-7f80af7f4000 r--p 00008000 08:06 8130557                    /lib/x86_64-linux-gnu/libnih-dbus.so.1.0.0
7f80af7f4000-7f80af7f5000 rw-p 00009000 08:06 8130557                    /lib/x86_64-linux-gnu/libnih-dbus.so.1.0.0
7f80af7f5000-7f80af80c000 r-xp 00000000 08:06 8130559                    /lib/x86_64-linux-gnu/libnih.so.1.0.0
7f80af80c000-7f80afa0b000 ---p 00017000 08:06 8130559                    /lib/x86_64-linux-gnu/libnih.so.1.0.0
7f80afa0b000-7f80afa0c000 r--p 00016000 08:06 8130559                    /lib/x86_64-linux-gnu/libnih.so.1.0.0
7f80afa0c000-7f80afa0d000 rw-p 00017000 08:06 8130559                    /lib/x86_64-linux-gnu/libnih.so.1.0.0
7f80afa0d000-7f80afa26000 r-xp 00000000 08:06 8130500                    /lib/x86_64-linux-gnu/libcgmanager.so.0.0.0
7f80afa26000-7f80afc25000 ---p 00019000 08:06 8130500                    /lib/x86_64-linux-gnu/libcgmanager.so.0.0.0
7f80afc25000-7f80afc27000 r--p 00018000 08:06 8130500                    /lib/x86_64-linux-gnu/libcgmanager.so.0.0.0
7f80afc27000-7f80afc28000 rw-p 0001a000 08:06 8130500                    /lib/x86_64-linux-gnu/libcgmanager.so.0.0.0
7f80afc28000-7f80afc38000 r-xp 00000000 08:06 8130597                    /lib/x86_64-linux-gnu/libudev.so.1.3.5
7f80afc38000-7f80afe37000 ---p 00010000 08:06 8130597                    /lib/x86_64-linux-gnu/libudev.so.1.3.5
7f80afe37000-7f80afe38000 r--p 0000f000 08:06 8130597                    /lib/x86_64-linux-gnu/libudev.so.1.3.5
7f80afe38000-7f80afe39000 rw-p 00010000 08:06 8130597                    /lib/x86_64-linux-gnu/libudev.so.1.3.5
7f80afe39000-7f80afe5e000 r-xp 00000000 08:06 8130641                    /lib/x86_64-linux-gnu/libtinfo.so.5.9
7f80afe5e000-7f80b005d000 ---p 00025000 08:06 8130641                    /lib/x86_64-linux-gnu/libtinfo.so.5.9
7f80b005d000-7f80b0061000 r--p 00024000 08:06 8130641                    /lib/x86_64-linux-gnu/libtinfo.so.5.9
7f80b0061000-7f80b0062000 rw-p 00028000 08:06 8130641                    /lib/x86_64-linux-gnu/libtinfo.so.5.9
7f80b0062000-7f80b008b000 r-xp 00000000 08:06 9707611                    /usr/lib/x86_64-linux-gnu/libedit.so.2.0.47
7f80b008b000-7f80b028b000 ---p 00029000 08:06 9707611                    /usr/lib/x86_64-linux-gnu/libedit.so.2.0.47
7f80b028b000-7f80b028d000 r--p 00029000 08:06 9707611                    /usr/lib/x86_64-linux-gnu/libedit.so.2.0.47
7f80b028d000-7f80b028e000 rw-p 0002b000 08:06 9707611                    /usr/lib/x86_64-linux-gnu/libedit.so.2.0.47
7f80b028e000-7f80b0292000 rw-p 00000000 00:00 0 
7f80b0292000-7f80b1d9a000 r-xp 00000000 08:06 9707230                    /usr/lib/x86_64-linux-gnu/libLLVM-3.5.so.1
7f80b1d9a000-7f80b1d9b000 ---p 01b08000 08:06 9707230                    /usr/lib/x86_64-linux-gnu/libLLVM-3.5.so.1
7f80b1d9b000-7f80b1f63000 r--p 01b08000 08:06 9707230                    /usr/lib/x86_64-linux-gnu/libLLVM-3.5.so.1
7f80b1f63000-7f80b1f69000 rw-p 01cd0000 08:06 9707230                    /usr/lib/x86_64-linux-gnu/libLLVM-3.5.so.1
7f80b1f69000-7f80b1f7e000 rw-p 00000000 00:00 0 
7f80b1f7e000-7f80b1f8a000 r-xp 00000000 08:06 9703037                    /usr/lib/x86_64-linux-gnu/libdrm_radeon.so.1.0.1
7f80b1f8a000-7f80b2189000 ---p 0000c000 08:06 9703037                    /usr/lib/x86_64-linux-gnu/libdrm_radeon.so.1.0.1
7f80b2189000-7f80b218a000 r--p 0000b000 08:06 9703037                    /usr/lib/x86_64-linux-gnu/libdrm_radeon.so.1.0.1
7f80b218a000-7f80b218b000 rw-p 0000c000 08:06 9703037                    /usr/lib/x86_64-linux-gnu/libdrm_radeon.so.1.0.1
7f80b218b000-7f80b21a0000 r-xp 00000000 08:06 9707612                    /usr/lib/x86_64-linux-gnu/libelf-0.158.so
7f80b21a0000-7f80b239f000 ---p 00015000 08:06 9707612                    /usr/lib/x86_64-linux-gnu/libelf-0.158.so
7f80b239f000-7f80b23a0000 r--p 00014000 08:06 9707612                    /usr/lib/x86_64-linux-gnu/libelf-0.158.so
7f80b23a0000-7f80b23a1000 rw-p 00015000 08:06 9707612                    /usr/lib/x86_64-linux-gnu/libelf-0.158.so
7f80b23a1000-7f80b23a7000 r-xp 00000000 08:06 9703031                    /usr/lib/x86_64-linux-gnu/libdrm_nouveau.so.2.0.0
7f80b23a7000-7f80b25a6000 ---p 00006000 08:06 9703031                    /usr/lib/x86_64-linux-gnu/libdrm_nouveau.so.2.0.0
7f80b25a6000-7f80b25a7000 r--p 00005000 08:06 9703031                    /usr/lib/x86_64-linux-gnu/libdrm_nouveau.so.2.0.0
7f80b25a7000-7f80b25a8000 rw-p 00006000 08:06 9703031                    /usr/lib/x86_64-linux-gnu/libdrm_nouveau.so.2.0.0
7f80b25a8000-7f80b25af000 r-xp 00000000 08:06 10094006                   /usr/lib/x86_64-linux-gnu/mesa-egl/libOpenVG.so.1.0.0
7f80b25af000-7f80b27ae000 ---p 00007000 08:06 10094006                   /usr/lib/x86_64-linux-gnu/mesa-egl/libOpenVG.so.1.0.0
7f80b27ae000-7f80b27af000 r--p 00006000 08:06 10094006                   /usr/lib/x86_64-linux-gnu/mesa-egl/libOpenVG.so.1.0.0
7f80b27af000-7f80b27b0000 rw-p 00007000 08:06 10094006                   /usr/lib/x86_64-linux-gnu/mesa-egl/libOpenVG.so.1.0.0
7f80b27b0000-7f80b27b2000 rw-p 00000000 00:00 0 
7f80b27b2000-7f80b2f3a000 r-xp 00000000 08:06 10092900                   /usr/lib/x86_64-linux-gnu/egl/egl_gallium.so
7f80b2f3a000-7f80b313a000 ---p 00788000 08:06 10092900                   /usr/lib/x86_64-linux-gnu/egl/egl_gallium.so
7f80b313a000-7f80b318d000 r--p 00788000 08:06 10092900                   /usr/lib/x86_64-linux-gnu/egl/egl_gallium.so
7f80b318d000-7f80b3199000 rw-p 007db000 08:06 10092900                   /usr/lib/x86_64-linux-gnu/egl/egl_gallium.so
7f80b3199000-7f80b3380000 rw-p 00000000 00:00 0 
7f80b3380000-7f80b3386000 r-xp 00000000 08:06 10094004                   /usr/lib/x86_64-linux-gnu/mesa-egl/libGLESv2.so.2.0.0
7f80b3386000-7f80b3585000 ---p 00006000 08:06 10094004                   /usr/lib/x86_64-linux-gnu/mesa-egl/libGLESv2.so.2.0.0
7f80b3585000-7f80b3586000 r--p 00005000 08:06 10094004                   /usr/lib/x86_64-linux-gnu/mesa-egl/libGLESv2.so.2.0.0
7f80b3586000-7f80b3587000 rw-p 00006000 08:06 10094004                   /usr/lib/x86_64-linux-gnu/mesa-egl/libGLESv2.so.2.0.0
7f80b3587000-7f80b35cc000 r-xp 00000000 08:06 4325419                    /tmp/jogamp_0000/file_cache/jln1156530171981801033/jln1463262231978023714/libjogl_mobile.so
7f80b35cc000-7f80b37cc000 ---p 00045000 08:06 4325419                    /tmp/jogamp_0000/file_cache/jln1156530171981801033/jln1463262231978023714/libjogl_mobile.so
7f80b37cc000-7f80b37cd000 rw-p 00045000 08:06 4325419                    /tmp/jogamp_0000/file_cache/jln1156530171981801033/jln1463262231978023714/libjogl_mobile.so
7f80b37cd000-7f80b37d9000 r-xp 00000000 08:06 9707694                    /usr/lib/x86_64-linux-gnu/libgbm.so.1.0.0
7f80b37d9000-7f80b39d9000 ---p 0000c000 08:06 9707694                    /usr/lib/x86_64-linux-gnu/libgbm.so.1.0.0
7f80b39d9000-7f80b39da000 r--p 0000c000 08:06 9707694                    /usr/lib/x86_64-linux-gnu/libgbm.so.1.0.0
7f80b39da000-7f80b39db000 rw-p 0000d000 08:06 9707694                    /usr/lib/x86_64-linux-gnu/libgbm.so.1.0.0
7f80b39db000-7f80b39ea000 r-xp 00000000 08:06 9708373                    /usr/lib/x86_64-linux-gnu/libwayland-server.so.0.1.0
7f80b39ea000-7f80b3be9000 ---p 0000f000 08:06 9708373                    /usr/lib/x86_64-linux-gnu/libwayland-server.so.0.1.0
7f80b3be9000-7f80b3beb000 r--p 0000e000 08:06 9708373                    /usr/lib/x86_64-linux-gnu/libwayland-server.so.0.1.0
7f80b3beb000-7f80b3bec000 rw-p 00010000 08:06 9708373                    /usr/lib/x86_64-linux-gnu/libwayland-server.so.0.1.0
7f80b3bec000-7f80b3bf7000 r-xp 00000000 08:06 9708367                    /usr/lib/x86_64-linux-gnu/libwayland-client.so.0.2.0
7f80b3bf7000-7f80b3df6000 ---p 0000b000 08:06 9708367                    /usr/lib/x86_64-linux-gnu/libwayland-client.so.0.2.0
7f80b3df6000-7f80b3df8000 r--p 0000a000 08:06 9708367                    /usr/lib/x86_64-linux-gnu/libwayland-client.so.0.2.0
7f80b3df8000-7f80b3df9000 rw-p 0000c000 08:06 9708367                    /usr/lib/x86_64-linux-gnu/libwayland-client.so.0.2.0
7f80b3df9000-7f80b3dfe000 r-xp 00000000 08:06 9708423                    /usr/lib/x86_64-linux-gnu/libxcb-xfixes.so.0.0.0
7f80b3dfe000-7f80b3ffe000 ---p 00005000 08:06 9708423                    /usr/lib/x86_64-linux-gnu/libxcb-xfixes.so.0.0.0
7f80b3ffe000-7f80b3fff000 r--p 00005000 08:06 9708423                    /usr/lib/x86_64-linux-gnu/libxcb-xfixes.so.0.0.0
7f80b3fff000-7f80b4000000 rw-p 00006000 08:06 9708423                    /usr/lib/x86_64-linux-gnu/libxcb-xfixes.so.0.0.0
7f80b4000000-7f80b4021000 rw-p 00000000 00:00 0 
7f80b4021000-7f80b8000000 ---p 00000000 00:00 0 
7f80b8000000-7f80ba9d7000 rw-p 00000000 00:00 0 
7f80ba9d7000-7f80bc000000 ---p 00000000 00:00 0 
7f80bc000000-7f80bd518000 rw-p 00000000 00:00 0 
7f80bd518000-7f80c0000000 ---p 00000000 00:00 0 
7f80c0000000-7f80c09be000 rw-p 00000000 00:00 0 
7f80c09be000-7f80c4000000 ---p 00000000 00:00 0 
7f80c4000000-7f80c4021000 rw-p 00000000 00:00 0 
7f80c4021000-7f80c8000000 ---p 00000000 00:00 0 
7f80c8000000-7f80c8035000 rw-p 00000000 00:00 0 
7f80c8035000-7f80cc000000 ---p 00000000 00:00 0 
7f80cc000000-7f80cc021000 rw-p 00000000 00:00 0 
7f80cc021000-7f80d0000000 ---p 00000000 00:00 0 
7f80d0000000-7f80d0021000 rw-p 00000000 00:00 0 
7f80d0021000-7f80d4000000 ---p 00000000 00:00 0 
7f80d4000000-7f80d4021000 rw-p 00000000 00:00 0 
7f80d4021000-7f80d8000000 ---p 00000000 00:00 0 
7f80d8000000-7f80d8021000 rw-p 00000000 00:00 0 
7f80d8021000-7f80dc000000 ---p 00000000 00:00 0 
7f80dc000000-7f80dc209000 rw-p 00000000 00:00 0 
7f80dc209000-7f80e0000000 ---p 00000000 00:00 0 
7f80e0000000-7f80e0021000 rw-p 00000000 00:00 0 
7f80e0021000-7f80e4000000 ---p 00000000 00:00 0 
7f80e4000000-7f80e4021000 rw-p 00000000 00:00 0 
7f80e4021000-7f80e8000000 ---p 00000000 00:00 0 
7f80e8000000-7f80e826b000 rw-p 00000000 00:00 0 
7f80e826b000-7f80ec000000 ---p 00000000 00:00 0 
7f80ec000000-7f80ec021000 rw-p 00000000 00:00 0 
7f80ec021000-7f80f0000000 ---p 00000000 00:00 0 
7f80f0000000-7f80f0021000 rw-p 00000000 00:00 0 
7f80f0021000-7f80f4000000 ---p 00000000 00:00 0 
7f80f4000000-7f80f4021000 rw-p 00000000 00:00 0 
7f80f4021000-7f80f8000000 ---p 00000000 00:00 0 
7f80f804d000-7f80f8074000 r-xp 00000000 08:06 10094000                   /usr/lib/x86_64-linux-gnu/mesa-egl/libEGL.so.1.0.0
7f80f8074000-7f80f8274000 ---p 00027000 08:06 10094000                   /usr/lib/x86_64-linux-gnu/mesa-egl/libEGL.so.1.0.0
7f80f8274000-7f80f8275000 r--p 00027000 08:06 10094000                   /usr/lib/x86_64-linux-gnu/mesa-egl/libEGL.so.1.0.0
7f80f8275000-7f80f8276000 rw-p 00028000 08:06 10094000                   /usr/lib/x86_64-linux-gnu/mesa-egl/libEGL.so.1.0.0
7f80f8276000-7f80f8277000 rw-p 00000000 00:00 0 
7f80f8277000-7f80f831c000 r-xp 00000000 08:06 4325418                    /tmp/jogamp_0000/file_cache/jln1156530171981801033/jln1463262231978023714/libjogl_desktop.so
7f80f831c000-7f80f851c000 ---p 000a5000 08:06 4325418                    /tmp/jogamp_0000/file_cache/jln1156530171981801033/jln1463262231978023714/libjogl_desktop.so
7f80f851c000-7f80f851d000 rw-p 000a5000 08:06 4325418                    /tmp/jogamp_0000/file_cache/jln1156530171981801033/jln1463262231978023714/libjogl_desktop.so
7f80f851d000-7f80f8528000 r-xp 00000000 08:06 9701891                    /usr/lib/x86_64-linux-gnu/libdrm.so.2.4.0
7f80f8528000-7f80f8727000 ---p 0000b000 08:06 9701891                    /usr/lib/x86_64-linux-gnu/libdrm.so.2.4.0
7f80f8727000-7f80f8728000 r--p 0000a000 08:06 9701891                    /usr/lib/x86_64-linux-gnu/libdrm.so.2.4.0
7f80f8728000-7f80f8729000 rw-p 0000b000 08:06 9701891                    /usr/lib/x86_64-linux-gnu/libdrm.so.2.4.0
7f80f8729000-7f80f872a000 r-xp 00000000 08:06 9708437                    /usr/lib/x86_64-linux-gnu/libxshmfence.so.1.0.0
7f80f872a000-7f80f8929000 ---p 00001000 08:06 9708437                    /usr/lib/x86_64-linux-gnu/libxshmfence.so.1.0.0
7f80f8929000-7f80f892a000 r--p 00000000 08:06 9708437                    /usr/lib/x86_64-linux-gnu/libxshmfence.so.1.0.0
7f80f892a000-7f80f892b000 rw-p 00001000 08:06 9708437                    /usr/lib/x86_64-linux-gnu/libxshmfence.so.1.0.0
7f80f892b000-7f80f8930000 r-xp 00000000 08:06 9708419                    /usr/lib/x86_64-linux-gnu/libxcb-sync.so.1.0.0
7f80f8930000-7f80f8b2f000 ---p 00005000 08:06 9708419                    /usr/lib/x86_64-linux-gnu/libxcb-sync.so.1.0.0
7f80f8b2f000-7f80f8b30000 r--p 00004000 08:06 9708419                    /usr/lib/x86_64-linux-gnu/libxcb-sync.so.1.0.0
7f80f8b30000-7f80f8b31000 rw-p 00005000 08:06 9708419                    /usr/lib/x86_64-linux-gnu/libxcb-sync.so.1.0.0
7f80f8b31000-7f80f8b33000 r-xp 00000000 08:06 9708407                    /usr/lib/x86_64-linux-gnu/libxcb-present.so.0.0.0
7f80f8b33000-7f80f8d32000 ---p 00002000 08:06 9708407                    /usr/lib/x86_64-linux-gnu/libxcb-present.so.0.0.0
7f80f8d32000-7f80f8d33000 r--p 00001000 08:06 9708407                    /usr/lib/x86_64-linux-gnu/libxcb-present.so.0.0.0
7f80f8d33000-7f80f8d34000 rw-p 00002000 08:06 9708407                    /usr/lib/x86_64-linux-gnu/libxcb-present.so.0.0.0
7f80f8d34000-7f80f8d36000 r-xp 00000000 08:06 9708397                    /usr/lib/x86_64-linux-gnu/libxcb-dri3.so.0.0.0
7f80f8d36000-7f80f8f35000 ---p 00002000 08:06 9708397                    /usr/lib/x86_64-linux-gnu/libxcb-dri3.so.0.0.0
7f80f8f35000-7f80f8f36000 r--p 00001000 08:06 9708397                    /usr/lib/x86_64-linux-gnu/libxcb-dri3.so.0.0.0
7f80f8f36000-7f80f8f37000 rw-p 00002000 08:06 9708397                    /usr/lib/x86_64-linux-gnu/libxcb-dri3.so.0.0.0
7f80f8f37000-7f80f8f3a000 r-xp 00000000 08:06 9708395                    /usr/lib/x86_64-linux-gnu/libxcb-dri2.so.0.0.0
7f80f8f3a000-7f80f913a000 ---p 00003000 08:06 9708395                    /usr/lib/x86_64-linux-gnu/libxcb-dri2.so.0.0.0
7f80f913a000-7f80f913b000 r--p 00003000 08:06 9708395                    /usr/lib/x86_64-linux-gnu/libxcb-dri2.so.0.0.0
7f80f913b000-7f80f913c000 rw-p 00004000 08:06 9708395                    /usr/lib/x86_64-linux-gnu/libxcb-dri2.so.0.0.0
7f80f913c000-7f80f9151000 r-xp 00000000 08:06 9708399                    /usr/lib/x86_64-linux-gnu/libxcb-glx.so.0.0.0
7f80f9151000-7f80f9350000 ---p 00015000 08:06 9708399                    /usr/lib/x86_64-linux-gnu/libxcb-glx.so.0.0.0
7f80f9350000-7f80f9352000 r--p 00014000 08:06 9708399                    /usr/lib/x86_64-linux-gnu/libxcb-glx.so.0.0.0
7f80f9352000-7f80f9353000 rw-p 00016000 08:06 9708399                    /usr/lib/x86_64-linux-gnu/libxcb-glx.so.0.0.0
7f80f9353000-7f80f9354000 r-xp 00000000 08:06 9707353                    /usr/lib/x86_64-linux-gnu/libX11-xcb.so.1.0.0
7f80f9354000-7f80f9553000 ---p 00001000 08:06 9707353                    /usr/lib/x86_64-linux-gnu/libX11-xcb.so.1.0.0
7f80f9553000-7f80f9554000 r--p 00000000 08:06 9707353                    /usr/lib/x86_64-linux-gnu/libX11-xcb.so.1.0.0
7f80f9554000-7f80f9555000 rw-p 00001000 08:06 9707353                    /usr/lib/x86_64-linux-gnu/libX11-xcb.so.1.0.0
7f80f9555000-7f80f9557000 r-xp 00000000 08:06 9707368                    /usr/lib/x86_64-linux-gnu/libXdamage.so.1.1.0
7f80f9557000-7f80f9756000 ---p 00002000 08:06 9707368                    /usr/lib/x86_64-linux-gnu/libXdamage.so.1.1.0
7f80f9756000-7f80f9757000 r--p 00001000 08:06 9707368                    /usr/lib/x86_64-linux-gnu/libXdamage.so.1.1.0
7f80f9757000-7f80f9758000 rw-p 00002000 08:06 9707368                    /usr/lib/x86_64-linux-gnu/libXdamage.so.1.1.0
7f80f9758000-7f80f977c000 r-xp 00000000 08:06 9707746                    /usr/lib/x86_64-linux-gnu/libglapi.so.0.0.0
7f80f977c000-7f80f997c000 ---p 00024000 08:06 9707746                    /usr/lib/x86_64-linux-gnu/libglapi.so.0.0.0
7f80f997c000-7f80f997f000 r--p 00024000 08:06 9707746                    /usr/lib/x86_64-linux-gnu/libglapi.so.0.0.0
7f80f997f000-7f80f9980000 rw-p 00027000 08:06 9707746                    /usr/lib/x86_64-linux-gnu/libglapi.so.0.0.0
7f80f9980000-7f80f9981000 rw-p 00000000 00:00 0 
7f80f9981000-7f80f9a0d000 r-xp 00000000 08:06 10093997                   /usr/lib/x86_64-linux-gnu/mesa/libGL.so.1.2.0
7f80f9a0d000-7f80f9c0c000 ---p 0008c000 08:06 10093997                   /usr/lib/x86_64-linux-gnu/mesa/libGL.so.1.2.0
7f80f9c0c000-7f80f9c0f000 r--p 0008b000 08:06 10093997                   /usr/lib/x86_64-linux-gnu/mesa/libGL.so.1.2.0
7f80f9c0f000-7f80f9c10000 rw-p 0008e000 08:06 10093997                   /usr/lib/x86_64-linux-gnu/mesa/libGL.so.1.2.0
7f80f9c10000-7f80f9c11000 rw-p 00000000 00:00 0 
7f80f9c11000-7f80f9c18000 r-xp 00000000 08:06 4325423                    /tmp/jogamp_0000/file_cache/jln1156530171981801033/jln1463262231978023714/libnativewindow_x11.so
7f80f9c18000-7f80f9e17000 ---p 00007000 08:06 4325423                    /tmp/jogamp_0000/file_cache/jln1156530171981801033/jln1463262231978023714/libnativewindow_x11.so
7f80f9e17000-7f80f9e18000 rw-p 00006000 08:06 4325423                    /tmp/jogamp_0000/file_cache/jln1156530171981801033/jln1463262231978023714/libnativewindow_x11.so
7f80f9e18000-7f80f9e1c000 r-xp 00000000 08:06 9707410                    /usr/lib/x86_64-linux-gnu/libXxf86vm.so.1.0.0
7f80f9e1c000-7f80fa01c000 ---p 00004000 08:06 9707410                    /usr/lib/x86_64-linux-gnu/libXxf86vm.so.1.0.0
7f80fa01c000-7f80fa01d000 r--p 00004000 08:06 9707410                    /usr/lib/x86_64-linux-gnu/libXxf86vm.so.1.0.0
7f80fa01d000-7f80fa01e000 rw-p 00005000 08:06 9707410                    /usr/lib/x86_64-linux-gnu/libXxf86vm.so.1.0.0
7f80fa01e000-7f80fa020000 r-xp 00000000 08:06 4325422                    /tmp/jogamp_0000/file_cache/jln1156530171981801033/jln1463262231978023714/libnativewindow_awt.so
7f80fa020000-7f80fa21f000 ---p 00002000 08:06 4325422                    /tmp/jogamp_0000/file_cache/jln1156530171981801033/jln1463262231978023714/libnativewindow_awt.so
7f80fa21f000-7f80fa220000 rw-p 00001000 08:06 4325422                    /tmp/jogamp_0000/file_cache/jln1156530171981801033/jln1463262231978023714/libnativewindow_awt.so
7f80fa220000-7f80fa221000 r-xp 00000000 08:06 1705755                    /usr/lib/jvm/java-7-openjdk-amd64/jre/lib/amd64/libjawt.so
7f80fa221000-7f80fa420000 ---p 00001000 08:06 1705755                    /usr/lib/jvm/java-7-openjdk-amd64/jre/lib/amd64/libjawt.so
7f80fa420000-7f80fa421000 r--p 00000000 08:06 1705755                    /usr/lib/jvm/java-7-openjdk-amd64/jre/lib/amd64/libjawt.so
7f80fa421000-7f80fa422000 rw-p 00001000 08:06 1705755                    /usr/lib/jvm/java-7-openjdk-amd64/jre/lib/amd64/libjawt.so
7f80fa422000-7f80fa424000 r-xp 00000000 08:06 4325415                    /tmp/jogamp_0000/file_cache/jln1156530171981801033/jln1463262231978023714/libgluegen-rt.so
7f80fa424000-7f80fa623000 ---p 00002000 08:06 4325415                    /tmp/jogamp_0000/file_cache/jln1156530171981801033/jln1463262231978023714/libgluegen-rt.so
7f80fa623000-7f80fa624000 rw-p 00001000 08:06 4325415                    /tmp/jogamp_0000/file_cache/jln1156530171981801033/jln1463262231978023714/libgluegen-rt.so
7f80fa624000-7f80fa627000 ---p 00000000 00:00 0 
7f80fa627000-7f80fa725000 rw-p 00000000 00:00 0                          [stack:20846]
7f80fa725000-7f80fa728000 ---p 00000000 00:00 0 
7f80fa728000-7f80fa826000 rw-p 00000000 00:00 0                          [stack:20848]
7f80fa826000-7f80fa829000 ---p 00000000 00:00 0 
7f80fa829000-7f80fa927000 rw-p 00000000 00:00 0                          [stack:20836]
7f80fa927000-7f80fa937000 r-xp 00000000 08:06 1705761                    /usr/lib/jvm/java-7-openjdk-amd64/jre/lib/amd64/libnio.so
7f80fa937000-7f80fab37000 ---p 00010000 08:06 1705761                    /usr/lib/jvm/java-7-openjdk-amd64/jre/lib/amd64/libnio.so
7f80fab37000-7f80fab38000 r--p 00010000 08:06 1705761                    /usr/lib/jvm/java-7-openjdk-amd64/jre/lib/amd64/libnio.so
7f80fab38000-7f80fab39000 rw-p 00011000 08:06 1705761                    /usr/lib/jvm/java-7-openjdk-amd64/jre/lib/amd64/libnio.so
7f80fab39000-7f80fab8b000 r-xp 00000000 08:06 1705740                    /usr/lib/jvm/java-7-openjdk-amd64/jre/lib/amd64/libfontmanager.so
7f80fab8b000-7f80fad8a000 ---p 00052000 08:06 1705740                    /usr/lib/jvm/java-7-openjdk-amd64/jre/lib/amd64/libfontmanager.so
7f80fad8a000-7f80fad8d000 r--p 00051000 08:06 1705740                    /usr/lib/jvm/java-7-openjdk-amd64/jre/lib/amd64/libfontmanager.so
7f80fad8d000-7f80fad8e000 rw-p 00054000 08:06 1705740                    /usr/lib/jvm/java-7-openjdk-amd64/jre/lib/amd64/libfontmanager.so
7f80fad8e000-7f80fad91000 ---p 00000000 00:00 0 
7f80fad91000-7f80fae8f000 rw-p 00000000 00:00 0                          [stack:20834]
7f80fae8f000-7f80fae92000 ---p 00000000 00:00 0 
7f80fae92000-7f80faf90000 rw-p 00000000 00:00 0                          [stack:20833]
7f80faf90000-7f80faf93000 ---p 00000000 00:00 0 
7f80faf93000-7f80fb091000 rw-p 00000000 00:00 0                          [stack:20832]
7f80fb091000-7f80fb096000 r-xp 00000000 08:06 9699808                    /usr/lib/x86_64-linux-gnu/libXfixes.so.3.1.0
7f80fb096000-7f80fb295000 ---p 00005000 08:06 9699808                    /usr/lib/x86_64-linux-gnu/libXfixes.so.3.1.0
7f80fb295000-7f80fb296000 r--p 00004000 08:06 9699808                    /usr/lib/x86_64-linux-gnu/libXfixes.so.3.1.0
7f80fb296000-7f80fb297000 rw-p 00005000 08:06 9699808                    /usr/lib/x86_64-linux-gnu/libXfixes.so.3.1.0
7f80fb297000-7f80fb2a0000 r-xp 00000000 08:06 9707366                    /usr/lib/x86_64-linux-gnu/libXcursor.so.1.0.2
7f80fb2a0000-7f80fb49f000 ---p 00009000 08:06 9707366                    /usr/lib/x86_64-linux-gnu/libXcursor.so.1.0.2
7f80fb49f000-7f80fb4a0000 r--p 00008000 08:06 9707366                    /usr/lib/x86_64-linux-gnu/libXcursor.so.1.0.2
7f80fb4a0000-7f80fb4a1000 rw-p 00009000 08:06 9707366                    /usr/lib/x86_64-linux-gnu/libXcursor.so.1.0.2
7f80fb4a1000-7f80fb4b8000 r-xp 00000000 08:06 1705756                    /usr/lib/jvm/java-7-openjdk-amd64/jre/lib/amd64/libnet.so
7f80fb4b8000-7f80fb6b7000 ---p 00017000 08:06 1705756                    /usr/lib/jvm/java-7-openjdk-amd64/jre/lib/amd64/libnet.so
7f80fb6b7000-7f80fb6b8000 r--p 00016000 08:06 1705756                    /usr/lib/jvm/java-7-openjdk-amd64/jre/lib/amd64/libnet.so
7f80fb6b8000-7f80fb6b9000 rw-p 00017000 08:06 1705756                    /usr/lib/jvm/java-7-openjdk-amd64/jre/lib/amd64/libnet.so
7f80fb6b9000-7f80fb6bd000 r-xp 00000000 08:06 8130528                    /lib/x86_64-linux-gnu/libgpg-error.so.0.10.0
7f80fb6bd000-7f80fb8bc000 ---p 00004000 08:06 8130528                    /lib/x86_64-linux-gnu/libgpg-error.so.0.10.0
7f80fb8bc000-7f80fb8bd000 r--p 00003000 08:06 8130528                    /lib/x86_64-linux-gnu/libgpg-error.so.0.10.0
7f80fb8bd000-7f80fb8be000 rw-p 00004000 08:06 8130528                    /lib/x86_64-linux-gnu/libgpg-error.so.0.10.0
7f80fb8be000-7f80fb8c0000 r-xp 00000000 08:06 8130538                    /lib/x86_64-linux-gnu/libkeyutils.so.1.4
7f80fb8c0000-7f80fbac0000 ---p 00002000 08:06 8130538                    /lib/x86_64-linux-gnu/libkeyutils.so.1.4
7f80fbac0000-7f80fbac1000 r--p 00002000 08:06 8130538                    /lib/x86_64-linux-gnu/libkeyutils.so.1.4
7f80fbac1000-7f80fbac2000 rw-p 00003000 08:06 8130538                    /lib/x86_64-linux-gnu/libkeyutils.so.1.4
7f80fbac2000-7f80fbaff000 r-xp 00000000 08:06 8132557                    /lib/x86_64-linux-gnu/libpcre.so.3.13.1
7f80fbaff000-7f80fbcfe000 ---p 0003d000 08:06 8132557                    /lib/x86_64-linux-gnu/libpcre.so.3.13.1
7f80fbcfe000-7f80fbcff000 r--p 0003c000 08:06 8132557                    /lib/x86_64-linux-gnu/libpcre.so.3.13.1
7f80fbcff000-7f80fbd00000 rw-p 0003d000 08:06 8132557                    /lib/x86_64-linux-gnu/libpcre.so.3.13.1
7f80fbd00000-7f8100000000 rw-p 00000000 00:00 0 
7f8100000000-7f8100021000 rw-p 00000000 00:00 0 
7f8100021000-7f8104000000 ---p 00000000 00:00 0 
7f8104095000-7f8104096000 rw-p 00000000 00:00 0 
7f8104096000-7f8104097000 rw-s 00000000 00:04 378750                     /drm mm object (deleted)
7f8104097000-7f810409f000 rw-s 00000000 00:04 378743                     /drm mm object (deleted)
7f810409f000-7f81040a7000 rw-s 00000000 00:04 378742                     /drm mm object (deleted)
7f81040a7000-7f81040a8000 rw-s 00000000 00:04 378739                     /drm mm object (deleted)
7f81040a8000-7f81040b0000 rw-s 00000000 00:04 375459                     /drm mm object (deleted)
7f81040b0000-7f81040b8000 rw-s 00000000 00:04 378734                     /drm mm object (deleted)
7f81040b8000-7f81040c0000 rw-s 00000000 00:04 378730                     /drm mm object (deleted)
7f81040c0000-7f81040c8000 rw-s 00000000 00:04 378738                     /drm mm object (deleted)
7f81040c8000-7f81040d0000 rw-s 00000000 00:04 376685                     /drm mm object (deleted)
7f81040d0000-7f81040d8000 rw-s 00000000 00:04 376681                     /drm mm object (deleted)
7f81040d8000-7f81040db000 ---p 00000000 00:00 0 
7f81040db000-7f81041d9000 rw-p 00000000 00:00 0                          [stack:20830]
7f81041d9000-7f81041fe000 r-xp 00000000 08:06 8130610                    /lib/x86_64-linux-gnu/libpng12.so.0.50.0
7f81041fe000-7f81043fd000 ---p 00025000 08:06 8130610                    /lib/x86_64-linux-gnu/libpng12.so.0.50.0
7f81043fd000-7f81043fe000 r--p 00024000 08:06 8130610                    /lib/x86_64-linux-gnu/libpng12.so.0.50.0
7f81043fe000-7f81043ff000 rw-p 00025000 08:06 8130610                    /lib/x86_64-linux-gnu/libpng12.so.0.50.0
7f81043ff000-7f8104443000 r-xp 00000000 08:06 8130509                    /lib/x86_64-linux-gnu/libdbus-1.so.3.7.6
7f8104443000-7f8104642000 ---p 00044000 08:06 8130509                    /lib/x86_64-linux-gnu/libdbus-1.so.3.7.6
7f8104642000-7f8104643000 r--p 00043000 08:06 8130509                    /lib/x86_64-linux-gnu/libdbus-1.so.3.7.6
7f8104643000-7f8104644000 rw-p 00044000 08:06 8130509                    /lib/x86_64-linux-gnu/libdbus-1.so.3.7.6
7f8104644000-7f810467f000 r-xp 00000000 08:06 9708086                    /usr/lib/x86_64-linux-gnu/libp11-kit.so.0.0.0
7f810467f000-7f810487e000 ---p 0003b000 08:06 9708086                    /usr/lib/x86_64-linux-gnu/libp11-kit.so.0.0.0
7f810487e000-7f8104884000 r--p 0003a000 08:06 9708086                    /usr/lib/x86_64-linux-gnu/libp11-kit.so.0.0.0
7f8104884000-7f8104886000 rw-p 00040000 08:06 9708086                    /usr/lib/x86_64-linux-gnu/libp11-kit.so.0.0.0
7f8104886000-7f8104898000 r-xp 00000000 08:06 9699371                    /usr/lib/x86_64-linux-gnu/libtasn1.so.6.2.0
7f8104898000-7f8104a98000 ---p 00012000 08:06 9699371                    /usr/lib/x86_64-linux-gnu/libtasn1.so.6.2.0
7f8104a98000-7f8104a99000 r--p 00012000 08:06 9699371                    /usr/lib/x86_64-linux-gnu/libtasn1.so.6.2.0
7f8104a99000-7f8104a9a000 rw-p 00013000 08:06 9699371                    /usr/lib/x86_64-linux-gnu/libtasn1.so.6.2.0
7f8104a9a000-7f8104b16000 r-xp 00000000 08:06 8130502                    /lib/x86_64-linux-gnu/libgcrypt.so.11.8.2
7f8104b16000-7f8104d16000 ---p 0007c000 08:06 8130502                    /lib/x86_64-linux-gnu/libgcrypt.so.11.8.2
7f8104d16000-7f8104d17000 r--p 0007c000 08:06 8130502                    /lib/x86_64-linux-gnu/libgcrypt.so.11.8.2
7f8104d17000-7f8104d1a000 rw-p 0007d000 08:06 8130502                    /lib/x86_64-linux-gnu/libgcrypt.so.11.8.2
7f8104d1a000-7f8104d24000 r-xp 00000000 08:06 9707969                    /usr/lib/x86_64-linux-gnu/libkrb5support.so.0.1
7f8104d24000-7f8104f23000 ---p 0000a000 08:06 9707969                    /usr/lib/x86_64-linux-gnu/libkrb5support.so.0.1
7f8104f23000-7f8104f24000 r--p 00009000 08:06 9707969                    /usr/lib/x86_64-linux-gnu/libkrb5support.so.0.1
7f8104f24000-7f8104f25000 rw-p 0000a000 08:06 9707969                    /usr/lib/x86_64-linux-gnu/libkrb5support.so.0.1
7f8104f25000-7f8104f28000 r-xp 00000000 08:06 8130472                    /lib/x86_64-linux-gnu/libcom_err.so.2.1
7f8104f28000-7f8105127000 ---p 00003000 08:06 8130472                    /lib/x86_64-linux-gnu/libcom_err.so.2.1
7f8105127000-7f8105128000 r--p 00002000 08:06 8130472                    /lib/x86_64-linux-gnu/libcom_err.so.2.1
7f8105128000-7f8105129000 rw-p 00003000 08:06 8130472                    /lib/x86_64-linux-gnu/libcom_err.so.2.1
7f8105129000-7f8105155000 r-xp 00000000 08:06 9707963                    /usr/lib/x86_64-linux-gnu/libk5crypto.so.3.1
7f8105155000-7f8105354000 ---p 0002c000 08:06 9707963                    /usr/lib/x86_64-linux-gnu/libk5crypto.so.3.1
7f8105354000-7f8105356000 r--p 0002b000 08:06 9707963                    /usr/lib/x86_64-linux-gnu/libk5crypto.so.3.1
7f8105356000-7f8105357000 rw-p 0002d000 08:06 9707963                    /usr/lib/x86_64-linux-gnu/libk5crypto.so.3.1
7f8105357000-7f8105358000 rw-p 00000000 00:00 0 
7f8105358000-7f8105414000 r-xp 00000000 08:06 9707967                    /usr/lib/x86_64-linux-gnu/libkrb5.so.3.3
7f8105414000-7f8105614000 ---p 000bc000 08:06 9707967                    /usr/lib/x86_64-linux-gnu/libkrb5.so.3.3
7f8105614000-7f8105621000 r--p 000bc000 08:06 9707967                    /usr/lib/x86_64-linux-gnu/libkrb5.so.3.3
7f8105621000-7f8105623000 rw-p 000c9000 08:06 9707967                    /usr/lib/x86_64-linux-gnu/libkrb5.so.3.3
7f8105623000-7f8105628000 r-xp 00000000 08:06 9707370                    /usr/lib/x86_64-linux-gnu/libXdmcp.so.6.0.0
7f8105628000-7f8105827000 ---p 00005000 08:06 9707370                    /usr/lib/x86_64-linux-gnu/libXdmcp.so.6.0.0
7f8105827000-7f8105828000 r--p 00004000 08:06 9707370                    /usr/lib/x86_64-linux-gnu/libXdmcp.so.6.0.0
7f8105828000-7f8105829000 rw-p 00005000 08:06 9707370                    /usr/lib/x86_64-linux-gnu/libXdmcp.so.6.0.0
7f8105829000-7f810582b000 r-xp 00000000 08:06 9707359                    /usr/lib/x86_64-linux-gnu/libXau.so.6.0.0
7f810582b000-7f8105a2b000 ---p 00002000 08:06 9707359                    /usr/lib/x86_64-linux-gnu/libXau.so.6.0.0
7f8105a2b000-7f8105a2c000 r--p 00002000 08:06 9707359                    /usr/lib/x86_64-linux-gnu/libXau.so.6.0.0
7f8105a2c000-7f8105a2d000 rw-p 00003000 08:06 9707359                    /usr/lib/x86_64-linux-gnu/libXau.so.6.0.0
7f8105a2d000-7f8105a34000 r-xp 00000000 08:06 9707641                    /usr/lib/x86_64-linux-gnu/libffi.so.6.0.1
7f8105a34000-7f8105c33000 ---p 00007000 08:06 9707641                    /usr/lib/x86_64-linux-gnu/libffi.so.6.0.1
7f8105c33000-7f8105c34000 r--p 00006000 08:06 9707641                    /usr/lib/x86_64-linux-gnu/libffi.so.6.0.1
7f8105c34000-7f8105c35000 rw-p 00007000 08:06 9707641                    /usr/lib/x86_64-linux-gnu/libffi.so.6.0.1
7f8105c35000-7f8105c4c000 r-xp 00000000 08:06 8126469                    /lib/x86_64-linux-gnu/libresolv-2.19.so
7f8105c4c000-7f8105e4c000 ---p 00017000 08:06 8126469                    /lib/x86_64-linux-gnu/libresolv-2.19.so
7f8105e4c000-7f8105e4d000 r--p 00017000 08:06 8126469                    /lib/x86_64-linux-gnu/libresolv-2.19.so
7f8105e4d000-7f8105e4e000 rw-p 00018000 08:06 8126469                    /lib/x86_64-linux-gnu/libresolv-2.19.so
7f8105e4e000-7f8105e50000 rw-p 00000000 00:00 0 
7f8105e50000-7f8105e70000 r-xp 00000000 08:06 8130625                    /lib/x86_64-linux-gnu/libselinux.so.1
7f8105e70000-7f810606f000 ---p 00020000 08:06 8130625                    /lib/x86_64-linux-gnu/libselinux.so.1
7f810606f000-7f8106070000 r--p 0001f000 08:06 8130625                    /lib/x86_64-linux-gnu/libselinux.so.1
7f8106070000-7f8106071000 rw-p 00020000 08:06 8130625                    /lib/x86_64-linux-gnu/libselinux.so.1
7f8106071000-7f8106073000 rw-p 00000000 00:00 0 
7f8106073000-7f8106179000 r-xp 00000000 08:06 8130526                    /lib/x86_64-linux-gnu/libglib-2.0.so.0.4002.0
7f8106179000-7f8106378000 ---p 00106000 08:06 8130526                    /lib/x86_64-linux-gnu/libglib-2.0.so.0.4002.0
7f8106378000-7f8106379000 r--p 00105000 08:06 8130526                    /lib/x86_64-linux-gnu/libglib-2.0.so.0.4002.0
7f8106379000-7f810637a000 rw-p 00106000 08:06 8130526                    /lib/x86_64-linux-gnu/libglib-2.0.so.0.4002.0
7f810637a000-7f810637b000 rw-p 00000000 00:00 0 
7f810637b000-7f810637e000 r-xp 00000000 08:06 9707754                    /usr/lib/x86_64-linux-gnu/libgmodule-2.0.so.0.4002.0
7f810637e000-7f810657d000 ---p 00003000 08:06 9707754                    /usr/lib/x86_64-linux-gnu/libgmodule-2.0.so.0.4002.0
7f810657d000-7f810657e000 r--p 00002000 08:06 9707754                    /usr/lib/x86_64-linux-gnu/libgmodule-2.0.so.0.4002.0
7f810657e000-7f810657f000 rw-p 00003000 08:06 9707754                    /usr/lib/x86_64-linux-gnu/libgmodule-2.0.so.0.4002.0
7f810657f000-7f81065a6000 r-xp 00000000 08:06 8131913                    /lib/x86_64-linux-gnu/libexpat.so.1.6.0
7f81065a6000-7f81067a6000 ---p 00027000 08:06 8131913                    /lib/x86_64-linux-gnu/libexpat.so.1.6.0
7f81067a6000-7f81067a8000 r--p 00027000 08:06 8131913                    /lib/x86_64-linux-gnu/libexpat.so.1.6.0
7f81067a8000-7f81067a9000 rw-p 00029000 08:06 8131913                    /lib/x86_64-linux-gnu/libexpat.so.1.6.0
7f81067a9000-7f8106846000 r-xp 00000000 08:06 9699821                    /usr/lib/x86_64-linux-gnu/libfreetype.so.6.11.1
7f8106846000-7f8106a45000 ---p 0009d000 08:06 9699821                    /usr/lib/x86_64-linux-gnu/libfreetype.so.6.11.1
7f8106a45000-7f8106a4b000 r--p 0009c000 08:06 9699821                    /usr/lib/x86_64-linux-gnu/libfreetype.so.6.11.1
7f8106a4b000-7f8106a4c000 rw-p 000a2000 08:06 9699821                    /usr/lib/x86_64-linux-gnu/libfreetype.so.6.11.1
7f8106a4c000-7f8106a5b000 r-xp 00000000 08:06 9707463                    /usr/lib/x86_64-linux-gnu/libavahi-client.so.3.2.9
7f8106a5b000-7f8106c5b000 ---p 0000f000 08:06 9707463                    /usr/lib/x86_64-linux-gnu/libavahi-client.so.3.2.9
7f8106c5b000-7f8106c5c000 r--p 0000f000 08:06 9707463                    /usr/lib/x86_64-linux-gnu/libavahi-client.so.3.2.9
7f8106c5c000-7f8106c5d000 rw-p 00010000 08:06 9707463                    /usr/lib/x86_64-linux-gnu/libavahi-client.so.3.2.9
7f8106c5d000-7f8106c68000 r-xp 00000000 08:06 9707465                    /usr/lib/x86_64-linux-gnu/libavahi-common.so.3.5.3
7f8106c68000-7f8106e67000 ---p 0000b000 08:06 9707465                    /usr/lib/x86_64-linux-gnu/libavahi-common.so.3.5.3
7f8106e67000-7f8106e68000 r--p 0000a000 08:06 9707465                    /usr/lib/x86_64-linux-gnu/libavahi-common.so.3.5.3
7f8106e68000-7f8106e69000 rw-p 0000b000 08:06 9707465                    /usr/lib/x86_64-linux-gnu/libavahi-common.so.3.5.3
7f8106e69000-7f8106f1f000 r-xp 00000000 08:06 9699378                    /usr/lib/x86_64-linux-gnu/libgnutls.so.26.22.6
7f8106f1f000-7f810711f000 ---p 000b6000 08:06 9699378                    /usr/lib/x86_64-linux-gnu/libgnutls.so.26.22.6
7f810711f000-7f8107125000 r--p 000b6000 08:06 9699378                    /usr/lib/x86_64-linux-gnu/libgnutls.so.26.22.6
7f8107125000-7f8107126000 rw-p 000bc000 08:06 9699378                    /usr/lib/x86_64-linux-gnu/libgnutls.so.26.22.6
7f8107126000-7f8107127000 rw-p 00000000 00:00 0 
7f8107127000-7f810716a000 r-xp 00000000 08:06 9707797                    /usr/lib/x86_64-linux-gnu/libgssapi_krb5.so.2.2
7f810716a000-7f810736a000 ---p 00043000 08:06 9707797                    /usr/lib/x86_64-linux-gnu/libgssapi_krb5.so.2.2
7f810736a000-7f810736b000 r--p 00043000 08:06 9707797                    /usr/lib/x86_64-linux-gnu/libgssapi_krb5.so.2.2
7f810736b000-7f810736d000 rw-p 00044000 08:06 9707797                    /usr/lib/x86_64-linux-gnu/libgssapi_krb5.so.2.2
7f810736d000-7f810738a000 r-xp 00000000 08:06 9708427                    /usr/lib/x86_64-linux-gnu/libxcb.so.1.1.0
7f810738a000-7f810758a000 ---p 0001d000 08:06 9708427                    /usr/lib/x86_64-linux-gnu/libxcb.so.1.1.0
7f810758a000-7f810758b000 r--p 0001d000 08:06 9708427                    /usr/lib/x86_64-linux-gnu/libxcb.so.1.1.0
7f810758b000-7f810758c000 rw-p 0001e000 08:06 9708427                    /usr/lib/x86_64-linux-gnu/libxcb.so.1.1.0
7f810758c000-7f81075db000 r-xp 00000000 08:06 9707770                    /usr/lib/x86_64-linux-gnu/libgobject-2.0.so.0.4002.0
7f81075db000-7f81077db000 ---p 0004f000 08:06 9707770                    /usr/lib/x86_64-linux-gnu/libgobject-2.0.so.0.4002.0
7f81077db000-7f81077dc000 r--p 0004f000 08:06 9707770                    /usr/lib/x86_64-linux-gnu/libgobject-2.0.so.0.4002.0
7f81077dc000-7f81077dd000 rw-p 00050000 08:06 9707770                    /usr/lib/x86_64-linux-gnu/libgobject-2.0.so.0.4002.0
7f81077dd000-7f8107949000 r-xp 00000000 08:06 9707742                    /usr/lib/x86_64-linux-gnu/libgio-2.0.so.0.4002.0
7f8107949000-7f8107b48000 ---p 0016c000 08:06 9707742                    /usr/lib/x86_64-linux-gnu/libgio-2.0.so.0.4002.0
7f8107b48000-7f8107b4c000 r--p 0016b000 08:06 9707742                    /usr/lib/x86_64-linux-gnu/libgio-2.0.so.0.4002.0
7f8107b4c000-7f8107b4e000 rw-p 0016f000 08:06 9707742                    /usr/lib/x86_64-linux-gnu/libgio-2.0.so.0.4002.0
7f8107b4e000-7f8107b50000 rw-p 00000000 00:00 0 
7f8107b50000-7f8107b8a000 r-xp 00000000 08:06 9707655                    /usr/lib/x86_64-linux-gnu/libfontconfig.so.1.8.0
7f8107b8a000-7f8107d89000 ---p 0003a000 08:06 9707655                    /usr/lib/x86_64-linux-gnu/libfontconfig.so.1.8.0
7f8107d89000-7f8107d8b000 r--p 00039000 08:06 9707655                    /usr/lib/x86_64-linux-gnu/libfontconfig.so.1.8.0
7f8107d8b000-7f8107d8c000 rw-p 0003b000 08:06 9707655                    /usr/lib/x86_64-linux-gnu/libfontconfig.so.1.8.0
7f8107d8c000-7f8107df8000 r-xp 00000000 08:06 9699450                    /usr/lib/x86_64-linux-gnu/libcups.so.2
7f8107df8000-7f8107ff8000 ---p 0006c000 08:06 9699450                    /usr/lib/x86_64-linux-gnu/libcups.so.2
7f8107ff8000-7f8107fff000 r--p 0006c000 08:06 9699450                    /usr/lib/x86_64-linux-gnu/libcups.so.2
7f8107fff000-7f8108000000 rw-p 00073000 08:06 9699450                    /usr/lib/x86_64-linux-gnu/libcups.so.2
7f8108000000-7f8108021000 rw-p 00000000 00:00 0 
7f8108021000-7f810c000000 ---p 00000000 00:00 0 
7f810c000000-7f810c021000 rw-p 00000000 00:00 0 
7f810c021000-7f8110000000 ---p 00000000 00:00 0 
7f8110000000-7f8110021000 rw-p 00000000 00:00 0 
7f8110021000-7f8114000000 ---p 00000000 00:00 0 
7f8114000000-7f8114001000 rw-s 00000000 00:04 375452                     /drm mm object (deleted)
7f8114001000-7f8114002000 rw-s 00000000 00:04 375447                     /drm mm object (deleted)
7f8114002000-7f8114003000 rw-s 00000000 00:04 378731                     /drm mm object (deleted)
7f8114003000-7f8114004000 rw-s 00000000 00:04 376682                     /drm mm object (deleted)
7f8114004000-7f8114005000 rw-s 00000000 00:04 375438                     /drm mm object (deleted)
7f8114005000-7f8114006000 rwxp 00000000 00:00 0 
7f8114006000-7f811400e000 rw-s 00000000 00:04 376675                     /drm mm object (deleted)
7f811400e000-7f811400f000 rw-s 00000000 00:04 376672                     /drm mm object (deleted)
7f811400f000-7f8114017000 rw-s 00000000 00:04 376671                     /drm mm object (deleted)
7f8114017000-7f8114018000 r--s 0002f000 08:06 8394805                    /home/zax/workspace/UCSDUnfoldingMaps/lib/jogl-all-natives-linux-amd64.jar
7f8114018000-7f811401a000 r--s 00000000 08:06 8394792                    /home/zax/workspace/UCSDUnfoldingMaps/lib/gluegen-rt-natives-linux-amd64.jar
7f811401a000-7f811401d000 ---p 00000000 00:00 0 
7f811401d000-7f8114053000 rw-p 00000000 00:00 0                          [stack:20841]
7f8114053000-7f8114054000 r--p 00000000 00:00 0 
7f8114054000-7f8114059000 r--s 0004d000 08:06 1314162                    /usr/lib/jvm/java-7-openjdk-amd64/jre/lib/jsse.jar
7f8114059000-7f811405c000 ---p 00000000 00:00 0 
7f811405c000-7f811415a000 rw-p 00000000 00:00 0                          [stack:20829]
7f811415a000-7f8114164000 r--s 000ae000 08:06 1314158                    /usr/lib/jvm/java-7-openjdk-amd64/jre/lib/resources.jar
7f8114164000-7f8114195000 rw-p 00000000 00:00 0 
7f8114195000-7f811419b000 r--s 00033000 08:06 8394806                    /home/zax/workspace/UCSDUnfoldingMaps/lib/unfolding.0.9.7-uscd.jar
7f811419b000-7f811419c000 r--s 00005000 08:06 8394802                    /home/zax/workspace/UCSDUnfoldingMaps/lib/libTUIO.jar
7f811419c000-7f81141a1000 r--s 00309000 08:06 8394789                    /home/zax/workspace/UCSDUnfoldingMaps/lib/sqlite-jdbc-3.7.2.jar
7f81141a1000-7f81141c4000 r--s 002ec000 08:06 8394800                    /home/zax/workspace/UCSDUnfoldingMaps/lib/jogl-all.jar
7f81141c4000-7f81141d3000 r-xp 00000000 08:06 9703061                    /usr/lib/x86_64-linux-gnu/libXi.so.6.1.0
7f81141d3000-7f81143d2000 ---p 0000f000 08:06 9703061                    /usr/lib/x86_64-linux-gnu/libXi.so.6.1.0
7f81143d2000-7f81143d3000 r--p 0000e000 08:06 9703061                    /usr/lib/x86_64-linux-gnu/libXi.so.6.1.0
7f81143d3000-7f81143d4000 rw-p 0000f000 08:06 9703061                    /usr/lib/x86_64-linux-gnu/libXi.so.6.1.0
7f81143d4000-7f81143d9000 r-xp 00000000 08:06 9707400                    /usr/lib/x86_64-linux-gnu/libXtst.so.6.1.0
7f81143d9000-7f81145d8000 ---p 00005000 08:06 9707400                    /usr/lib/x86_64-linux-gnu/libXtst.so.6.1.0
7f81145d8000-7f81145d9000 r--p 00004000 08:06 9707400                    /usr/lib/x86_64-linux-gnu/libXtst.so.6.1.0
7f81145d9000-7f81145da000 rw-p 00005000 08:06 9707400                    /usr/lib/x86_64-linux-gnu/libXtst.so.6.1.0
7f81145da000-7f81145e3000 r-xp 00000000 08:06 9703063                    /usr/lib/x86_64-linux-gnu/libXrender.so.1.3.0
7f81145e3000-7f81147e2000 ---p 00009000 08:06 9703063                    /usr/lib/x86_64-linux-gnu/libXrender.so.1.3.0
7f81147e2000-7f81147e3000 r--p 00008000 08:06 9703063                    /usr/lib/x86_64-linux-gnu/libXrender.so.1.3.0
7f81147e3000-7f81147e4000 rw-p 00009000 08:06 9703063                    /usr/lib/x86_64-linux-gnu/libXrender.so.1.3.0
7f81147e4000-7f8114914000 r-xp 00000000 08:06 9707355                    /usr/lib/x86_64-linux-gnu/libX11.so.6.3.0
7f8114914000-7f8114b14000 ---p 00130000 08:06 9707355                    /usr/lib/x86_64-linux-gnu/libX11.so.6.3.0
7f8114b14000-7f8114b15000 r--p 00130000 08:06 9707355                    /usr/lib/x86_64-linux-gnu/libX11.so.6.3.0
7f8114b15000-7f8114b19000 rw-p 00131000 08:06 9707355                    /usr/lib/x86_64-linux-gnu/libX11.so.6.3.0
7f8114b19000-7f8114b2a000 r-xp 00000000 08:06 9700536                    /usr/lib/x86_64-linux-gnu/libXext.so.6.4.0
7f8114b2a000-7f8114d29000 ---p 00011000 08:06 9700536                    /usr/lib/x86_64-linux-gnu/libXext.so.6.4.0
7f8114d29000-7f8114d2a000 r--p 00010000 08:06 9700536                    /usr/lib/x86_64-linux-gnu/libXext.so.6.4.0
7f8114d2a000-7f8114d2b000 rw-p 00011000 08:06 9700536                    /usr/lib/x86_64-linux-gnu/libXext.so.6.4.0
7f8114d2b000-7f8114d32000 r--s 00059000 08:06 8394793                    /home/zax/workspace/UCSDUnfoldingMaps/lib/log4j-1.2.15.jar
7f8114d32000-7f8114d38000 r--s 00041000 08:06 8394804                    /home/zax/workspace/UCSDUnfoldingMaps/lib/gluegen-rt.jar
7f8114d38000-7f8114d3c000 r--s 0009a000 08:06 8394798                    /home/zax/workspace/UCSDUnfoldingMaps/lib/core.jar
7f8114d3c000-7f8114d40000 r--s 0003c000 08:06 1578537                    /usr/lib/jvm/java-7-openjdk-amd64/jre/lib/ext/sunpkcs11.jar
7f8114d40000-7f8114d88000 r-xp 00000000 08:06 1705841                    /usr/lib/jvm/java-7-openjdk-amd64/jre/lib/amd64/xawt/libmawt.so
7f8114d88000-7f8114f87000 ---p 00048000 08:06 1705841                    /usr/lib/jvm/java-7-openjdk-amd64/jre/lib/amd64/xawt/libmawt.so
7f8114f87000-7f8114f88000 r--p 00047000 08:06 1705841                    /usr/lib/jvm/java-7-openjdk-amd64/jre/lib/amd64/xawt/libmawt.so
7f8114f88000-7f8114f8b000 rw-p 00048000 08:06 1705841                    /usr/lib/jvm/java-7-openjdk-amd64/jre/lib/amd64/xawt/libmawt.so
7f8114f8b000-7f8114f8c000 rw-p 00000000 00:00 0 
7f8114f8c000-7f811502c000 r-xp 00000000 08:06 1705742                    /usr/lib/jvm/java-7-openjdk-amd64/jre/lib/amd64/libawt.so
7f811502c000-7f811522c000 ---p 000a0000 08:06 1705742                    /usr/lib/jvm/java-7-openjdk-amd64/jre/lib/amd64/libawt.so
7f811522c000-7f811522d000 r--p 000a0000 08:06 1705742                    /usr/lib/jvm/java-7-openjdk-amd64/jre/lib/amd64/libawt.so
7f811522d000-7f8115238000 rw-p 000a1000 08:06 1705742                    /usr/lib/jvm/java-7-openjdk-amd64/jre/lib/amd64/libawt.so
7f8115238000-7f811525d000 rw-p 00000000 00:00 0 
7f811525d000-7f811525e000 ---p 00000000 00:00 0 
7f811525e000-7f811535e000 rw-p 00000000 00:00 0                          [stack:20828]
7f811535e000-7f8115361000 ---p 00000000 00:00 0 
7f8115361000-7f811545f000 rw-p 00000000 00:00 0                          [stack:20827]
7f811545f000-7f8115462000 ---p 00000000 00:00 0 
7f8115462000-7f8115560000 rw-p 00000000 00:00 0                          [stack:20826]
7f8115560000-7f8115563000 ---p 00000000 00:00 0 
7f8115563000-7f8115661000 rw-p 00000000 00:00 0                          [stack:20825]
7f8115661000-7f8115664000 ---p 00000000 00:00 0 
7f8115664000-7f8115762000 rw-p 00000000 00:00 0                          [stack:20824]
7f8115762000-7f8115e44000 r--p 00000000 08:06 9706356                    /usr/lib/locale/locale-archive
7f8115e44000-7f8115e47000 ---p 00000000 00:00 0 
7f8115e47000-7f8115f45000 rw-p 00000000 00:00 0                          [stack:20823]
7f8115f45000-7f8115f48000 ---p 00000000 00:00 0 
7f8115f48000-7f8116046000 rw-p 00000000 00:00 0                          [stack:20822]
7f8116046000-7f8116047000 ---p 00000000 00:00 0 
7f8116047000-7f8117102000 rw-p 00000000 00:00 0                          [stack:20821]
7f8117102000-7f81172b3000 r--s 01d29000 08:06 1314155                    /usr/lib/jvm/java-7-openjdk-amd64/jre/lib/rt.jar
7f81172b3000-7f81177b4000 rw-p 00000000 00:00 0 
7f81177b4000-7f81177b5000 ---p 00000000 00:00 0 
7f81177b5000-7f81178b5000 rw-p 00000000 00:00 0                          [stack:20820]
7f81178b5000-7f81178b6000 ---p 00000000 00:00 0 
7f81178b6000-7f81179b6000 rw-p 00000000 00:00 0                          [stack:20819]
7f81179b6000-7f81179b7000 ---p 00000000 00:00 0 
7f81179b7000-7f8117ae0000 rw-p 00000000 00:00 0                          [stack:20818]
7f8117ae0000-7f8117d4b000 rw-p 00000000 00:00 0 
7f8117d4b000-7f8117d56000 rw-p 00000000 00:00 0 
7f8117d56000-7f8117d9e000 rw-p 00000000 00:00 0 
7f8117d9e000-7f8117dc7000 rw-p 00000000 00:00 0 
7f8117dc7000-7f8118031000 rw-p 00000000 00:00 0 
7f8118031000-7f8118046000 rw-p 00000000 00:00 0 
7f8118046000-7f811817b000 rw-p 00000000 00:00 0 
7f811817b000-7f811817c000 rw-p 00000000 00:00 0 
7f811817c000-7f81183ec000 rwxp 00000000 00:00 0 
7f81183ec000-7f811b17c000 rw-p 00000000 00:00 0 
7f811b17c000-7f811b184000 r-xp 00000000 08:06 1705727                    /usr/lib/jvm/java-7-openjdk-amd64/jre/lib/amd64/libzip.so
7f811b184000-7f811b383000 ---p 00008000 08:06 1705727                    /usr/lib/jvm/java-7-openjdk-amd64/jre/lib/amd64/libzip.so
7f811b383000-7f811b384000 r--p 00007000 08:06 1705727                    /usr/lib/jvm/java-7-openjdk-amd64/jre/lib/amd64/libzip.so
7f811b384000-7f811b385000 rw-p 00008000 08:06 1705727                    /usr/lib/jvm/java-7-openjdk-amd64/jre/lib/amd64/libzip.so
7f811b385000-7f811b390000 r-xp 00000000 08:06 8126483                    /lib/x86_64-linux-gnu/libnss_files-2.19.so
7f811b390000-7f811b58f000 ---p 0000b000 08:06 8126483                    /lib/x86_64-linux-gnu/libnss_files-2.19.so
7f811b58f000-7f811b590000 r--p 0000a000 08:06 8126483                    /lib/x86_64-linux-gnu/libnss_files-2.19.so
7f811b590000-7f811b591000 rw-p 0000b000 08:06 8126483                    /lib/x86_64-linux-gnu/libnss_files-2.19.so
7f811b591000-7f811b59c000 r-xp 00000000 08:06 8130425                    /lib/x86_64-linux-gnu/libnss_nis-2.19.so
7f811b59c000-7f811b79b000 ---p 0000b000 08:06 8130425                    /lib/x86_64-linux-gnu/libnss_nis-2.19.so
7f811b79b000-7f811b79c000 r--p 0000a000 08:06 8130425                    /lib/x86_64-linux-gnu/libnss_nis-2.19.so
7f811b79c000-7f811b79d000 rw-p 0000b000 08:06 8130425                    /lib/x86_64-linux-gnu/libnss_nis-2.19.so
7f811b79d000-7f811b7b4000 r-xp 00000000 08:06 8126558                    /lib/x86_64-linux-gnu/libnsl-2.19.so
7f811b7b4000-7f811b9b3000 ---p 00017000 08:06 8126558                    /lib/x86_64-linux-gnu/libnsl-2.19.so
7f811b9b3000-7f811b9b4000 r--p 00016000 08:06 8126558                    /lib/x86_64-linux-gnu/libnsl-2.19.so
7f811b9b4000-7f811b9b5000 rw-p 00017000 08:06 8126558                    /lib/x86_64-linux-gnu/libnsl-2.19.so
7f811b9b5000-7f811b9b7000 rw-p 00000000 00:00 0 
7f811b9b7000-7f811b9c0000 r-xp 00000000 08:06 8126557                    /lib/x86_64-linux-gnu/libnss_compat-2.19.so
7f811b9c0000-7f811bbbf000 ---p 00009000 08:06 8126557                    /lib/x86_64-linux-gnu/libnss_compat-2.19.so
7f811bbbf000-7f811bbc0000 r--p 00008000 08:06 8126557                    /lib/x86_64-linux-gnu/libnss_compat-2.19.so
7f811bbc0000-7f811bbc1000 rw-p 00009000 08:06 8126557                    /lib/x86_64-linux-gnu/libnss_compat-2.19.so
7f811bbc1000-7f811bbec000 r-xp 00000000 08:06 1705764                    /usr/lib/jvm/java-7-openjdk-amd64/jre/lib/amd64/libjava.so
7f811bbec000-7f811bdeb000 ---p 0002b000 08:06 1705764                    /usr/lib/jvm/java-7-openjdk-amd64/jre/lib/amd64/libjava.so
7f811bdeb000-7f811bdec000 r--p 0002a000 08:06 1705764                    /usr/lib/jvm/java-7-openjdk-amd64/jre/lib/amd64/libjava.so
7f811bdec000-7f811bdee000 rw-p 0002b000 08:06 1705764                    /usr/lib/jvm/java-7-openjdk-amd64/jre/lib/amd64/libjava.so
7f811bdee000-7f811bdfe000 r-xp 00000000 08:06 1705745                    /usr/lib/jvm/java-7-openjdk-amd64/jre/lib/amd64/libverify.so
7f811bdfe000-7f811bffd000 ---p 00010000 08:06 1705745                    /usr/lib/jvm/java-7-openjdk-amd64/jre/lib/amd64/libverify.so
7f811bffd000-7f811bfff000 r--p 0000f000 08:06 1705745                    /usr/lib/jvm/java-7-openjdk-amd64/jre/lib/amd64/libverify.so
7f811bfff000-7f811c000000 rw-p 00011000 08:06 1705745                    /usr/lib/jvm/java-7-openjdk-amd64/jre/lib/amd64/libverify.so
7f811c000000-7f811c27e000 rw-p 00000000 00:00 0 
7f811c27e000-7f8120000000 ---p 00000000 00:00 0 
7f8120000000-7f8120001000 r--s 00007000 08:06 8394794                    /home/zax/workspace/UCSDUnfoldingMaps/lib/json4processing.jar
7f8120001000-7f8120005000 r--s 00085000 08:06 1578534                    /usr/lib/jvm/java-7-openjdk-amd64/jre/lib/ext/localedata.jar
7f8120005000-7f8120078000 rw-p 00000000 00:00 0 
7f8120078000-7f8120079000 ---p 00000000 00:00 0 
7f8120079000-7f8120184000 rw-p 00000000 00:00 0                          [stack:20817]
7f8120184000-7f81201cc000 rw-p 00000000 00:00 0 
7f81201cc000-7f81201d3000 r-xp 00000000 08:06 8126566                    /lib/x86_64-linux-gnu/librt-2.19.so
7f81201d3000-7f81203d2000 ---p 00007000 08:06 8126566                    /lib/x86_64-linux-gnu/librt-2.19.so
7f81203d2000-7f81203d3000 r--p 00006000 08:06 8126566                    /lib/x86_64-linux-gnu/librt-2.19.so
7f81203d3000-7f81203d4000 rw-p 00007000 08:06 8126566                    /lib/x86_64-linux-gnu/librt-2.19.so
7f81203d4000-7f81203ea000 r-xp 00000000 08:06 8130522                    /lib/x86_64-linux-gnu/libgcc_s.so.1
7f81203ea000-7f81205e9000 ---p 00016000 08:06 8130522                    /lib/x86_64-linux-gnu/libgcc_s.so.1
7f81205e9000-7f81205ea000 rw-p 00015000 08:06 8130522                    /lib/x86_64-linux-gnu/libgcc_s.so.1
7f81205ea000-7f81206ef000 r-xp 00000000 08:06 8126479                    /lib/x86_64-linux-gnu/libm-2.19.so
7f81206ef000-7f81208ee000 ---p 00105000 08:06 8126479                    /lib/x86_64-linux-gnu/libm-2.19.so
7f81208ee000-7f81208ef000 r--p 00104000 08:06 8126479                    /lib/x86_64-linux-gnu/libm-2.19.so
7f81208ef000-7f81208f0000 rw-p 00105000 08:06 8126479                    /lib/x86_64-linux-gnu/libm-2.19.so
7f81208f0000-7f81209d6000 r-xp 00000000 08:06 9701555                    /usr/lib/x86_64-linux-gnu/libstdc++.so.6.0.19
7f81209d6000-7f8120bd5000 ---p 000e6000 08:06 9701555                    /usr/lib/x86_64-linux-gnu/libstdc++.so.6.0.19
7f8120bd5000-7f8120bdd000 r--p 000e5000 08:06 9701555                    /usr/lib/x86_64-linux-gnu/libstdc++.so.6.0.19
7f8120bdd000-7f8120bdf000 rw-p 000ed000 08:06 9701555                    /usr/lib/x86_64-linux-gnu/libstdc++.so.6.0.19
7f8120bdf000-7f8120bf4000 rw-p 00000000 00:00 0 
7f8120bf4000-7f812170d000 r-xp 00000000 08:06 1705733                    /usr/lib/jvm/java-7-openjdk-amd64/jre/lib/amd64/server/libjvm.so
7f812170d000-7f812190d000 ---p 00b19000 08:06 1705733                    /usr/lib/jvm/java-7-openjdk-amd64/jre/lib/amd64/server/libjvm.so
7f812190d000-7f81219a7000 r--p 00b19000 08:06 1705733                    /usr/lib/jvm/java-7-openjdk-amd64/jre/lib/amd64/server/libjvm.so
7f81219a7000-7f81219ca000 rw-p 00bb3000 08:06 1705733                    /usr/lib/jvm/java-7-openjdk-amd64/jre/lib/amd64/server/libjvm.so
7f81219ca000-7f81219f8000 rw-p 00000000 00:00 0 
7f81219f8000-7f8121a10000 r-xp 00000000 08:06 8130658                    /lib/x86_64-linux-gnu/libz.so.1.2.8
7f8121a10000-7f8121c0f000 ---p 00018000 08:06 8130658                    /lib/x86_64-linux-gnu/libz.so.1.2.8
7f8121c0f000-7f8121c10000 r--p 00017000 08:06 8130658                    /lib/x86_64-linux-gnu/libz.so.1.2.8
7f8121c10000-7f8121c11000 rw-p 00018000 08:06 8130658                    /lib/x86_64-linux-gnu/libz.so.1.2.8
7f8121c11000-7f8121c2a000 r-xp 00000000 08:06 8126564                    /lib/x86_64-linux-gnu/libpthread-2.19.so
7f8121c2a000-7f8121e29000 ---p 00019000 08:06 8126564                    /lib/x86_64-linux-gnu/libpthread-2.19.so
7f8121e29000-7f8121e2a000 r--p 00018000 08:06 8126564                    /lib/x86_64-linux-gnu/libpthread-2.19.so
7f8121e2a000-7f8121e2b000 rw-p 00019000 08:06 8126564                    /lib/x86_64-linux-gnu/libpthread-2.19.so
7f8121e2b000-7f8121e2f000 rw-p 00000000 00:00 0 
7f8121e2f000-7f8121e32000 r-xp 00000000 08:06 8126494                    /lib/x86_64-linux-gnu/libdl-2.19.so
7f8121e32000-7f8122031000 ---p 00003000 08:06 8126494                    /lib/x86_64-linux-gnu/libdl-2.19.so
7f8122031000-7f8122032000 r--p 00002000 08:06 8126494                    /lib/x86_64-linux-gnu/libdl-2.19.so
7f8122032000-7f8122033000 rw-p 00003000 08:06 8126494                    /lib/x86_64-linux-gnu/libdl-2.19.so
7f8122033000-7f81221ee000 r-xp 00000000 08:06 8126563                    /lib/x86_64-linux-gnu/libc-2.19.so
7f81221ee000-7f81223ed000 ---p 001bb000 08:06 8126563                    /lib/x86_64-linux-gnu/libc-2.19.so
7f81223ed000-7f81223f1000 r--p 001ba000 08:06 8126563                    /lib/x86_64-linux-gnu/libc-2.19.so
7f81223f1000-7f81223f3000 rw-p 001be000 08:06 8126563                    /lib/x86_64-linux-gnu/libc-2.19.so
7f81223f3000-7f81223f8000 rw-p 00000000 00:00 0 
7f81223f8000-7f8122405000 r-xp 00000000 08:06 1705730                    /usr/lib/jvm/java-7-openjdk-amd64/jre/lib/amd64/jli/libjli.so
7f8122405000-7f8122604000 ---p 0000d000 08:06 1705730                    /usr/lib/jvm/java-7-openjdk-amd64/jre/lib/amd64/jli/libjli.so
7f8122604000-7f8122605000 r--p 0000c000 08:06 1705730                    /usr/lib/jvm/java-7-openjdk-amd64/jre/lib/amd64/jli/libjli.so
7f8122605000-7f8122606000 rw-p 0000d000 08:06 1705730                    /usr/lib/jvm/java-7-openjdk-amd64/jre/lib/amd64/jli/libjli.so
7f8122606000-7f8122629000 r-xp 00000000 08:06 8126560                    /lib/x86_64-linux-gnu/ld-2.19.so
7f8122629000-7f812262a000 r--s 00002000 08:06 1578535                    /usr/lib/jvm/java-7-openjdk-amd64/jre/lib/ext/dnsns.jar
7f812262a000-7f8122655000 rw-p 00000000 00:00 0 
7f8122655000-7f812270b000 rw-p 00000000 00:00 0 
7f812270b000-7f812270e000 ---p 00000000 00:00 0 
7f812270e000-7f8122811000 rw-p 00000000 00:00 0                          [stack:20812]
7f8122811000-7f8122814000 r--s 0000f000 08:06 1578538                    /usr/lib/jvm/java-7-openjdk-amd64/jre/lib/ext/icedtea-sound.jar
7f8122814000-7f8122816000 r--s 00012000 08:06 1578539                    /usr/lib/jvm/java-7-openjdk-amd64/jre/lib/ext/zipfs.jar
7f8122816000-7f812281a000 r--s 00034000 08:06 1578536                    /usr/lib/jvm/java-7-openjdk-amd64/jre/lib/ext/sunjce_provider.jar
7f812281a000-7f812281c000 r--s 00006000 08:06 10103544                   /usr/share/java/java-atk-wrapper.jar
7f812281c000-7f8122824000 rw-s 00000000 08:06 4325424                    /tmp/hsperfdata_zax/20810
7f8122824000-7f8122825000 rw-p 00000000 00:00 0 
7f8122825000-7f8122826000 r--p 00000000 00:00 0 
7f8122826000-7f8122828000 rw-p 00000000 00:00 0 
7f8122828000-7f8122829000 r--p 00022000 08:06 8126560                    /lib/x86_64-linux-gnu/ld-2.19.so
7f8122829000-7f812282a000 rw-p 00023000 08:06 8126560                    /lib/x86_64-linux-gnu/ld-2.19.so
7f812282a000-7f812282b000 rw-p 00000000 00:00 0 
7ffc08ea8000-7ffc08ec9000 rw-p 00000000 00:00 0                          [stack]
7ffc08fcc000-7ffc08fce000 r-xp 00000000 00:00 0                          [vdso]
7ffc08fce000-7ffc08fd0000 r--p 00000000 00:00 0                          [vvar]
ffffffffff600000-ffffffffff601000 r-xp 00000000 00:00 0                  [vsyscall]

VM Arguments:
jvm_args: -Djava.security.policy=java.policy.applet -Dfile.encoding=UTF-8 
java_command: sun.applet.AppletViewer geoLocation.LifeExpectency1443407119828.html
Launcher Type: SUN_STANDARD

Environment Variables:
PATH=/home/zax/.rvm/gems/ruby-2.2.1/bin:/home/zax/.rvm/gems/ruby-2.2.1@global/bin:/home/zax/.rvm/rubies/ruby-2.2.1/bin:/usr/local/sbin:/usr/local/bin:/usr/sbin:/usr/bin:/sbin:/bin:/usr/games:/usr/local/games:/home/zax/.rvm/bin
SHELL=/bin/bash
DISPLAY=:0.0

Signal Handlers:
SIGSEGV: [libjvm.so+0x94bab0], sa_mask[0]=0x7ffbfeff, sa_flags=0x10000004
SIGBUS: [libjvm.so+0x94bab0], sa_mask[0]=0x7ffbfeff, sa_flags=0x10000004
SIGFPE: [libjvm.so+0x7c38b0], sa_mask[0]=0x7ffbfeff, sa_flags=0x10000004
SIGPIPE: [libjvm.so+0x7c38b0], sa_mask[0]=0x7ffbfeff, sa_flags=0x10000004
SIGXFSZ: [libjvm.so+0x7c38b0], sa_mask[0]=0x7ffbfeff, sa_flags=0x10000004
SIGILL: [libjvm.so+0x7c38b0], sa_mask[0]=0x7ffbfeff, sa_flags=0x10000004
SIGUSR1: SIG_DFL, sa_mask[0]=0x00000000, sa_flags=0x00000000
SIGUSR2: [libjvm.so+0x7c3750], sa_mask[0]=0x00000004, sa_flags=0x10000004
SIGHUP: [libjvm.so+0x7c3930], sa_mask[0]=0x7ffbfeff, sa_flags=0x10000004
SIGINT: [libjvm.so+0x7c3930], sa_mask[0]=0x7ffbfeff, sa_flags=0x10000004
SIGTERM: [libjvm.so+0x7c3930], sa_mask[0]=0x7ffbfeff, sa_flags=0x10000004
SIGQUIT: [libjvm.so+0x7c3930], sa_mask[0]=0x7ffbfeff, sa_flags=0x10000004
SIGTRAP: SIG_DFL, sa_mask[0]=0x00000000, sa_flags=0x00000000


---------------  S Y S T E M  ---------------

OS:Ubuntu 14.04 (trusty)
uname:Linux 3.16.0-49-generic #65~14.04.1-Ubuntu SMP Wed Sep 9 10:03:23 UTC 2015 x86_64
libc:glibc 2.19 NPTL 2.19 
rlimit: STACK 8192k, CORE 0k, NPROC 31248, NOFILE 4096, AS infinity
load average:0.10 0.13 0.20

/proc/meminfo:
MemTotal:        8098904 kB
MemFree:         2113872 kB
MemAvailable:    4858840 kB
Buffers:          368460 kB
Cached:          2974912 kB
SwapCached:            0 kB
Active:          4414580 kB
Inactive:        1168020 kB
Active(anon):    2245816 kB
Inactive(anon):   578216 kB
Active(file):    2168764 kB
Inactive(file):   589804 kB
Unevictable:          32 kB
Mlocked:              32 kB
SwapTotal:       8310780 kB
SwapFree:        8310780 kB
Dirty:                56 kB
Writeback:             0 kB
AnonPages:       2239408 kB
Mapped:           434416 kB
Shmem:            584804 kB
Slab:             276104 kB
SReclaimable:     239804 kB
SUnreclaim:        36300 kB
KernelStack:        8880 kB
PageTables:        31568 kB
NFS_Unstable:          0 kB
Bounce:                0 kB
WritebackTmp:          0 kB
CommitLimit:    12360232 kB
Committed_AS:    6769220 kB
VmallocTotal:   34359738367 kB
VmallocUsed:      558624 kB
VmallocChunk:   34359094256 kB
HardwareCorrupted:     0 kB
AnonHugePages:    911360 kB
HugePages_Total:       0
HugePages_Free:        0
HugePages_Rsvd:        0
HugePages_Surp:        0
Hugepagesize:       2048 kB
DirectMap4k:       60160 kB
DirectMap2M:     3008512 kB
DirectMap1G:     5242880 kB


CPU:total 4 (2 cores per cpu, 2 threads per core) family 6 model 69 stepping 1, cmov, cx8, fxsr, mmx, sse, sse2, sse3, ssse3, sse4.1, sse4.2, popcnt, avx, avx2, aes, erms, ht, tsc, tscinvbit

/proc/cpuinfo:
processor	: 0
vendor_id	: GenuineIntel
cpu family	: 6
model		: 69
model name	: Intel(R) Core(TM) i5-4210U CPU @ 1.70GHz
stepping	: 1
microcode	: 0x1c
cpu MHz		: 799.968
cache size	: 3072 KB
physical id	: 0
siblings	: 4
core id		: 0
cpu cores	: 2
apicid		: 0
initial apicid	: 0
fpu		: yes
fpu_exception	: yes
cpuid level	: 13
wp		: yes
flags		: fpu vme de pse tsc msr pae mce cx8 apic sep mtrr pge mca cmov pat pse36 clflush dts acpi mmx fxsr sse sse2 ss ht tm pbe syscall nx pdpe1gb rdtscp lm constant_tsc arch_perfmon pebs bts rep_good nopl xtopology nonstop_tsc aperfmperf eagerfpu pni pclmulqdq dtes64 monitor ds_cpl vmx est tm2 ssse3 fma cx16 xtpr pdcm pcid sse4_1 sse4_2 movbe popcnt tsc_deadline_timer aes xsave avx f16c rdrand lahf_lm abm ida arat epb xsaveopt pln pts dtherm tpr_shadow vnmi flexpriority ept vpid fsgsbase tsc_adjust bmi1 avx2 smep bmi2 erms invpcid
bogomips	: 4788.91
clflush size	: 64
cache_alignment	: 64
address sizes	: 39 bits physical, 48 bits virtual
power management:

processor	: 1
vendor_id	: GenuineIntel
cpu family	: 6
model		: 69
model name	: Intel(R) Core(TM) i5-4210U CPU @ 1.70GHz
stepping	: 1
microcode	: 0x1c
cpu MHz		: 805.500
cache size	: 3072 KB
physical id	: 0
siblings	: 4
core id		: 0
cpu cores	: 2
apicid		: 1
initial apicid	: 1
fpu		: yes
fpu_exception	: yes
cpuid level	: 13
wp		: yes
flags		: fpu vme de pse tsc msr pae mce cx8 apic sep mtrr pge mca cmov pat pse36 clflush dts acpi mmx fxsr sse sse2 ss ht tm pbe syscall nx pdpe1gb rdtscp lm constant_tsc arch_perfmon pebs bts rep_good nopl xtopology nonstop_tsc aperfmperf eagerfpu pni pclmulqdq dtes64 monitor ds_cpl vmx est tm2 ssse3 fma cx16 xtpr pdcm pcid sse4_1 sse4_2 movbe popcnt tsc_deadline_timer aes xsave avx f16c rdrand lahf_lm abm ida arat epb xsaveopt pln pts dtherm tpr_shadow vnmi flexpriority ept vpid fsgsbase tsc_adjust bmi1 avx2 smep bmi2 erms invpcid
bogomips	: 4788.91
clflush size	: 64
cache_alignment	: 64
address sizes	: 39 bits physical, 48 bits virtual
power management:

processor	: 2
vendor_id	: GenuineIntel
cpu family	: 6
model		: 69
model name	: Intel(R) Core(TM) i5-4210U CPU @ 1.70GHz
stepping	: 1
microcode	: 0x1c
cpu MHz		: 800.250
cache size	: 3072 KB
physical id	: 0
siblings	: 4
core id		: 1
cpu cores	: 2
apicid		: 2
initial apicid	: 2
fpu		: yes
fpu_exception	: yes
cpuid level	: 13
wp		: yes
flags		: fpu vme de pse tsc msr pae mce cx8 apic sep mtrr pge mca cmov pat pse36 clflush dts acpi mmx fxsr sse sse2 ss ht tm pbe syscall nx pdpe1gb rdtscp lm constant_tsc arch_perfmon pebs bts rep_good nopl xtopology nonstop_tsc aperfmperf eagerfpu pni pclmulqdq dtes64 monitor ds_cpl vmx est tm2 ssse3 fma cx16 xtpr pdcm pcid sse4_1 sse4_2 movbe popcnt tsc_deadline_timer aes xsave avx f16c rdrand lahf_lm abm ida arat epb xsaveopt pln pts dtherm tpr_shadow vnmi flexpriority ept vpid fsgsbase tsc_adjust bmi1 avx2 smep bmi2 erms invpcid
bogomips	: 4788.91
clflush size	: 64
cache_alignment	: 64
address sizes	: 39 bits physical, 48 bits virtual
power management:

processor	: 3
vendor_id	: GenuineIntel
cpu family	: 6
model		: 69
model name	: Intel(R) Core(TM) i5-4210U CPU @ 1.70GHz
stepping	: 1
microcode	: 0x1c
cpu MHz		: 834.000
cache size	: 3072 KB
physical id	: 0
siblings	: 4
core id		: 1
cpu cores	: 2
apicid		: 3
initial apicid	: 3
fpu		: yes
fpu_exception	: yes
cpuid level	: 13
wp		: yes
flags		: fpu vme de pse tsc msr pae mce cx8 apic sep mtrr pge mca cmov pat pse36 clflush dts acpi mmx fxsr sse sse2 ss ht tm pbe syscall nx pdpe1gb rdtscp lm constant_tsc arch_perfmon pebs bts rep_good nopl xtopology nonstop_tsc aperfmperf eagerfpu pni pclmulqdq dtes64 monitor ds_cpl vmx est tm2 ssse3 fma cx16 xtpr pdcm pcid sse4_1 sse4_2 movbe popcnt tsc_deadline_timer aes xsave avx f16c rdrand lahf_lm abm ida arat epb xsaveopt pln pts dtherm tpr_shadow vnmi flexpriority ept vpid fsgsbase tsc_adjust bmi1 avx2 smep bmi2 erms invpcid
bogomips	: 4788.91
clflush size	: 64
cache_alignment	: 64
address sizes	: 39 bits physical, 48 bits virtual
power management:



Memory: 4k page, physical 8098904k(2113872k free), swap 8310780k(8310780k free)

vm_info: OpenJDK 64-Bit Server VM (24.79-b02) for linux-amd64 JRE (1.7.0_79-b14), built on Jul 24 2015 08:15:54 by "buildd" with gcc 4.8.2

time: Sun Sep 27 19:25:59 2015
elapsed time: 39 seconds

