#
# A fatal error has been detected by the Java Runtime Environment:
#
#  SIGSEGV (0xb) at pc=0x00007eff35aa0b28, pid=20310, tid=139635311052544
#
# JRE version: OpenJDK Runtime Environment (7.0_79-b14) (build 1.7.0_79-b14)
# Java VM: OpenJDK 64-Bit Server VM (24.79-b02 mixed mode linux-amd64 compressed oops)
# Derivative: IcedTea 2.5.6
# Distribution: Ubuntu 14.04 LTS, package 7u79-2.5.6-0ubuntu1.14.04.1
# Problematic frame:
# C  [i965_dri.so+0x2f2b28]
#
# Failed to write core dump. Core dumps have been disabled. To enable core dumping, try "ulimit -c unlimited" before starting Java again
#
# If you would like to submit a bug report, please include
# instructions on how to reproduce the bug and visit:
#   http://icedtea.classpath.org/bugzilla
# The crash happened outside the Java Virtual Machine in native code.
# See problematic frame for where to report the bug.
#

---------------  T H R E A D  ---------------

Current thread (0x00007eff58008000):  JavaThread "AWT-EventQueue-1" [_thread_in_native, id=20336, stack(0x00007eff610d0000,0x00007eff611d1000)]

siginfo:si_signo=SIGSEGV: si_errno=0, si_code=1 (SEGV_MAPERR), si_addr=0x0000000100000000

Registers:
RAX=0x00007eff35aa0b20, RBX=0x00007eff44fc2ea0, RCX=0x0000000000000000, RDX=0x0000000000000001
RSP=0x00007eff611ce760, RBP=0x00007eff48803670, RSI=0x00007eff44fc2f80, RDI=0x0000000100000000
R8 =0x0000000000000000, R9 =0x00007eff6026e9c0, R10=0x00007eff9d012d6c, R11=0x00007effa7cd12f0
R12=0x00007eff487e6460, R13=0x0000000000000000, R14=0x00007eff48803780, R15=0x0000000000000000
RIP=0x00007eff35aa0b28, EFLAGS=0x0000000000010206, CSGSFS=0x0000000000000033, ERR=0x0000000000000004
  TRAPNO=0x000000000000000e

Top of Stack: (sp=0x00007eff611ce760)
0x00007eff611ce760:   00007eff611ce850 0000000000000000
0x00007eff611ce770:   00007eff44fc2ea0 00007eff48803670
0x00007eff611ce780:   00007eff487e6460 00007eff6026ea4e
0x00007eff611ce790:   00007eff611ce7c8 00007eff604b9640
0x00007eff611ce7a0:   00007eff4879eda0 00007eff00000000
0x00007eff611ce7b0:   0000000000000000 0000000000000000
0x00007eff611ce7c0:   00007eff611ce820 00007eff44fc2ea0
0x00007eff611ce7d0:   000000000400002f 000000077b035958
0x00007eff611ce7e0:   00007eff611ce850 0000000000000000
0x00007eff611ce7f0:   000000077b035958 00007eff611ce920
0x00007eff611ce800:   00007eff58008000 00007eff3abab849
0x00007eff611ce810:   0000000000000000 00007eff602479b0
0x00007eff611ce820:   000000000400002f 00007eff4879eda0
0x00007eff611ce830:   00007eff611ce8e8 00007eff580081d8
0x00007eff611ce840:   00000007d7303620 00007eff602479b0
0x00007eff611ce850:   00007eff611ce8d8 00007eff9d012d98
0x00007eff611ce860:   000000077b170130 0000000000000000
0x00007eff611ce870:   000000077b16f510 0000000000000000
0x00007eff611ce880:   00007eff611ce898 00007eff611ce8e8
0x00007eff611ce890:   00007eff611ce890 00007eff611ce898
0x00007eff611ce8a0:   0000000000000000 00007eff611ce920
0x00007eff611ce8b0:   000000077b0378d0 0000000000000000
0x00007eff611ce8c0:   000000077b035958 0000000000000000
0x00007eff611ce8d0:   00007eff611ce8f8 00007eff611ce968
0x00007eff611ce8e0:   00007eff9d006058 00000007d8dac228
0x00007eff611ce8f0:   00007eff9d00ecd8 00007eff602479b0
0x00007eff611ce900:   000000077b048f50 000000000400002f
0x00007eff611ce910:   000000077b01a310 00007eff4879eda0
0x00007eff611ce920:   00000007d8dac550 00007eff611ce928
0x00007eff611ce930:   000000077b035889 00007eff611ce9a0
0x00007eff611ce940:   000000077b0378d0 0000000000000000
0x00007eff611ce950:   000000077b035898 00007eff611ce8f8 

Instructions: (pc=0x00007eff35aa0b28)
0x00007eff35aa0b08:   0f 1f 84 00 00 00 00 00 48 83 c4 10 5b 5d 41 5c
0x00007eff35aa0b18:   c3 0f 1f 80 00 00 00 00 41 54 55 53 48 83 ec 10
0x00007eff35aa0b28:   48 8b 1f 48 85 db 74 3d f6 83 40 05 00 00 01 49
0x00007eff35aa0b38:   89 f4 89 cd 75 72 83 e2 01 75 5d 83 e5 fd 74 38 

Register to memory mapping:

RAX=0x00007eff35aa0b20: <offset 0x2f2b20> in /usr/lib/x86_64-linux-gnu/dri/i965_dri.so at 0x00007eff357ae000
RBX=0x00007eff44fc2ea0 is an unknown value
RCX=0x0000000000000000 is an unknown value
RDX=0x0000000000000001 is an unknown value
RSP=0x00007eff611ce760 is pointing into the stack for thread: 0x00007eff58008000
RBP=0x00007eff48803670 is an unknown value
RSI=0x00007eff44fc2f80 is an unknown value
RDI=0x0000000100000000 is an unknown value
R8 =0x0000000000000000 is an unknown value
R9 =0x00007eff6026e9c0: <offset 0x439c0> in /usr/lib/x86_64-linux-gnu/mesa/libGL.so.1 at 0x00007eff6022b000
R10=0x00007eff9d012d6c is at code_begin+620 in an Interpreter codelet
method entry point (kind = native)  [0x00007eff9d012b00, 0x00007eff9d013360]  2144 bytes
R11=0x00007effa7cd12f0: <offset 0x85d2f0> in /usr/lib/jvm/java-7-openjdk-amd64/jre/lib/amd64/server/libjvm.so at 0x00007effa7474000
R12=0x00007eff487e6460 is an unknown value
R13=0x0000000000000000 is an unknown value
R14=0x00007eff48803780 is an unknown value
R15=0x0000000000000000 is an unknown value


Stack: [0x00007eff610d0000,0x00007eff611d1000],  sp=0x00007eff611ce760,  free space=1017k
Native frames: (J=compiled Java code, j=interpreted, Vv=VM code, C=native code)
C  [i965_dri.so+0x2f2b28]

Java frames: (J=compiled Java code, j=interpreted, Vv=VM code)
j  jogamp.opengl.x11.glx.GLX.dispatch_glXSwapBuffers0(JJJ)V+0
j  jogamp.opengl.x11.glx.GLX.glXSwapBuffers(JJ)V+41
j  jogamp.opengl.x11.glx.X11GLXDrawable.swapBuffersImpl(Z)V+17
j  jogamp.opengl.GLDrawableImpl.swapBuffers()V+67
j  javax.media.opengl.awt.GLCanvas$12.run()V+45
j  java.awt.event.InvocationEvent.dispatch()V+11
j  java.awt.EventQueue.dispatchEventImpl(Ljava/awt/AWTEvent;Ljava/lang/Object;)V+21
j  java.awt.EventQueue.access$300(Ljava/awt/EventQueue;Ljava/awt/AWTEvent;Ljava/lang/Object;)V+3
j  java.awt.EventQueue$3.run()Ljava/lang/Void;+12
j  java.awt.EventQueue$3.run()Ljava/lang/Object;+1
v  ~StubRoutines::call_stub
j  java.security.AccessController.doPrivileged(Ljava/security/PrivilegedAction;Ljava/security/AccessControlContext;)Ljava/lang/Object;+0
j  java.security.ProtectionDomain$1.doIntersectionPrivilege(Ljava/security/PrivilegedAction;Ljava/security/AccessControlContext;Ljava/security/AccessControlContext;)Ljava/lang/Object;+28
j  java.awt.EventQueue.dispatchEvent(Ljava/awt/AWTEvent;)V+46
j  java.awt.EventDispatchThread.pumpOneEventForFilters(I)V+245
j  java.awt.EventDispatchThread.pumpEventsForFilter(ILjava/awt/Conditional;Ljava/awt/EventFilter;)V+35
j  java.awt.EventDispatchThread.pumpEventsForHierarchy(ILjava/awt/Conditional;Ljava/awt/Component;)V+11
j  java.awt.EventDispatchThread.pumpEvents(ILjava/awt/Conditional;)V+4
j  java.awt.EventDispatchThread.pumpEvents(Ljava/awt/Conditional;)V+3
j  java.awt.EventDispatchThread.run()V+9
v  ~StubRoutines::call_stub

---------------  P R O C E S S  ---------------

Java Threads: ( => current thread )
  0x00007eff45510800 JavaThread "Thread-3" [_thread_blocked, id=20350, stack(0x00007eff60fcf000,0x00007eff610d0000)]
  0x00007eff48185000 JavaThread "Animation Thread-SharedResourceRunner" daemon [_thread_blocked, id=20348, stack(0x00007eff60ece000,0x00007eff60fcf000)]
  0x00007eff4807f000 JavaThread "process reaper" daemon [_thread_blocked, id=20343, stack(0x00007eff98003000,0x00007eff9803c000)]
=>0x00007eff58008000 JavaThread "AWT-EventQueue-1" [_thread_in_native, id=20336, stack(0x00007eff610d0000,0x00007eff611d1000)]
  0x00007effa000a800 JavaThread "DestroyJavaVM" [_thread_blocked, id=20311, stack(0x00007effa8f8b000,0x00007effa908c000)]
  0x00007effa0281800 JavaThread "AWT-EventQueue-0" [_thread_blocked, id=20334, stack(0x00007eff61638000,0x00007eff61739000)]
  0x00007effa027d800 JavaThread "AWT-Shutdown" [_thread_blocked, id=20333, stack(0x00007eff61739000,0x00007eff6183a000)]
  0x00007effa0277000 JavaThread "thread applet-module3.EarthquakeCityMap.class" [_thread_blocked, id=20332, stack(0x00007eff6183a000,0x00007eff6193b000)]
  0x00007effa0267000 JavaThread "AWT-XAWT" daemon [_thread_in_native, id=20330, stack(0x00007eff6193b000,0x00007eff61a3c000)]
  0x00007effa0242000 JavaThread "Java2D Disposer" daemon [_thread_blocked, id=20329, stack(0x00007eff61e4c000,0x00007eff61f4d000)]
  0x00007effa00ae800 JavaThread "Service Thread" daemon [_thread_blocked, id=20327, stack(0x00007eff7b81d000,0x00007eff7b91e000)]
  0x00007effa00ac800 JavaThread "C2 CompilerThread1" daemon [_thread_blocked, id=20326, stack(0x00007eff980b2000,0x00007eff981b3000)]
  0x00007effa00a9800 JavaThread "C2 CompilerThread0" daemon [_thread_blocked, id=20325, stack(0x00007eff981b3000,0x00007eff982b4000)]
  0x00007effa00a7000 JavaThread "Signal Dispatcher" daemon [_thread_blocked, id=20324, stack(0x00007eff982b4000,0x00007eff983b5000)]
  0x00007effa007c000 JavaThread "Finalizer" daemon [_thread_blocked, id=20323, stack(0x00007eff983b5000,0x00007eff984b6000)]
  0x00007effa007a000 JavaThread "Reference Handler" daemon [_thread_blocked, id=20322, stack(0x00007eff984b6000,0x00007eff985b7000)]

Other Threads:
  0x00007effa0075800 VMThread [stack: 0x00007eff985b7000,0x00007eff986b8000] [id=20321]
  0x00007effa00b9000 WatcherThread [stack: 0x00007eff7b71c000,0x00007eff7b81d000] [id=20328]

VM state:not at safepoint (normal execution)

VM Mutex/Monitor currently owned by a thread: None

Heap
 PSYoungGen      total 37376K, used 12239K [0x00000007d6c80000, 0x00000007db580000, 0x0000000800000000)
  eden space 32256K, 22% used [0x00000007d6c80000,0x00000007d7379e78,0x00000007d8c00000)
  from space 5120K, 99% used [0x00000007d8c00000,0x00000007d90f9f50,0x00000007d9100000)
  to   space 5120K, 0% used [0x00000007db080000,0x00000007db080000,0x00000007db580000)
 ParOldGen       total 83968K, used 1412K [0x0000000784600000, 0x0000000789800000, 0x00000007d6c80000)
  object space 83968K, 1% used [0x0000000784600000,0x0000000784761368,0x0000000789800000)
 PSPermGen       total 21504K, used 19513K [0x000000077a000000, 0x000000077b500000, 0x0000000784600000)
  object space 21504K, 90% used [0x000000077a000000,0x000000077b30e7c8,0x000000077b500000)

Card table byte_map: [0x00007effa5797000,0x00007effa5bc8000] byte_map_base: 0x00007effa1bc7000

Polling page: 0x00007effa90a5000

Code Cache  [0x00007eff9d000000, 0x00007eff9d270000, 0x00007effa0000000)
 total_blobs=960 nmethods=65 adapters=848 free_code_cache=48266Kb largest_free_block=49401024

Compilation events (10 events):
Event: 7.393 Thread 0x00007effa00ac800 nmethod 60 0x00007eff9d0dc390 code [0x00007eff9d0dc4c0, 0x00007eff9d0dc518]
Event: 7.406 Thread 0x00007effa00a9800   61             sun.util.logging.PlatformLogger$DefaultLoggerProxy::isLoggable (29 bytes)
Event: 7.409 Thread 0x00007effa00a9800 nmethod 61 0x00007eff9d0dc010 code [0x00007eff9d0dc160, 0x00007eff9d0dc258]
Event: 8.856 Thread 0x00007effa00ac800   62             java.util.concurrent.locks.AbstractOwnableSynchronizer::getExclusiveOwnerThread (5 bytes)
Event: 8.857 Thread 0x00007effa00ac800 nmethod 62 0x00007eff9d0e0290 code [0x00007eff9d0e03c0, 0x00007eff9d0e0438]
Event: 9.112 Thread 0x00007effa00a9800   63             java.util.concurrent.locks.AbstractOwnableSynchronizer::setExclusiveOwnerThread (6 bytes)
Event: 9.113 Thread 0x00007effa00a9800 nmethod 63 0x00007eff9d0e0090 code [0x00007eff9d0e01c0, 0x00007eff9d0e0238]
Event: 9.119 Thread 0x00007effa00ac800   64             sun.util.logging.PlatformLogger$DefaultLoggerProxy::doLog (22 bytes)
Event: 9.122 Thread 0x00007effa00ac800 nmethod 64 0x00007eff9d0dfb90 code [0x00007eff9d0dfd00, 0x00007eff9d0dfe78]
Event: 10.338 Thread 0x00007effa00a9800   65             sun.util.logging.PlatformLogger::finest (12 bytes)

GC Heap History (2 events):
Event: 0.993 GC heap before
{Heap before GC invocations=1 (full 0):
 PSYoungGen      total 37376K, used 32256K [0x00000007d6c80000, 0x00000007d9600000, 0x0000000800000000)
  eden space 32256K, 100% used [0x00000007d6c80000,0x00000007d8c00000,0x00000007d8c00000)
  from space 5120K, 0% used [0x00000007d9100000,0x00000007d9100000,0x00000007d9600000)
  to   space 5120K, 0% used [0x00000007d8c00000,0x00000007d8c00000,0x00000007d9100000)
 ParOldGen       total 83968K, used 0K [0x0000000784600000, 0x0000000789800000, 0x00000007d6c80000)
  object space 83968K, 0% used [0x0000000784600000,0x0000000784600000,0x0000000789800000)
 PSPermGen       total 21504K, used 17389K [0x000000077a000000, 0x000000077b500000, 0x0000000784600000)
  object space 21504K, 80% used [0x000000077a000000,0x000000077b0fb6a0,0x000000077b500000)
Event: 1.009 GC heap after
Heap after GC invocations=1 (full 0):
 PSYoungGen      total 37376K, used 5095K [0x00000007d6c80000, 0x00000007db580000, 0x0000000800000000)
  eden space 32256K, 0% used [0x00000007d6c80000,0x00000007d6c80000,0x00000007d8c00000)
  from space 5120K, 99% used [0x00000007d8c00000,0x00000007d90f9f50,0x00000007d9100000)
  to   space 5120K, 0% used [0x00000007db080000,0x00000007db080000,0x00000007db580000)
 ParOldGen       total 83968K, used 1412K [0x0000000784600000, 0x0000000789800000, 0x00000007d6c80000)
  object space 83968K, 1% used [0x0000000784600000,0x0000000784761368,0x0000000789800000)
 PSPermGen       total 21504K, used 17389K [0x000000077a000000, 0x000000077b500000, 0x0000000784600000)
  object space 21504K, 80% used [0x000000077a000000,0x000000077b0fb6a0,0x000000077b500000)
}

Deoptimization events (8 events):
Event: 0.240 Thread 0x00007effa000a800 Uncommon trap: reason=class_check action=maybe_recompile pc=0x00007eff9d065a04 method=java.util.Properties$LineReader.readLine()I @ 62
Event: 0.240 Thread 0x00007effa000a800 Uncommon trap: reason=class_check action=maybe_recompile pc=0x00007eff9d065a04 method=java.util.Properties$LineReader.readLine()I @ 62
Event: 0.242 Thread 0x00007effa000a800 Uncommon trap: reason=class_check action=maybe_recompile pc=0x00007eff9d065a04 method=java.util.Properties$LineReader.readLine()I @ 62
Event: 0.242 Thread 0x00007effa000a800 Uncommon trap: reason=class_check action=maybe_recompile pc=0x00007eff9d065a04 method=java.util.Properties$LineReader.readLine()I @ 62
Event: 0.262 Thread 0x00007effa000a800 Uncommon trap: reason=class_check action=maybe_recompile pc=0x00007eff9d07ff84 method=java.util.Properties$LineReader.readLine()I @ 402
Event: 0.981 Thread 0x00007eff48185000 Uncommon trap: reason=unreached action=reinterpret pc=0x00007eff9d0ce2e4 method=java.lang.Class.searchFields([Ljava/lang/reflect/Field;Ljava/lang/String;)Ljava/lang/reflect/Field; @ 20
Event: 1.177 Thread 0x00007eff58008000 Uncommon trap: reason=unreached action=reinterpret pc=0x00007eff9d0d5058 method=com.jogamp.common.util.IntIntHashMap.get(I)I @ 19
Event: 1.193 Thread 0x00007eff58008000 Uncommon trap: reason=unreached action=reinterpret pc=0x00007eff9d084574 method=java.lang.AbstractStringBuilder.append(Ljava/lang/String;)Ljava/lang/AbstractStringBuilder; @ 1

Internal exceptions (10 events):
Event: 1.209 Thread 0x00007eff58008000 Threw 0x00000007d72ba2b0 at /build/openjdk-7-FO0dNI/openjdk-7-7u79-2.5.6/build/openjdk/hotspot/src/share/vm/prims/jni.cpp:721
Event: 1.209 Thread 0x00007eff58008000 Threw 0x00000007d72bb278 at /build/openjdk-7-FO0dNI/openjdk-7-7u79-2.5.6/build/openjdk/hotspot/src/share/vm/prims/jni.cpp:721
Event: 1.209 Thread 0x00007eff58008000 Threw 0x00000007d72bbea8 at /build/openjdk-7-FO0dNI/openjdk-7-7u79-2.5.6/build/openjdk/hotspot/src/share/vm/prims/jni.cpp:721
Event: 1.209 Thread 0x00007eff58008000 Threw 0x00000007d72bc810 at /build/openjdk-7-FO0dNI/openjdk-7-7u79-2.5.6/build/openjdk/hotspot/src/share/vm/prims/jni.cpp:721
Event: 1.209 Thread 0x00007eff58008000 Threw 0x00000007d72bd168 at /build/openjdk-7-FO0dNI/openjdk-7-7u79-2.5.6/build/openjdk/hotspot/src/share/vm/prims/jni.cpp:721
Event: 1.210 Thread 0x00007eff58008000 Threw 0x00000007d72c33c0 at /build/openjdk-7-FO0dNI/openjdk-7-7u79-2.5.6/build/openjdk/hotspot/src/share/vm/prims/jni.cpp:721
Event: 1.226 Thread 0x00007eff58008000 Threw 0x00000007d72e33a8 at /build/openjdk-7-FO0dNI/openjdk-7-7u79-2.5.6/build/openjdk/hotspot/src/share/vm/interpreter/linkResolver.cpp:895
Event: 1.228 Thread 0x00007eff58008000 Threw 0x00000007d72f1748 at /build/openjdk-7-FO0dNI/openjdk-7-7u79-2.5.6/build/openjdk/hotspot/src/share/vm/interpreter/linkResolver.cpp:895
Event: 1.240 Thread 0x00007eff58008000 Threw 0x00000007d72f1ac8 at /build/openjdk-7-FO0dNI/openjdk-7-7u79-2.5.6/build/openjdk/hotspot/src/share/vm/runtime/reflection.cpp:1030
Event: 10.339 Thread 0x00007eff58008000 Threw 0x00000007d7303350 at /build/openjdk-7-FO0dNI/openjdk-7-7u79-2.5.6/build/openjdk/hotspot/src/share/vm/runtime/reflection.cpp:1030

Events (10 events):
Event: 4.376 loading class 0x00007effa012f4b0 done
Event: 4.376 loading class 0x00007effa00c93f0
Event: 4.377 loading class 0x00007effa00c93f0 done
Event: 8.308 loading class 0x00007effa01e00c0
Event: 8.309 loading class 0x00007effa01e00c0 done
Event: 10.336 loading class 0x00007effa00b1ee0
Event: 10.336 loading class 0x00007effa00b1ee0 done
Event: 10.336 Thread 0x00007eff45510800 Thread added: 0x00007eff45510800
Event: 10.336 loading class 0x00007eff6c02f270
Event: 10.336 loading class 0x00007eff6c02f270 done


Dynamic libraries:
00400000-00401000 r-xp 00000000 08:06 1705803                            /usr/lib/jvm/java-7-openjdk-amd64/jre/bin/java
00600000-00601000 r--p 00000000 08:06 1705803                            /usr/lib/jvm/java-7-openjdk-amd64/jre/bin/java
00601000-00602000 rw-p 00001000 08:06 1705803                            /usr/lib/jvm/java-7-openjdk-amd64/jre/bin/java
007b5000-007d6000 rw-p 00000000 00:00 0                                  [heap]
77a000000-77b500000 rw-p 00000000 00:00 0 
77b500000-784600000 rw-p 00000000 00:00 0 
784600000-789800000 rw-p 00000000 00:00 0 
789800000-7d6c80000 rw-p 00000000 00:00 0 
7d6c80000-7db580000 rw-p 00000000 00:00 0 
7db580000-800000000 rw-p 00000000 00:00 0 
7eff34909000-7eff349a9000 rw-s 11aa85000 00:05 10956                     /dev/dri/card0
7eff349a9000-7eff34c29000 rw-s 00000000 00:04 374195                     /drm mm object (deleted)
7eff34c29000-7eff34ea9000 rw-s 00000000 00:04 374194                     /drm mm object (deleted)
7eff34ea9000-7eff34f49000 rw-s 11a9e5000 00:05 10956                     /dev/dri/card0
7eff34f49000-7eff34f4b000 r-xp 00000000 08:06 9707382                    /usr/lib/x86_64-linux-gnu/libXinerama.so.1.0.0
7eff34f4b000-7eff3514a000 ---p 00002000 08:06 9707382                    /usr/lib/x86_64-linux-gnu/libXinerama.so.1.0.0
7eff3514a000-7eff3514b000 r--p 00001000 08:06 9707382                    /usr/lib/x86_64-linux-gnu/libXinerama.so.1.0.0
7eff3514b000-7eff3514c000 rw-p 00002000 08:06 9707382                    /usr/lib/x86_64-linux-gnu/libXinerama.so.1.0.0
7eff3514c000-7eff35183000 r-xp 00000000 08:06 9708305                    /usr/lib/x86_64-linux-gnu/libtxc_dxtn_s2tc.so.0.0.0
7eff35183000-7eff35382000 ---p 00037000 08:06 9708305                    /usr/lib/x86_64-linux-gnu/libtxc_dxtn_s2tc.so.0.0.0
7eff35382000-7eff35383000 r--p 00036000 08:06 9708305                    /usr/lib/x86_64-linux-gnu/libtxc_dxtn_s2tc.so.0.0.0
7eff35383000-7eff35384000 rw-p 00037000 08:06 9708305                    /usr/lib/x86_64-linux-gnu/libtxc_dxtn_s2tc.so.0.0.0
7eff35384000-7eff3538c000 r-xp 00000000 08:06 9708110                    /usr/lib/x86_64-linux-gnu/libpciaccess.so.0.11.1
7eff3538c000-7eff3558b000 ---p 00008000 08:06 9708110                    /usr/lib/x86_64-linux-gnu/libpciaccess.so.0.11.1
7eff3558b000-7eff3558c000 r--p 00007000 08:06 9708110                    /usr/lib/x86_64-linux-gnu/libpciaccess.so.0.11.1
7eff3558c000-7eff3558d000 rw-p 00008000 08:06 9708110                    /usr/lib/x86_64-linux-gnu/libpciaccess.so.0.11.1
7eff3558d000-7eff355ad000 r-xp 00000000 08:06 9700253                    /usr/lib/x86_64-linux-gnu/libdrm_intel.so.1.0.0
7eff355ad000-7eff357ac000 ---p 00020000 08:06 9700253                    /usr/lib/x86_64-linux-gnu/libdrm_intel.so.1.0.0
7eff357ac000-7eff357ad000 r--p 0001f000 08:06 9700253                    /usr/lib/x86_64-linux-gnu/libdrm_intel.so.1.0.0
7eff357ad000-7eff357ae000 rw-p 00020000 08:06 9700253                    /usr/lib/x86_64-linux-gnu/libdrm_intel.so.1.0.0
7eff357ae000-7eff35cb6000 r-xp 00000000 08:06 10092889                   /usr/lib/x86_64-linux-gnu/dri/i965_dri.so
7eff35cb6000-7eff35eb5000 ---p 00508000 08:06 10092889                   /usr/lib/x86_64-linux-gnu/dri/i965_dri.so
7eff35eb5000-7eff35ecf000 r--p 00507000 08:06 10092889                   /usr/lib/x86_64-linux-gnu/dri/i965_dri.so
7eff35ecf000-7eff35ed5000 rw-p 00521000 08:06 10092889                   /usr/lib/x86_64-linux-gnu/dri/i965_dri.so
7eff35ed5000-7eff35ee0000 rw-p 00000000 00:00 0 
7eff35ee0000-7eff35ee8000 r-xp 00000000 08:06 8130557                    /lib/x86_64-linux-gnu/libnih-dbus.so.1.0.0
7eff35ee8000-7eff360e8000 ---p 00008000 08:06 8130557                    /lib/x86_64-linux-gnu/libnih-dbus.so.1.0.0
7eff360e8000-7eff360e9000 r--p 00008000 08:06 8130557                    /lib/x86_64-linux-gnu/libnih-dbus.so.1.0.0
7eff360e9000-7eff360ea000 rw-p 00009000 08:06 8130557                    /lib/x86_64-linux-gnu/libnih-dbus.so.1.0.0
7eff360ea000-7eff36101000 r-xp 00000000 08:06 8130559                    /lib/x86_64-linux-gnu/libnih.so.1.0.0
7eff36101000-7eff36300000 ---p 00017000 08:06 8130559                    /lib/x86_64-linux-gnu/libnih.so.1.0.0
7eff36300000-7eff36301000 r--p 00016000 08:06 8130559                    /lib/x86_64-linux-gnu/libnih.so.1.0.0
7eff36301000-7eff36302000 rw-p 00017000 08:06 8130559                    /lib/x86_64-linux-gnu/libnih.so.1.0.0
7eff36302000-7eff3631b000 r-xp 00000000 08:06 8130500                    /lib/x86_64-linux-gnu/libcgmanager.so.0.0.0
7eff3631b000-7eff3651a000 ---p 00019000 08:06 8130500                    /lib/x86_64-linux-gnu/libcgmanager.so.0.0.0
7eff3651a000-7eff3651c000 r--p 00018000 08:06 8130500                    /lib/x86_64-linux-gnu/libcgmanager.so.0.0.0
7eff3651c000-7eff3651d000 rw-p 0001a000 08:06 8130500                    /lib/x86_64-linux-gnu/libcgmanager.so.0.0.0
7eff3651d000-7eff3652d000 r-xp 00000000 08:06 8130597                    /lib/x86_64-linux-gnu/libudev.so.1.3.5
7eff3652d000-7eff3672c000 ---p 00010000 08:06 8130597                    /lib/x86_64-linux-gnu/libudev.so.1.3.5
7eff3672c000-7eff3672d000 r--p 0000f000 08:06 8130597                    /lib/x86_64-linux-gnu/libudev.so.1.3.5
7eff3672d000-7eff3672e000 rw-p 00010000 08:06 8130597                    /lib/x86_64-linux-gnu/libudev.so.1.3.5
7eff3672e000-7eff36753000 r-xp 00000000 08:06 8130641                    /lib/x86_64-linux-gnu/libtinfo.so.5.9
7eff36753000-7eff36952000 ---p 00025000 08:06 8130641                    /lib/x86_64-linux-gnu/libtinfo.so.5.9
7eff36952000-7eff36956000 r--p 00024000 08:06 8130641                    /lib/x86_64-linux-gnu/libtinfo.so.5.9
7eff36956000-7eff36957000 rw-p 00028000 08:06 8130641                    /lib/x86_64-linux-gnu/libtinfo.so.5.9
7eff36957000-7eff36980000 r-xp 00000000 08:06 9707611                    /usr/lib/x86_64-linux-gnu/libedit.so.2.0.47
7eff36980000-7eff36b80000 ---p 00029000 08:06 9707611                    /usr/lib/x86_64-linux-gnu/libedit.so.2.0.47
7eff36b80000-7eff36b82000 r--p 00029000 08:06 9707611                    /usr/lib/x86_64-linux-gnu/libedit.so.2.0.47
7eff36b82000-7eff36b83000 rw-p 0002b000 08:06 9707611                    /usr/lib/x86_64-linux-gnu/libedit.so.2.0.47
7eff36b83000-7eff36b87000 rw-p 00000000 00:00 0 
7eff36b87000-7eff3868f000 r-xp 00000000 08:06 9707230                    /usr/lib/x86_64-linux-gnu/libLLVM-3.5.so.1
7eff3868f000-7eff38690000 ---p 01b08000 08:06 9707230                    /usr/lib/x86_64-linux-gnu/libLLVM-3.5.so.1
7eff38690000-7eff38858000 r--p 01b08000 08:06 9707230                    /usr/lib/x86_64-linux-gnu/libLLVM-3.5.so.1
7eff38858000-7eff3885e000 rw-p 01cd0000 08:06 9707230                    /usr/lib/x86_64-linux-gnu/libLLVM-3.5.so.1
7eff3885e000-7eff38873000 rw-p 00000000 00:00 0 
7eff38873000-7eff3887f000 r-xp 00000000 08:06 9703037                    /usr/lib/x86_64-linux-gnu/libdrm_radeon.so.1.0.1
7eff3887f000-7eff38a7e000 ---p 0000c000 08:06 9703037                    /usr/lib/x86_64-linux-gnu/libdrm_radeon.so.1.0.1
7eff38a7e000-7eff38a7f000 r--p 0000b000 08:06 9703037                    /usr/lib/x86_64-linux-gnu/libdrm_radeon.so.1.0.1
7eff38a7f000-7eff38a80000 rw-p 0000c000 08:06 9703037                    /usr/lib/x86_64-linux-gnu/libdrm_radeon.so.1.0.1
7eff38a80000-7eff38a95000 r-xp 00000000 08:06 9707612                    /usr/lib/x86_64-linux-gnu/libelf-0.158.so
7eff38a95000-7eff38c94000 ---p 00015000 08:06 9707612                    /usr/lib/x86_64-linux-gnu/libelf-0.158.so
7eff38c94000-7eff38c95000 r--p 00014000 08:06 9707612                    /usr/lib/x86_64-linux-gnu/libelf-0.158.so
7eff38c95000-7eff38c96000 rw-p 00015000 08:06 9707612                    /usr/lib/x86_64-linux-gnu/libelf-0.158.so
7eff38c96000-7eff38c9c000 r-xp 00000000 08:06 9703031                    /usr/lib/x86_64-linux-gnu/libdrm_nouveau.so.2.0.0
7eff38c9c000-7eff38e9b000 ---p 00006000 08:06 9703031                    /usr/lib/x86_64-linux-gnu/libdrm_nouveau.so.2.0.0
7eff38e9b000-7eff38e9c000 r--p 00005000 08:06 9703031                    /usr/lib/x86_64-linux-gnu/libdrm_nouveau.so.2.0.0
7eff38e9c000-7eff38e9d000 rw-p 00006000 08:06 9703031                    /usr/lib/x86_64-linux-gnu/libdrm_nouveau.so.2.0.0
7eff38e9d000-7eff38ea4000 r-xp 00000000 08:06 10094006                   /usr/lib/x86_64-linux-gnu/mesa-egl/libOpenVG.so.1.0.0
7eff38ea4000-7eff390a3000 ---p 00007000 08:06 10094006                   /usr/lib/x86_64-linux-gnu/mesa-egl/libOpenVG.so.1.0.0
7eff390a3000-7eff390a4000 r--p 00006000 08:06 10094006                   /usr/lib/x86_64-linux-gnu/mesa-egl/libOpenVG.so.1.0.0
7eff390a4000-7eff390a5000 rw-p 00007000 08:06 10094006                   /usr/lib/x86_64-linux-gnu/mesa-egl/libOpenVG.so.1.0.0
7eff390a5000-7eff390a7000 rw-p 00000000 00:00 0 
7eff390a7000-7eff3982f000 r-xp 00000000 08:06 10092900                   /usr/lib/x86_64-linux-gnu/egl/egl_gallium.so
7eff3982f000-7eff39a2f000 ---p 00788000 08:06 10092900                   /usr/lib/x86_64-linux-gnu/egl/egl_gallium.so
7eff39a2f000-7eff39a82000 r--p 00788000 08:06 10092900                   /usr/lib/x86_64-linux-gnu/egl/egl_gallium.so
7eff39a82000-7eff39a8e000 rw-p 007db000 08:06 10092900                   /usr/lib/x86_64-linux-gnu/egl/egl_gallium.so
7eff39a8e000-7eff39c75000 rw-p 00000000 00:00 0 
7eff39c75000-7eff39c7b000 r-xp 00000000 08:06 10094004                   /usr/lib/x86_64-linux-gnu/mesa-egl/libGLESv2.so.2.0.0
7eff39c7b000-7eff39e7a000 ---p 00006000 08:06 10094004                   /usr/lib/x86_64-linux-gnu/mesa-egl/libGLESv2.so.2.0.0
7eff39e7a000-7eff39e7b000 r--p 00005000 08:06 10094004                   /usr/lib/x86_64-linux-gnu/mesa-egl/libGLESv2.so.2.0.0
7eff39e7b000-7eff39e7c000 rw-p 00006000 08:06 10094004                   /usr/lib/x86_64-linux-gnu/mesa-egl/libGLESv2.so.2.0.0
7eff39e7c000-7eff39ec1000 r-xp 00000000 08:06 4325419                    /tmp/jogamp_0000/file_cache/jln4419669896754923375/jln7776089602782593718/libjogl_mobile.so
7eff39ec1000-7eff3a0c1000 ---p 00045000 08:06 4325419                    /tmp/jogamp_0000/file_cache/jln4419669896754923375/jln7776089602782593718/libjogl_mobile.so
7eff3a0c1000-7eff3a0c2000 rw-p 00045000 08:06 4325419                    /tmp/jogamp_0000/file_cache/jln4419669896754923375/jln7776089602782593718/libjogl_mobile.so
7eff3a0c2000-7eff3a0ce000 r-xp 00000000 08:06 9707694                    /usr/lib/x86_64-linux-gnu/libgbm.so.1.0.0
7eff3a0ce000-7eff3a2ce000 ---p 0000c000 08:06 9707694                    /usr/lib/x86_64-linux-gnu/libgbm.so.1.0.0
7eff3a2ce000-7eff3a2cf000 r--p 0000c000 08:06 9707694                    /usr/lib/x86_64-linux-gnu/libgbm.so.1.0.0
7eff3a2cf000-7eff3a2d0000 rw-p 0000d000 08:06 9707694                    /usr/lib/x86_64-linux-gnu/libgbm.so.1.0.0
7eff3a2d0000-7eff3a2df000 r-xp 00000000 08:06 9708373                    /usr/lib/x86_64-linux-gnu/libwayland-server.so.0.1.0
7eff3a2df000-7eff3a4de000 ---p 0000f000 08:06 9708373                    /usr/lib/x86_64-linux-gnu/libwayland-server.so.0.1.0
7eff3a4de000-7eff3a4e0000 r--p 0000e000 08:06 9708373                    /usr/lib/x86_64-linux-gnu/libwayland-server.so.0.1.0
7eff3a4e0000-7eff3a4e1000 rw-p 00010000 08:06 9708373                    /usr/lib/x86_64-linux-gnu/libwayland-server.so.0.1.0
7eff3a4e1000-7eff3a4ec000 r-xp 00000000 08:06 9708367                    /usr/lib/x86_64-linux-gnu/libwayland-client.so.0.2.0
7eff3a4ec000-7eff3a6eb000 ---p 0000b000 08:06 9708367                    /usr/lib/x86_64-linux-gnu/libwayland-client.so.0.2.0
7eff3a6eb000-7eff3a6ed000 r--p 0000a000 08:06 9708367                    /usr/lib/x86_64-linux-gnu/libwayland-client.so.0.2.0
7eff3a6ed000-7eff3a6ee000 rw-p 0000c000 08:06 9708367                    /usr/lib/x86_64-linux-gnu/libwayland-client.so.0.2.0
7eff3a6ee000-7eff3a6f3000 r-xp 00000000 08:06 9708423                    /usr/lib/x86_64-linux-gnu/libxcb-xfixes.so.0.0.0
7eff3a6f3000-7eff3a8f3000 ---p 00005000 08:06 9708423                    /usr/lib/x86_64-linux-gnu/libxcb-xfixes.so.0.0.0
7eff3a8f3000-7eff3a8f4000 r--p 00005000 08:06 9708423                    /usr/lib/x86_64-linux-gnu/libxcb-xfixes.so.0.0.0
7eff3a8f4000-7eff3a8f5000 rw-p 00006000 08:06 9708423                    /usr/lib/x86_64-linux-gnu/libxcb-xfixes.so.0.0.0
7eff3a8f5000-7eff3a91c000 r-xp 00000000 08:06 10094000                   /usr/lib/x86_64-linux-gnu/mesa-egl/libEGL.so.1.0.0
7eff3a91c000-7eff3ab1c000 ---p 00027000 08:06 10094000                   /usr/lib/x86_64-linux-gnu/mesa-egl/libEGL.so.1.0.0
7eff3ab1c000-7eff3ab1d000 r--p 00027000 08:06 10094000                   /usr/lib/x86_64-linux-gnu/mesa-egl/libEGL.so.1.0.0
7eff3ab1d000-7eff3ab1e000 rw-p 00028000 08:06 10094000                   /usr/lib/x86_64-linux-gnu/mesa-egl/libEGL.so.1.0.0
7eff3ab1e000-7eff3ab1f000 rw-p 00000000 00:00 0 
7eff3ab1f000-7eff3abc4000 r-xp 00000000 08:06 4325418                    /tmp/jogamp_0000/file_cache/jln4419669896754923375/jln7776089602782593718/libjogl_desktop.so
7eff3abc4000-7eff3adc4000 ---p 000a5000 08:06 4325418                    /tmp/jogamp_0000/file_cache/jln4419669896754923375/jln7776089602782593718/libjogl_desktop.so
7eff3adc4000-7eff3adc5000 rw-p 000a5000 08:06 4325418                    /tmp/jogamp_0000/file_cache/jln4419669896754923375/jln7776089602782593718/libjogl_desktop.so
7eff3adc5000-7eff3add0000 r-xp 00000000 08:06 9701891                    /usr/lib/x86_64-linux-gnu/libdrm.so.2.4.0
7eff3add0000-7eff3afcf000 ---p 0000b000 08:06 9701891                    /usr/lib/x86_64-linux-gnu/libdrm.so.2.4.0
7eff3afcf000-7eff3afd0000 r--p 0000a000 08:06 9701891                    /usr/lib/x86_64-linux-gnu/libdrm.so.2.4.0
7eff3afd0000-7eff3afd1000 rw-p 0000b000 08:06 9701891                    /usr/lib/x86_64-linux-gnu/libdrm.so.2.4.0
7eff3afd1000-7eff3afd2000 r-xp 00000000 08:06 9708437                    /usr/lib/x86_64-linux-gnu/libxshmfence.so.1.0.0
7eff3afd2000-7eff3b1d1000 ---p 00001000 08:06 9708437                    /usr/lib/x86_64-linux-gnu/libxshmfence.so.1.0.0
7eff3b1d1000-7eff3b1d2000 r--p 00000000 08:06 9708437                    /usr/lib/x86_64-linux-gnu/libxshmfence.so.1.0.0
7eff3b1d2000-7eff3b1d3000 rw-p 00001000 08:06 9708437                    /usr/lib/x86_64-linux-gnu/libxshmfence.so.1.0.0
7eff3b1d3000-7eff3b1d8000 r-xp 00000000 08:06 9708419                    /usr/lib/x86_64-linux-gnu/libxcb-sync.so.1.0.0
7eff3b1d8000-7eff3b3d7000 ---p 00005000 08:06 9708419                    /usr/lib/x86_64-linux-gnu/libxcb-sync.so.1.0.0
7eff3b3d7000-7eff3b3d8000 r--p 00004000 08:06 9708419                    /usr/lib/x86_64-linux-gnu/libxcb-sync.so.1.0.0
7eff3b3d8000-7eff3b3d9000 rw-p 00005000 08:06 9708419                    /usr/lib/x86_64-linux-gnu/libxcb-sync.so.1.0.0
7eff3b3d9000-7eff3b3db000 r-xp 00000000 08:06 9708407                    /usr/lib/x86_64-linux-gnu/libxcb-present.so.0.0.0
7eff3b3db000-7eff3b5da000 ---p 00002000 08:06 9708407                    /usr/lib/x86_64-linux-gnu/libxcb-present.so.0.0.0
7eff3b5da000-7eff3b5db000 r--p 00001000 08:06 9708407                    /usr/lib/x86_64-linux-gnu/libxcb-present.so.0.0.0
7eff3b5db000-7eff3b5dc000 rw-p 00002000 08:06 9708407                    /usr/lib/x86_64-linux-gnu/libxcb-present.so.0.0.0
7eff3b5dc000-7eff3b5de000 r-xp 00000000 08:06 9708397                    /usr/lib/x86_64-linux-gnu/libxcb-dri3.so.0.0.0
7eff3b5de000-7eff3b7dd000 ---p 00002000 08:06 9708397                    /usr/lib/x86_64-linux-gnu/libxcb-dri3.so.0.0.0
7eff3b7dd000-7eff3b7de000 r--p 00001000 08:06 9708397                    /usr/lib/x86_64-linux-gnu/libxcb-dri3.so.0.0.0
7eff3b7de000-7eff3b7df000 rw-p 00002000 08:06 9708397                    /usr/lib/x86_64-linux-gnu/libxcb-dri3.so.0.0.0
7eff3b7df000-7eff3b7e2000 r-xp 00000000 08:06 9708395                    /usr/lib/x86_64-linux-gnu/libxcb-dri2.so.0.0.0
7eff3b7e2000-7eff3b9e2000 ---p 00003000 08:06 9708395                    /usr/lib/x86_64-linux-gnu/libxcb-dri2.so.0.0.0
7eff3b9e2000-7eff3b9e3000 r--p 00003000 08:06 9708395                    /usr/lib/x86_64-linux-gnu/libxcb-dri2.so.0.0.0
7eff3b9e3000-7eff3b9e4000 rw-p 00004000 08:06 9708395                    /usr/lib/x86_64-linux-gnu/libxcb-dri2.so.0.0.0
7eff3b9e4000-7eff3b9f9000 r-xp 00000000 08:06 9708399                    /usr/lib/x86_64-linux-gnu/libxcb-glx.so.0.0.0
7eff3b9f9000-7eff3bbf8000 ---p 00015000 08:06 9708399                    /usr/lib/x86_64-linux-gnu/libxcb-glx.so.0.0.0
7eff3bbf8000-7eff3bbfa000 r--p 00014000 08:06 9708399                    /usr/lib/x86_64-linux-gnu/libxcb-glx.so.0.0.0
7eff3bbfa000-7eff3bbfb000 rw-p 00016000 08:06 9708399                    /usr/lib/x86_64-linux-gnu/libxcb-glx.so.0.0.0
7eff3bbfb000-7eff3bbfc000 r-xp 00000000 08:06 9707353                    /usr/lib/x86_64-linux-gnu/libX11-xcb.so.1.0.0
7eff3bbfc000-7eff3bdfb000 ---p 00001000 08:06 9707353                    /usr/lib/x86_64-linux-gnu/libX11-xcb.so.1.0.0
7eff3bdfb000-7eff3bdfc000 r--p 00000000 08:06 9707353                    /usr/lib/x86_64-linux-gnu/libX11-xcb.so.1.0.0
7eff3bdfc000-7eff3bdfd000 rw-p 00001000 08:06 9707353                    /usr/lib/x86_64-linux-gnu/libX11-xcb.so.1.0.0
7eff3bdfd000-7eff3bdff000 r-xp 00000000 08:06 9707368                    /usr/lib/x86_64-linux-gnu/libXdamage.so.1.1.0
7eff3bdff000-7eff3bffe000 ---p 00002000 08:06 9707368                    /usr/lib/x86_64-linux-gnu/libXdamage.so.1.1.0
7eff3bffe000-7eff3bfff000 r--p 00001000 08:06 9707368                    /usr/lib/x86_64-linux-gnu/libXdamage.so.1.1.0
7eff3bfff000-7eff3c000000 rw-p 00002000 08:06 9707368                    /usr/lib/x86_64-linux-gnu/libXdamage.so.1.1.0
7eff3c000000-7eff3c021000 rw-p 00000000 00:00 0 
7eff3c021000-7eff40000000 ---p 00000000 00:00 0 
7eff40000000-7eff429d9000 rw-p 00000000 00:00 0 
7eff429d9000-7eff44000000 ---p 00000000 00:00 0 
7eff44000000-7eff45533000 rw-p 00000000 00:00 0 
7eff45533000-7eff48000000 ---p 00000000 00:00 0 
7eff48000000-7eff489d8000 rw-p 00000000 00:00 0 
7eff489d8000-7eff4c000000 ---p 00000000 00:00 0 
7eff4c000000-7eff4c021000 rw-p 00000000 00:00 0 
7eff4c021000-7eff50000000 ---p 00000000 00:00 0 
7eff50000000-7eff50028000 rw-p 00000000 00:00 0 
7eff50028000-7eff54000000 ---p 00000000 00:00 0 
7eff54000000-7eff54021000 rw-p 00000000 00:00 0 
7eff54021000-7eff58000000 ---p 00000000 00:00 0 
7eff58000000-7eff58021000 rw-p 00000000 00:00 0 
7eff58021000-7eff5c000000 ---p 00000000 00:00 0 
7eff5c000000-7eff5c021000 rw-p 00000000 00:00 0 
7eff5c021000-7eff60000000 ---p 00000000 00:00 0 
7eff60002000-7eff60026000 r-xp 00000000 08:06 9707746                    /usr/lib/x86_64-linux-gnu/libglapi.so.0.0.0
7eff60026000-7eff60226000 ---p 00024000 08:06 9707746                    /usr/lib/x86_64-linux-gnu/libglapi.so.0.0.0
7eff60226000-7eff60229000 r--p 00024000 08:06 9707746                    /usr/lib/x86_64-linux-gnu/libglapi.so.0.0.0
7eff60229000-7eff6022a000 rw-p 00027000 08:06 9707746                    /usr/lib/x86_64-linux-gnu/libglapi.so.0.0.0
7eff6022a000-7eff6022b000 rw-p 00000000 00:00 0 
7eff6022b000-7eff602b7000 r-xp 00000000 08:06 10093997                   /usr/lib/x86_64-linux-gnu/mesa/libGL.so.1.2.0
7eff602b7000-7eff604b6000 ---p 0008c000 08:06 10093997                   /usr/lib/x86_64-linux-gnu/mesa/libGL.so.1.2.0
7eff604b6000-7eff604b9000 r--p 0008b000 08:06 10093997                   /usr/lib/x86_64-linux-gnu/mesa/libGL.so.1.2.0
7eff604b9000-7eff604ba000 rw-p 0008e000 08:06 10093997                   /usr/lib/x86_64-linux-gnu/mesa/libGL.so.1.2.0
7eff604ba000-7eff604bb000 rw-p 00000000 00:00 0 
7eff604bb000-7eff604c2000 r-xp 00000000 08:06 4325423                    /tmp/jogamp_0000/file_cache/jln4419669896754923375/jln7776089602782593718/libnativewindow_x11.so
7eff604c2000-7eff606c1000 ---p 00007000 08:06 4325423                    /tmp/jogamp_0000/file_cache/jln4419669896754923375/jln7776089602782593718/libnativewindow_x11.so
7eff606c1000-7eff606c2000 rw-p 00006000 08:06 4325423                    /tmp/jogamp_0000/file_cache/jln4419669896754923375/jln7776089602782593718/libnativewindow_x11.so
7eff606c2000-7eff606c6000 r-xp 00000000 08:06 9707410                    /usr/lib/x86_64-linux-gnu/libXxf86vm.so.1.0.0
7eff606c6000-7eff608c6000 ---p 00004000 08:06 9707410                    /usr/lib/x86_64-linux-gnu/libXxf86vm.so.1.0.0
7eff608c6000-7eff608c7000 r--p 00004000 08:06 9707410                    /usr/lib/x86_64-linux-gnu/libXxf86vm.so.1.0.0
7eff608c7000-7eff608c8000 rw-p 00005000 08:06 9707410                    /usr/lib/x86_64-linux-gnu/libXxf86vm.so.1.0.0
7eff608c8000-7eff608ca000 r-xp 00000000 08:06 4325422                    /tmp/jogamp_0000/file_cache/jln4419669896754923375/jln7776089602782593718/libnativewindow_awt.so
7eff608ca000-7eff60ac9000 ---p 00002000 08:06 4325422                    /tmp/jogamp_0000/file_cache/jln4419669896754923375/jln7776089602782593718/libnativewindow_awt.so
7eff60ac9000-7eff60aca000 rw-p 00001000 08:06 4325422                    /tmp/jogamp_0000/file_cache/jln4419669896754923375/jln7776089602782593718/libnativewindow_awt.so
7eff60aca000-7eff60acb000 r-xp 00000000 08:06 1705755                    /usr/lib/jvm/java-7-openjdk-amd64/jre/lib/amd64/libjawt.so
7eff60acb000-7eff60cca000 ---p 00001000 08:06 1705755                    /usr/lib/jvm/java-7-openjdk-amd64/jre/lib/amd64/libjawt.so
7eff60cca000-7eff60ccb000 r--p 00000000 08:06 1705755                    /usr/lib/jvm/java-7-openjdk-amd64/jre/lib/amd64/libjawt.so
7eff60ccb000-7eff60ccc000 rw-p 00001000 08:06 1705755                    /usr/lib/jvm/java-7-openjdk-amd64/jre/lib/amd64/libjawt.so
7eff60ccc000-7eff60cce000 r-xp 00000000 08:06 4325415                    /tmp/jogamp_0000/file_cache/jln4419669896754923375/jln7776089602782593718/libgluegen-rt.so
7eff60cce000-7eff60ecd000 ---p 00002000 08:06 4325415                    /tmp/jogamp_0000/file_cache/jln4419669896754923375/jln7776089602782593718/libgluegen-rt.so
7eff60ecd000-7eff60ece000 rw-p 00001000 08:06 4325415                    /tmp/jogamp_0000/file_cache/jln4419669896754923375/jln7776089602782593718/libgluegen-rt.so
7eff60ece000-7eff60ed1000 ---p 00000000 00:00 0 
7eff60ed1000-7eff60fcf000 rw-p 00000000 00:00 0                          [stack:20348]
7eff60fcf000-7eff60fd2000 ---p 00000000 00:00 0 
7eff60fd2000-7eff610d0000 rw-p 00000000 00:00 0                          [stack:20350]
7eff610d0000-7eff610d3000 ---p 00000000 00:00 0 
7eff610d3000-7eff611d1000 rw-p 00000000 00:00 0                          [stack:20336]
7eff611d1000-7eff611e1000 r-xp 00000000 08:06 1705761                    /usr/lib/jvm/java-7-openjdk-amd64/jre/lib/amd64/libnio.so
7eff611e1000-7eff613e1000 ---p 00010000 08:06 1705761                    /usr/lib/jvm/java-7-openjdk-amd64/jre/lib/amd64/libnio.so
7eff613e1000-7eff613e2000 r--p 00010000 08:06 1705761                    /usr/lib/jvm/java-7-openjdk-amd64/jre/lib/amd64/libnio.so
7eff613e2000-7eff613e3000 rw-p 00011000 08:06 1705761                    /usr/lib/jvm/java-7-openjdk-amd64/jre/lib/amd64/libnio.so
7eff613e3000-7eff61435000 r-xp 00000000 08:06 1705740                    /usr/lib/jvm/java-7-openjdk-amd64/jre/lib/amd64/libfontmanager.so
7eff61435000-7eff61634000 ---p 00052000 08:06 1705740                    /usr/lib/jvm/java-7-openjdk-amd64/jre/lib/amd64/libfontmanager.so
7eff61634000-7eff61637000 r--p 00051000 08:06 1705740                    /usr/lib/jvm/java-7-openjdk-amd64/jre/lib/amd64/libfontmanager.so
7eff61637000-7eff61638000 rw-p 00054000 08:06 1705740                    /usr/lib/jvm/java-7-openjdk-amd64/jre/lib/amd64/libfontmanager.so
7eff61638000-7eff6163b000 ---p 00000000 00:00 0 
7eff6163b000-7eff61739000 rw-p 00000000 00:00 0                          [stack:20334]
7eff61739000-7eff6173c000 ---p 00000000 00:00 0 
7eff6173c000-7eff6183a000 rw-p 00000000 00:00 0                          [stack:20333]
7eff6183a000-7eff6183d000 ---p 00000000 00:00 0 
7eff6183d000-7eff6193b000 rw-p 00000000 00:00 0                          [stack:20332]
7eff6193b000-7eff6193e000 ---p 00000000 00:00 0 
7eff6193e000-7eff61a3c000 rw-p 00000000 00:00 0                          [stack:20330]
7eff61a3c000-7eff61a41000 r-xp 00000000 08:06 9699808                    /usr/lib/x86_64-linux-gnu/libXfixes.so.3.1.0
7eff61a41000-7eff61c40000 ---p 00005000 08:06 9699808                    /usr/lib/x86_64-linux-gnu/libXfixes.so.3.1.0
7eff61c40000-7eff61c41000 r--p 00004000 08:06 9699808                    /usr/lib/x86_64-linux-gnu/libXfixes.so.3.1.0
7eff61c41000-7eff61c42000 rw-p 00005000 08:06 9699808                    /usr/lib/x86_64-linux-gnu/libXfixes.so.3.1.0
7eff61c42000-7eff61c4b000 r-xp 00000000 08:06 9707366                    /usr/lib/x86_64-linux-gnu/libXcursor.so.1.0.2
7eff61c4b000-7eff61e4a000 ---p 00009000 08:06 9707366                    /usr/lib/x86_64-linux-gnu/libXcursor.so.1.0.2
7eff61e4a000-7eff61e4b000 r--p 00008000 08:06 9707366                    /usr/lib/x86_64-linux-gnu/libXcursor.so.1.0.2
7eff61e4b000-7eff61e4c000 rw-p 00009000 08:06 9707366                    /usr/lib/x86_64-linux-gnu/libXcursor.so.1.0.2
7eff61e4c000-7eff61e4f000 ---p 00000000 00:00 0 
7eff61e4f000-7eff61f4d000 rw-p 00000000 00:00 0                          [stack:20329]
7eff61f4d000-7eff61f64000 r-xp 00000000 08:06 1705756                    /usr/lib/jvm/java-7-openjdk-amd64/jre/lib/amd64/libnet.so
7eff61f64000-7eff62163000 ---p 00017000 08:06 1705756                    /usr/lib/jvm/java-7-openjdk-amd64/jre/lib/amd64/libnet.so
7eff62163000-7eff62164000 r--p 00016000 08:06 1705756                    /usr/lib/jvm/java-7-openjdk-amd64/jre/lib/amd64/libnet.so
7eff62164000-7eff62165000 rw-p 00017000 08:06 1705756                    /usr/lib/jvm/java-7-openjdk-amd64/jre/lib/amd64/libnet.so
7eff62165000-7eff62169000 r-xp 00000000 08:06 8130528                    /lib/x86_64-linux-gnu/libgpg-error.so.0.10.0
7eff62169000-7eff62368000 ---p 00004000 08:06 8130528                    /lib/x86_64-linux-gnu/libgpg-error.so.0.10.0
7eff62368000-7eff62369000 r--p 00003000 08:06 8130528                    /lib/x86_64-linux-gnu/libgpg-error.so.0.10.0
7eff62369000-7eff6236a000 rw-p 00004000 08:06 8130528                    /lib/x86_64-linux-gnu/libgpg-error.so.0.10.0
7eff6236a000-7eff6236c000 r-xp 00000000 08:06 8130538                    /lib/x86_64-linux-gnu/libkeyutils.so.1.4
7eff6236c000-7eff6256c000 ---p 00002000 08:06 8130538                    /lib/x86_64-linux-gnu/libkeyutils.so.1.4
7eff6256c000-7eff6256d000 r--p 00002000 08:06 8130538                    /lib/x86_64-linux-gnu/libkeyutils.so.1.4
7eff6256d000-7eff6256e000 rw-p 00003000 08:06 8130538                    /lib/x86_64-linux-gnu/libkeyutils.so.1.4
7eff6256e000-7eff625ab000 r-xp 00000000 08:06 8132557                    /lib/x86_64-linux-gnu/libpcre.so.3.13.1
7eff625ab000-7eff627aa000 ---p 0003d000 08:06 8132557                    /lib/x86_64-linux-gnu/libpcre.so.3.13.1
7eff627aa000-7eff627ab000 r--p 0003c000 08:06 8132557                    /lib/x86_64-linux-gnu/libpcre.so.3.13.1
7eff627ab000-7eff627ac000 rw-p 0003d000 08:06 8132557                    /lib/x86_64-linux-gnu/libpcre.so.3.13.1
7eff627ac000-7eff627d1000 r-xp 00000000 08:06 8130610                    /lib/x86_64-linux-gnu/libpng12.so.0.50.0
7eff627d1000-7eff629d0000 ---p 00025000 08:06 8130610                    /lib/x86_64-linux-gnu/libpng12.so.0.50.0
7eff629d0000-7eff629d1000 r--p 00024000 08:06 8130610                    /lib/x86_64-linux-gnu/libpng12.so.0.50.0
7eff629d1000-7eff629d2000 rw-p 00025000 08:06 8130610                    /lib/x86_64-linux-gnu/libpng12.so.0.50.0
7eff629d2000-7eff62a16000 r-xp 00000000 08:06 8130509                    /lib/x86_64-linux-gnu/libdbus-1.so.3.7.6
7eff62a16000-7eff62c15000 ---p 00044000 08:06 8130509                    /lib/x86_64-linux-gnu/libdbus-1.so.3.7.6
7eff62c15000-7eff62c16000 r--p 00043000 08:06 8130509                    /lib/x86_64-linux-gnu/libdbus-1.so.3.7.6
7eff62c16000-7eff62c17000 rw-p 00044000 08:06 8130509                    /lib/x86_64-linux-gnu/libdbus-1.so.3.7.6
7eff62c17000-7eff62c52000 r-xp 00000000 08:06 9708086                    /usr/lib/x86_64-linux-gnu/libp11-kit.so.0.0.0
7eff62c52000-7eff62e51000 ---p 0003b000 08:06 9708086                    /usr/lib/x86_64-linux-gnu/libp11-kit.so.0.0.0
7eff62e51000-7eff62e57000 r--p 0003a000 08:06 9708086                    /usr/lib/x86_64-linux-gnu/libp11-kit.so.0.0.0
7eff62e57000-7eff62e59000 rw-p 00040000 08:06 9708086                    /usr/lib/x86_64-linux-gnu/libp11-kit.so.0.0.0
7eff62e59000-7eff62e6b000 r-xp 00000000 08:06 9699371                    /usr/lib/x86_64-linux-gnu/libtasn1.so.6.2.0
7eff62e6b000-7eff6306b000 ---p 00012000 08:06 9699371                    /usr/lib/x86_64-linux-gnu/libtasn1.so.6.2.0
7eff6306b000-7eff6306c000 r--p 00012000 08:06 9699371                    /usr/lib/x86_64-linux-gnu/libtasn1.so.6.2.0
7eff6306c000-7eff6306d000 rw-p 00013000 08:06 9699371                    /usr/lib/x86_64-linux-gnu/libtasn1.so.6.2.0
7eff6306d000-7eff630e9000 r-xp 00000000 08:06 8130502                    /lib/x86_64-linux-gnu/libgcrypt.so.11.8.2
7eff630e9000-7eff632e9000 ---p 0007c000 08:06 8130502                    /lib/x86_64-linux-gnu/libgcrypt.so.11.8.2
7eff632e9000-7eff632ea000 r--p 0007c000 08:06 8130502                    /lib/x86_64-linux-gnu/libgcrypt.so.11.8.2
7eff632ea000-7eff632ed000 rw-p 0007d000 08:06 8130502                    /lib/x86_64-linux-gnu/libgcrypt.so.11.8.2
7eff632ed000-7eff632f7000 r-xp 00000000 08:06 9707969                    /usr/lib/x86_64-linux-gnu/libkrb5support.so.0.1
7eff632f7000-7eff634f6000 ---p 0000a000 08:06 9707969                    /usr/lib/x86_64-linux-gnu/libkrb5support.so.0.1
7eff634f6000-7eff634f7000 r--p 00009000 08:06 9707969                    /usr/lib/x86_64-linux-gnu/libkrb5support.so.0.1
7eff634f7000-7eff634f8000 rw-p 0000a000 08:06 9707969                    /usr/lib/x86_64-linux-gnu/libkrb5support.so.0.1
7eff634f8000-7eff634fb000 r-xp 00000000 08:06 8130472                    /lib/x86_64-linux-gnu/libcom_err.so.2.1
7eff634fb000-7eff636fa000 ---p 00003000 08:06 8130472                    /lib/x86_64-linux-gnu/libcom_err.so.2.1
7eff636fa000-7eff636fb000 r--p 00002000 08:06 8130472                    /lib/x86_64-linux-gnu/libcom_err.so.2.1
7eff636fb000-7eff636fc000 rw-p 00003000 08:06 8130472                    /lib/x86_64-linux-gnu/libcom_err.so.2.1
7eff636fc000-7eff63728000 r-xp 00000000 08:06 9707963                    /usr/lib/x86_64-linux-gnu/libk5crypto.so.3.1
7eff63728000-7eff63927000 ---p 0002c000 08:06 9707963                    /usr/lib/x86_64-linux-gnu/libk5crypto.so.3.1
7eff63927000-7eff63929000 r--p 0002b000 08:06 9707963                    /usr/lib/x86_64-linux-gnu/libk5crypto.so.3.1
7eff63929000-7eff6392a000 rw-p 0002d000 08:06 9707963                    /usr/lib/x86_64-linux-gnu/libk5crypto.so.3.1
7eff6392a000-7eff6392b000 rw-p 00000000 00:00 0 
7eff6392b000-7eff639e7000 r-xp 00000000 08:06 9707967                    /usr/lib/x86_64-linux-gnu/libkrb5.so.3.3
7eff639e7000-7eff63be7000 ---p 000bc000 08:06 9707967                    /usr/lib/x86_64-linux-gnu/libkrb5.so.3.3
7eff63be7000-7eff63bf4000 r--p 000bc000 08:06 9707967                    /usr/lib/x86_64-linux-gnu/libkrb5.so.3.3
7eff63bf4000-7eff63bf6000 rw-p 000c9000 08:06 9707967                    /usr/lib/x86_64-linux-gnu/libkrb5.so.3.3
7eff63bf6000-7eff63bfb000 r-xp 00000000 08:06 9707370                    /usr/lib/x86_64-linux-gnu/libXdmcp.so.6.0.0
7eff63bfb000-7eff63dfa000 ---p 00005000 08:06 9707370                    /usr/lib/x86_64-linux-gnu/libXdmcp.so.6.0.0
7eff63dfa000-7eff63dfb000 r--p 00004000 08:06 9707370                    /usr/lib/x86_64-linux-gnu/libXdmcp.so.6.0.0
7eff63dfb000-7eff63dfc000 rw-p 00005000 08:06 9707370                    /usr/lib/x86_64-linux-gnu/libXdmcp.so.6.0.0
7eff63dfc000-7eff63dfe000 r-xp 00000000 08:06 9707359                    /usr/lib/x86_64-linux-gnu/libXau.so.6.0.0
7eff63dfe000-7eff63ffe000 ---p 00002000 08:06 9707359                    /usr/lib/x86_64-linux-gnu/libXau.so.6.0.0
7eff63ffe000-7eff63fff000 r--p 00002000 08:06 9707359                    /usr/lib/x86_64-linux-gnu/libXau.so.6.0.0
7eff63fff000-7eff64000000 rw-p 00003000 08:06 9707359                    /usr/lib/x86_64-linux-gnu/libXau.so.6.0.0
7eff64000000-7eff64021000 rw-p 00000000 00:00 0 
7eff64021000-7eff68000000 ---p 00000000 00:00 0 
7eff68000000-7eff68021000 rw-p 00000000 00:00 0 
7eff68021000-7eff6c000000 ---p 00000000 00:00 0 
7eff6c000000-7eff6c255000 rw-p 00000000 00:00 0 
7eff6c255000-7eff70000000 ---p 00000000 00:00 0 
7eff70000000-7eff701db000 rw-p 00000000 00:00 0 
7eff701db000-7eff74000000 ---p 00000000 00:00 0 
7eff74000000-7eff74021000 rw-p 00000000 00:00 0 
7eff74021000-7eff78000000 ---p 00000000 00:00 0 
7eff7806b000-7eff78073000 rw-s 00000000 00:04 373512                     /drm mm object (deleted)
7eff78073000-7eff7807b000 rw-s 00000000 00:04 373511                     /drm mm object (deleted)
7eff7807b000-7eff78083000 rw-s 00000000 00:04 374182                     /drm mm object (deleted)
7eff78083000-7eff7808b000 rw-s 00000000 00:04 374171                     /drm mm object (deleted)
7eff7808b000-7eff78093000 rw-s 00000000 00:04 374167                     /drm mm object (deleted)
7eff78093000-7eff7809b000 rw-s 00000000 00:04 373507                     /drm mm object (deleted)
7eff7809b000-7eff780a3000 rw-s 00000000 00:04 373504                     /drm mm object (deleted)
7eff780a3000-7eff780ab000 rw-s 00000000 00:04 373500                     /drm mm object (deleted)
7eff780ab000-7eff780ac000 rwxp 00000000 00:00 0 
7eff780ac000-7eff780ad000 rw-p 00000000 00:00 0 
7eff780ad000-7eff780ae000 rw-s 00000000 00:04 374193                     /drm mm object (deleted)
7eff780ae000-7eff780af000 rw-s 00000000 00:04 373508                     /drm mm object (deleted)
7eff780af000-7eff780b0000 rw-s 00000000 00:04 372646                     /drm mm object (deleted)
7eff780b0000-7eff780b1000 rw-s 00000000 00:04 374175                     /drm mm object (deleted)
7eff780b1000-7eff780b2000 rw-s 00000000 00:04 374168                     /drm mm object (deleted)
7eff780b2000-7eff780b3000 rw-s 00000000 00:04 373501                     /drm mm object (deleted)
7eff780b3000-7eff780b4000 rw-s 00000000 00:04 372631                     /drm mm object (deleted)
7eff780b4000-7eff780bc000 rw-s 00000000 00:04 372624                     /drm mm object (deleted)
7eff780bc000-7eff780bd000 rw-s 00000000 00:04 372621                     /drm mm object (deleted)
7eff780bd000-7eff780c5000 rw-s 00000000 00:04 372620                     /drm mm object (deleted)
7eff780c5000-7eff780cc000 r-xp 00000000 08:06 9707641                    /usr/lib/x86_64-linux-gnu/libffi.so.6.0.1
7eff780cc000-7eff782cb000 ---p 00007000 08:06 9707641                    /usr/lib/x86_64-linux-gnu/libffi.so.6.0.1
7eff782cb000-7eff782cc000 r--p 00006000 08:06 9707641                    /usr/lib/x86_64-linux-gnu/libffi.so.6.0.1
7eff782cc000-7eff782cd000 rw-p 00007000 08:06 9707641                    /usr/lib/x86_64-linux-gnu/libffi.so.6.0.1
7eff782cd000-7eff782e4000 r-xp 00000000 08:06 8126469                    /lib/x86_64-linux-gnu/libresolv-2.19.so
7eff782e4000-7eff784e4000 ---p 00017000 08:06 8126469                    /lib/x86_64-linux-gnu/libresolv-2.19.so
7eff784e4000-7eff784e5000 r--p 00017000 08:06 8126469                    /lib/x86_64-linux-gnu/libresolv-2.19.so
7eff784e5000-7eff784e6000 rw-p 00018000 08:06 8126469                    /lib/x86_64-linux-gnu/libresolv-2.19.so
7eff784e6000-7eff784e8000 rw-p 00000000 00:00 0 
7eff784e8000-7eff78508000 r-xp 00000000 08:06 8130625                    /lib/x86_64-linux-gnu/libselinux.so.1
7eff78508000-7eff78707000 ---p 00020000 08:06 8130625                    /lib/x86_64-linux-gnu/libselinux.so.1
7eff78707000-7eff78708000 r--p 0001f000 08:06 8130625                    /lib/x86_64-linux-gnu/libselinux.so.1
7eff78708000-7eff78709000 rw-p 00020000 08:06 8130625                    /lib/x86_64-linux-gnu/libselinux.so.1
7eff78709000-7eff7870b000 rw-p 00000000 00:00 0 
7eff7870b000-7eff78811000 r-xp 00000000 08:06 8130526                    /lib/x86_64-linux-gnu/libglib-2.0.so.0.4002.0
7eff78811000-7eff78a10000 ---p 00106000 08:06 8130526                    /lib/x86_64-linux-gnu/libglib-2.0.so.0.4002.0
7eff78a10000-7eff78a11000 r--p 00105000 08:06 8130526                    /lib/x86_64-linux-gnu/libglib-2.0.so.0.4002.0
7eff78a11000-7eff78a12000 rw-p 00106000 08:06 8130526                    /lib/x86_64-linux-gnu/libglib-2.0.so.0.4002.0
7eff78a12000-7eff78a13000 rw-p 00000000 00:00 0 
7eff78a13000-7eff78a16000 r-xp 00000000 08:06 9707754                    /usr/lib/x86_64-linux-gnu/libgmodule-2.0.so.0.4002.0
7eff78a16000-7eff78c15000 ---p 00003000 08:06 9707754                    /usr/lib/x86_64-linux-gnu/libgmodule-2.0.so.0.4002.0
7eff78c15000-7eff78c16000 r--p 00002000 08:06 9707754                    /usr/lib/x86_64-linux-gnu/libgmodule-2.0.so.0.4002.0
7eff78c16000-7eff78c17000 rw-p 00003000 08:06 9707754                    /usr/lib/x86_64-linux-gnu/libgmodule-2.0.so.0.4002.0
7eff78c17000-7eff78c3e000 r-xp 00000000 08:06 8131913                    /lib/x86_64-linux-gnu/libexpat.so.1.6.0
7eff78c3e000-7eff78e3e000 ---p 00027000 08:06 8131913                    /lib/x86_64-linux-gnu/libexpat.so.1.6.0
7eff78e3e000-7eff78e40000 r--p 00027000 08:06 8131913                    /lib/x86_64-linux-gnu/libexpat.so.1.6.0
7eff78e40000-7eff78e41000 rw-p 00029000 08:06 8131913                    /lib/x86_64-linux-gnu/libexpat.so.1.6.0
7eff78e41000-7eff78ede000 r-xp 00000000 08:06 9699821                    /usr/lib/x86_64-linux-gnu/libfreetype.so.6.11.1
7eff78ede000-7eff790dd000 ---p 0009d000 08:06 9699821                    /usr/lib/x86_64-linux-gnu/libfreetype.so.6.11.1
7eff790dd000-7eff790e3000 r--p 0009c000 08:06 9699821                    /usr/lib/x86_64-linux-gnu/libfreetype.so.6.11.1
7eff790e3000-7eff790e4000 rw-p 000a2000 08:06 9699821                    /usr/lib/x86_64-linux-gnu/libfreetype.so.6.11.1
7eff790e4000-7eff790f3000 r-xp 00000000 08:06 9707463                    /usr/lib/x86_64-linux-gnu/libavahi-client.so.3.2.9
7eff790f3000-7eff792f3000 ---p 0000f000 08:06 9707463                    /usr/lib/x86_64-linux-gnu/libavahi-client.so.3.2.9
7eff792f3000-7eff792f4000 r--p 0000f000 08:06 9707463                    /usr/lib/x86_64-linux-gnu/libavahi-client.so.3.2.9
7eff792f4000-7eff792f5000 rw-p 00010000 08:06 9707463                    /usr/lib/x86_64-linux-gnu/libavahi-client.so.3.2.9
7eff792f5000-7eff79300000 r-xp 00000000 08:06 9707465                    /usr/lib/x86_64-linux-gnu/libavahi-common.so.3.5.3
7eff79300000-7eff794ff000 ---p 0000b000 08:06 9707465                    /usr/lib/x86_64-linux-gnu/libavahi-common.so.3.5.3
7eff794ff000-7eff79500000 r--p 0000a000 08:06 9707465                    /usr/lib/x86_64-linux-gnu/libavahi-common.so.3.5.3
7eff79500000-7eff79501000 rw-p 0000b000 08:06 9707465                    /usr/lib/x86_64-linux-gnu/libavahi-common.so.3.5.3
7eff79501000-7eff795b7000 r-xp 00000000 08:06 9699378                    /usr/lib/x86_64-linux-gnu/libgnutls.so.26.22.6
7eff795b7000-7eff797b7000 ---p 000b6000 08:06 9699378                    /usr/lib/x86_64-linux-gnu/libgnutls.so.26.22.6
7eff797b7000-7eff797bd000 r--p 000b6000 08:06 9699378                    /usr/lib/x86_64-linux-gnu/libgnutls.so.26.22.6
7eff797bd000-7eff797be000 rw-p 000bc000 08:06 9699378                    /usr/lib/x86_64-linux-gnu/libgnutls.so.26.22.6
7eff797be000-7eff797bf000 rw-p 00000000 00:00 0 
7eff797bf000-7eff79802000 r-xp 00000000 08:06 9707797                    /usr/lib/x86_64-linux-gnu/libgssapi_krb5.so.2.2
7eff79802000-7eff79a02000 ---p 00043000 08:06 9707797                    /usr/lib/x86_64-linux-gnu/libgssapi_krb5.so.2.2
7eff79a02000-7eff79a03000 r--p 00043000 08:06 9707797                    /usr/lib/x86_64-linux-gnu/libgssapi_krb5.so.2.2
7eff79a03000-7eff79a05000 rw-p 00044000 08:06 9707797                    /usr/lib/x86_64-linux-gnu/libgssapi_krb5.so.2.2
7eff79a05000-7eff79a22000 r-xp 00000000 08:06 9708427                    /usr/lib/x86_64-linux-gnu/libxcb.so.1.1.0
7eff79a22000-7eff79c22000 ---p 0001d000 08:06 9708427                    /usr/lib/x86_64-linux-gnu/libxcb.so.1.1.0
7eff79c22000-7eff79c23000 r--p 0001d000 08:06 9708427                    /usr/lib/x86_64-linux-gnu/libxcb.so.1.1.0
7eff79c23000-7eff79c24000 rw-p 0001e000 08:06 9708427                    /usr/lib/x86_64-linux-gnu/libxcb.so.1.1.0
7eff79c24000-7eff79c73000 r-xp 00000000 08:06 9707770                    /usr/lib/x86_64-linux-gnu/libgobject-2.0.so.0.4002.0
7eff79c73000-7eff79e73000 ---p 0004f000 08:06 9707770                    /usr/lib/x86_64-linux-gnu/libgobject-2.0.so.0.4002.0
7eff79e73000-7eff79e74000 r--p 0004f000 08:06 9707770                    /usr/lib/x86_64-linux-gnu/libgobject-2.0.so.0.4002.0
7eff79e74000-7eff79e75000 rw-p 00050000 08:06 9707770                    /usr/lib/x86_64-linux-gnu/libgobject-2.0.so.0.4002.0
7eff79e75000-7eff79fe1000 r-xp 00000000 08:06 9707742                    /usr/lib/x86_64-linux-gnu/libgio-2.0.so.0.4002.0
7eff79fe1000-7eff7a1e0000 ---p 0016c000 08:06 9707742                    /usr/lib/x86_64-linux-gnu/libgio-2.0.so.0.4002.0
7eff7a1e0000-7eff7a1e4000 r--p 0016b000 08:06 9707742                    /usr/lib/x86_64-linux-gnu/libgio-2.0.so.0.4002.0
7eff7a1e4000-7eff7a1e6000 rw-p 0016f000 08:06 9707742                    /usr/lib/x86_64-linux-gnu/libgio-2.0.so.0.4002.0
7eff7a1e6000-7eff7a1e8000 rw-p 00000000 00:00 0 
7eff7a1e8000-7eff7a222000 r-xp 00000000 08:06 9707655                    /usr/lib/x86_64-linux-gnu/libfontconfig.so.1.8.0
7eff7a222000-7eff7a421000 ---p 0003a000 08:06 9707655                    /usr/lib/x86_64-linux-gnu/libfontconfig.so.1.8.0
7eff7a421000-7eff7a423000 r--p 00039000 08:06 9707655                    /usr/lib/x86_64-linux-gnu/libfontconfig.so.1.8.0
7eff7a423000-7eff7a424000 rw-p 0003b000 08:06 9707655                    /usr/lib/x86_64-linux-gnu/libfontconfig.so.1.8.0
7eff7a424000-7eff7a490000 r-xp 00000000 08:06 9699450                    /usr/lib/x86_64-linux-gnu/libcups.so.2
7eff7a490000-7eff7a690000 ---p 0006c000 08:06 9699450                    /usr/lib/x86_64-linux-gnu/libcups.so.2
7eff7a690000-7eff7a697000 r--p 0006c000 08:06 9699450                    /usr/lib/x86_64-linux-gnu/libcups.so.2
7eff7a697000-7eff7a698000 rw-p 00073000 08:06 9699450                    /usr/lib/x86_64-linux-gnu/libcups.so.2
7eff7a698000-7eff7a6a7000 r-xp 00000000 08:06 9703061                    /usr/lib/x86_64-linux-gnu/libXi.so.6.1.0
7eff7a6a7000-7eff7a8a6000 ---p 0000f000 08:06 9703061                    /usr/lib/x86_64-linux-gnu/libXi.so.6.1.0
7eff7a8a6000-7eff7a8a7000 r--p 0000e000 08:06 9703061                    /usr/lib/x86_64-linux-gnu/libXi.so.6.1.0
7eff7a8a7000-7eff7a8a8000 rw-p 0000f000 08:06 9703061                    /usr/lib/x86_64-linux-gnu/libXi.so.6.1.0
7eff7a8a8000-7eff7a8ad000 r-xp 00000000 08:06 9707400                    /usr/lib/x86_64-linux-gnu/libXtst.so.6.1.0
7eff7a8ad000-7eff7aaac000 ---p 00005000 08:06 9707400                    /usr/lib/x86_64-linux-gnu/libXtst.so.6.1.0
7eff7aaac000-7eff7aaad000 r--p 00004000 08:06 9707400                    /usr/lib/x86_64-linux-gnu/libXtst.so.6.1.0
7eff7aaad000-7eff7aaae000 rw-p 00005000 08:06 9707400                    /usr/lib/x86_64-linux-gnu/libXtst.so.6.1.0
7eff7aaae000-7eff7aab7000 r-xp 00000000 08:06 9703063                    /usr/lib/x86_64-linux-gnu/libXrender.so.1.3.0
7eff7aab7000-7eff7acb6000 ---p 00009000 08:06 9703063                    /usr/lib/x86_64-linux-gnu/libXrender.so.1.3.0
7eff7acb6000-7eff7acb7000 r--p 00008000 08:06 9703063                    /usr/lib/x86_64-linux-gnu/libXrender.so.1.3.0
7eff7acb7000-7eff7acb8000 rw-p 00009000 08:06 9703063                    /usr/lib/x86_64-linux-gnu/libXrender.so.1.3.0
7eff7acb8000-7eff7ade8000 r-xp 00000000 08:06 9707355                    /usr/lib/x86_64-linux-gnu/libX11.so.6.3.0
7eff7ade8000-7eff7afe8000 ---p 00130000 08:06 9707355                    /usr/lib/x86_64-linux-gnu/libX11.so.6.3.0
7eff7afe8000-7eff7afe9000 r--p 00130000 08:06 9707355                    /usr/lib/x86_64-linux-gnu/libX11.so.6.3.0
7eff7afe9000-7eff7afed000 rw-p 00131000 08:06 9707355                    /usr/lib/x86_64-linux-gnu/libX11.so.6.3.0
7eff7afed000-7eff7affe000 r-xp 00000000 08:06 9700536                    /usr/lib/x86_64-linux-gnu/libXext.so.6.4.0
7eff7affe000-7eff7b1fd000 ---p 00011000 08:06 9700536                    /usr/lib/x86_64-linux-gnu/libXext.so.6.4.0
7eff7b1fd000-7eff7b1fe000 r--p 00010000 08:06 9700536                    /usr/lib/x86_64-linux-gnu/libXext.so.6.4.0
7eff7b1fe000-7eff7b1ff000 rw-p 00011000 08:06 9700536                    /usr/lib/x86_64-linux-gnu/libXext.so.6.4.0
7eff7b1ff000-7eff7b247000 r-xp 00000000 08:06 1705841                    /usr/lib/jvm/java-7-openjdk-amd64/jre/lib/amd64/xawt/libmawt.so
7eff7b247000-7eff7b446000 ---p 00048000 08:06 1705841                    /usr/lib/jvm/java-7-openjdk-amd64/jre/lib/amd64/xawt/libmawt.so
7eff7b446000-7eff7b447000 r--p 00047000 08:06 1705841                    /usr/lib/jvm/java-7-openjdk-amd64/jre/lib/amd64/xawt/libmawt.so
7eff7b447000-7eff7b44a000 rw-p 00048000 08:06 1705841                    /usr/lib/jvm/java-7-openjdk-amd64/jre/lib/amd64/xawt/libmawt.so
7eff7b44a000-7eff7b44b000 rw-p 00000000 00:00 0 
7eff7b44b000-7eff7b4eb000 r-xp 00000000 08:06 1705742                    /usr/lib/jvm/java-7-openjdk-amd64/jre/lib/amd64/libawt.so
7eff7b4eb000-7eff7b6eb000 ---p 000a0000 08:06 1705742                    /usr/lib/jvm/java-7-openjdk-amd64/jre/lib/amd64/libawt.so
7eff7b6eb000-7eff7b6ec000 r--p 000a0000 08:06 1705742                    /usr/lib/jvm/java-7-openjdk-amd64/jre/lib/amd64/libawt.so
7eff7b6ec000-7eff7b6f7000 rw-p 000a1000 08:06 1705742                    /usr/lib/jvm/java-7-openjdk-amd64/jre/lib/amd64/libawt.so
7eff7b6f7000-7eff7b71c000 rw-p 00000000 00:00 0 
7eff7b71c000-7eff7b71d000 ---p 00000000 00:00 0 
7eff7b71d000-7eff7b81d000 rw-p 00000000 00:00 0                          [stack:20328]
7eff7b81d000-7eff7b820000 ---p 00000000 00:00 0 
7eff7b820000-7eff7b91e000 rw-p 00000000 00:00 0                          [stack:20327]
7eff7b91e000-7eff7c000000 r--p 00000000 08:06 9706356                    /usr/lib/locale/locale-archive
7eff7c000000-7eff7c021000 rw-p 00000000 00:00 0 
7eff7c021000-7eff80000000 ---p 00000000 00:00 0 
7eff80000000-7eff80021000 rw-p 00000000 00:00 0 
7eff80021000-7eff84000000 ---p 00000000 00:00 0 
7eff84000000-7eff84021000 rw-p 00000000 00:00 0 
7eff84021000-7eff88000000 ---p 00000000 00:00 0 
7eff88000000-7eff88021000 rw-p 00000000 00:00 0 
7eff88021000-7eff8c000000 ---p 00000000 00:00 0 
7eff8c000000-7eff8c021000 rw-p 00000000 00:00 0 
7eff8c021000-7eff90000000 ---p 00000000 00:00 0 
7eff90000000-7eff90021000 rw-p 00000000 00:00 0 
7eff90021000-7eff94000000 ---p 00000000 00:00 0 
7eff94000000-7eff94021000 rw-p 00000000 00:00 0 
7eff94021000-7eff98000000 ---p 00000000 00:00 0 
7eff98000000-7eff98001000 r--s 0002f000 08:06 8394805                    /home/zax/workspace/UCSDUnfoldingMaps/lib/jogl-all-natives-linux-amd64.jar
7eff98001000-7eff98003000 r--s 00000000 08:06 8394792                    /home/zax/workspace/UCSDUnfoldingMaps/lib/gluegen-rt-natives-linux-amd64.jar
7eff98003000-7eff98006000 ---p 00000000 00:00 0 
7eff98006000-7eff9803c000 rw-p 00000000 00:00 0                          [stack:20343]
7eff9803c000-7eff9803d000 r--p 00000000 00:00 0 
7eff9803d000-7eff98042000 r--s 0004d000 08:06 1314162                    /usr/lib/jvm/java-7-openjdk-amd64/jre/lib/jsse.jar
7eff98042000-7eff9804c000 r--s 000ae000 08:06 1314158                    /usr/lib/jvm/java-7-openjdk-amd64/jre/lib/resources.jar
7eff9804c000-7eff9807d000 rw-p 00000000 00:00 0 
7eff9807d000-7eff98083000 r--s 00033000 08:06 8394806                    /home/zax/workspace/UCSDUnfoldingMaps/lib/unfolding.0.9.7-uscd.jar
7eff98083000-7eff98088000 r--s 00309000 08:06 8394789                    /home/zax/workspace/UCSDUnfoldingMaps/lib/sqlite-jdbc-3.7.2.jar
7eff98088000-7eff9808f000 r--s 00059000 08:06 8394793                    /home/zax/workspace/UCSDUnfoldingMaps/lib/log4j-1.2.15.jar
7eff9808f000-7eff980b2000 r--s 002ec000 08:06 8394800                    /home/zax/workspace/UCSDUnfoldingMaps/lib/jogl-all.jar
7eff980b2000-7eff980b5000 ---p 00000000 00:00 0 
7eff980b5000-7eff981b3000 rw-p 00000000 00:00 0                          [stack:20326]
7eff981b3000-7eff981b6000 ---p 00000000 00:00 0 
7eff981b6000-7eff982b4000 rw-p 00000000 00:00 0                          [stack:20325]
7eff982b4000-7eff982b7000 ---p 00000000 00:00 0 
7eff982b7000-7eff983b5000 rw-p 00000000 00:00 0                          [stack:20324]
7eff983b5000-7eff983b8000 ---p 00000000 00:00 0 
7eff983b8000-7eff984b6000 rw-p 00000000 00:00 0                          [stack:20323]
7eff984b6000-7eff984b9000 ---p 00000000 00:00 0 
7eff984b9000-7eff985b7000 rw-p 00000000 00:00 0                          [stack:20322]
7eff985b7000-7eff985b8000 ---p 00000000 00:00 0 
7eff985b8000-7eff9d000000 rw-p 00000000 00:00 0                          [stack:20321]
7eff9d000000-7eff9d270000 rwxp 00000000 00:00 0 
7eff9d270000-7effa02af000 rw-p 00000000 00:00 0 
7effa02af000-7effa4000000 ---p 00000000 00:00 0 
7effa4000000-7effa4001000 r--s 00005000 08:06 8394802                    /home/zax/workspace/UCSDUnfoldingMaps/lib/libTUIO.jar
7effa4001000-7effa4002000 r--s 00007000 08:06 8394794                    /home/zax/workspace/UCSDUnfoldingMaps/lib/json4processing.jar
7effa4002000-7effa4008000 r--s 00041000 08:06 8394804                    /home/zax/workspace/UCSDUnfoldingMaps/lib/gluegen-rt.jar
7effa4008000-7effa400c000 r--s 0009a000 08:06 8394798                    /home/zax/workspace/UCSDUnfoldingMaps/lib/core.jar
7effa400c000-7effa4010000 r--s 0003c000 08:06 1578537                    /usr/lib/jvm/java-7-openjdk-amd64/jre/lib/ext/sunpkcs11.jar
7effa4010000-7effa4014000 r--s 00085000 08:06 1578534                    /usr/lib/jvm/java-7-openjdk-amd64/jre/lib/ext/localedata.jar
7effa4014000-7effa49a8000 rw-p 00000000 00:00 0 
7effa49a8000-7effa4b59000 r--s 01d29000 08:06 1314155                    /usr/lib/jvm/java-7-openjdk-amd64/jre/lib/rt.jar
7effa4b59000-7effa50ac000 rw-p 00000000 00:00 0 
7effa50ac000-7effa50ad000 ---p 00000000 00:00 0 
7effa50ad000-7effa51ad000 rw-p 00000000 00:00 0                          [stack:20320]
7effa51ad000-7effa51ae000 ---p 00000000 00:00 0 
7effa51ae000-7effa52ae000 rw-p 00000000 00:00 0                          [stack:20319]
7effa52ae000-7effa52af000 ---p 00000000 00:00 0 
7effa52af000-7effa53af000 rw-p 00000000 00:00 0                          [stack:20318]
7effa53af000-7effa53b0000 ---p 00000000 00:00 0 
7effa53b0000-7effa54bb000 rw-p 00000000 00:00 0                          [stack:20317]
7effa54bb000-7effa5503000 rw-p 00000000 00:00 0 
7effa5503000-7effa552c000 rw-p 00000000 00:00 0 
7effa552c000-7effa5797000 rw-p 00000000 00:00 0 
7effa5797000-7effa57a2000 rw-p 00000000 00:00 0 
7effa57a2000-7effa57ea000 rw-p 00000000 00:00 0 
7effa57ea000-7effa5813000 rw-p 00000000 00:00 0 
7effa5813000-7effa5a7d000 rw-p 00000000 00:00 0 
7effa5a7d000-7effa5aa2000 rw-p 00000000 00:00 0 
7effa5aa2000-7effa5bc7000 rw-p 00000000 00:00 0 
7effa5bc7000-7effa5bc8000 rw-p 00000000 00:00 0 
7effa5bc8000-7effa5bd0000 r-xp 00000000 08:06 1705727                    /usr/lib/jvm/java-7-openjdk-amd64/jre/lib/amd64/libzip.so
7effa5bd0000-7effa5dcf000 ---p 00008000 08:06 1705727                    /usr/lib/jvm/java-7-openjdk-amd64/jre/lib/amd64/libzip.so
7effa5dcf000-7effa5dd0000 r--p 00007000 08:06 1705727                    /usr/lib/jvm/java-7-openjdk-amd64/jre/lib/amd64/libzip.so
7effa5dd0000-7effa5dd1000 rw-p 00008000 08:06 1705727                    /usr/lib/jvm/java-7-openjdk-amd64/jre/lib/amd64/libzip.so
7effa5dd1000-7effa5ddc000 r-xp 00000000 08:06 8126483                    /lib/x86_64-linux-gnu/libnss_files-2.19.so
7effa5ddc000-7effa5fdb000 ---p 0000b000 08:06 8126483                    /lib/x86_64-linux-gnu/libnss_files-2.19.so
7effa5fdb000-7effa5fdc000 r--p 0000a000 08:06 8126483                    /lib/x86_64-linux-gnu/libnss_files-2.19.so
7effa5fdc000-7effa5fdd000 rw-p 0000b000 08:06 8126483                    /lib/x86_64-linux-gnu/libnss_files-2.19.so
7effa5fdd000-7effa5fe8000 r-xp 00000000 08:06 8130425                    /lib/x86_64-linux-gnu/libnss_nis-2.19.so
7effa5fe8000-7effa61e7000 ---p 0000b000 08:06 8130425                    /lib/x86_64-linux-gnu/libnss_nis-2.19.so
7effa61e7000-7effa61e8000 r--p 0000a000 08:06 8130425                    /lib/x86_64-linux-gnu/libnss_nis-2.19.so
7effa61e8000-7effa61e9000 rw-p 0000b000 08:06 8130425                    /lib/x86_64-linux-gnu/libnss_nis-2.19.so
7effa61e9000-7effa6200000 r-xp 00000000 08:06 8126558                    /lib/x86_64-linux-gnu/libnsl-2.19.so
7effa6200000-7effa63ff000 ---p 00017000 08:06 8126558                    /lib/x86_64-linux-gnu/libnsl-2.19.so
7effa63ff000-7effa6400000 r--p 00016000 08:06 8126558                    /lib/x86_64-linux-gnu/libnsl-2.19.so
7effa6400000-7effa6401000 rw-p 00017000 08:06 8126558                    /lib/x86_64-linux-gnu/libnsl-2.19.so
7effa6401000-7effa6403000 rw-p 00000000 00:00 0 
7effa6403000-7effa640c000 r-xp 00000000 08:06 8126557                    /lib/x86_64-linux-gnu/libnss_compat-2.19.so
7effa640c000-7effa660b000 ---p 00009000 08:06 8126557                    /lib/x86_64-linux-gnu/libnss_compat-2.19.so
7effa660b000-7effa660c000 r--p 00008000 08:06 8126557                    /lib/x86_64-linux-gnu/libnss_compat-2.19.so
7effa660c000-7effa660d000 rw-p 00009000 08:06 8126557                    /lib/x86_64-linux-gnu/libnss_compat-2.19.so
7effa660d000-7effa6638000 r-xp 00000000 08:06 1705764                    /usr/lib/jvm/java-7-openjdk-amd64/jre/lib/amd64/libjava.so
7effa6638000-7effa6837000 ---p 0002b000 08:06 1705764                    /usr/lib/jvm/java-7-openjdk-amd64/jre/lib/amd64/libjava.so
7effa6837000-7effa6838000 r--p 0002a000 08:06 1705764                    /usr/lib/jvm/java-7-openjdk-amd64/jre/lib/amd64/libjava.so
7effa6838000-7effa683a000 rw-p 0002b000 08:06 1705764                    /usr/lib/jvm/java-7-openjdk-amd64/jre/lib/amd64/libjava.so
7effa683a000-7effa684a000 r-xp 00000000 08:06 1705745                    /usr/lib/jvm/java-7-openjdk-amd64/jre/lib/amd64/libverify.so
7effa684a000-7effa6a49000 ---p 00010000 08:06 1705745                    /usr/lib/jvm/java-7-openjdk-amd64/jre/lib/amd64/libverify.so
7effa6a49000-7effa6a4b000 r--p 0000f000 08:06 1705745                    /usr/lib/jvm/java-7-openjdk-amd64/jre/lib/amd64/libverify.so
7effa6a4b000-7effa6a4c000 rw-p 00011000 08:06 1705745                    /usr/lib/jvm/java-7-openjdk-amd64/jre/lib/amd64/libverify.so
7effa6a4c000-7effa6a53000 r-xp 00000000 08:06 8126566                    /lib/x86_64-linux-gnu/librt-2.19.so
7effa6a53000-7effa6c52000 ---p 00007000 08:06 8126566                    /lib/x86_64-linux-gnu/librt-2.19.so
7effa6c52000-7effa6c53000 r--p 00006000 08:06 8126566                    /lib/x86_64-linux-gnu/librt-2.19.so
7effa6c53000-7effa6c54000 rw-p 00007000 08:06 8126566                    /lib/x86_64-linux-gnu/librt-2.19.so
7effa6c54000-7effa6c6a000 r-xp 00000000 08:06 8130522                    /lib/x86_64-linux-gnu/libgcc_s.so.1
7effa6c6a000-7effa6e69000 ---p 00016000 08:06 8130522                    /lib/x86_64-linux-gnu/libgcc_s.so.1
7effa6e69000-7effa6e6a000 rw-p 00015000 08:06 8130522                    /lib/x86_64-linux-gnu/libgcc_s.so.1
7effa6e6a000-7effa6f6f000 r-xp 00000000 08:06 8126479                    /lib/x86_64-linux-gnu/libm-2.19.so
7effa6f6f000-7effa716e000 ---p 00105000 08:06 8126479                    /lib/x86_64-linux-gnu/libm-2.19.so
7effa716e000-7effa716f000 r--p 00104000 08:06 8126479                    /lib/x86_64-linux-gnu/libm-2.19.so
7effa716f000-7effa7170000 rw-p 00105000 08:06 8126479                    /lib/x86_64-linux-gnu/libm-2.19.so
7effa7170000-7effa7256000 r-xp 00000000 08:06 9701555                    /usr/lib/x86_64-linux-gnu/libstdc++.so.6.0.19
7effa7256000-7effa7455000 ---p 000e6000 08:06 9701555                    /usr/lib/x86_64-linux-gnu/libstdc++.so.6.0.19
7effa7455000-7effa745d000 r--p 000e5000 08:06 9701555                    /usr/lib/x86_64-linux-gnu/libstdc++.so.6.0.19
7effa745d000-7effa745f000 rw-p 000ed000 08:06 9701555                    /usr/lib/x86_64-linux-gnu/libstdc++.so.6.0.19
7effa745f000-7effa7474000 rw-p 00000000 00:00 0 
7effa7474000-7effa7f8d000 r-xp 00000000 08:06 1705733                    /usr/lib/jvm/java-7-openjdk-amd64/jre/lib/amd64/server/libjvm.so
7effa7f8d000-7effa818d000 ---p 00b19000 08:06 1705733                    /usr/lib/jvm/java-7-openjdk-amd64/jre/lib/amd64/server/libjvm.so
7effa818d000-7effa8227000 r--p 00b19000 08:06 1705733                    /usr/lib/jvm/java-7-openjdk-amd64/jre/lib/amd64/server/libjvm.so
7effa8227000-7effa824a000 rw-p 00bb3000 08:06 1705733                    /usr/lib/jvm/java-7-openjdk-amd64/jre/lib/amd64/server/libjvm.so
7effa824a000-7effa8278000 rw-p 00000000 00:00 0 
7effa8278000-7effa8290000 r-xp 00000000 08:06 8130658                    /lib/x86_64-linux-gnu/libz.so.1.2.8
7effa8290000-7effa848f000 ---p 00018000 08:06 8130658                    /lib/x86_64-linux-gnu/libz.so.1.2.8
7effa848f000-7effa8490000 r--p 00017000 08:06 8130658                    /lib/x86_64-linux-gnu/libz.so.1.2.8
7effa8490000-7effa8491000 rw-p 00018000 08:06 8130658                    /lib/x86_64-linux-gnu/libz.so.1.2.8
7effa8491000-7effa84aa000 r-xp 00000000 08:06 8126564                    /lib/x86_64-linux-gnu/libpthread-2.19.so
7effa84aa000-7effa86a9000 ---p 00019000 08:06 8126564                    /lib/x86_64-linux-gnu/libpthread-2.19.so
7effa86a9000-7effa86aa000 r--p 00018000 08:06 8126564                    /lib/x86_64-linux-gnu/libpthread-2.19.so
7effa86aa000-7effa86ab000 rw-p 00019000 08:06 8126564                    /lib/x86_64-linux-gnu/libpthread-2.19.so
7effa86ab000-7effa86af000 rw-p 00000000 00:00 0 
7effa86af000-7effa86b2000 r-xp 00000000 08:06 8126494                    /lib/x86_64-linux-gnu/libdl-2.19.so
7effa86b2000-7effa88b1000 ---p 00003000 08:06 8126494                    /lib/x86_64-linux-gnu/libdl-2.19.so
7effa88b1000-7effa88b2000 r--p 00002000 08:06 8126494                    /lib/x86_64-linux-gnu/libdl-2.19.so
7effa88b2000-7effa88b3000 rw-p 00003000 08:06 8126494                    /lib/x86_64-linux-gnu/libdl-2.19.so
7effa88b3000-7effa8a6e000 r-xp 00000000 08:06 8126563                    /lib/x86_64-linux-gnu/libc-2.19.so
7effa8a6e000-7effa8c6d000 ---p 001bb000 08:06 8126563                    /lib/x86_64-linux-gnu/libc-2.19.so
7effa8c6d000-7effa8c71000 r--p 001ba000 08:06 8126563                    /lib/x86_64-linux-gnu/libc-2.19.so
7effa8c71000-7effa8c73000 rw-p 001be000 08:06 8126563                    /lib/x86_64-linux-gnu/libc-2.19.so
7effa8c73000-7effa8c78000 rw-p 00000000 00:00 0 
7effa8c78000-7effa8c85000 r-xp 00000000 08:06 1705730                    /usr/lib/jvm/java-7-openjdk-amd64/jre/lib/amd64/jli/libjli.so
7effa8c85000-7effa8e84000 ---p 0000d000 08:06 1705730                    /usr/lib/jvm/java-7-openjdk-amd64/jre/lib/amd64/jli/libjli.so
7effa8e84000-7effa8e85000 r--p 0000c000 08:06 1705730                    /usr/lib/jvm/java-7-openjdk-amd64/jre/lib/amd64/jli/libjli.so
7effa8e85000-7effa8e86000 rw-p 0000d000 08:06 1705730                    /usr/lib/jvm/java-7-openjdk-amd64/jre/lib/amd64/jli/libjli.so
7effa8e86000-7effa8ea9000 r-xp 00000000 08:06 8126560                    /lib/x86_64-linux-gnu/ld-2.19.so
7effa8ea9000-7effa8eaa000 r--s 00002000 08:06 1578535                    /usr/lib/jvm/java-7-openjdk-amd64/jre/lib/ext/dnsns.jar
7effa8eaa000-7effa8ed5000 rw-p 00000000 00:00 0 
7effa8ed5000-7effa8f8b000 rw-p 00000000 00:00 0 
7effa8f8b000-7effa8f8e000 ---p 00000000 00:00 0 
7effa8f8e000-7effa9091000 rw-p 00000000 00:00 0                          [stack:20311]
7effa9091000-7effa9094000 r--s 0000f000 08:06 1578538                    /usr/lib/jvm/java-7-openjdk-amd64/jre/lib/ext/icedtea-sound.jar
7effa9094000-7effa9096000 r--s 00012000 08:06 1578539                    /usr/lib/jvm/java-7-openjdk-amd64/jre/lib/ext/zipfs.jar
7effa9096000-7effa909a000 r--s 00034000 08:06 1578536                    /usr/lib/jvm/java-7-openjdk-amd64/jre/lib/ext/sunjce_provider.jar
7effa909a000-7effa909c000 r--s 00006000 08:06 10103544                   /usr/share/java/java-atk-wrapper.jar
7effa909c000-7effa90a4000 rw-s 00000000 08:06 4325424                    /tmp/hsperfdata_zax/20310
7effa90a4000-7effa90a5000 rw-p 00000000 00:00 0 
7effa90a5000-7effa90a6000 r--p 00000000 00:00 0 
7effa90a6000-7effa90a8000 rw-p 00000000 00:00 0 
7effa90a8000-7effa90a9000 r--p 00022000 08:06 8126560                    /lib/x86_64-linux-gnu/ld-2.19.so
7effa90a9000-7effa90aa000 rw-p 00023000 08:06 8126560                    /lib/x86_64-linux-gnu/ld-2.19.so
7effa90aa000-7effa90ab000 rw-p 00000000 00:00 0 
7ffc05377000-7ffc05398000 rw-p 00000000 00:00 0                          [stack]
7ffc053d9000-7ffc053db000 r-xp 00000000 00:00 0                          [vdso]
7ffc053db000-7ffc053dd000 r--p 00000000 00:00 0                          [vvar]
ffffffffff600000-ffffffffff601000 r-xp 00000000 00:00 0                  [vsyscall]

VM Arguments:
jvm_args: -Djava.security.policy=java.policy.applet -Dfile.encoding=UTF-8 
java_command: sun.applet.AppletViewer module3.EarthquakeCityMap1443405591587.html
Launcher Type: SUN_STANDARD

Environment Variables:
PATH=/home/zax/.rvm/gems/ruby-2.2.1/bin:/home/zax/.rvm/gems/ruby-2.2.1@global/bin:/home/zax/.rvm/rubies/ruby-2.2.1/bin:/usr/local/sbin:/usr/local/bin:/usr/sbin:/usr/bin:/sbin:/bin:/usr/games:/usr/local/games:/home/zax/.rvm/bin
SHELL=/bin/bash
DISPLAY=:0.0

Signal Handlers:
SIGSEGV: [libjvm.so+0x94bab0], sa_mask[0]=0x7ffbfeff, sa_flags=0x10000004
SIGBUS: [libjvm.so+0x94bab0], sa_mask[0]=0x7ffbfeff, sa_flags=0x10000004
SIGFPE: [libjvm.so+0x7c38b0], sa_mask[0]=0x7ffbfeff, sa_flags=0x10000004
SIGPIPE: [libjvm.so+0x7c38b0], sa_mask[0]=0x7ffbfeff, sa_flags=0x10000004
SIGXFSZ: [libjvm.so+0x7c38b0], sa_mask[0]=0x7ffbfeff, sa_flags=0x10000004
SIGILL: [libjvm.so+0x7c38b0], sa_mask[0]=0x7ffbfeff, sa_flags=0x10000004
SIGUSR1: SIG_DFL, sa_mask[0]=0x00000000, sa_flags=0x00000000
SIGUSR2: [libjvm.so+0x7c3750], sa_mask[0]=0x00000004, sa_flags=0x10000004
SIGHUP: [libjvm.so+0x7c3930], sa_mask[0]=0x7ffbfeff, sa_flags=0x10000004
SIGINT: [libjvm.so+0x7c3930], sa_mask[0]=0x7ffbfeff, sa_flags=0x10000004
SIGTERM: [libjvm.so+0x7c3930], sa_mask[0]=0x7ffbfeff, sa_flags=0x10000004
SIGQUIT: [libjvm.so+0x7c3930], sa_mask[0]=0x7ffbfeff, sa_flags=0x10000004
SIGTRAP: SIG_DFL, sa_mask[0]=0x00000000, sa_flags=0x00000000


---------------  S Y S T E M  ---------------

OS:Ubuntu 14.04 (trusty)
uname:Linux 3.16.0-49-generic #65~14.04.1-Ubuntu SMP Wed Sep 9 10:03:23 UTC 2015 x86_64
libc:glibc 2.19 NPTL 2.19 
rlimit: STACK 8192k, CORE 0k, NPROC 31248, NOFILE 4096, AS infinity
load average:0.39 0.41 0.42

/proc/meminfo:
MemTotal:        8098904 kB
MemFree:         2183656 kB
MemAvailable:    4926740 kB
Buffers:          367472 kB
Cached:          2977260 kB
SwapCached:            0 kB
Active:          4340960 kB
Inactive:        1171020 kB
Active(anon):    2173820 kB
Inactive(anon):   581380 kB
Active(file):    2167140 kB
Inactive(file):   589640 kB
Unevictable:          32 kB
Mlocked:              32 kB
SwapTotal:       8310780 kB
SwapFree:        8310780 kB
Dirty:              1528 kB
Writeback:             0 kB
AnonPages:       2167412 kB
Mapped:           432796 kB
Shmem:            587952 kB
Slab:             276072 kB
SReclaimable:     239708 kB
SUnreclaim:        36364 kB
KernelStack:        8912 kB
PageTables:        31508 kB
NFS_Unstable:          0 kB
Bounce:                0 kB
WritebackTmp:          0 kB
CommitLimit:    12360232 kB
Committed_AS:    6814376 kB
VmallocTotal:   34359738367 kB
VmallocUsed:      558624 kB
VmallocChunk:   34359094256 kB
HardwareCorrupted:     0 kB
AnonHugePages:    847872 kB
HugePages_Total:       0
HugePages_Free:        0
HugePages_Rsvd:        0
HugePages_Surp:        0
Hugepagesize:       2048 kB
DirectMap4k:       60160 kB
DirectMap2M:     3008512 kB
DirectMap1G:     5242880 kB


CPU:total 4 (2 cores per cpu, 2 threads per core) family 6 model 69 stepping 1, cmov, cx8, fxsr, mmx, sse, sse2, sse3, ssse3, sse4.1, sse4.2, popcnt, avx, avx2, aes, erms, ht, tsc, tscinvbit

/proc/cpuinfo:
processor	: 0
vendor_id	: GenuineIntel
cpu family	: 6
model		: 69
model name	: Intel(R) Core(TM) i5-4210U CPU @ 1.70GHz
stepping	: 1
microcode	: 0x1c
cpu MHz		: 899.906
cache size	: 3072 KB
physical id	: 0
siblings	: 4
core id		: 0
cpu cores	: 2
apicid		: 0
initial apicid	: 0
fpu		: yes
fpu_exception	: yes
cpuid level	: 13
wp		: yes
flags		: fpu vme de pse tsc msr pae mce cx8 apic sep mtrr pge mca cmov pat pse36 clflush dts acpi mmx fxsr sse sse2 ss ht tm pbe syscall nx pdpe1gb rdtscp lm constant_tsc arch_perfmon pebs bts rep_good nopl xtopology nonstop_tsc aperfmperf eagerfpu pni pclmulqdq dtes64 monitor ds_cpl vmx est tm2 ssse3 fma cx16 xtpr pdcm pcid sse4_1 sse4_2 movbe popcnt tsc_deadline_timer aes xsave avx f16c rdrand lahf_lm abm ida arat epb xsaveopt pln pts dtherm tpr_shadow vnmi flexpriority ept vpid fsgsbase tsc_adjust bmi1 avx2 smep bmi2 erms invpcid
bogomips	: 4788.91
clflush size	: 64
cache_alignment	: 64
address sizes	: 39 bits physical, 48 bits virtual
power management:

processor	: 1
vendor_id	: GenuineIntel
cpu family	: 6
model		: 69
model name	: Intel(R) Core(TM) i5-4210U CPU @ 1.70GHz
stepping	: 1
microcode	: 0x1c
cpu MHz		: 847.406
cache size	: 3072 KB
physical id	: 0
siblings	: 4
core id		: 0
cpu cores	: 2
apicid		: 1
initial apicid	: 1
fpu		: yes
fpu_exception	: yes
cpuid level	: 13
wp		: yes
flags		: fpu vme de pse tsc msr pae mce cx8 apic sep mtrr pge mca cmov pat pse36 clflush dts acpi mmx fxsr sse sse2 ss ht tm pbe syscall nx pdpe1gb rdtscp lm constant_tsc arch_perfmon pebs bts rep_good nopl xtopology nonstop_tsc aperfmperf eagerfpu pni pclmulqdq dtes64 monitor ds_cpl vmx est tm2 ssse3 fma cx16 xtpr pdcm pcid sse4_1 sse4_2 movbe popcnt tsc_deadline_timer aes xsave avx f16c rdrand lahf_lm abm ida arat epb xsaveopt pln pts dtherm tpr_shadow vnmi flexpriority ept vpid fsgsbase tsc_adjust bmi1 avx2 smep bmi2 erms invpcid
bogomips	: 4788.91
clflush size	: 64
cache_alignment	: 64
address sizes	: 39 bits physical, 48 bits virtual
power management:

processor	: 2
vendor_id	: GenuineIntel
cpu family	: 6
model		: 69
model name	: Intel(R) Core(TM) i5-4210U CPU @ 1.70GHz
stepping	: 1
microcode	: 0x1c
cpu MHz		: 800.062
cache size	: 3072 KB
physical id	: 0
siblings	: 4
core id		: 1
cpu cores	: 2
apicid		: 2
initial apicid	: 2
fpu		: yes
fpu_exception	: yes
cpuid level	: 13
wp		: yes
flags		: fpu vme de pse tsc msr pae mce cx8 apic sep mtrr pge mca cmov pat pse36 clflush dts acpi mmx fxsr sse sse2 ss ht tm pbe syscall nx pdpe1gb rdtscp lm constant_tsc arch_perfmon pebs bts rep_good nopl xtopology nonstop_tsc aperfmperf eagerfpu pni pclmulqdq dtes64 monitor ds_cpl vmx est tm2 ssse3 fma cx16 xtpr pdcm pcid sse4_1 sse4_2 movbe popcnt tsc_deadline_timer aes xsave avx f16c rdrand lahf_lm abm ida arat epb xsaveopt pln pts dtherm tpr_shadow vnmi flexpriority ept vpid fsgsbase tsc_adjust bmi1 avx2 smep bmi2 erms invpcid
bogomips	: 4788.91
clflush size	: 64
cache_alignment	: 64
address sizes	: 39 bits physical, 48 bits virtual
power management:

processor	: 3
vendor_id	: GenuineIntel
cpu family	: 6
model		: 69
model name	: Intel(R) Core(TM) i5-4210U CPU @ 1.70GHz
stepping	: 1
microcode	: 0x1c
cpu MHz		: 882.562
cache size	: 3072 KB
physical id	: 0
siblings	: 4
core id		: 1
cpu cores	: 2
apicid		: 3
initial apicid	: 3
fpu		: yes
fpu_exception	: yes
cpuid level	: 13
wp		: yes
flags		: fpu vme de pse tsc msr pae mce cx8 apic sep mtrr pge mca cmov pat pse36 clflush dts acpi mmx fxsr sse sse2 ss ht tm pbe syscall nx pdpe1gb rdtscp lm constant_tsc arch_perfmon pebs bts rep_good nopl xtopology nonstop_tsc aperfmperf eagerfpu pni pclmulqdq dtes64 monitor ds_cpl vmx est tm2 ssse3 fma cx16 xtpr pdcm pcid sse4_1 sse4_2 movbe popcnt tsc_deadline_timer aes xsave avx f16c rdrand lahf_lm abm ida arat epb xsaveopt pln pts dtherm tpr_shadow vnmi flexpriority ept vpid fsgsbase tsc_adjust bmi1 avx2 smep bmi2 erms invpcid
bogomips	: 4788.91
clflush size	: 64
cache_alignment	: 64
address sizes	: 39 bits physical, 48 bits virtual
power management:



Memory: 4k page, physical 8098904k(2183656k free), swap 8310780k(8310780k free)

vm_info: OpenJDK 64-Bit Server VM (24.79-b02) for linux-amd64 JRE (1.7.0_79-b14), built on Jul 24 2015 08:15:54 by "buildd" with gcc 4.8.2

time: Sun Sep 27 19:00:01 2015
elapsed time: 10 seconds

